<?xml version="1.0" encoding="UTF-8"?>
<!-- Generated by org.testng.reporters.JUnitReportReporter -->
<testsuite hostname="delsban3586781" name="com.galenframework.java.USB.testelan.BlogListingVerification" tests="6" failures="6" timestamp="25 Aug 2017 04:10:36 GMT" time="290.334" errors="0">
  <testcase name="verify_elanFontBlogListiingPage" time="78.020" classname="com.galenframework.java.USB.testelan.BlogListingVerification">
    <failure type="com.galenframework.support.LayoutValidationException" message="/specs/Sprint2/Elan/DESKTOP/BlogListingELAN.spec, tags: [tablet]
  - &quot;BlogListingHeadline&quot; css property &quot;font-family&quot; is &quot;&quot;roboto-bold&quot;&quot; but should be &quot;Roboto-bold&quot; (/specs/Sprint2/Elan/DESKTOP/BlogListingELAN.spec:69)
  - &quot;BlogListingHeadline&quot; css property &quot;line-height&quot; is &quot;60px&quot; but should be &quot;58px&quot; (/specs/Sprint2/Elan/DESKTOP/BlogListingELAN.spec:70)
  - &quot;BLDropDownlabel&quot; css property &quot;color&quot; is &quot;rgba(7, 21, 89, 1)&quot; but should be &quot;rgba(35, 36, 96, 1)&quot; (/specs/Sprint2/Elan/DESKTOP/BlogListingELAN.spec:74)
  - &quot;BLDropDownlabel&quot; css property &quot;font-family&quot; is &quot;&quot;roboto-bold&quot;&quot; but should be &quot;Roboto-bold&quot; (/specs/Sprint2/Elan/DESKTOP/BlogListingELAN.spec:76)
  - &quot;BlogListingTitle1&quot; css property &quot;font-family&quot; is &quot;&quot;roboto-bold&quot;&quot; but should be &quot;Roboto-bold&quot; (/specs/Sprint2/Elan/DESKTOP/BlogListingELAN.spec:84)
  - &quot;BlogListingSummary1&quot; css property &quot;font-family&quot; is &quot;&quot;roboto-light&quot;&quot; but should be &quot;Roboto-bold&quot; (/specs/Sprint2/Elan/DESKTOP/BlogListingELAN.spec:92)
  - &quot;BlogListingPostingDate&quot; css property &quot;color&quot; is &quot;rgba(220, 62, 75, 1)&quot; but should be &quot;rgba(25, 49, 115, 1)&quot; (/specs/Sprint2/Elan/DESKTOP/BlogListingELAN.spec:97)
  - &quot;BlogListingPostingDate&quot; css property &quot;font-family&quot; is &quot;&quot;roboto-bold&quot;&quot; but should be &quot;Roboto-bold&quot; (/specs/Sprint2/Elan/DESKTOP/BlogListingELAN.spec:99)
  - &quot;DropDownSelect&quot; css property &quot;color&quot; is &quot;rgba(10, 28, 118, 1)&quot; but should be &quot;rgba(25, 56, 136, 1)&quot; (/specs/Sprint2/Elan/DESKTOP/BlogListingELAN.spec:104)
  - &quot;DropDownSelect&quot; css property &quot;font-family&quot; is &quot;&quot;roboto-bold&quot;&quot; but should be &quot;Roboto-bold&quot; (/specs/Sprint2/Elan/DESKTOP/BlogListingELAN.spec:106)
  - &quot;DropDownSelectICON&quot; width is 20.00px instead of 7.12px (/specs/Sprint2/Elan/DESKTOP/BlogListingELAN.spec:112)
  - &quot;DropDownSelectICON&quot; height is 15.00px instead of 3.56px (/specs/Sprint2/Elan/DESKTOP/BlogListingELAN.spec:113)
">
      <![CDATA[com.galenframework.support.LayoutValidationException: /specs/Sprint2/Elan/DESKTOP/BlogListingELAN.spec, tags: [tablet]
  - "BlogListingHeadline" css property "font-family" is ""roboto-bold"" but should be "Roboto-bold" (/specs/Sprint2/Elan/DESKTOP/BlogListingELAN.spec:69)
  - "BlogListingHeadline" css property "line-height" is "60px" but should be "58px" (/specs/Sprint2/Elan/DESKTOP/BlogListingELAN.spec:70)
  - "BLDropDownlabel" css property "color" is "rgba(7, 21, 89, 1)" but should be "rgba(35, 36, 96, 1)" (/specs/Sprint2/Elan/DESKTOP/BlogListingELAN.spec:74)
  - "BLDropDownlabel" css property "font-family" is ""roboto-bold"" but should be "Roboto-bold" (/specs/Sprint2/Elan/DESKTOP/BlogListingELAN.spec:76)
  - "BlogListingTitle1" css property "font-family" is ""roboto-bold"" but should be "Roboto-bold" (/specs/Sprint2/Elan/DESKTOP/BlogListingELAN.spec:84)
  - "BlogListingSummary1" css property "font-family" is ""roboto-light"" but should be "Roboto-bold" (/specs/Sprint2/Elan/DESKTOP/BlogListingELAN.spec:92)
  - "BlogListingPostingDate" css property "color" is "rgba(220, 62, 75, 1)" but should be "rgba(25, 49, 115, 1)" (/specs/Sprint2/Elan/DESKTOP/BlogListingELAN.spec:97)
  - "BlogListingPostingDate" css property "font-family" is ""roboto-bold"" but should be "Roboto-bold" (/specs/Sprint2/Elan/DESKTOP/BlogListingELAN.spec:99)
  - "DropDownSelect" css property "color" is "rgba(10, 28, 118, 1)" but should be "rgba(25, 56, 136, 1)" (/specs/Sprint2/Elan/DESKTOP/BlogListingELAN.spec:104)
  - "DropDownSelect" css property "font-family" is ""roboto-bold"" but should be "Roboto-bold" (/specs/Sprint2/Elan/DESKTOP/BlogListingELAN.spec:106)
  - "DropDownSelectICON" width is 20.00px instead of 7.12px (/specs/Sprint2/Elan/DESKTOP/BlogListingELAN.spec:112)
  - "DropDownSelectICON" height is 15.00px instead of 3.56px (/specs/Sprint2/Elan/DESKTOP/BlogListingELAN.spec:113)

	at com.galenframework.support.GalenJavaTestBase.checkLayout(GalenJavaTestBase.java:129)
	at com.galenframework.support.GalenJavaTestBase.checkLayout(GalenJavaTestBase.java:111)
	at com.galenframework.java.USB.testelan.BlogListingVerification.verify_elanFontBlogListiingPage(BlogListingVerification.java:23)
	at sun.reflect.NativeMethodAccessorImpl.invoke0(Native Method)
	at sun.reflect.NativeMethodAccessorImpl.invoke(NativeMethodAccessorImpl.java:62)
	at sun.reflect.DelegatingMethodAccessorImpl.invoke(DelegatingMethodAccessorImpl.java:43)
	at java.lang.reflect.Method.invoke(Method.java:498)
	at org.testng.internal.MethodInvocationHelper.invokeMethod(MethodInvocationHelper.java:80)
	at org.testng.internal.Invoker.invokeMethod(Invoker.java:715)
	at org.testng.internal.Invoker.invokeTestMethod(Invoker.java:907)
	at org.testng.internal.Invoker.invokeTestMethods(Invoker.java:1237)
	at org.testng.internal.TestMethodWorker.invokeTestMethods(TestMethodWorker.java:127)
	at org.testng.internal.TestMethodWorker.run(TestMethodWorker.java:111)
	at org.testng.TestRunner.privateRun(TestRunner.java:767)
	at org.testng.TestRunner.run(TestRunner.java:617)
	at org.testng.SuiteRunner.runTest(SuiteRunner.java:334)
	at org.testng.SuiteRunner.runSequentially(SuiteRunner.java:329)
	at org.testng.SuiteRunner.privateRun(SuiteRunner.java:291)
	at org.testng.SuiteRunner.run(SuiteRunner.java:240)
	at org.testng.SuiteRunnerWorker.runSuite(SuiteRunnerWorker.java:51)
	at org.testng.SuiteRunnerWorker.run(SuiteRunnerWorker.java:85)
	at org.testng.TestNG.runSuitesSequentially(TestNG.java:1197)
	at org.testng.TestNG.runSuitesLocally(TestNG.java:1122)
	at org.testng.TestNG.run(TestNG.java:1030)
	at org.testng.remote.AbstractRemoteTestNG.run(AbstractRemoteTestNG.java:132)
	at org.testng.remote.RemoteTestNG.initAndRun(RemoteTestNG.java:230)
	at org.testng.remote.RemoteTestNG.main(RemoteTestNG.java:76)
]]>
    </failure>
  </testcase> <!-- verify_elanFontBlogListiingPage -->
  <testcase name="verify_elanPixelBlogListingPage" time="39.537" classname="com.galenframework.java.USB.testelan.BlogListingVerification">
    <failure type="com.galenframework.support.LayoutValidationException" message="/specs/Sprint2/Elan/DESKTOP/PIXELBlogListingELAN.spec, tags: [Mobile]
  - &quot;BlogListingHeadline&quot; is 16px left which is not in range of 6 to 10px (/specs/Sprint2/Elan/DESKTOP/PIXELBlogListingELAN.spec:92)
  - &quot;BLDropDownlabel&quot; is 0px left which is not in range of 6 to 10px (/specs/Sprint2/Elan/DESKTOP/PIXELBlogListingELAN.spec:95)
  - &quot;BLDropDownlabel&quot; is 190px below &quot;BlogListingHeadline&quot; which is not in range of 81 to 87px (/specs/Sprint2/Elan/DESKTOP/PIXELBlogListingELAN.spec:96)
  - &quot;BlogListingImage1&quot; is 16px left which is not in range of 6 to 10px (/specs/Sprint2/Elan/DESKTOP/PIXELBlogListingELAN.spec:100)
  - &quot;BlogListingImage1&quot; is 110px below &quot;BLDropDownlabel&quot; which is not in range of 157 to 163px (/specs/Sprint2/Elan/DESKTOP/PIXELBlogListingELAN.spec:101)
  - &quot;BlogListingTitle1&quot; is 16px left which is not in range of 6 to 10px (/specs/Sprint2/Elan/DESKTOP/PIXELBlogListingELAN.spec:105)
  - &quot;BlogListingSummary1&quot; is 16px left which is not in range of 6 to 10px (/specs/Sprint2/Elan/DESKTOP/PIXELBlogListingELAN.spec:110)
  - &quot;BlogListingPostingDate&quot; is 16px left which is not in range of 6 to 10px (/specs/Sprint2/Elan/DESKTOP/PIXELBlogListingELAN.spec:114)
  - &quot;DropDownSelect&quot; is 1px left which is not in range of 20 to 24px (/specs/Sprint2/Elan/DESKTOP/PIXELBlogListingELAN.spec:118)
  - &quot;DropDownSelectICON&quot; is 488px left which is not in range of 31 to 35px (/specs/Sprint2/Elan/DESKTOP/PIXELBlogListingELAN.spec:121)
  - &quot;DropDownContainer&quot; is 0px left which is not in range of 6 to 10px (/specs/Sprint2/Elan/DESKTOP/PIXELBlogListingELAN.spec:124)
  - &quot;DropDownContainer&quot; is 15px below &quot;BLDropDownlabel&quot; which is not in range of 17 to 23px (/specs/Sprint2/Elan/DESKTOP/PIXELBlogListingELAN.spec:125)
">
      <![CDATA[com.galenframework.support.LayoutValidationException: /specs/Sprint2/Elan/DESKTOP/PIXELBlogListingELAN.spec, tags: [Mobile]
  - "BlogListingHeadline" is 16px left which is not in range of 6 to 10px (/specs/Sprint2/Elan/DESKTOP/PIXELBlogListingELAN.spec:92)
  - "BLDropDownlabel" is 0px left which is not in range of 6 to 10px (/specs/Sprint2/Elan/DESKTOP/PIXELBlogListingELAN.spec:95)
  - "BLDropDownlabel" is 190px below "BlogListingHeadline" which is not in range of 81 to 87px (/specs/Sprint2/Elan/DESKTOP/PIXELBlogListingELAN.spec:96)
  - "BlogListingImage1" is 16px left which is not in range of 6 to 10px (/specs/Sprint2/Elan/DESKTOP/PIXELBlogListingELAN.spec:100)
  - "BlogListingImage1" is 110px below "BLDropDownlabel" which is not in range of 157 to 163px (/specs/Sprint2/Elan/DESKTOP/PIXELBlogListingELAN.spec:101)
  - "BlogListingTitle1" is 16px left which is not in range of 6 to 10px (/specs/Sprint2/Elan/DESKTOP/PIXELBlogListingELAN.spec:105)
  - "BlogListingSummary1" is 16px left which is not in range of 6 to 10px (/specs/Sprint2/Elan/DESKTOP/PIXELBlogListingELAN.spec:110)
  - "BlogListingPostingDate" is 16px left which is not in range of 6 to 10px (/specs/Sprint2/Elan/DESKTOP/PIXELBlogListingELAN.spec:114)
  - "DropDownSelect" is 1px left which is not in range of 20 to 24px (/specs/Sprint2/Elan/DESKTOP/PIXELBlogListingELAN.spec:118)
  - "DropDownSelectICON" is 488px left which is not in range of 31 to 35px (/specs/Sprint2/Elan/DESKTOP/PIXELBlogListingELAN.spec:121)
  - "DropDownContainer" is 0px left which is not in range of 6 to 10px (/specs/Sprint2/Elan/DESKTOP/PIXELBlogListingELAN.spec:124)
  - "DropDownContainer" is 15px below "BLDropDownlabel" which is not in range of 17 to 23px (/specs/Sprint2/Elan/DESKTOP/PIXELBlogListingELAN.spec:125)

	at com.galenframework.support.GalenJavaTestBase.checkLayout(GalenJavaTestBase.java:129)
	at com.galenframework.support.GalenJavaTestBase.checkLayout(GalenJavaTestBase.java:111)
	at com.galenframework.java.USB.testelan.BlogListingVerification.verify_elanPixelBlogListingPage(BlogListingVerification.java:35)
	at sun.reflect.NativeMethodAccessorImpl.invoke0(Native Method)
	at sun.reflect.NativeMethodAccessorImpl.invoke(NativeMethodAccessorImpl.java:62)
	at sun.reflect.DelegatingMethodAccessorImpl.invoke(DelegatingMethodAccessorImpl.java:43)
	at java.lang.reflect.Method.invoke(Method.java:498)
	at org.testng.internal.MethodInvocationHelper.invokeMethod(MethodInvocationHelper.java:80)
	at org.testng.internal.Invoker.invokeMethod(Invoker.java:715)
	at org.testng.internal.Invoker.invokeTestMethod(Invoker.java:907)
	at org.testng.internal.Invoker.invokeTestMethods(Invoker.java:1237)
	at org.testng.internal.TestMethodWorker.invokeTestMethods(TestMethodWorker.java:127)
	at org.testng.internal.TestMethodWorker.run(TestMethodWorker.java:111)
	at org.testng.TestRunner.privateRun(TestRunner.java:767)
	at org.testng.TestRunner.run(TestRunner.java:617)
	at org.testng.SuiteRunner.runTest(SuiteRunner.java:334)
	at org.testng.SuiteRunner.runSequentially(SuiteRunner.java:329)
	at org.testng.SuiteRunner.privateRun(SuiteRunner.java:291)
	at org.testng.SuiteRunner.run(SuiteRunner.java:240)
	at org.testng.SuiteRunnerWorker.runSuite(SuiteRunnerWorker.java:51)
	at org.testng.SuiteRunnerWorker.run(SuiteRunnerWorker.java:85)
	at org.testng.TestNG.runSuitesSequentially(TestNG.java:1197)
	at org.testng.TestNG.runSuitesLocally(TestNG.java:1122)
	at org.testng.TestNG.run(TestNG.java:1030)
	at org.testng.remote.AbstractRemoteTestNG.run(AbstractRemoteTestNG.java:132)
	at org.testng.remote.RemoteTestNG.initAndRun(RemoteTestNG.java:230)
	at org.testng.remote.RemoteTestNG.main(RemoteTestNG.java:76)
]]>
    </failure>
  </testcase> <!-- verify_elanPixelBlogListingPage -->
  <testcase name="verify_elanFontBlogListiingPage" time="41.024" classname="com.galenframework.java.USB.testelan.BlogListingVerification">
    <failure type="com.galenframework.support.LayoutValidationException" message="/specs/Sprint2/Elan/DESKTOP/BlogListingELAN.spec, tags: [Desktop]
  - &quot;BlogListingHeadline&quot; css property &quot;font-family&quot; is &quot;&quot;roboto-bold&quot;&quot; but should be &quot;Roboto-bold&quot; (/specs/Sprint2/Elan/DESKTOP/BlogListingELAN.spec:19)
  - &quot;BlogListingHeadline&quot; css property &quot;line-height&quot; is &quot;60px&quot; but should be &quot;58px&quot; (/specs/Sprint2/Elan/DESKTOP/BlogListingELAN.spec:20)
  - &quot;BLDropDownlabel&quot; css property &quot;color&quot; is &quot;rgba(7, 21, 89, 1)&quot; but should be &quot;rgba(35, 36, 96, 1)&quot; (/specs/Sprint2/Elan/DESKTOP/BlogListingELAN.spec:24)
  - &quot;BLDropDownlabel&quot; css property &quot;font-family&quot; is &quot;&quot;roboto-bold&quot;&quot; but should be &quot;Roboto-bold&quot; (/specs/Sprint2/Elan/DESKTOP/BlogListingELAN.spec:26)
  - &quot;BlogListingTitle1&quot; css property &quot;font-family&quot; is &quot;&quot;roboto-bold&quot;&quot; but should be &quot;Roboto-bold&quot; (/specs/Sprint2/Elan/DESKTOP/BlogListingELAN.spec:33)
  - &quot;BlogListingTitle1&quot; css property &quot;line-height&quot; is &quot;40px&quot; but should be &quot;38px&quot; (/specs/Sprint2/Elan/DESKTOP/BlogListingELAN.spec:34)
  - &quot;BlogListingSummary1&quot; css property &quot;font-family&quot; is &quot;&quot;roboto-light&quot;&quot; but should be &quot;Roboto-bold&quot; (/specs/Sprint2/Elan/DESKTOP/BlogListingELAN.spec:41)
  - &quot;BlogListingPostingDate&quot; css property &quot;color&quot; is &quot;rgba(220, 62, 75, 1)&quot; but should be &quot;rgba(25, 56, 136, 1)&quot; (/specs/Sprint2/Elan/DESKTOP/BlogListingELAN.spec:46)
  - &quot;BlogListingPostingDate&quot; css property &quot;font-family&quot; is &quot;&quot;roboto-bold&quot;&quot; but should be &quot;Roboto-bold&quot; (/specs/Sprint2/Elan/DESKTOP/BlogListingELAN.spec:48)
  - &quot;DropDownSelect&quot; css property &quot;color&quot; is &quot;rgba(10, 28, 118, 1)&quot; but should be &quot;rgba(25, 56, 136, 1)&quot; (/specs/Sprint2/Elan/DESKTOP/BlogListingELAN.spec:53)
  - &quot;DropDownSelect&quot; css property &quot;font-family&quot; is &quot;&quot;roboto-bold&quot;&quot; but should be &quot;Roboto-bold&quot; (/specs/Sprint2/Elan/DESKTOP/BlogListingELAN.spec:55)
  - &quot;DropDownSelectICON&quot; width is 20.00px instead of 7.12px (/specs/Sprint2/Elan/DESKTOP/BlogListingELAN.spec:61)
  - &quot;DropDownSelectICON&quot; height is 15.00px instead of 3.56px (/specs/Sprint2/Elan/DESKTOP/BlogListingELAN.spec:62)
">
      <![CDATA[com.galenframework.support.LayoutValidationException: /specs/Sprint2/Elan/DESKTOP/BlogListingELAN.spec, tags: [Desktop]
  - "BlogListingHeadline" css property "font-family" is ""roboto-bold"" but should be "Roboto-bold" (/specs/Sprint2/Elan/DESKTOP/BlogListingELAN.spec:19)
  - "BlogListingHeadline" css property "line-height" is "60px" but should be "58px" (/specs/Sprint2/Elan/DESKTOP/BlogListingELAN.spec:20)
  - "BLDropDownlabel" css property "color" is "rgba(7, 21, 89, 1)" but should be "rgba(35, 36, 96, 1)" (/specs/Sprint2/Elan/DESKTOP/BlogListingELAN.spec:24)
  - "BLDropDownlabel" css property "font-family" is ""roboto-bold"" but should be "Roboto-bold" (/specs/Sprint2/Elan/DESKTOP/BlogListingELAN.spec:26)
  - "BlogListingTitle1" css property "font-family" is ""roboto-bold"" but should be "Roboto-bold" (/specs/Sprint2/Elan/DESKTOP/BlogListingELAN.spec:33)
  - "BlogListingTitle1" css property "line-height" is "40px" but should be "38px" (/specs/Sprint2/Elan/DESKTOP/BlogListingELAN.spec:34)
  - "BlogListingSummary1" css property "font-family" is ""roboto-light"" but should be "Roboto-bold" (/specs/Sprint2/Elan/DESKTOP/BlogListingELAN.spec:41)
  - "BlogListingPostingDate" css property "color" is "rgba(220, 62, 75, 1)" but should be "rgba(25, 56, 136, 1)" (/specs/Sprint2/Elan/DESKTOP/BlogListingELAN.spec:46)
  - "BlogListingPostingDate" css property "font-family" is ""roboto-bold"" but should be "Roboto-bold" (/specs/Sprint2/Elan/DESKTOP/BlogListingELAN.spec:48)
  - "DropDownSelect" css property "color" is "rgba(10, 28, 118, 1)" but should be "rgba(25, 56, 136, 1)" (/specs/Sprint2/Elan/DESKTOP/BlogListingELAN.spec:53)
  - "DropDownSelect" css property "font-family" is ""roboto-bold"" but should be "Roboto-bold" (/specs/Sprint2/Elan/DESKTOP/BlogListingELAN.spec:55)
  - "DropDownSelectICON" width is 20.00px instead of 7.12px (/specs/Sprint2/Elan/DESKTOP/BlogListingELAN.spec:61)
  - "DropDownSelectICON" height is 15.00px instead of 3.56px (/specs/Sprint2/Elan/DESKTOP/BlogListingELAN.spec:62)

	at com.galenframework.support.GalenJavaTestBase.checkLayout(GalenJavaTestBase.java:129)
	at com.galenframework.support.GalenJavaTestBase.checkLayout(GalenJavaTestBase.java:111)
	at com.galenframework.java.USB.testelan.BlogListingVerification.verify_elanFontBlogListiingPage(BlogListingVerification.java:23)
	at sun.reflect.NativeMethodAccessorImpl.invoke0(Native Method)
	at sun.reflect.NativeMethodAccessorImpl.invoke(NativeMethodAccessorImpl.java:62)
	at sun.reflect.DelegatingMethodAccessorImpl.invoke(DelegatingMethodAccessorImpl.java:43)
	at java.lang.reflect.Method.invoke(Method.java:498)
	at org.testng.internal.MethodInvocationHelper.invokeMethod(MethodInvocationHelper.java:80)
	at org.testng.internal.Invoker.invokeMethod(Invoker.java:715)
	at org.testng.internal.Invoker.invokeTestMethod(Invoker.java:907)
	at org.testng.internal.Invoker.invokeTestMethods(Invoker.java:1237)
	at org.testng.internal.TestMethodWorker.invokeTestMethods(TestMethodWorker.java:127)
	at org.testng.internal.TestMethodWorker.run(TestMethodWorker.java:111)
	at org.testng.TestRunner.privateRun(TestRunner.java:767)
	at org.testng.TestRunner.run(TestRunner.java:617)
	at org.testng.SuiteRunner.runTest(SuiteRunner.java:334)
	at org.testng.SuiteRunner.runSequentially(SuiteRunner.java:329)
	at org.testng.SuiteRunner.privateRun(SuiteRunner.java:291)
	at org.testng.SuiteRunner.run(SuiteRunner.java:240)
	at org.testng.SuiteRunnerWorker.runSuite(SuiteRunnerWorker.java:51)
	at org.testng.SuiteRunnerWorker.run(SuiteRunnerWorker.java:85)
	at org.testng.TestNG.runSuitesSequentially(TestNG.java:1197)
	at org.testng.TestNG.runSuitesLocally(TestNG.java:1122)
	at org.testng.TestNG.run(TestNG.java:1030)
	at org.testng.remote.AbstractRemoteTestNG.run(AbstractRemoteTestNG.java:132)
	at org.testng.remote.RemoteTestNG.initAndRun(RemoteTestNG.java:230)
	at org.testng.remote.RemoteTestNG.main(RemoteTestNG.java:76)
]]>
    </failure>
  </testcase> <!-- verify_elanFontBlogListiingPage -->
  <testcase name="verify_elanPixelBlogListingPage" time="39.632" classname="com.galenframework.java.USB.testelan.BlogListingVerification">
    <failure type="com.galenframework.support.LayoutValidationException" message="/specs/Sprint2/Elan/DESKTOP/PIXELBlogListingELAN.spec, tags: [tablet]
  - &quot;BlogListingHeadline&quot; is 22px left which is not in range of 9 to 13px (/specs/Sprint2/Elan/DESKTOP/PIXELBlogListingELAN.spec:54)
  - &quot;BLDropDownlabel&quot; is 0px left which is not in range of 9 to 13px (/specs/Sprint2/Elan/DESKTOP/PIXELBlogListingELAN.spec:57)
  - &quot;BLDropDownlabel&quot; is 160px below &quot;BlogListingHeadline&quot; which is not in range of 107 to 113px (/specs/Sprint2/Elan/DESKTOP/PIXELBlogListingELAN.spec:58)
  - &quot;BlogListingImage1&quot; is 22px left which is not in range of 9 to 13px (/specs/Sprint2/Elan/DESKTOP/PIXELBlogListingELAN.spec:62)
  - &quot;BlogListingImage1&quot; is 108px below &quot;BLDropDownlabel&quot; which is not in range of 157 to 163px (/specs/Sprint2/Elan/DESKTOP/PIXELBlogListingELAN.spec:63)
  - &quot;BlogListingTitle1&quot; is 377px left which is not in range of 381 to 385px (/specs/Sprint2/Elan/DESKTOP/PIXELBlogListingELAN.spec:67)
  - &quot;BlogListingTitle1&quot; is 279px below &quot;BlogListingHeadline&quot; which is not in range of 285 to 291px (/specs/Sprint2/Elan/DESKTOP/PIXELBlogListingELAN.spec:68)
  - &quot;BlogListingSummary1&quot; is 377px left which is not in range of 381 to 385px (/specs/Sprint2/Elan/DESKTOP/PIXELBlogListingELAN.spec:72)
  - &quot;BlogListingSummary1&quot; is 11px below &quot;BlogListingTitle1&quot; which is not in range of 24 to 30px (/specs/Sprint2/Elan/DESKTOP/PIXELBlogListingELAN.spec:73)
  - &quot;BlogListingPostingDate&quot; is 377px left which is not in range of 381 to 385px (/specs/Sprint2/Elan/DESKTOP/PIXELBlogListingELAN.spec:76)
  - &quot;DropDownSelect&quot; is 1px left which is not in range of 20 to 24px (/specs/Sprint2/Elan/DESKTOP/PIXELBlogListingELAN.spec:80)
  - &quot;DropDownSelectICON&quot; is 21px right which is not in range of 29 to 33px (/specs/Sprint2/Elan/DESKTOP/PIXELBlogListingELAN.spec:83)
  - &quot;DropDownContainer&quot; is 0px left which is not in range of 9 to 13px (/specs/Sprint2/Elan/DESKTOP/PIXELBlogListingELAN.spec:86)
">
      <![CDATA[com.galenframework.support.LayoutValidationException: /specs/Sprint2/Elan/DESKTOP/PIXELBlogListingELAN.spec, tags: [tablet]
  - "BlogListingHeadline" is 22px left which is not in range of 9 to 13px (/specs/Sprint2/Elan/DESKTOP/PIXELBlogListingELAN.spec:54)
  - "BLDropDownlabel" is 0px left which is not in range of 9 to 13px (/specs/Sprint2/Elan/DESKTOP/PIXELBlogListingELAN.spec:57)
  - "BLDropDownlabel" is 160px below "BlogListingHeadline" which is not in range of 107 to 113px (/specs/Sprint2/Elan/DESKTOP/PIXELBlogListingELAN.spec:58)
  - "BlogListingImage1" is 22px left which is not in range of 9 to 13px (/specs/Sprint2/Elan/DESKTOP/PIXELBlogListingELAN.spec:62)
  - "BlogListingImage1" is 108px below "BLDropDownlabel" which is not in range of 157 to 163px (/specs/Sprint2/Elan/DESKTOP/PIXELBlogListingELAN.spec:63)
  - "BlogListingTitle1" is 377px left which is not in range of 381 to 385px (/specs/Sprint2/Elan/DESKTOP/PIXELBlogListingELAN.spec:67)
  - "BlogListingTitle1" is 279px below "BlogListingHeadline" which is not in range of 285 to 291px (/specs/Sprint2/Elan/DESKTOP/PIXELBlogListingELAN.spec:68)
  - "BlogListingSummary1" is 377px left which is not in range of 381 to 385px (/specs/Sprint2/Elan/DESKTOP/PIXELBlogListingELAN.spec:72)
  - "BlogListingSummary1" is 11px below "BlogListingTitle1" which is not in range of 24 to 30px (/specs/Sprint2/Elan/DESKTOP/PIXELBlogListingELAN.spec:73)
  - "BlogListingPostingDate" is 377px left which is not in range of 381 to 385px (/specs/Sprint2/Elan/DESKTOP/PIXELBlogListingELAN.spec:76)
  - "DropDownSelect" is 1px left which is not in range of 20 to 24px (/specs/Sprint2/Elan/DESKTOP/PIXELBlogListingELAN.spec:80)
  - "DropDownSelectICON" is 21px right which is not in range of 29 to 33px (/specs/Sprint2/Elan/DESKTOP/PIXELBlogListingELAN.spec:83)
  - "DropDownContainer" is 0px left which is not in range of 9 to 13px (/specs/Sprint2/Elan/DESKTOP/PIXELBlogListingELAN.spec:86)

	at com.galenframework.support.GalenJavaTestBase.checkLayout(GalenJavaTestBase.java:129)
	at com.galenframework.support.GalenJavaTestBase.checkLayout(GalenJavaTestBase.java:111)
	at com.galenframework.java.USB.testelan.BlogListingVerification.verify_elanPixelBlogListingPage(BlogListingVerification.java:35)
	at sun.reflect.NativeMethodAccessorImpl.invoke0(Native Method)
	at sun.reflect.NativeMethodAccessorImpl.invoke(NativeMethodAccessorImpl.java:62)
	at sun.reflect.DelegatingMethodAccessorImpl.invoke(DelegatingMethodAccessorImpl.java:43)
	at java.lang.reflect.Method.invoke(Method.java:498)
	at org.testng.internal.MethodInvocationHelper.invokeMethod(MethodInvocationHelper.java:80)
	at org.testng.internal.Invoker.invokeMethod(Invoker.java:715)
	at org.testng.internal.Invoker.invokeTestMethod(Invoker.java:907)
	at org.testng.internal.Invoker.invokeTestMethods(Invoker.java:1237)
	at org.testng.internal.TestMethodWorker.invokeTestMethods(TestMethodWorker.java:127)
	at org.testng.internal.TestMethodWorker.run(TestMethodWorker.java:111)
	at org.testng.TestRunner.privateRun(TestRunner.java:767)
	at org.testng.TestRunner.run(TestRunner.java:617)
	at org.testng.SuiteRunner.runTest(SuiteRunner.java:334)
	at org.testng.SuiteRunner.runSequentially(SuiteRunner.java:329)
	at org.testng.SuiteRunner.privateRun(SuiteRunner.java:291)
	at org.testng.SuiteRunner.run(SuiteRunner.java:240)
	at org.testng.SuiteRunnerWorker.runSuite(SuiteRunnerWorker.java:51)
	at org.testng.SuiteRunnerWorker.run(SuiteRunnerWorker.java:85)
	at org.testng.TestNG.runSuitesSequentially(TestNG.java:1197)
	at org.testng.TestNG.runSuitesLocally(TestNG.java:1122)
	at org.testng.TestNG.run(TestNG.java:1030)
	at org.testng.remote.AbstractRemoteTestNG.run(AbstractRemoteTestNG.java:132)
	at org.testng.remote.RemoteTestNG.initAndRun(RemoteTestNG.java:230)
	at org.testng.remote.RemoteTestNG.main(RemoteTestNG.java:76)
]]>
    </failure>
  </testcase> <!-- verify_elanPixelBlogListingPage -->
  <testcase name="verify_elanFontBlogListiingPage" time="49.984" classname="com.galenframework.java.USB.testelan.BlogListingVerification">
    <failure type="com.galenframework.support.LayoutValidationException" message="/specs/Sprint2/Elan/DESKTOP/BlogListingELAN.spec, tags: [Mobile]
  - &quot;BlogListingHeadline&quot; css property &quot;font-family&quot; is &quot;&quot;roboto-bold&quot;&quot; but should be &quot;Roboto-bold&quot; (/specs/Sprint2/Elan/DESKTOP/BlogListingELAN.spec:121)
  - &quot;BlogListingHeadline&quot; css property &quot;line-height&quot; is &quot;27px&quot; but should be &quot;39px&quot; (/specs/Sprint2/Elan/DESKTOP/BlogListingELAN.spec:122)
  - &quot;BLDropDownlabel&quot; css property &quot;color&quot; is &quot;rgba(7, 21, 89, 1)&quot; but should be &quot;rgba(35, 36, 96, 1)&quot; (/specs/Sprint2/Elan/DESKTOP/BlogListingELAN.spec:126)
  - &quot;BLDropDownlabel&quot; css property &quot;font-family&quot; is &quot;&quot;roboto-bold&quot;&quot; but should be &quot;Roboto-bold&quot; (/specs/Sprint2/Elan/DESKTOP/BlogListingELAN.spec:128)
  - &quot;BlogListingTitle1&quot; css property &quot;font-family&quot; is &quot;&quot;roboto-bold&quot;&quot; but should be &quot;Roboto-bold&quot; (/specs/Sprint2/Elan/DESKTOP/BlogListingELAN.spec:135)
  - &quot;BlogListingSummary1&quot; css property &quot;font-family&quot; is &quot;&quot;roboto-light&quot;&quot; but should be &quot;Roboto-light&quot; (/specs/Sprint2/Elan/DESKTOP/BlogListingELAN.spec:142)
  - &quot;BlogListingPostingDate&quot; css property &quot;color&quot; is &quot;rgba(220, 62, 75, 1)&quot; but should be &quot;rgba(25, 49, 115, 1)&quot; (/specs/Sprint2/Elan/DESKTOP/BlogListingELAN.spec:147)
  - &quot;BlogListingPostingDate&quot; css property &quot;font-family&quot; is &quot;&quot;roboto-bold&quot;&quot; but should be &quot;Roboto-bold&quot; (/specs/Sprint2/Elan/DESKTOP/BlogListingELAN.spec:149)
  - &quot;BlogListingPostingDate&quot; css property &quot;line-height&quot; is &quot;18px&quot; but should be &quot;32px&quot; (/specs/Sprint2/Elan/DESKTOP/BlogListingELAN.spec:150)
  - &quot;DropDownSelect&quot; css property &quot;color&quot; is &quot;rgba(10, 28, 118, 1)&quot; but should be &quot;rgba(25, 56, 136, 1)&quot; (/specs/Sprint2/Elan/DESKTOP/BlogListingELAN.spec:154)
  - &quot;DropDownSelect&quot; css property &quot;font-family&quot; is &quot;&quot;roboto-bold&quot;&quot; but should be &quot;Roboto-bold&quot; (/specs/Sprint2/Elan/DESKTOP/BlogListingELAN.spec:156)
  - &quot;DropDownSelect&quot; css property &quot;line-height&quot; is &quot;18px&quot; but should be &quot;25px&quot; (/specs/Sprint2/Elan/DESKTOP/BlogListingELAN.spec:157)
  - &quot;DropDownSelectICON&quot; width is 20.00px instead of 7.12px (/specs/Sprint2/Elan/DESKTOP/BlogListingELAN.spec:162)
  - &quot;DropDownSelectICON&quot; height is 15.00px instead of 3.56px (/specs/Sprint2/Elan/DESKTOP/BlogListingELAN.spec:163)
">
      <![CDATA[com.galenframework.support.LayoutValidationException: /specs/Sprint2/Elan/DESKTOP/BlogListingELAN.spec, tags: [Mobile]
  - "BlogListingHeadline" css property "font-family" is ""roboto-bold"" but should be "Roboto-bold" (/specs/Sprint2/Elan/DESKTOP/BlogListingELAN.spec:121)
  - "BlogListingHeadline" css property "line-height" is "27px" but should be "39px" (/specs/Sprint2/Elan/DESKTOP/BlogListingELAN.spec:122)
  - "BLDropDownlabel" css property "color" is "rgba(7, 21, 89, 1)" but should be "rgba(35, 36, 96, 1)" (/specs/Sprint2/Elan/DESKTOP/BlogListingELAN.spec:126)
  - "BLDropDownlabel" css property "font-family" is ""roboto-bold"" but should be "Roboto-bold" (/specs/Sprint2/Elan/DESKTOP/BlogListingELAN.spec:128)
  - "BlogListingTitle1" css property "font-family" is ""roboto-bold"" but should be "Roboto-bold" (/specs/Sprint2/Elan/DESKTOP/BlogListingELAN.spec:135)
  - "BlogListingSummary1" css property "font-family" is ""roboto-light"" but should be "Roboto-light" (/specs/Sprint2/Elan/DESKTOP/BlogListingELAN.spec:142)
  - "BlogListingPostingDate" css property "color" is "rgba(220, 62, 75, 1)" but should be "rgba(25, 49, 115, 1)" (/specs/Sprint2/Elan/DESKTOP/BlogListingELAN.spec:147)
  - "BlogListingPostingDate" css property "font-family" is ""roboto-bold"" but should be "Roboto-bold" (/specs/Sprint2/Elan/DESKTOP/BlogListingELAN.spec:149)
  - "BlogListingPostingDate" css property "line-height" is "18px" but should be "32px" (/specs/Sprint2/Elan/DESKTOP/BlogListingELAN.spec:150)
  - "DropDownSelect" css property "color" is "rgba(10, 28, 118, 1)" but should be "rgba(25, 56, 136, 1)" (/specs/Sprint2/Elan/DESKTOP/BlogListingELAN.spec:154)
  - "DropDownSelect" css property "font-family" is ""roboto-bold"" but should be "Roboto-bold" (/specs/Sprint2/Elan/DESKTOP/BlogListingELAN.spec:156)
  - "DropDownSelect" css property "line-height" is "18px" but should be "25px" (/specs/Sprint2/Elan/DESKTOP/BlogListingELAN.spec:157)
  - "DropDownSelectICON" width is 20.00px instead of 7.12px (/specs/Sprint2/Elan/DESKTOP/BlogListingELAN.spec:162)
  - "DropDownSelectICON" height is 15.00px instead of 3.56px (/specs/Sprint2/Elan/DESKTOP/BlogListingELAN.spec:163)

	at com.galenframework.support.GalenJavaTestBase.checkLayout(GalenJavaTestBase.java:129)
	at com.galenframework.support.GalenJavaTestBase.checkLayout(GalenJavaTestBase.java:111)
	at com.galenframework.java.USB.testelan.BlogListingVerification.verify_elanFontBlogListiingPage(BlogListingVerification.java:23)
	at sun.reflect.NativeMethodAccessorImpl.invoke0(Native Method)
	at sun.reflect.NativeMethodAccessorImpl.invoke(NativeMethodAccessorImpl.java:62)
	at sun.reflect.DelegatingMethodAccessorImpl.invoke(DelegatingMethodAccessorImpl.java:43)
	at java.lang.reflect.Method.invoke(Method.java:498)
	at org.testng.internal.MethodInvocationHelper.invokeMethod(MethodInvocationHelper.java:80)
	at org.testng.internal.Invoker.invokeMethod(Invoker.java:715)
	at org.testng.internal.Invoker.invokeTestMethod(Invoker.java:907)
	at org.testng.internal.Invoker.invokeTestMethods(Invoker.java:1237)
	at org.testng.internal.TestMethodWorker.invokeTestMethods(TestMethodWorker.java:127)
	at org.testng.internal.TestMethodWorker.run(TestMethodWorker.java:111)
	at org.testng.TestRunner.privateRun(TestRunner.java:767)
	at org.testng.TestRunner.run(TestRunner.java:617)
	at org.testng.SuiteRunner.runTest(SuiteRunner.java:334)
	at org.testng.SuiteRunner.runSequentially(SuiteRunner.java:329)
	at org.testng.SuiteRunner.privateRun(SuiteRunner.java:291)
	at org.testng.SuiteRunner.run(SuiteRunner.java:240)
	at org.testng.SuiteRunnerWorker.runSuite(SuiteRunnerWorker.java:51)
	at org.testng.SuiteRunnerWorker.run(SuiteRunnerWorker.java:85)
	at org.testng.TestNG.runSuitesSequentially(TestNG.java:1197)
	at org.testng.TestNG.runSuitesLocally(TestNG.java:1122)
	at org.testng.TestNG.run(TestNG.java:1030)
	at org.testng.remote.AbstractRemoteTestNG.run(AbstractRemoteTestNG.java:132)
	at org.testng.remote.RemoteTestNG.initAndRun(RemoteTestNG.java:230)
	at org.testng.remote.RemoteTestNG.main(RemoteTestNG.java:76)
]]>
    </failure>
  </testcase> <!-- verify_elanFontBlogListiingPage -->
  <testcase name="verify_elanPixelBlogListingPage" time="42.137" classname="com.galenframework.java.USB.testelan.BlogListingVerification">
    <failure type="com.galenframework.support.LayoutValidationException" message="/specs/Sprint2/Elan/DESKTOP/PIXELBlogListingELAN.spec, tags: [Desktop]
  - &quot;BlogListingHeadline&quot; is 100px left which is not in range of 9 to 13px (/specs/Sprint2/Elan/DESKTOP/PIXELBlogListingELAN.spec:17)
  - &quot;BLDropDownlabel&quot; is 97px left which is not in range of 109 to 113px (/specs/Sprint2/Elan/DESKTOP/PIXELBlogListingELAN.spec:20)
  - &quot;BLDropDownlabel&quot; is 155px below &quot;BlogListingHeadline&quot; which is not in range of 161 to 167px (/specs/Sprint2/Elan/DESKTOP/PIXELBlogListingELAN.spec:21)
  - &quot;BlogListingImage1&quot; is 97px left which is not in range of 109 to 113px (/specs/Sprint2/Elan/DESKTOP/PIXELBlogListingELAN.spec:25)
  - &quot;BlogListingTitle1&quot; is 433px left which is not in range of 507 to 511px (/specs/Sprint2/Elan/DESKTOP/PIXELBlogListingELAN.spec:30)
  - &quot;BlogListingTitle1&quot; is 270px below &quot;BlogListingHeadline&quot; which is not in range of 291 to 294px (/specs/Sprint2/Elan/DESKTOP/PIXELBlogListingELAN.spec:31)
  - &quot;BlogListingSummary1&quot; is 433px left which is not in range of 507 to 511px (/specs/Sprint2/Elan/DESKTOP/PIXELBlogListingELAN.spec:35)
  - &quot;BlogListingSummary1&quot; is 16px below &quot;BlogListingTitle1&quot; which is not in range of 25 to 31px (/specs/Sprint2/Elan/DESKTOP/PIXELBlogListingELAN.spec:36)
  - &quot;BlogListingPostingDate&quot; is 433px left which is not in range of 507 to 511px (/specs/Sprint2/Elan/DESKTOP/PIXELBlogListingELAN.spec:39)
  - &quot;DropDownSelect&quot; is 1px left which is not in range of 20 to 24px (/specs/Sprint2/Elan/DESKTOP/PIXELBlogListingELAN.spec:43)
  - &quot;DropDownSelectICON&quot; is 21px right which is not in range of 34 to 38px (/specs/Sprint2/Elan/DESKTOP/PIXELBlogListingELAN.spec:46)
  - &quot;DropDownContainer&quot; is 97px left which is not in range of 109 to 113px (/specs/Sprint2/Elan/DESKTOP/PIXELBlogListingELAN.spec:49)
">
      <![CDATA[com.galenframework.support.LayoutValidationException: /specs/Sprint2/Elan/DESKTOP/PIXELBlogListingELAN.spec, tags: [Desktop]
  - "BlogListingHeadline" is 100px left which is not in range of 9 to 13px (/specs/Sprint2/Elan/DESKTOP/PIXELBlogListingELAN.spec:17)
  - "BLDropDownlabel" is 97px left which is not in range of 109 to 113px (/specs/Sprint2/Elan/DESKTOP/PIXELBlogListingELAN.spec:20)
  - "BLDropDownlabel" is 155px below "BlogListingHeadline" which is not in range of 161 to 167px (/specs/Sprint2/Elan/DESKTOP/PIXELBlogListingELAN.spec:21)
  - "BlogListingImage1" is 97px left which is not in range of 109 to 113px (/specs/Sprint2/Elan/DESKTOP/PIXELBlogListingELAN.spec:25)
  - "BlogListingTitle1" is 433px left which is not in range of 507 to 511px (/specs/Sprint2/Elan/DESKTOP/PIXELBlogListingELAN.spec:30)
  - "BlogListingTitle1" is 270px below "BlogListingHeadline" which is not in range of 291 to 294px (/specs/Sprint2/Elan/DESKTOP/PIXELBlogListingELAN.spec:31)
  - "BlogListingSummary1" is 433px left which is not in range of 507 to 511px (/specs/Sprint2/Elan/DESKTOP/PIXELBlogListingELAN.spec:35)
  - "BlogListingSummary1" is 16px below "BlogListingTitle1" which is not in range of 25 to 31px (/specs/Sprint2/Elan/DESKTOP/PIXELBlogListingELAN.spec:36)
  - "BlogListingPostingDate" is 433px left which is not in range of 507 to 511px (/specs/Sprint2/Elan/DESKTOP/PIXELBlogListingELAN.spec:39)
  - "DropDownSelect" is 1px left which is not in range of 20 to 24px (/specs/Sprint2/Elan/DESKTOP/PIXELBlogListingELAN.spec:43)
  - "DropDownSelectICON" is 21px right which is not in range of 34 to 38px (/specs/Sprint2/Elan/DESKTOP/PIXELBlogListingELAN.spec:46)
  - "DropDownContainer" is 97px left which is not in range of 109 to 113px (/specs/Sprint2/Elan/DESKTOP/PIXELBlogListingELAN.spec:49)

	at com.galenframework.support.GalenJavaTestBase.checkLayout(GalenJavaTestBase.java:129)
	at com.galenframework.support.GalenJavaTestBase.checkLayout(GalenJavaTestBase.java:111)
	at com.galenframework.java.USB.testelan.BlogListingVerification.verify_elanPixelBlogListingPage(BlogListingVerification.java:35)
	at sun.reflect.NativeMethodAccessorImpl.invoke0(Native Method)
	at sun.reflect.NativeMethodAccessorImpl.invoke(NativeMethodAccessorImpl.java:62)
	at sun.reflect.DelegatingMethodAccessorImpl.invoke(DelegatingMethodAccessorImpl.java:43)
	at java.lang.reflect.Method.invoke(Method.java:498)
	at org.testng.internal.MethodInvocationHelper.invokeMethod(MethodInvocationHelper.java:80)
	at org.testng.internal.Invoker.invokeMethod(Invoker.java:715)
	at org.testng.internal.Invoker.invokeTestMethod(Invoker.java:907)
	at org.testng.internal.Invoker.invokeTestMethods(Invoker.java:1237)
	at org.testng.internal.TestMethodWorker.invokeTestMethods(TestMethodWorker.java:127)
	at org.testng.internal.TestMethodWorker.run(TestMethodWorker.java:111)
	at org.testng.TestRunner.privateRun(TestRunner.java:767)
	at org.testng.TestRunner.run(TestRunner.java:617)
	at org.testng.SuiteRunner.runTest(SuiteRunner.java:334)
	at org.testng.SuiteRunner.runSequentially(SuiteRunner.java:329)
	at org.testng.SuiteRunner.privateRun(SuiteRunner.java:291)
	at org.testng.SuiteRunner.run(SuiteRunner.java:240)
	at org.testng.SuiteRunnerWorker.runSuite(SuiteRunnerWorker.java:51)
	at org.testng.SuiteRunnerWorker.run(SuiteRunnerWorker.java:85)
	at org.testng.TestNG.runSuitesSequentially(TestNG.java:1197)
	at org.testng.TestNG.runSuitesLocally(TestNG.java:1122)
	at org.testng.TestNG.run(TestNG.java:1030)
	at org.testng.remote.AbstractRemoteTestNG.run(AbstractRemoteTestNG.java:132)
	at org.testng.remote.RemoteTestNG.initAndRun(RemoteTestNG.java:230)
	at org.testng.remote.RemoteTestNG.main(RemoteTestNG.java:76)
]]>
    </failure>
  </testcase> <!-- verify_elanPixelBlogListingPage -->
</testsuite> <!-- com.galenframework.java.USB.testelan.BlogListingVerification -->
