<?xml version="1.0" encoding="UTF-8"?>
<!-- Generated by org.testng.reporters.JUnitReportReporter -->
<testsuite hostname="delsban3586781" name="com.galenframework.java.USB.testelan.BlogDetailVerification" tests="3" failures="3" timestamp="26 Aug 2017 09:23:22 GMT" time="279.955" errors="0">
  <testcase name="verify_elanFontBlogDetailPage" time="92.068" classname="com.galenframework.java.USB.testelan.BlogDetailVerification">
    <failure type="com.galenframework.support.LayoutValidationException" message="/specs/Sprint2/Elan/DESKTOP/BlogDetailPageELAN.spec, tags: [Mobile]
  - &quot;BlogDetailHEadline&quot; is absent on page (/specs/Sprint2/Elan/DESKTOP/BlogDetailPageELAN.spec:123)
  - &quot;BlogDetailHEadline&quot; is absent on page (/specs/Sprint2/Elan/DESKTOP/BlogDetailPageELAN.spec:124)
  - &quot;BlogDetailHEadline&quot; is absent on page (/specs/Sprint2/Elan/DESKTOP/BlogDetailPageELAN.spec:125)
  - &quot;BlogDetailHEadline&quot; is absent on page (/specs/Sprint2/Elan/DESKTOP/BlogDetailPageELAN.spec:126)
  - &quot;BlogDeatilSubHeadline&quot; is absent on page (/specs/Sprint2/Elan/DESKTOP/BlogDetailPageELAN.spec:130)
  - &quot;BlogDeatilSubHeadline&quot; is absent on page (/specs/Sprint2/Elan/DESKTOP/BlogDetailPageELAN.spec:131)
  - &quot;BlogDeatilSubHeadline&quot; is absent on page (/specs/Sprint2/Elan/DESKTOP/BlogDetailPageELAN.spec:132)
  - &quot;BlogDeatilSubHeadline&quot; is absent on page (/specs/Sprint2/Elan/DESKTOP/BlogDetailPageELAN.spec:133)
  - &quot;BlogDetailPostedBy&quot; is absent on page (/specs/Sprint2/Elan/DESKTOP/BlogDetailPageELAN.spec:138)
  - &quot;BlogDetailPostedBy&quot; is absent on page (/specs/Sprint2/Elan/DESKTOP/BlogDetailPageELAN.spec:139)
  - &quot;BlogDetailPostedBy&quot; is absent on page (/specs/Sprint2/Elan/DESKTOP/BlogDetailPageELAN.spec:140)
  - &quot;BlogDetailPostedBy&quot; is absent on page (/specs/Sprint2/Elan/DESKTOP/BlogDetailPageELAN.spec:141)
  - &quot;BlogDetailCommentTitle&quot; css property &quot;font-family&quot; is &quot;&quot;roboto&quot;&quot; but should be &quot;roboto-bold&quot; (/specs/Sprint2/Elan/DESKTOP/BlogDetailPageELAN.spec:148)
  - &quot;BlogDetailPostNewComntBtn&quot; css property &quot;font-family&quot; is &quot;&quot;roboto-medium&quot;&quot; but should be &quot;roboto-bold&quot; (/specs/Sprint2/Elan/DESKTOP/BlogDetailPageELAN.spec:156)
  - &quot;BlogDetailPostNewComntBtn&quot; css property &quot;line-height&quot; is &quot;18px&quot; but should be &quot;16px&quot; (/specs/Sprint2/Elan/DESKTOP/BlogDetailPageELAN.spec:157)
  - &quot;BlogDetailPostNewComntBtn&quot; width is 155px instead of 218px (/specs/Sprint2/Elan/DESKTOP/BlogDetailPageELAN.spec:159)
  - &quot;BlogDetailPostNewComntBtn&quot; height is 40px instead of 50px (/specs/Sprint2/Elan/DESKTOP/BlogDetailPageELAN.spec:160)
  - &quot;BLCommentByName&quot; is absent on page (/specs/Sprint2/Elan/DESKTOP/BlogDetailPageELAN.spec:164)
  - &quot;BLCommentByName&quot; is absent on page (/specs/Sprint2/Elan/DESKTOP/BlogDetailPageELAN.spec:165)
  - &quot;BLCommentByName&quot; is absent on page (/specs/Sprint2/Elan/DESKTOP/BlogDetailPageELAN.spec:166)
  - &quot;BLCommentByName&quot; is absent on page (/specs/Sprint2/Elan/DESKTOP/BlogDetailPageELAN.spec:167)
  - &quot;BLCommentText&quot; is absent on page (/specs/Sprint2/Elan/DESKTOP/BlogDetailPageELAN.spec:171)
  - &quot;BLCommentText&quot; is absent on page (/specs/Sprint2/Elan/DESKTOP/BlogDetailPageELAN.spec:172)
  - &quot;BLCommentText&quot; is absent on page (/specs/Sprint2/Elan/DESKTOP/BlogDetailPageELAN.spec:173)
  - &quot;BLCommentText&quot; is absent on page (/specs/Sprint2/Elan/DESKTOP/BlogDetailPageELAN.spec:174)
  - &quot;BLCommentReplyBtn&quot; is absent on page (/specs/Sprint2/Elan/DESKTOP/BlogDetailPageELAN.spec:178)
  - &quot;BLCommentReplyBtn&quot; is absent on page (/specs/Sprint2/Elan/DESKTOP/BlogDetailPageELAN.spec:179)
  - &quot;BLCommentReplyBtn&quot; is absent on page (/specs/Sprint2/Elan/DESKTOP/BlogDetailPageELAN.spec:180)
  - &quot;BLCommentReplyBtn&quot; is absent on page (/specs/Sprint2/Elan/DESKTOP/BlogDetailPageELAN.spec:181)
  - &quot;BLCommentShowReplyIcon&quot; is absent on page (/specs/Sprint2/Elan/DESKTOP/BlogDetailPageELAN.spec:186)
  - &quot;BLCommentShowReplyIcon&quot; is absent on page (/specs/Sprint2/Elan/DESKTOP/BlogDetailPageELAN.spec:187)
  - &quot;BLCommentShowReplyIcon&quot; is absent on page (/specs/Sprint2/Elan/DESKTOP/BlogDetailPageELAN.spec:188)
  - &quot;BLCommentShowReplyElemnt&quot; is absent on page (/specs/Sprint2/Elan/DESKTOP/BlogDetailPageELAN.spec:193)
  - &quot;BLCommentShowReplyElemnt&quot; is absent on page (/specs/Sprint2/Elan/DESKTOP/BlogDetailPageELAN.spec:194)
  - &quot;BLCommentShowReplyElemnt&quot; is absent on page (/specs/Sprint2/Elan/DESKTOP/BlogDetailPageELAN.spec:195)
  - &quot;BLCommentShowReplyElemnt&quot; is absent on page (/specs/Sprint2/Elan/DESKTOP/BlogDetailPageELAN.spec:196)
  - &quot;BLDetailPageBlogText&quot; css property &quot;font-size&quot; is &quot;18px&quot; but should be &quot;14px&quot; (/specs/Sprint2/Elan/DESKTOP/BlogDetailPageELAN.spec:202)
  - &quot;BLDetailPageBlogText&quot; css property &quot;font-family&quot; is &quot;&quot;roboto&quot;&quot; but should be &quot;roboto-light&quot; (/specs/Sprint2/Elan/DESKTOP/BlogDetailPageELAN.spec:203)
  - &quot;BLTagAboveComment&quot; is absent on page (/specs/Sprint2/Elan/DESKTOP/BlogDetailPageELAN.spec:208)
  - &quot;BLTagAboveComment&quot; is absent on page (/specs/Sprint2/Elan/DESKTOP/BlogDetailPageELAN.spec:209)
  - &quot;BLTagAboveComment&quot; is absent on page (/specs/Sprint2/Elan/DESKTOP/BlogDetailPageELAN.spec:210)
  - &quot;BLTagAboveComment&quot; is absent on page (/specs/Sprint2/Elan/DESKTOP/BlogDetailPageELAN.spec:211)
  - &quot;BDshowcommentsPage&quot; is absent on page (/specs/Sprint2/Elan/DESKTOP/BlogDetailPageELAN.spec:216)
  - &quot;BDshowcommentsPage&quot; is absent on page (/specs/Sprint2/Elan/DESKTOP/BlogDetailPageELAN.spec:217)
  - &quot;BDshowcommentsPage&quot; is absent on page (/specs/Sprint2/Elan/DESKTOP/BlogDetailPageELAN.spec:218)
  - &quot;BDshowcommentsPage&quot; is absent on page (/specs/Sprint2/Elan/DESKTOP/BlogDetailPageELAN.spec:219)
  - &quot;BDshowcommentsPage&quot; is absent on page (/specs/Sprint2/Elan/DESKTOP/BlogDetailPageELAN.spec:220)
  - &quot;BDshowcommentsPage&quot; is absent on page (/specs/Sprint2/Elan/DESKTOP/BlogDetailPageELAN.spec:221)
  - &quot;BDshowcommentsPage&quot; is absent on page (/specs/Sprint2/Elan/DESKTOP/BlogDetailPageELAN.spec:222)
">
      <![CDATA[com.galenframework.support.LayoutValidationException: /specs/Sprint2/Elan/DESKTOP/BlogDetailPageELAN.spec, tags: [Mobile]
  - "BlogDetailHEadline" is absent on page (/specs/Sprint2/Elan/DESKTOP/BlogDetailPageELAN.spec:123)
  - "BlogDetailHEadline" is absent on page (/specs/Sprint2/Elan/DESKTOP/BlogDetailPageELAN.spec:124)
  - "BlogDetailHEadline" is absent on page (/specs/Sprint2/Elan/DESKTOP/BlogDetailPageELAN.spec:125)
  - "BlogDetailHEadline" is absent on page (/specs/Sprint2/Elan/DESKTOP/BlogDetailPageELAN.spec:126)
  - "BlogDeatilSubHeadline" is absent on page (/specs/Sprint2/Elan/DESKTOP/BlogDetailPageELAN.spec:130)
  - "BlogDeatilSubHeadline" is absent on page (/specs/Sprint2/Elan/DESKTOP/BlogDetailPageELAN.spec:131)
  - "BlogDeatilSubHeadline" is absent on page (/specs/Sprint2/Elan/DESKTOP/BlogDetailPageELAN.spec:132)
  - "BlogDeatilSubHeadline" is absent on page (/specs/Sprint2/Elan/DESKTOP/BlogDetailPageELAN.spec:133)
  - "BlogDetailPostedBy" is absent on page (/specs/Sprint2/Elan/DESKTOP/BlogDetailPageELAN.spec:138)
  - "BlogDetailPostedBy" is absent on page (/specs/Sprint2/Elan/DESKTOP/BlogDetailPageELAN.spec:139)
  - "BlogDetailPostedBy" is absent on page (/specs/Sprint2/Elan/DESKTOP/BlogDetailPageELAN.spec:140)
  - "BlogDetailPostedBy" is absent on page (/specs/Sprint2/Elan/DESKTOP/BlogDetailPageELAN.spec:141)
  - "BlogDetailCommentTitle" css property "font-family" is ""roboto"" but should be "roboto-bold" (/specs/Sprint2/Elan/DESKTOP/BlogDetailPageELAN.spec:148)
  - "BlogDetailPostNewComntBtn" css property "font-family" is ""roboto-medium"" but should be "roboto-bold" (/specs/Sprint2/Elan/DESKTOP/BlogDetailPageELAN.spec:156)
  - "BlogDetailPostNewComntBtn" css property "line-height" is "18px" but should be "16px" (/specs/Sprint2/Elan/DESKTOP/BlogDetailPageELAN.spec:157)
  - "BlogDetailPostNewComntBtn" width is 155px instead of 218px (/specs/Sprint2/Elan/DESKTOP/BlogDetailPageELAN.spec:159)
  - "BlogDetailPostNewComntBtn" height is 40px instead of 50px (/specs/Sprint2/Elan/DESKTOP/BlogDetailPageELAN.spec:160)
  - "BLCommentByName" is absent on page (/specs/Sprint2/Elan/DESKTOP/BlogDetailPageELAN.spec:164)
  - "BLCommentByName" is absent on page (/specs/Sprint2/Elan/DESKTOP/BlogDetailPageELAN.spec:165)
  - "BLCommentByName" is absent on page (/specs/Sprint2/Elan/DESKTOP/BlogDetailPageELAN.spec:166)
  - "BLCommentByName" is absent on page (/specs/Sprint2/Elan/DESKTOP/BlogDetailPageELAN.spec:167)
  - "BLCommentText" is absent on page (/specs/Sprint2/Elan/DESKTOP/BlogDetailPageELAN.spec:171)
  - "BLCommentText" is absent on page (/specs/Sprint2/Elan/DESKTOP/BlogDetailPageELAN.spec:172)
  - "BLCommentText" is absent on page (/specs/Sprint2/Elan/DESKTOP/BlogDetailPageELAN.spec:173)
  - "BLCommentText" is absent on page (/specs/Sprint2/Elan/DESKTOP/BlogDetailPageELAN.spec:174)
  - "BLCommentReplyBtn" is absent on page (/specs/Sprint2/Elan/DESKTOP/BlogDetailPageELAN.spec:178)
  - "BLCommentReplyBtn" is absent on page (/specs/Sprint2/Elan/DESKTOP/BlogDetailPageELAN.spec:179)
  - "BLCommentReplyBtn" is absent on page (/specs/Sprint2/Elan/DESKTOP/BlogDetailPageELAN.spec:180)
  - "BLCommentReplyBtn" is absent on page (/specs/Sprint2/Elan/DESKTOP/BlogDetailPageELAN.spec:181)
  - "BLCommentShowReplyIcon" is absent on page (/specs/Sprint2/Elan/DESKTOP/BlogDetailPageELAN.spec:186)
  - "BLCommentShowReplyIcon" is absent on page (/specs/Sprint2/Elan/DESKTOP/BlogDetailPageELAN.spec:187)
  - "BLCommentShowReplyIcon" is absent on page (/specs/Sprint2/Elan/DESKTOP/BlogDetailPageELAN.spec:188)
  - "BLCommentShowReplyElemnt" is absent on page (/specs/Sprint2/Elan/DESKTOP/BlogDetailPageELAN.spec:193)
  - "BLCommentShowReplyElemnt" is absent on page (/specs/Sprint2/Elan/DESKTOP/BlogDetailPageELAN.spec:194)
  - "BLCommentShowReplyElemnt" is absent on page (/specs/Sprint2/Elan/DESKTOP/BlogDetailPageELAN.spec:195)
  - "BLCommentShowReplyElemnt" is absent on page (/specs/Sprint2/Elan/DESKTOP/BlogDetailPageELAN.spec:196)
  - "BLDetailPageBlogText" css property "font-size" is "18px" but should be "14px" (/specs/Sprint2/Elan/DESKTOP/BlogDetailPageELAN.spec:202)
  - "BLDetailPageBlogText" css property "font-family" is ""roboto"" but should be "roboto-light" (/specs/Sprint2/Elan/DESKTOP/BlogDetailPageELAN.spec:203)
  - "BLTagAboveComment" is absent on page (/specs/Sprint2/Elan/DESKTOP/BlogDetailPageELAN.spec:208)
  - "BLTagAboveComment" is absent on page (/specs/Sprint2/Elan/DESKTOP/BlogDetailPageELAN.spec:209)
  - "BLTagAboveComment" is absent on page (/specs/Sprint2/Elan/DESKTOP/BlogDetailPageELAN.spec:210)
  - "BLTagAboveComment" is absent on page (/specs/Sprint2/Elan/DESKTOP/BlogDetailPageELAN.spec:211)
  - "BDshowcommentsPage" is absent on page (/specs/Sprint2/Elan/DESKTOP/BlogDetailPageELAN.spec:216)
  - "BDshowcommentsPage" is absent on page (/specs/Sprint2/Elan/DESKTOP/BlogDetailPageELAN.spec:217)
  - "BDshowcommentsPage" is absent on page (/specs/Sprint2/Elan/DESKTOP/BlogDetailPageELAN.spec:218)
  - "BDshowcommentsPage" is absent on page (/specs/Sprint2/Elan/DESKTOP/BlogDetailPageELAN.spec:219)
  - "BDshowcommentsPage" is absent on page (/specs/Sprint2/Elan/DESKTOP/BlogDetailPageELAN.spec:220)
  - "BDshowcommentsPage" is absent on page (/specs/Sprint2/Elan/DESKTOP/BlogDetailPageELAN.spec:221)
  - "BDshowcommentsPage" is absent on page (/specs/Sprint2/Elan/DESKTOP/BlogDetailPageELAN.spec:222)

	at com.galenframework.support.GalenJavaTestBase.checkLayout(GalenJavaTestBase.java:129)
	at com.galenframework.support.GalenJavaTestBase.checkLayout(GalenJavaTestBase.java:111)
	at com.galenframework.java.USB.testelan.BlogDetailVerification.verify_elanFontBlogDetailPage(BlogDetailVerification.java:21)
	at sun.reflect.NativeMethodAccessorImpl.invoke0(Native Method)
	at sun.reflect.NativeMethodAccessorImpl.invoke(NativeMethodAccessorImpl.java:62)
	at sun.reflect.DelegatingMethodAccessorImpl.invoke(DelegatingMethodAccessorImpl.java:43)
	at java.lang.reflect.Method.invoke(Method.java:498)
	at org.testng.internal.MethodInvocationHelper.invokeMethod(MethodInvocationHelper.java:80)
	at org.testng.internal.Invoker.invokeMethod(Invoker.java:715)
	at org.testng.internal.Invoker.invokeTestMethod(Invoker.java:907)
	at org.testng.internal.Invoker.invokeTestMethods(Invoker.java:1237)
	at org.testng.internal.TestMethodWorker.invokeTestMethods(TestMethodWorker.java:127)
	at org.testng.internal.TestMethodWorker.run(TestMethodWorker.java:111)
	at org.testng.TestRunner.privateRun(TestRunner.java:767)
	at org.testng.TestRunner.run(TestRunner.java:617)
	at org.testng.SuiteRunner.runTest(SuiteRunner.java:334)
	at org.testng.SuiteRunner.runSequentially(SuiteRunner.java:329)
	at org.testng.SuiteRunner.privateRun(SuiteRunner.java:291)
	at org.testng.SuiteRunner.run(SuiteRunner.java:240)
	at org.testng.SuiteRunnerWorker.runSuite(SuiteRunnerWorker.java:51)
	at org.testng.SuiteRunnerWorker.run(SuiteRunnerWorker.java:85)
	at org.testng.TestNG.runSuitesSequentially(TestNG.java:1197)
	at org.testng.TestNG.runSuitesLocally(TestNG.java:1122)
	at org.testng.TestNG.run(TestNG.java:1030)
	at org.testng.remote.AbstractRemoteTestNG.run(AbstractRemoteTestNG.java:132)
	at org.testng.remote.RemoteTestNG.initAndRun(RemoteTestNG.java:230)
	at org.testng.remote.RemoteTestNG.main(RemoteTestNG.java:76)
]]>
    </failure>
  </testcase> <!-- verify_elanFontBlogDetailPage -->
  <testcase name="verify_elanFontBlogDetailPage" time="94.452" classname="com.galenframework.java.USB.testelan.BlogDetailVerification">
    <failure type="com.galenframework.support.LayoutValidationException" message="/specs/Sprint2/Elan/DESKTOP/BlogDetailPageELAN.spec, tags: [tablet]
  - &quot;BlogDetailHEadline&quot; is absent on page (/specs/Sprint2/Elan/DESKTOP/BlogDetailPageELAN.spec:229)
  - &quot;BlogDetailHEadline&quot; is absent on page (/specs/Sprint2/Elan/DESKTOP/BlogDetailPageELAN.spec:230)
  - &quot;BlogDetailHEadline&quot; is absent on page (/specs/Sprint2/Elan/DESKTOP/BlogDetailPageELAN.spec:231)
  - &quot;BlogDetailHEadline&quot; is absent on page (/specs/Sprint2/Elan/DESKTOP/BlogDetailPageELAN.spec:232)
  - &quot;BlogDeatilSubHeadline&quot; is absent on page (/specs/Sprint2/Elan/DESKTOP/BlogDetailPageELAN.spec:237)
  - &quot;BlogDeatilSubHeadline&quot; is absent on page (/specs/Sprint2/Elan/DESKTOP/BlogDetailPageELAN.spec:238)
  - &quot;BlogDeatilSubHeadline&quot; is absent on page (/specs/Sprint2/Elan/DESKTOP/BlogDetailPageELAN.spec:239)
  - &quot;BlogDeatilSubHeadline&quot; is absent on page (/specs/Sprint2/Elan/DESKTOP/BlogDetailPageELAN.spec:240)
  - &quot;BlogDetailPostedBy&quot; is absent on page (/specs/Sprint2/Elan/DESKTOP/BlogDetailPageELAN.spec:244)
  - &quot;BlogDetailPostedBy&quot; is absent on page (/specs/Sprint2/Elan/DESKTOP/BlogDetailPageELAN.spec:245)
  - &quot;BlogDetailPostedBy&quot; is absent on page (/specs/Sprint2/Elan/DESKTOP/BlogDetailPageELAN.spec:246)
  - &quot;BlogDetailPostedBy&quot; is absent on page (/specs/Sprint2/Elan/DESKTOP/BlogDetailPageELAN.spec:247)
  - &quot;BlogDetailCommentTitle&quot; css property &quot;font-family&quot; is &quot;&quot;roboto&quot;&quot; but should be &quot;roboto-bold&quot; (/specs/Sprint2/Elan/DESKTOP/BlogDetailPageELAN.spec:253)
  - &quot;BlogDetailPostNewComntBtn&quot; css property &quot;font-family&quot; is &quot;&quot;roboto-medium&quot;&quot; but should be &quot;roboto-bold&quot; (/specs/Sprint2/Elan/DESKTOP/BlogDetailPageELAN.spec:261)
  - &quot;BlogDetailPostNewComntBtn&quot; css property &quot;line-height&quot; is &quot;18px&quot; but should be &quot;16px&quot; (/specs/Sprint2/Elan/DESKTOP/BlogDetailPageELAN.spec:262)
  - &quot;BlogDetailPostNewComntBtn&quot; width is 155px instead of 218px (/specs/Sprint2/Elan/DESKTOP/BlogDetailPageELAN.spec:264)
  - &quot;BlogDetailPostNewComntBtn&quot; height is 40px instead of 50px (/specs/Sprint2/Elan/DESKTOP/BlogDetailPageELAN.spec:265)
  - &quot;BLCommentByName&quot; is absent on page (/specs/Sprint2/Elan/DESKTOP/BlogDetailPageELAN.spec:269)
  - &quot;BLCommentByName&quot; is absent on page (/specs/Sprint2/Elan/DESKTOP/BlogDetailPageELAN.spec:270)
  - &quot;BLCommentByName&quot; is absent on page (/specs/Sprint2/Elan/DESKTOP/BlogDetailPageELAN.spec:271)
  - &quot;BLCommentByName&quot; is absent on page (/specs/Sprint2/Elan/DESKTOP/BlogDetailPageELAN.spec:272)
  - &quot;BLCommentText&quot; is absent on page (/specs/Sprint2/Elan/DESKTOP/BlogDetailPageELAN.spec:276)
  - &quot;BLCommentText&quot; is absent on page (/specs/Sprint2/Elan/DESKTOP/BlogDetailPageELAN.spec:277)
  - &quot;BLCommentText&quot; is absent on page (/specs/Sprint2/Elan/DESKTOP/BlogDetailPageELAN.spec:278)
  - &quot;BLCommentText&quot; is absent on page (/specs/Sprint2/Elan/DESKTOP/BlogDetailPageELAN.spec:279)
  - &quot;BLCommentReplyBtn&quot; is absent on page (/specs/Sprint2/Elan/DESKTOP/BlogDetailPageELAN.spec:283)
  - &quot;BLCommentReplyBtn&quot; is absent on page (/specs/Sprint2/Elan/DESKTOP/BlogDetailPageELAN.spec:284)
  - &quot;BLCommentReplyBtn&quot; is absent on page (/specs/Sprint2/Elan/DESKTOP/BlogDetailPageELAN.spec:285)
  - &quot;BLCommentReplyBtn&quot; is absent on page (/specs/Sprint2/Elan/DESKTOP/BlogDetailPageELAN.spec:286)
  - &quot;BLCommentShowReplyIcon&quot; is absent on page (/specs/Sprint2/Elan/DESKTOP/BlogDetailPageELAN.spec:290)
  - &quot;BLCommentShowReplyIcon&quot; is absent on page (/specs/Sprint2/Elan/DESKTOP/BlogDetailPageELAN.spec:291)
  - &quot;BLCommentShowReplyIcon&quot; is absent on page (/specs/Sprint2/Elan/DESKTOP/BlogDetailPageELAN.spec:292)
  - &quot;BLCommentShowReplyElemnt&quot; is absent on page (/specs/Sprint2/Elan/DESKTOP/BlogDetailPageELAN.spec:296)
  - &quot;BLCommentShowReplyElemnt&quot; is absent on page (/specs/Sprint2/Elan/DESKTOP/BlogDetailPageELAN.spec:297)
  - &quot;BLCommentShowReplyElemnt&quot; is absent on page (/specs/Sprint2/Elan/DESKTOP/BlogDetailPageELAN.spec:298)
  - &quot;BLCommentShowReplyElemnt&quot; is absent on page (/specs/Sprint2/Elan/DESKTOP/BlogDetailPageELAN.spec:299)
  - &quot;BLDetailPageBlogText&quot; css property &quot;font-family&quot; is &quot;&quot;roboto&quot;&quot; but should be &quot;roboto&quot; (/specs/Sprint2/Elan/DESKTOP/BlogDetailPageELAN.spec:305)
  - &quot;BLTagAboveComment&quot; is absent on page (/specs/Sprint2/Elan/DESKTOP/BlogDetailPageELAN.spec:310)
  - &quot;BLTagAboveComment&quot; is absent on page (/specs/Sprint2/Elan/DESKTOP/BlogDetailPageELAN.spec:311)
  - &quot;BLTagAboveComment&quot; is absent on page (/specs/Sprint2/Elan/DESKTOP/BlogDetailPageELAN.spec:312)
  - &quot;BLTagAboveComment&quot; is absent on page (/specs/Sprint2/Elan/DESKTOP/BlogDetailPageELAN.spec:313)
  - &quot;BDshowcommentsPage&quot; is absent on page (/specs/Sprint2/Elan/DESKTOP/BlogDetailPageELAN.spec:318)
  - &quot;BDshowcommentsPage&quot; is absent on page (/specs/Sprint2/Elan/DESKTOP/BlogDetailPageELAN.spec:319)
  - &quot;BDshowcommentsPage&quot; is absent on page (/specs/Sprint2/Elan/DESKTOP/BlogDetailPageELAN.spec:320)
  - &quot;BDshowcommentsPage&quot; is absent on page (/specs/Sprint2/Elan/DESKTOP/BlogDetailPageELAN.spec:321)
  - &quot;BDshowcommentsPage&quot; is absent on page (/specs/Sprint2/Elan/DESKTOP/BlogDetailPageELAN.spec:322)
  - &quot;BDshowcommentsPage&quot; is absent on page (/specs/Sprint2/Elan/DESKTOP/BlogDetailPageELAN.spec:323)
  - &quot;BDshowcommentsPage&quot; is absent on page (/specs/Sprint2/Elan/DESKTOP/BlogDetailPageELAN.spec:324)
">
      <![CDATA[com.galenframework.support.LayoutValidationException: /specs/Sprint2/Elan/DESKTOP/BlogDetailPageELAN.spec, tags: [tablet]
  - "BlogDetailHEadline" is absent on page (/specs/Sprint2/Elan/DESKTOP/BlogDetailPageELAN.spec:229)
  - "BlogDetailHEadline" is absent on page (/specs/Sprint2/Elan/DESKTOP/BlogDetailPageELAN.spec:230)
  - "BlogDetailHEadline" is absent on page (/specs/Sprint2/Elan/DESKTOP/BlogDetailPageELAN.spec:231)
  - "BlogDetailHEadline" is absent on page (/specs/Sprint2/Elan/DESKTOP/BlogDetailPageELAN.spec:232)
  - "BlogDeatilSubHeadline" is absent on page (/specs/Sprint2/Elan/DESKTOP/BlogDetailPageELAN.spec:237)
  - "BlogDeatilSubHeadline" is absent on page (/specs/Sprint2/Elan/DESKTOP/BlogDetailPageELAN.spec:238)
  - "BlogDeatilSubHeadline" is absent on page (/specs/Sprint2/Elan/DESKTOP/BlogDetailPageELAN.spec:239)
  - "BlogDeatilSubHeadline" is absent on page (/specs/Sprint2/Elan/DESKTOP/BlogDetailPageELAN.spec:240)
  - "BlogDetailPostedBy" is absent on page (/specs/Sprint2/Elan/DESKTOP/BlogDetailPageELAN.spec:244)
  - "BlogDetailPostedBy" is absent on page (/specs/Sprint2/Elan/DESKTOP/BlogDetailPageELAN.spec:245)
  - "BlogDetailPostedBy" is absent on page (/specs/Sprint2/Elan/DESKTOP/BlogDetailPageELAN.spec:246)
  - "BlogDetailPostedBy" is absent on page (/specs/Sprint2/Elan/DESKTOP/BlogDetailPageELAN.spec:247)
  - "BlogDetailCommentTitle" css property "font-family" is ""roboto"" but should be "roboto-bold" (/specs/Sprint2/Elan/DESKTOP/BlogDetailPageELAN.spec:253)
  - "BlogDetailPostNewComntBtn" css property "font-family" is ""roboto-medium"" but should be "roboto-bold" (/specs/Sprint2/Elan/DESKTOP/BlogDetailPageELAN.spec:261)
  - "BlogDetailPostNewComntBtn" css property "line-height" is "18px" but should be "16px" (/specs/Sprint2/Elan/DESKTOP/BlogDetailPageELAN.spec:262)
  - "BlogDetailPostNewComntBtn" width is 155px instead of 218px (/specs/Sprint2/Elan/DESKTOP/BlogDetailPageELAN.spec:264)
  - "BlogDetailPostNewComntBtn" height is 40px instead of 50px (/specs/Sprint2/Elan/DESKTOP/BlogDetailPageELAN.spec:265)
  - "BLCommentByName" is absent on page (/specs/Sprint2/Elan/DESKTOP/BlogDetailPageELAN.spec:269)
  - "BLCommentByName" is absent on page (/specs/Sprint2/Elan/DESKTOP/BlogDetailPageELAN.spec:270)
  - "BLCommentByName" is absent on page (/specs/Sprint2/Elan/DESKTOP/BlogDetailPageELAN.spec:271)
  - "BLCommentByName" is absent on page (/specs/Sprint2/Elan/DESKTOP/BlogDetailPageELAN.spec:272)
  - "BLCommentText" is absent on page (/specs/Sprint2/Elan/DESKTOP/BlogDetailPageELAN.spec:276)
  - "BLCommentText" is absent on page (/specs/Sprint2/Elan/DESKTOP/BlogDetailPageELAN.spec:277)
  - "BLCommentText" is absent on page (/specs/Sprint2/Elan/DESKTOP/BlogDetailPageELAN.spec:278)
  - "BLCommentText" is absent on page (/specs/Sprint2/Elan/DESKTOP/BlogDetailPageELAN.spec:279)
  - "BLCommentReplyBtn" is absent on page (/specs/Sprint2/Elan/DESKTOP/BlogDetailPageELAN.spec:283)
  - "BLCommentReplyBtn" is absent on page (/specs/Sprint2/Elan/DESKTOP/BlogDetailPageELAN.spec:284)
  - "BLCommentReplyBtn" is absent on page (/specs/Sprint2/Elan/DESKTOP/BlogDetailPageELAN.spec:285)
  - "BLCommentReplyBtn" is absent on page (/specs/Sprint2/Elan/DESKTOP/BlogDetailPageELAN.spec:286)
  - "BLCommentShowReplyIcon" is absent on page (/specs/Sprint2/Elan/DESKTOP/BlogDetailPageELAN.spec:290)
  - "BLCommentShowReplyIcon" is absent on page (/specs/Sprint2/Elan/DESKTOP/BlogDetailPageELAN.spec:291)
  - "BLCommentShowReplyIcon" is absent on page (/specs/Sprint2/Elan/DESKTOP/BlogDetailPageELAN.spec:292)
  - "BLCommentShowReplyElemnt" is absent on page (/specs/Sprint2/Elan/DESKTOP/BlogDetailPageELAN.spec:296)
  - "BLCommentShowReplyElemnt" is absent on page (/specs/Sprint2/Elan/DESKTOP/BlogDetailPageELAN.spec:297)
  - "BLCommentShowReplyElemnt" is absent on page (/specs/Sprint2/Elan/DESKTOP/BlogDetailPageELAN.spec:298)
  - "BLCommentShowReplyElemnt" is absent on page (/specs/Sprint2/Elan/DESKTOP/BlogDetailPageELAN.spec:299)
  - "BLDetailPageBlogText" css property "font-family" is ""roboto"" but should be "roboto" (/specs/Sprint2/Elan/DESKTOP/BlogDetailPageELAN.spec:305)
  - "BLTagAboveComment" is absent on page (/specs/Sprint2/Elan/DESKTOP/BlogDetailPageELAN.spec:310)
  - "BLTagAboveComment" is absent on page (/specs/Sprint2/Elan/DESKTOP/BlogDetailPageELAN.spec:311)
  - "BLTagAboveComment" is absent on page (/specs/Sprint2/Elan/DESKTOP/BlogDetailPageELAN.spec:312)
  - "BLTagAboveComment" is absent on page (/specs/Sprint2/Elan/DESKTOP/BlogDetailPageELAN.spec:313)
  - "BDshowcommentsPage" is absent on page (/specs/Sprint2/Elan/DESKTOP/BlogDetailPageELAN.spec:318)
  - "BDshowcommentsPage" is absent on page (/specs/Sprint2/Elan/DESKTOP/BlogDetailPageELAN.spec:319)
  - "BDshowcommentsPage" is absent on page (/specs/Sprint2/Elan/DESKTOP/BlogDetailPageELAN.spec:320)
  - "BDshowcommentsPage" is absent on page (/specs/Sprint2/Elan/DESKTOP/BlogDetailPageELAN.spec:321)
  - "BDshowcommentsPage" is absent on page (/specs/Sprint2/Elan/DESKTOP/BlogDetailPageELAN.spec:322)
  - "BDshowcommentsPage" is absent on page (/specs/Sprint2/Elan/DESKTOP/BlogDetailPageELAN.spec:323)
  - "BDshowcommentsPage" is absent on page (/specs/Sprint2/Elan/DESKTOP/BlogDetailPageELAN.spec:324)

	at com.galenframework.support.GalenJavaTestBase.checkLayout(GalenJavaTestBase.java:129)
	at com.galenframework.support.GalenJavaTestBase.checkLayout(GalenJavaTestBase.java:111)
	at com.galenframework.java.USB.testelan.BlogDetailVerification.verify_elanFontBlogDetailPage(BlogDetailVerification.java:21)
	at sun.reflect.NativeMethodAccessorImpl.invoke0(Native Method)
	at sun.reflect.NativeMethodAccessorImpl.invoke(NativeMethodAccessorImpl.java:62)
	at sun.reflect.DelegatingMethodAccessorImpl.invoke(DelegatingMethodAccessorImpl.java:43)
	at java.lang.reflect.Method.invoke(Method.java:498)
	at org.testng.internal.MethodInvocationHelper.invokeMethod(MethodInvocationHelper.java:80)
	at org.testng.internal.Invoker.invokeMethod(Invoker.java:715)
	at org.testng.internal.Invoker.invokeTestMethod(Invoker.java:907)
	at org.testng.internal.Invoker.invokeTestMethods(Invoker.java:1237)
	at org.testng.internal.TestMethodWorker.invokeTestMethods(TestMethodWorker.java:127)
	at org.testng.internal.TestMethodWorker.run(TestMethodWorker.java:111)
	at org.testng.TestRunner.privateRun(TestRunner.java:767)
	at org.testng.TestRunner.run(TestRunner.java:617)
	at org.testng.SuiteRunner.runTest(SuiteRunner.java:334)
	at org.testng.SuiteRunner.runSequentially(SuiteRunner.java:329)
	at org.testng.SuiteRunner.privateRun(SuiteRunner.java:291)
	at org.testng.SuiteRunner.run(SuiteRunner.java:240)
	at org.testng.SuiteRunnerWorker.runSuite(SuiteRunnerWorker.java:51)
	at org.testng.SuiteRunnerWorker.run(SuiteRunnerWorker.java:85)
	at org.testng.TestNG.runSuitesSequentially(TestNG.java:1197)
	at org.testng.TestNG.runSuitesLocally(TestNG.java:1122)
	at org.testng.TestNG.run(TestNG.java:1030)
	at org.testng.remote.AbstractRemoteTestNG.run(AbstractRemoteTestNG.java:132)
	at org.testng.remote.RemoteTestNG.initAndRun(RemoteTestNG.java:230)
	at org.testng.remote.RemoteTestNG.main(RemoteTestNG.java:76)
]]>
    </failure>
  </testcase> <!-- verify_elanFontBlogDetailPage -->
  <testcase name="verify_elanFontBlogDetailPage" time="93.435" classname="com.galenframework.java.USB.testelan.BlogDetailVerification">
    <failure type="com.galenframework.support.LayoutValidationException" message="/specs/Sprint2/Elan/DESKTOP/BlogDetailPageELAN.spec, tags: [Desktop]
  - &quot;BlogDetailHEadline&quot; is absent on page (/specs/Sprint2/Elan/DESKTOP/BlogDetailPageELAN.spec:25)
  - &quot;BlogDetailHEadline&quot; is absent on page (/specs/Sprint2/Elan/DESKTOP/BlogDetailPageELAN.spec:26)
  - &quot;BlogDetailHEadline&quot; is absent on page (/specs/Sprint2/Elan/DESKTOP/BlogDetailPageELAN.spec:27)
  - &quot;BlogDetailHEadline&quot; is absent on page (/specs/Sprint2/Elan/DESKTOP/BlogDetailPageELAN.spec:28)
  - &quot;BlogDeatilSubHeadline&quot; is absent on page (/specs/Sprint2/Elan/DESKTOP/BlogDetailPageELAN.spec:32)
  - &quot;BlogDeatilSubHeadline&quot; is absent on page (/specs/Sprint2/Elan/DESKTOP/BlogDetailPageELAN.spec:33)
  - &quot;BlogDeatilSubHeadline&quot; is absent on page (/specs/Sprint2/Elan/DESKTOP/BlogDetailPageELAN.spec:34)
  - &quot;BlogDeatilSubHeadline&quot; is absent on page (/specs/Sprint2/Elan/DESKTOP/BlogDetailPageELAN.spec:35)
  - &quot;BlogDetailPostedBy&quot; is absent on page (/specs/Sprint2/Elan/DESKTOP/BlogDetailPageELAN.spec:39)
  - &quot;BlogDetailPostedBy&quot; is absent on page (/specs/Sprint2/Elan/DESKTOP/BlogDetailPageELAN.spec:40)
  - &quot;BlogDetailPostedBy&quot; is absent on page (/specs/Sprint2/Elan/DESKTOP/BlogDetailPageELAN.spec:41)
  - &quot;BlogDetailPostedBy&quot; is absent on page (/specs/Sprint2/Elan/DESKTOP/BlogDetailPageELAN.spec:42)
  - &quot;BlogDetailCommentTitle&quot; css property &quot;font-family&quot; is &quot;&quot;roboto&quot;&quot; but should be &quot;roboto-bold&quot; (/specs/Sprint2/Elan/DESKTOP/BlogDetailPageELAN.spec:48)
  - &quot;BlogDetailPostNewComntBtn&quot; css property &quot;font-family&quot; is &quot;&quot;roboto-medium&quot;&quot; but should be &quot;roboto-bold&quot; (/specs/Sprint2/Elan/DESKTOP/BlogDetailPageELAN.spec:55)
  - &quot;BlogDetailPostNewComntBtn&quot; css property &quot;line-height&quot; is &quot;18px&quot; but should be &quot;16px&quot; (/specs/Sprint2/Elan/DESKTOP/BlogDetailPageELAN.spec:56)
  - &quot;BlogDetailPostNewComntBtn&quot; width is 198px instead of 218px (/specs/Sprint2/Elan/DESKTOP/BlogDetailPageELAN.spec:58)
  - &quot;BLCommentByName&quot; is absent on page (/specs/Sprint2/Elan/DESKTOP/BlogDetailPageELAN.spec:63)
  - &quot;BLCommentByName&quot; is absent on page (/specs/Sprint2/Elan/DESKTOP/BlogDetailPageELAN.spec:64)
  - &quot;BLCommentByName&quot; is absent on page (/specs/Sprint2/Elan/DESKTOP/BlogDetailPageELAN.spec:65)
  - &quot;BLCommentByName&quot; is absent on page (/specs/Sprint2/Elan/DESKTOP/BlogDetailPageELAN.spec:66)
  - &quot;BLCommentText&quot; is absent on page (/specs/Sprint2/Elan/DESKTOP/BlogDetailPageELAN.spec:70)
  - &quot;BLCommentText&quot; is absent on page (/specs/Sprint2/Elan/DESKTOP/BlogDetailPageELAN.spec:71)
  - &quot;BLCommentText&quot; is absent on page (/specs/Sprint2/Elan/DESKTOP/BlogDetailPageELAN.spec:72)
  - &quot;BLCommentText&quot; is absent on page (/specs/Sprint2/Elan/DESKTOP/BlogDetailPageELAN.spec:73)
  - &quot;BLCommentReplyBtn&quot; is absent on page (/specs/Sprint2/Elan/DESKTOP/BlogDetailPageELAN.spec:77)
  - &quot;BLCommentReplyBtn&quot; is absent on page (/specs/Sprint2/Elan/DESKTOP/BlogDetailPageELAN.spec:78)
  - &quot;BLCommentReplyBtn&quot; is absent on page (/specs/Sprint2/Elan/DESKTOP/BlogDetailPageELAN.spec:79)
  - &quot;BLCommentReplyBtn&quot; is absent on page (/specs/Sprint2/Elan/DESKTOP/BlogDetailPageELAN.spec:80)
  - &quot;BLCommentShowReplyIcon&quot; is absent on page (/specs/Sprint2/Elan/DESKTOP/BlogDetailPageELAN.spec:84)
  - &quot;BLCommentShowReplyIcon&quot; is absent on page (/specs/Sprint2/Elan/DESKTOP/BlogDetailPageELAN.spec:85)
  - &quot;BLCommentShowReplyIcon&quot; is absent on page (/specs/Sprint2/Elan/DESKTOP/BlogDetailPageELAN.spec:86)
  - &quot;BLCommentShowReplyElemnt&quot; is absent on page (/specs/Sprint2/Elan/DESKTOP/BlogDetailPageELAN.spec:90)
  - &quot;BLCommentShowReplyElemnt&quot; is absent on page (/specs/Sprint2/Elan/DESKTOP/BlogDetailPageELAN.spec:91)
  - &quot;BLCommentShowReplyElemnt&quot; is absent on page (/specs/Sprint2/Elan/DESKTOP/BlogDetailPageELAN.spec:92)
  - &quot;BLCommentShowReplyElemnt&quot; is absent on page (/specs/Sprint2/Elan/DESKTOP/BlogDetailPageELAN.spec:93)
  - &quot;BLDetailPageBlogText&quot; css property &quot;font-family&quot; is &quot;&quot;roboto&quot;&quot; but should be &quot;roboto&quot; (/specs/Sprint2/Elan/DESKTOP/BlogDetailPageELAN.spec:100)
  - &quot;BLDetailPageBlogText&quot; css property &quot;line-height&quot; is &quot;31px&quot; but should be &quot;30px&quot; (/specs/Sprint2/Elan/DESKTOP/BlogDetailPageELAN.spec:101)
  - &quot;BLTagAboveComment&quot; is absent on page (/specs/Sprint2/Elan/DESKTOP/BlogDetailPageELAN.spec:105)
  - &quot;BLTagAboveComment&quot; is absent on page (/specs/Sprint2/Elan/DESKTOP/BlogDetailPageELAN.spec:106)
  - &quot;BLTagAboveComment&quot; is absent on page (/specs/Sprint2/Elan/DESKTOP/BlogDetailPageELAN.spec:107)
  - &quot;BLTagAboveComment&quot; is absent on page (/specs/Sprint2/Elan/DESKTOP/BlogDetailPageELAN.spec:108)
  - &quot;BDshowcommentsPage&quot; is absent on page (/specs/Sprint2/Elan/DESKTOP/BlogDetailPageELAN.spec:112)
  - &quot;BDshowcommentsPage&quot; is absent on page (/specs/Sprint2/Elan/DESKTOP/BlogDetailPageELAN.spec:113)
  - &quot;BDshowcommentsPage&quot; is absent on page (/specs/Sprint2/Elan/DESKTOP/BlogDetailPageELAN.spec:114)
  - &quot;BDshowcommentsPage&quot; is absent on page (/specs/Sprint2/Elan/DESKTOP/BlogDetailPageELAN.spec:115)
  - &quot;BDshowcommentsPage&quot; is absent on page (/specs/Sprint2/Elan/DESKTOP/BlogDetailPageELAN.spec:116)
  - &quot;BDshowcommentsPage&quot; is absent on page (/specs/Sprint2/Elan/DESKTOP/BlogDetailPageELAN.spec:117)
  - &quot;BDshowcommentsPage&quot; is absent on page (/specs/Sprint2/Elan/DESKTOP/BlogDetailPageELAN.spec:118)
">
      <![CDATA[com.galenframework.support.LayoutValidationException: /specs/Sprint2/Elan/DESKTOP/BlogDetailPageELAN.spec, tags: [Desktop]
  - "BlogDetailHEadline" is absent on page (/specs/Sprint2/Elan/DESKTOP/BlogDetailPageELAN.spec:25)
  - "BlogDetailHEadline" is absent on page (/specs/Sprint2/Elan/DESKTOP/BlogDetailPageELAN.spec:26)
  - "BlogDetailHEadline" is absent on page (/specs/Sprint2/Elan/DESKTOP/BlogDetailPageELAN.spec:27)
  - "BlogDetailHEadline" is absent on page (/specs/Sprint2/Elan/DESKTOP/BlogDetailPageELAN.spec:28)
  - "BlogDeatilSubHeadline" is absent on page (/specs/Sprint2/Elan/DESKTOP/BlogDetailPageELAN.spec:32)
  - "BlogDeatilSubHeadline" is absent on page (/specs/Sprint2/Elan/DESKTOP/BlogDetailPageELAN.spec:33)
  - "BlogDeatilSubHeadline" is absent on page (/specs/Sprint2/Elan/DESKTOP/BlogDetailPageELAN.spec:34)
  - "BlogDeatilSubHeadline" is absent on page (/specs/Sprint2/Elan/DESKTOP/BlogDetailPageELAN.spec:35)
  - "BlogDetailPostedBy" is absent on page (/specs/Sprint2/Elan/DESKTOP/BlogDetailPageELAN.spec:39)
  - "BlogDetailPostedBy" is absent on page (/specs/Sprint2/Elan/DESKTOP/BlogDetailPageELAN.spec:40)
  - "BlogDetailPostedBy" is absent on page (/specs/Sprint2/Elan/DESKTOP/BlogDetailPageELAN.spec:41)
  - "BlogDetailPostedBy" is absent on page (/specs/Sprint2/Elan/DESKTOP/BlogDetailPageELAN.spec:42)
  - "BlogDetailCommentTitle" css property "font-family" is ""roboto"" but should be "roboto-bold" (/specs/Sprint2/Elan/DESKTOP/BlogDetailPageELAN.spec:48)
  - "BlogDetailPostNewComntBtn" css property "font-family" is ""roboto-medium"" but should be "roboto-bold" (/specs/Sprint2/Elan/DESKTOP/BlogDetailPageELAN.spec:55)
  - "BlogDetailPostNewComntBtn" css property "line-height" is "18px" but should be "16px" (/specs/Sprint2/Elan/DESKTOP/BlogDetailPageELAN.spec:56)
  - "BlogDetailPostNewComntBtn" width is 198px instead of 218px (/specs/Sprint2/Elan/DESKTOP/BlogDetailPageELAN.spec:58)
  - "BLCommentByName" is absent on page (/specs/Sprint2/Elan/DESKTOP/BlogDetailPageELAN.spec:63)
  - "BLCommentByName" is absent on page (/specs/Sprint2/Elan/DESKTOP/BlogDetailPageELAN.spec:64)
  - "BLCommentByName" is absent on page (/specs/Sprint2/Elan/DESKTOP/BlogDetailPageELAN.spec:65)
  - "BLCommentByName" is absent on page (/specs/Sprint2/Elan/DESKTOP/BlogDetailPageELAN.spec:66)
  - "BLCommentText" is absent on page (/specs/Sprint2/Elan/DESKTOP/BlogDetailPageELAN.spec:70)
  - "BLCommentText" is absent on page (/specs/Sprint2/Elan/DESKTOP/BlogDetailPageELAN.spec:71)
  - "BLCommentText" is absent on page (/specs/Sprint2/Elan/DESKTOP/BlogDetailPageELAN.spec:72)
  - "BLCommentText" is absent on page (/specs/Sprint2/Elan/DESKTOP/BlogDetailPageELAN.spec:73)
  - "BLCommentReplyBtn" is absent on page (/specs/Sprint2/Elan/DESKTOP/BlogDetailPageELAN.spec:77)
  - "BLCommentReplyBtn" is absent on page (/specs/Sprint2/Elan/DESKTOP/BlogDetailPageELAN.spec:78)
  - "BLCommentReplyBtn" is absent on page (/specs/Sprint2/Elan/DESKTOP/BlogDetailPageELAN.spec:79)
  - "BLCommentReplyBtn" is absent on page (/specs/Sprint2/Elan/DESKTOP/BlogDetailPageELAN.spec:80)
  - "BLCommentShowReplyIcon" is absent on page (/specs/Sprint2/Elan/DESKTOP/BlogDetailPageELAN.spec:84)
  - "BLCommentShowReplyIcon" is absent on page (/specs/Sprint2/Elan/DESKTOP/BlogDetailPageELAN.spec:85)
  - "BLCommentShowReplyIcon" is absent on page (/specs/Sprint2/Elan/DESKTOP/BlogDetailPageELAN.spec:86)
  - "BLCommentShowReplyElemnt" is absent on page (/specs/Sprint2/Elan/DESKTOP/BlogDetailPageELAN.spec:90)
  - "BLCommentShowReplyElemnt" is absent on page (/specs/Sprint2/Elan/DESKTOP/BlogDetailPageELAN.spec:91)
  - "BLCommentShowReplyElemnt" is absent on page (/specs/Sprint2/Elan/DESKTOP/BlogDetailPageELAN.spec:92)
  - "BLCommentShowReplyElemnt" is absent on page (/specs/Sprint2/Elan/DESKTOP/BlogDetailPageELAN.spec:93)
  - "BLDetailPageBlogText" css property "font-family" is ""roboto"" but should be "roboto" (/specs/Sprint2/Elan/DESKTOP/BlogDetailPageELAN.spec:100)
  - "BLDetailPageBlogText" css property "line-height" is "31px" but should be "30px" (/specs/Sprint2/Elan/DESKTOP/BlogDetailPageELAN.spec:101)
  - "BLTagAboveComment" is absent on page (/specs/Sprint2/Elan/DESKTOP/BlogDetailPageELAN.spec:105)
  - "BLTagAboveComment" is absent on page (/specs/Sprint2/Elan/DESKTOP/BlogDetailPageELAN.spec:106)
  - "BLTagAboveComment" is absent on page (/specs/Sprint2/Elan/DESKTOP/BlogDetailPageELAN.spec:107)
  - "BLTagAboveComment" is absent on page (/specs/Sprint2/Elan/DESKTOP/BlogDetailPageELAN.spec:108)
  - "BDshowcommentsPage" is absent on page (/specs/Sprint2/Elan/DESKTOP/BlogDetailPageELAN.spec:112)
  - "BDshowcommentsPage" is absent on page (/specs/Sprint2/Elan/DESKTOP/BlogDetailPageELAN.spec:113)
  - "BDshowcommentsPage" is absent on page (/specs/Sprint2/Elan/DESKTOP/BlogDetailPageELAN.spec:114)
  - "BDshowcommentsPage" is absent on page (/specs/Sprint2/Elan/DESKTOP/BlogDetailPageELAN.spec:115)
  - "BDshowcommentsPage" is absent on page (/specs/Sprint2/Elan/DESKTOP/BlogDetailPageELAN.spec:116)
  - "BDshowcommentsPage" is absent on page (/specs/Sprint2/Elan/DESKTOP/BlogDetailPageELAN.spec:117)
  - "BDshowcommentsPage" is absent on page (/specs/Sprint2/Elan/DESKTOP/BlogDetailPageELAN.spec:118)

	at com.galenframework.support.GalenJavaTestBase.checkLayout(GalenJavaTestBase.java:129)
	at com.galenframework.support.GalenJavaTestBase.checkLayout(GalenJavaTestBase.java:111)
	at com.galenframework.java.USB.testelan.BlogDetailVerification.verify_elanFontBlogDetailPage(BlogDetailVerification.java:21)
	at sun.reflect.NativeMethodAccessorImpl.invoke0(Native Method)
	at sun.reflect.NativeMethodAccessorImpl.invoke(NativeMethodAccessorImpl.java:62)
	at sun.reflect.DelegatingMethodAccessorImpl.invoke(DelegatingMethodAccessorImpl.java:43)
	at java.lang.reflect.Method.invoke(Method.java:498)
	at org.testng.internal.MethodInvocationHelper.invokeMethod(MethodInvocationHelper.java:80)
	at org.testng.internal.Invoker.invokeMethod(Invoker.java:715)
	at org.testng.internal.Invoker.invokeTestMethod(Invoker.java:907)
	at org.testng.internal.Invoker.invokeTestMethods(Invoker.java:1237)
	at org.testng.internal.TestMethodWorker.invokeTestMethods(TestMethodWorker.java:127)
	at org.testng.internal.TestMethodWorker.run(TestMethodWorker.java:111)
	at org.testng.TestRunner.privateRun(TestRunner.java:767)
	at org.testng.TestRunner.run(TestRunner.java:617)
	at org.testng.SuiteRunner.runTest(SuiteRunner.java:334)
	at org.testng.SuiteRunner.runSequentially(SuiteRunner.java:329)
	at org.testng.SuiteRunner.privateRun(SuiteRunner.java:291)
	at org.testng.SuiteRunner.run(SuiteRunner.java:240)
	at org.testng.SuiteRunnerWorker.runSuite(SuiteRunnerWorker.java:51)
	at org.testng.SuiteRunnerWorker.run(SuiteRunnerWorker.java:85)
	at org.testng.TestNG.runSuitesSequentially(TestNG.java:1197)
	at org.testng.TestNG.runSuitesLocally(TestNG.java:1122)
	at org.testng.TestNG.run(TestNG.java:1030)
	at org.testng.remote.AbstractRemoteTestNG.run(AbstractRemoteTestNG.java:132)
	at org.testng.remote.RemoteTestNG.initAndRun(RemoteTestNG.java:230)
	at org.testng.remote.RemoteTestNG.main(RemoteTestNG.java:76)
]]>
    </failure>
  </testcase> <!-- verify_elanFontBlogDetailPage -->
</testsuite> <!-- com.galenframework.java.USB.testelan.BlogDetailVerification -->
