<?xml version="1.0" encoding="UTF-8"?>
<!-- Generated by org.testng.reporters.JUnitReportReporter -->
<testsuite hostname="delsban3586781" name="com.galenframework.java.USB.tests.SingleVerification$BlogListingVerification" tests="15" failures="15" timestamp="26 Aug 2017 11:08:12 GMT" time="643.391" errors="0">
  <testcase name="verify_SUPERFontBlogListiingPage" time="42.106" classname="com.galenframework.java.USB.tests.SingleVerification$BlogListingVerification">
    <failure type="com.galenframework.support.LayoutValidationException" message="/specs/Sprint2/SUPER/DESKTOP/BlogListingSUPER.spec, tags: [Mobile]
  - &quot;BlogListingHeadline&quot; css property &quot;font-family&quot; is &quot;&quot;roboto-bold&quot;&quot; but should be &quot;roboto-bold&quot; (/specs/Sprint2/SUPER/DESKTOP/BlogListingSUPER.spec:107)
  - &quot;BlogListingHeadline&quot; css property &quot;line-height&quot; is &quot;27px&quot; but should be &quot;39px&quot; (/specs/Sprint2/SUPER/DESKTOP/BlogListingSUPER.spec:108)
  - &quot;BLDropDownlabel&quot; css property &quot;font-family&quot; is &quot;&quot;roboto-bold&quot;&quot; but should be &quot;roboto-bold&quot; (/specs/Sprint2/SUPER/DESKTOP/BlogListingSUPER.spec:113)
  - &quot;BlogListingTitle1&quot; css property &quot;font-family&quot; is &quot;&quot;roboto-bold&quot;&quot; but should be &quot;roboto-bold&quot; (/specs/Sprint2/SUPER/DESKTOP/BlogListingSUPER.spec:119)
  - &quot;BlogListingSummary1&quot; css property &quot;font-family&quot; is &quot;&quot;roboto-light&quot;&quot; but should be &quot;roboto-light&quot; (/specs/Sprint2/SUPER/DESKTOP/BlogListingSUPER.spec:125)
  - &quot;BlogListingPostingDate&quot; css property &quot;font-family&quot; is &quot;&quot;roboto-bold&quot;&quot; but should be &quot;roboto-bold&quot; (/specs/Sprint2/SUPER/DESKTOP/BlogListingSUPER.spec:131)
  - &quot;BlogListingPostingDate&quot; css property &quot;line-height&quot; is &quot;18px&quot; but should be &quot;32px&quot; (/specs/Sprint2/SUPER/DESKTOP/BlogListingSUPER.spec:132)
  - &quot;DropDownSelect&quot; css property &quot;font-family&quot; is &quot;&quot;roboto-bold&quot;&quot; but should be &quot;roboto-bold&quot; (/specs/Sprint2/SUPER/DESKTOP/BlogListingSUPER.spec:137)
  - &quot;DropDownSelectICON&quot; width is 20.00px instead of 7.12px (/specs/Sprint2/SUPER/DESKTOP/BlogListingSUPER.spec:142)
  - &quot;DropDownSelectICON&quot; height is 15.00px instead of 3.56px (/specs/Sprint2/SUPER/DESKTOP/BlogListingSUPER.spec:143)
">
      <![CDATA[com.galenframework.support.LayoutValidationException: /specs/Sprint2/SUPER/DESKTOP/BlogListingSUPER.spec, tags: [Mobile]
  - "BlogListingHeadline" css property "font-family" is ""roboto-bold"" but should be "roboto-bold" (/specs/Sprint2/SUPER/DESKTOP/BlogListingSUPER.spec:107)
  - "BlogListingHeadline" css property "line-height" is "27px" but should be "39px" (/specs/Sprint2/SUPER/DESKTOP/BlogListingSUPER.spec:108)
  - "BLDropDownlabel" css property "font-family" is ""roboto-bold"" but should be "roboto-bold" (/specs/Sprint2/SUPER/DESKTOP/BlogListingSUPER.spec:113)
  - "BlogListingTitle1" css property "font-family" is ""roboto-bold"" but should be "roboto-bold" (/specs/Sprint2/SUPER/DESKTOP/BlogListingSUPER.spec:119)
  - "BlogListingSummary1" css property "font-family" is ""roboto-light"" but should be "roboto-light" (/specs/Sprint2/SUPER/DESKTOP/BlogListingSUPER.spec:125)
  - "BlogListingPostingDate" css property "font-family" is ""roboto-bold"" but should be "roboto-bold" (/specs/Sprint2/SUPER/DESKTOP/BlogListingSUPER.spec:131)
  - "BlogListingPostingDate" css property "line-height" is "18px" but should be "32px" (/specs/Sprint2/SUPER/DESKTOP/BlogListingSUPER.spec:132)
  - "DropDownSelect" css property "font-family" is ""roboto-bold"" but should be "roboto-bold" (/specs/Sprint2/SUPER/DESKTOP/BlogListingSUPER.spec:137)
  - "DropDownSelectICON" width is 20.00px instead of 7.12px (/specs/Sprint2/SUPER/DESKTOP/BlogListingSUPER.spec:142)
  - "DropDownSelectICON" height is 15.00px instead of 3.56px (/specs/Sprint2/SUPER/DESKTOP/BlogListingSUPER.spec:143)

	at com.galenframework.support.GalenJavaTestBase.checkLayout(GalenJavaTestBase.java:129)
	at com.galenframework.support.GalenJavaTestBase.checkLayout(GalenJavaTestBase.java:111)
	at com.galenframework.java.USB.tests.SingleVerification$BlogListingVerification.verify_SUPERFontBlogListiingPage(SingleVerification.java:140)
	at sun.reflect.NativeMethodAccessorImpl.invoke0(Native Method)
	at sun.reflect.NativeMethodAccessorImpl.invoke(NativeMethodAccessorImpl.java:62)
	at sun.reflect.DelegatingMethodAccessorImpl.invoke(DelegatingMethodAccessorImpl.java:43)
	at java.lang.reflect.Method.invoke(Method.java:498)
	at org.testng.internal.MethodInvocationHelper.invokeMethod(MethodInvocationHelper.java:80)
	at org.testng.internal.Invoker.invokeMethod(Invoker.java:715)
	at org.testng.internal.Invoker.invokeTestMethod(Invoker.java:907)
	at org.testng.internal.Invoker.invokeTestMethods(Invoker.java:1237)
	at org.testng.internal.TestMethodWorker.invokeTestMethods(TestMethodWorker.java:127)
	at org.testng.internal.TestMethodWorker.run(TestMethodWorker.java:111)
	at org.testng.TestRunner.privateRun(TestRunner.java:767)
	at org.testng.TestRunner.run(TestRunner.java:617)
	at org.testng.SuiteRunner.runTest(SuiteRunner.java:334)
	at org.testng.SuiteRunner.runSequentially(SuiteRunner.java:329)
	at org.testng.SuiteRunner.privateRun(SuiteRunner.java:291)
	at org.testng.SuiteRunner.run(SuiteRunner.java:240)
	at org.testng.SuiteRunnerWorker.runSuite(SuiteRunnerWorker.java:51)
	at org.testng.SuiteRunnerWorker.run(SuiteRunnerWorker.java:85)
	at org.testng.TestNG.runSuitesSequentially(TestNG.java:1197)
	at org.testng.TestNG.runSuitesLocally(TestNG.java:1122)
	at org.testng.TestNG.run(TestNG.java:1030)
	at org.testng.remote.AbstractRemoteTestNG.run(AbstractRemoteTestNG.java:132)
	at org.testng.remote.RemoteTestNG.initAndRun(RemoteTestNG.java:230)
	at org.testng.remote.RemoteTestNG.main(RemoteTestNG.java:76)
]]>
    </failure>
  </testcase> <!-- verify_SUPERFontBlogListiingPage -->
  <testcase name="verify_FSVFontBlogListiingPage" time="59.627" classname="com.galenframework.java.USB.tests.SingleVerification$BlogListingVerification">
    <failure type="com.galenframework.support.LayoutValidationException" message="/specs/Sprint2/FSV/DESKTOP/BlogListingFSV.spec, tags: [Mobile]
  - &quot;BlogListingHeadline&quot; is absent on page (/specs/Sprint2/FSV/DESKTOP/BlogListingFSV.spec:122)
  - &quot;BlogListingHeadline&quot; is absent on page (/specs/Sprint2/FSV/DESKTOP/BlogListingFSV.spec:123)
  - &quot;BlogListingHeadline&quot; is absent on page (/specs/Sprint2/FSV/DESKTOP/BlogListingFSV.spec:124)
  - &quot;BlogListingHeadline&quot; is absent on page (/specs/Sprint2/FSV/DESKTOP/BlogListingFSV.spec:125)
  - &quot;BLDropDownlabel&quot; is absent on page (/specs/Sprint2/FSV/DESKTOP/BlogListingFSV.spec:128)
  - &quot;BLDropDownlabel&quot; is absent on page (/specs/Sprint2/FSV/DESKTOP/BlogListingFSV.spec:129)
  - &quot;BLDropDownlabel&quot; is absent on page (/specs/Sprint2/FSV/DESKTOP/BlogListingFSV.spec:130)
  - &quot;BLDropDownlabel&quot; is absent on page (/specs/Sprint2/FSV/DESKTOP/BlogListingFSV.spec:131)
  - &quot;BlogListingTitle1&quot; css property &quot;font-family&quot; is &quot;&quot;roboto-bold&quot;&quot; but should be &quot;roboto-bold&quot; (/specs/Sprint2/FSV/DESKTOP/BlogListingFSV.spec:138)
  - &quot;BlogListingSummary1&quot; css property &quot;font-family&quot; is &quot;&quot;roboto-light&quot;&quot; but should be &quot;roboto-light&quot; (/specs/Sprint2/FSV/DESKTOP/BlogListingFSV.spec:145)
  - &quot;BlogListingPostingDate&quot; css property &quot;font-family&quot; is &quot;&quot;roboto-bold&quot;&quot; but should be &quot;roboto-bold&quot; (/specs/Sprint2/FSV/DESKTOP/BlogListingFSV.spec:153)
  - &quot;BlogListingPostingDate&quot; css property &quot;line-height&quot; is &quot;18px&quot; but should be &quot;32px&quot; (/specs/Sprint2/FSV/DESKTOP/BlogListingFSV.spec:154)
  - &quot;DropDownSelect&quot; is absent on page (/specs/Sprint2/FSV/DESKTOP/BlogListingFSV.spec:158)
  - &quot;DropDownSelect&quot; is absent on page (/specs/Sprint2/FSV/DESKTOP/BlogListingFSV.spec:159)
  - &quot;DropDownSelect&quot; is absent on page (/specs/Sprint2/FSV/DESKTOP/BlogListingFSV.spec:160)
  - &quot;DropDownSelect&quot; is absent on page (/specs/Sprint2/FSV/DESKTOP/BlogListingFSV.spec:161)
  - &quot;DropDownSelectICON&quot; is absent on page (/specs/Sprint2/FSV/DESKTOP/BlogListingFSV.spec:165)
  - &quot;DropDownSelectICON&quot; is absent on page (/specs/Sprint2/FSV/DESKTOP/BlogListingFSV.spec:166)
  - &quot;DropDownSelectICON&quot; is absent on page (/specs/Sprint2/FSV/DESKTOP/BlogListingFSV.spec:167)
">
      <![CDATA[com.galenframework.support.LayoutValidationException: /specs/Sprint2/FSV/DESKTOP/BlogListingFSV.spec, tags: [Mobile]
  - "BlogListingHeadline" is absent on page (/specs/Sprint2/FSV/DESKTOP/BlogListingFSV.spec:122)
  - "BlogListingHeadline" is absent on page (/specs/Sprint2/FSV/DESKTOP/BlogListingFSV.spec:123)
  - "BlogListingHeadline" is absent on page (/specs/Sprint2/FSV/DESKTOP/BlogListingFSV.spec:124)
  - "BlogListingHeadline" is absent on page (/specs/Sprint2/FSV/DESKTOP/BlogListingFSV.spec:125)
  - "BLDropDownlabel" is absent on page (/specs/Sprint2/FSV/DESKTOP/BlogListingFSV.spec:128)
  - "BLDropDownlabel" is absent on page (/specs/Sprint2/FSV/DESKTOP/BlogListingFSV.spec:129)
  - "BLDropDownlabel" is absent on page (/specs/Sprint2/FSV/DESKTOP/BlogListingFSV.spec:130)
  - "BLDropDownlabel" is absent on page (/specs/Sprint2/FSV/DESKTOP/BlogListingFSV.spec:131)
  - "BlogListingTitle1" css property "font-family" is ""roboto-bold"" but should be "roboto-bold" (/specs/Sprint2/FSV/DESKTOP/BlogListingFSV.spec:138)
  - "BlogListingSummary1" css property "font-family" is ""roboto-light"" but should be "roboto-light" (/specs/Sprint2/FSV/DESKTOP/BlogListingFSV.spec:145)
  - "BlogListingPostingDate" css property "font-family" is ""roboto-bold"" but should be "roboto-bold" (/specs/Sprint2/FSV/DESKTOP/BlogListingFSV.spec:153)
  - "BlogListingPostingDate" css property "line-height" is "18px" but should be "32px" (/specs/Sprint2/FSV/DESKTOP/BlogListingFSV.spec:154)
  - "DropDownSelect" is absent on page (/specs/Sprint2/FSV/DESKTOP/BlogListingFSV.spec:158)
  - "DropDownSelect" is absent on page (/specs/Sprint2/FSV/DESKTOP/BlogListingFSV.spec:159)
  - "DropDownSelect" is absent on page (/specs/Sprint2/FSV/DESKTOP/BlogListingFSV.spec:160)
  - "DropDownSelect" is absent on page (/specs/Sprint2/FSV/DESKTOP/BlogListingFSV.spec:161)
  - "DropDownSelectICON" is absent on page (/specs/Sprint2/FSV/DESKTOP/BlogListingFSV.spec:165)
  - "DropDownSelectICON" is absent on page (/specs/Sprint2/FSV/DESKTOP/BlogListingFSV.spec:166)
  - "DropDownSelectICON" is absent on page (/specs/Sprint2/FSV/DESKTOP/BlogListingFSV.spec:167)

	at com.galenframework.support.GalenJavaTestBase.checkLayout(GalenJavaTestBase.java:129)
	at com.galenframework.support.GalenJavaTestBase.checkLayout(GalenJavaTestBase.java:111)
	at com.galenframework.java.USB.tests.SingleVerification$BlogListingVerification.verify_FSVFontBlogListiingPage(SingleVerification.java:114)
	at sun.reflect.NativeMethodAccessorImpl.invoke0(Native Method)
	at sun.reflect.NativeMethodAccessorImpl.invoke(NativeMethodAccessorImpl.java:62)
	at sun.reflect.DelegatingMethodAccessorImpl.invoke(DelegatingMethodAccessorImpl.java:43)
	at java.lang.reflect.Method.invoke(Method.java:498)
	at org.testng.internal.MethodInvocationHelper.invokeMethod(MethodInvocationHelper.java:80)
	at org.testng.internal.Invoker.invokeMethod(Invoker.java:715)
	at org.testng.internal.Invoker.invokeTestMethod(Invoker.java:907)
	at org.testng.internal.Invoker.invokeTestMethods(Invoker.java:1237)
	at org.testng.internal.TestMethodWorker.invokeTestMethods(TestMethodWorker.java:127)
	at org.testng.internal.TestMethodWorker.run(TestMethodWorker.java:111)
	at org.testng.TestRunner.privateRun(TestRunner.java:767)
	at org.testng.TestRunner.run(TestRunner.java:617)
	at org.testng.SuiteRunner.runTest(SuiteRunner.java:334)
	at org.testng.SuiteRunner.runSequentially(SuiteRunner.java:329)
	at org.testng.SuiteRunner.privateRun(SuiteRunner.java:291)
	at org.testng.SuiteRunner.run(SuiteRunner.java:240)
	at org.testng.SuiteRunnerWorker.runSuite(SuiteRunnerWorker.java:51)
	at org.testng.SuiteRunnerWorker.run(SuiteRunnerWorker.java:85)
	at org.testng.TestNG.runSuitesSequentially(TestNG.java:1197)
	at org.testng.TestNG.runSuitesLocally(TestNG.java:1122)
	at org.testng.TestNG.run(TestNG.java:1030)
	at org.testng.remote.AbstractRemoteTestNG.run(AbstractRemoteTestNG.java:132)
	at org.testng.remote.RemoteTestNG.initAndRun(RemoteTestNG.java:230)
	at org.testng.remote.RemoteTestNG.main(RemoteTestNG.java:76)
]]>
    </failure>
  </testcase> <!-- verify_FSVFontBlogListiingPage -->
  <testcase name="verify_SUPERFontBlogListiingPage" time="43.135" classname="com.galenframework.java.USB.tests.SingleVerification$BlogListingVerification">
    <failure type="com.galenframework.support.LayoutValidationException" message="/specs/Sprint2/SUPER/DESKTOP/BlogListingSUPER.spec, tags: [tablet]
  - &quot;BlogListingHeadline&quot; css property &quot;font-family&quot; is &quot;&quot;roboto-bold&quot;&quot; but should be &quot;roboto-bold&quot; (/specs/Sprint2/SUPER/DESKTOP/BlogListingSUPER.spec:64)
  - &quot;BlogListingHeadline&quot; css property &quot;line-height&quot; is &quot;60px&quot; but should be &quot;58px&quot; (/specs/Sprint2/SUPER/DESKTOP/BlogListingSUPER.spec:65)
  - &quot;BLDropDownlabel&quot; css property &quot;font-family&quot; is &quot;&quot;roboto-bold&quot;&quot; but should be &quot;roboto-bold&quot; (/specs/Sprint2/SUPER/DESKTOP/BlogListingSUPER.spec:70)
  - &quot;BlogListingTitle1&quot; css property &quot;font-family&quot; is &quot;&quot;roboto-bold&quot;&quot; but should be &quot;roboto-bold&quot; (/specs/Sprint2/SUPER/DESKTOP/BlogListingSUPER.spec:76)
  - &quot;BlogListingSummary1&quot; css property &quot;font-family&quot; is &quot;&quot;roboto-light&quot;&quot; but should be &quot;roboto-light&quot; (/specs/Sprint2/SUPER/DESKTOP/BlogListingSUPER.spec:83)
  - &quot;BlogListingPostingDate&quot; css property &quot;font-family&quot; is &quot;&quot;roboto-bold&quot;&quot; but should be &quot;roboto-bold&quot; (/specs/Sprint2/SUPER/DESKTOP/BlogListingSUPER.spec:89)
  - &quot;DropDownSelect&quot; css property &quot;font-family&quot; is &quot;&quot;roboto-bold&quot;&quot; but should be &quot;roboto-bold&quot; (/specs/Sprint2/SUPER/DESKTOP/BlogListingSUPER.spec:95)
  - &quot;DropDownSelectICON&quot; width is 20.00px instead of 7.12px (/specs/Sprint2/SUPER/DESKTOP/BlogListingSUPER.spec:100)
  - &quot;DropDownSelectICON&quot; height is 15.00px instead of 3.56px (/specs/Sprint2/SUPER/DESKTOP/BlogListingSUPER.spec:101)
">
      <![CDATA[com.galenframework.support.LayoutValidationException: /specs/Sprint2/SUPER/DESKTOP/BlogListingSUPER.spec, tags: [tablet]
  - "BlogListingHeadline" css property "font-family" is ""roboto-bold"" but should be "roboto-bold" (/specs/Sprint2/SUPER/DESKTOP/BlogListingSUPER.spec:64)
  - "BlogListingHeadline" css property "line-height" is "60px" but should be "58px" (/specs/Sprint2/SUPER/DESKTOP/BlogListingSUPER.spec:65)
  - "BLDropDownlabel" css property "font-family" is ""roboto-bold"" but should be "roboto-bold" (/specs/Sprint2/SUPER/DESKTOP/BlogListingSUPER.spec:70)
  - "BlogListingTitle1" css property "font-family" is ""roboto-bold"" but should be "roboto-bold" (/specs/Sprint2/SUPER/DESKTOP/BlogListingSUPER.spec:76)
  - "BlogListingSummary1" css property "font-family" is ""roboto-light"" but should be "roboto-light" (/specs/Sprint2/SUPER/DESKTOP/BlogListingSUPER.spec:83)
  - "BlogListingPostingDate" css property "font-family" is ""roboto-bold"" but should be "roboto-bold" (/specs/Sprint2/SUPER/DESKTOP/BlogListingSUPER.spec:89)
  - "DropDownSelect" css property "font-family" is ""roboto-bold"" but should be "roboto-bold" (/specs/Sprint2/SUPER/DESKTOP/BlogListingSUPER.spec:95)
  - "DropDownSelectICON" width is 20.00px instead of 7.12px (/specs/Sprint2/SUPER/DESKTOP/BlogListingSUPER.spec:100)
  - "DropDownSelectICON" height is 15.00px instead of 3.56px (/specs/Sprint2/SUPER/DESKTOP/BlogListingSUPER.spec:101)

	at com.galenframework.support.GalenJavaTestBase.checkLayout(GalenJavaTestBase.java:129)
	at com.galenframework.support.GalenJavaTestBase.checkLayout(GalenJavaTestBase.java:111)
	at com.galenframework.java.USB.tests.SingleVerification$BlogListingVerification.verify_SUPERFontBlogListiingPage(SingleVerification.java:140)
	at sun.reflect.NativeMethodAccessorImpl.invoke0(Native Method)
	at sun.reflect.NativeMethodAccessorImpl.invoke(NativeMethodAccessorImpl.java:62)
	at sun.reflect.DelegatingMethodAccessorImpl.invoke(DelegatingMethodAccessorImpl.java:43)
	at java.lang.reflect.Method.invoke(Method.java:498)
	at org.testng.internal.MethodInvocationHelper.invokeMethod(MethodInvocationHelper.java:80)
	at org.testng.internal.Invoker.invokeMethod(Invoker.java:715)
	at org.testng.internal.Invoker.invokeTestMethod(Invoker.java:907)
	at org.testng.internal.Invoker.invokeTestMethods(Invoker.java:1237)
	at org.testng.internal.TestMethodWorker.invokeTestMethods(TestMethodWorker.java:127)
	at org.testng.internal.TestMethodWorker.run(TestMethodWorker.java:111)
	at org.testng.TestRunner.privateRun(TestRunner.java:767)
	at org.testng.TestRunner.run(TestRunner.java:617)
	at org.testng.SuiteRunner.runTest(SuiteRunner.java:334)
	at org.testng.SuiteRunner.runSequentially(SuiteRunner.java:329)
	at org.testng.SuiteRunner.privateRun(SuiteRunner.java:291)
	at org.testng.SuiteRunner.run(SuiteRunner.java:240)
	at org.testng.SuiteRunnerWorker.runSuite(SuiteRunnerWorker.java:51)
	at org.testng.SuiteRunnerWorker.run(SuiteRunnerWorker.java:85)
	at org.testng.TestNG.runSuitesSequentially(TestNG.java:1197)
	at org.testng.TestNG.runSuitesLocally(TestNG.java:1122)
	at org.testng.TestNG.run(TestNG.java:1030)
	at org.testng.remote.AbstractRemoteTestNG.run(AbstractRemoteTestNG.java:132)
	at org.testng.remote.RemoteTestNG.initAndRun(RemoteTestNG.java:230)
	at org.testng.remote.RemoteTestNG.main(RemoteTestNG.java:76)
]]>
    </failure>
  </testcase> <!-- verify_SUPERFontBlogListiingPage -->
  <testcase name="verify_elavonFontBlogListiingPage" time="39.305" classname="com.galenframework.java.USB.tests.SingleVerification$BlogListingVerification">
    <failure type="com.galenframework.support.LayoutValidationException" message="/specs/Sprint2/Elavon/DESKTOP/BlogListingELAVON.spec, tags: [Desktop]
  - &quot;BlogListingHeadline&quot; css property &quot;font-family&quot; is &quot;&quot;roboto-bold&quot;&quot; but should be &quot;roboto-bold&quot; (/specs/Sprint2/Elavon/DESKTOP/BlogListingELAVON.spec:19)
  - &quot;BlogListingHeadline&quot; css property &quot;line-height&quot; is &quot;60px&quot; but should be &quot;58px&quot; (/specs/Sprint2/Elavon/DESKTOP/BlogListingELAVON.spec:20)
  - &quot;BLDropDownlabel&quot; css property &quot;font-family&quot; is &quot;&quot;roboto-bold&quot;&quot; but should be &quot;roboto-bold&quot; (/specs/Sprint2/Elavon/DESKTOP/BlogListingELAVON.spec:26)
  - &quot;BlogListingTitle1&quot; css property &quot;font-family&quot; is &quot;&quot;roboto-bold&quot;&quot; but should be &quot;roboto-bold&quot; (/specs/Sprint2/Elavon/DESKTOP/BlogListingELAVON.spec:34)
  - &quot;BlogListingSummary1&quot; css property &quot;font-family&quot; is &quot;&quot;roboto-light&quot;&quot; but should be &quot;roboto-light&quot; (/specs/Sprint2/Elavon/DESKTOP/BlogListingELAVON.spec:42)
  - &quot;BlogListingPostingDate&quot; css property &quot;font-family&quot; is &quot;&quot;roboto-bold&quot;&quot; but should be &quot;roboto-bold&quot; (/specs/Sprint2/Elavon/DESKTOP/BlogListingELAVON.spec:50)
  - &quot;DropDownSelect&quot; css property &quot;font-family&quot; is &quot;&quot;roboto-bold&quot;&quot; but should be &quot;roboto-bold&quot; (/specs/Sprint2/Elavon/DESKTOP/BlogListingELAVON.spec:58)
  - &quot;DropDownSelectICON&quot; width is 20.00px instead of 7.12px (/specs/Sprint2/Elavon/DESKTOP/BlogListingELAVON.spec:64)
  - &quot;DropDownSelectICON&quot; height is 15.00px instead of 3.56px (/specs/Sprint2/Elavon/DESKTOP/BlogListingELAVON.spec:65)
">
      <![CDATA[com.galenframework.support.LayoutValidationException: /specs/Sprint2/Elavon/DESKTOP/BlogListingELAVON.spec, tags: [Desktop]
  - "BlogListingHeadline" css property "font-family" is ""roboto-bold"" but should be "roboto-bold" (/specs/Sprint2/Elavon/DESKTOP/BlogListingELAVON.spec:19)
  - "BlogListingHeadline" css property "line-height" is "60px" but should be "58px" (/specs/Sprint2/Elavon/DESKTOP/BlogListingELAVON.spec:20)
  - "BLDropDownlabel" css property "font-family" is ""roboto-bold"" but should be "roboto-bold" (/specs/Sprint2/Elavon/DESKTOP/BlogListingELAVON.spec:26)
  - "BlogListingTitle1" css property "font-family" is ""roboto-bold"" but should be "roboto-bold" (/specs/Sprint2/Elavon/DESKTOP/BlogListingELAVON.spec:34)
  - "BlogListingSummary1" css property "font-family" is ""roboto-light"" but should be "roboto-light" (/specs/Sprint2/Elavon/DESKTOP/BlogListingELAVON.spec:42)
  - "BlogListingPostingDate" css property "font-family" is ""roboto-bold"" but should be "roboto-bold" (/specs/Sprint2/Elavon/DESKTOP/BlogListingELAVON.spec:50)
  - "DropDownSelect" css property "font-family" is ""roboto-bold"" but should be "roboto-bold" (/specs/Sprint2/Elavon/DESKTOP/BlogListingELAVON.spec:58)
  - "DropDownSelectICON" width is 20.00px instead of 7.12px (/specs/Sprint2/Elavon/DESKTOP/BlogListingELAVON.spec:64)
  - "DropDownSelectICON" height is 15.00px instead of 3.56px (/specs/Sprint2/Elavon/DESKTOP/BlogListingELAVON.spec:65)

	at com.galenframework.support.GalenJavaTestBase.checkLayout(GalenJavaTestBase.java:129)
	at com.galenframework.support.GalenJavaTestBase.checkLayout(GalenJavaTestBase.java:111)
	at com.galenframework.java.USB.tests.SingleVerification$BlogListingVerification.verify_elavonFontBlogListiingPage(SingleVerification.java:102)
	at sun.reflect.NativeMethodAccessorImpl.invoke0(Native Method)
	at sun.reflect.NativeMethodAccessorImpl.invoke(NativeMethodAccessorImpl.java:62)
	at sun.reflect.DelegatingMethodAccessorImpl.invoke(DelegatingMethodAccessorImpl.java:43)
	at java.lang.reflect.Method.invoke(Method.java:498)
	at org.testng.internal.MethodInvocationHelper.invokeMethod(MethodInvocationHelper.java:80)
	at org.testng.internal.Invoker.invokeMethod(Invoker.java:715)
	at org.testng.internal.Invoker.invokeTestMethod(Invoker.java:907)
	at org.testng.internal.Invoker.invokeTestMethods(Invoker.java:1237)
	at org.testng.internal.TestMethodWorker.invokeTestMethods(TestMethodWorker.java:127)
	at org.testng.internal.TestMethodWorker.run(TestMethodWorker.java:111)
	at org.testng.TestRunner.privateRun(TestRunner.java:767)
	at org.testng.TestRunner.run(TestRunner.java:617)
	at org.testng.SuiteRunner.runTest(SuiteRunner.java:334)
	at org.testng.SuiteRunner.runSequentially(SuiteRunner.java:329)
	at org.testng.SuiteRunner.privateRun(SuiteRunner.java:291)
	at org.testng.SuiteRunner.run(SuiteRunner.java:240)
	at org.testng.SuiteRunnerWorker.runSuite(SuiteRunnerWorker.java:51)
	at org.testng.SuiteRunnerWorker.run(SuiteRunnerWorker.java:85)
	at org.testng.TestNG.runSuitesSequentially(TestNG.java:1197)
	at org.testng.TestNG.runSuitesLocally(TestNG.java:1122)
	at org.testng.TestNG.run(TestNG.java:1030)
	at org.testng.remote.AbstractRemoteTestNG.run(AbstractRemoteTestNG.java:132)
	at org.testng.remote.RemoteTestNG.initAndRun(RemoteTestNG.java:230)
	at org.testng.remote.RemoteTestNG.main(RemoteTestNG.java:76)
]]>
    </failure>
  </testcase> <!-- verify_elavonFontBlogListiingPage -->
  <testcase name="verify_USBFontBlogListiingPage" time="39.602" classname="com.galenframework.java.USB.tests.SingleVerification$BlogListingVerification">
    <failure type="com.galenframework.support.LayoutValidationException" message="/specs/Sprint2/USB/DESKTOP/BlogListingUSB.spec, tags: [Desktop]
  - &quot;BlogListingHeadline&quot; css property &quot;font-family&quot; is &quot;&quot;roboto-bold&quot;&quot; but should be &quot;roboto-bold&quot; (/specs/Sprint2/USB/DESKTOP/BlogListingUSB.spec:18)
  - &quot;BlogListingHeadline&quot; css property &quot;line-height&quot; is &quot;60px&quot; but should be &quot;58px&quot; (/specs/Sprint2/USB/DESKTOP/BlogListingUSB.spec:19)
  - &quot;BLDropDownlabel&quot; css property &quot;font-family&quot; is &quot;&quot;roboto-bold&quot;&quot; but should be &quot;roboto-bold&quot; (/specs/Sprint2/USB/DESKTOP/BlogListingUSB.spec:25)
  - &quot;BlogListingTitle1&quot; css property &quot;font-family&quot; is &quot;&quot;roboto-bold&quot;&quot; but should be &quot;roboto-bold&quot; (/specs/Sprint2/USB/DESKTOP/BlogListingUSB.spec:31)
  - &quot;BlogListingSummary1&quot; css property &quot;font-family&quot; is &quot;&quot;roboto-light&quot;&quot; but should be &quot;roboto-light&quot; (/specs/Sprint2/USB/DESKTOP/BlogListingUSB.spec:38)
  - &quot;BlogListingPostingDate&quot; css property &quot;font-family&quot; is &quot;&quot;roboto-bold&quot;&quot; but should be &quot;roboto-bold&quot; (/specs/Sprint2/USB/DESKTOP/BlogListingUSB.spec:44)
  - &quot;DropDownSelect&quot; css property &quot;font-family&quot; is &quot;&quot;roboto-bold&quot;&quot; but should be &quot;roboto-bold&quot; (/specs/Sprint2/USB/DESKTOP/BlogListingUSB.spec:50)
  - &quot;DropDownSelectICON&quot; width is 20.00px instead of 7.12px (/specs/Sprint2/USB/DESKTOP/BlogListingUSB.spec:55)
  - &quot;DropDownSelectICON&quot; height is 15.00px instead of 3.56px (/specs/Sprint2/USB/DESKTOP/BlogListingUSB.spec:56)
">
      <![CDATA[com.galenframework.support.LayoutValidationException: /specs/Sprint2/USB/DESKTOP/BlogListingUSB.spec, tags: [Desktop]
  - "BlogListingHeadline" css property "font-family" is ""roboto-bold"" but should be "roboto-bold" (/specs/Sprint2/USB/DESKTOP/BlogListingUSB.spec:18)
  - "BlogListingHeadline" css property "line-height" is "60px" but should be "58px" (/specs/Sprint2/USB/DESKTOP/BlogListingUSB.spec:19)
  - "BLDropDownlabel" css property "font-family" is ""roboto-bold"" but should be "roboto-bold" (/specs/Sprint2/USB/DESKTOP/BlogListingUSB.spec:25)
  - "BlogListingTitle1" css property "font-family" is ""roboto-bold"" but should be "roboto-bold" (/specs/Sprint2/USB/DESKTOP/BlogListingUSB.spec:31)
  - "BlogListingSummary1" css property "font-family" is ""roboto-light"" but should be "roboto-light" (/specs/Sprint2/USB/DESKTOP/BlogListingUSB.spec:38)
  - "BlogListingPostingDate" css property "font-family" is ""roboto-bold"" but should be "roboto-bold" (/specs/Sprint2/USB/DESKTOP/BlogListingUSB.spec:44)
  - "DropDownSelect" css property "font-family" is ""roboto-bold"" but should be "roboto-bold" (/specs/Sprint2/USB/DESKTOP/BlogListingUSB.spec:50)
  - "DropDownSelectICON" width is 20.00px instead of 7.12px (/specs/Sprint2/USB/DESKTOP/BlogListingUSB.spec:55)
  - "DropDownSelectICON" height is 15.00px instead of 3.56px (/specs/Sprint2/USB/DESKTOP/BlogListingUSB.spec:56)

	at com.galenframework.support.GalenJavaTestBase.checkLayout(GalenJavaTestBase.java:129)
	at com.galenframework.support.GalenJavaTestBase.checkLayout(GalenJavaTestBase.java:111)
	at com.galenframework.java.USB.tests.SingleVerification$BlogListingVerification.verify_USBFontBlogListiingPage(SingleVerification.java:128)
	at sun.reflect.NativeMethodAccessorImpl.invoke0(Native Method)
	at sun.reflect.NativeMethodAccessorImpl.invoke(NativeMethodAccessorImpl.java:62)
	at sun.reflect.DelegatingMethodAccessorImpl.invoke(DelegatingMethodAccessorImpl.java:43)
	at java.lang.reflect.Method.invoke(Method.java:498)
	at org.testng.internal.MethodInvocationHelper.invokeMethod(MethodInvocationHelper.java:80)
	at org.testng.internal.Invoker.invokeMethod(Invoker.java:715)
	at org.testng.internal.Invoker.invokeTestMethod(Invoker.java:907)
	at org.testng.internal.Invoker.invokeTestMethods(Invoker.java:1237)
	at org.testng.internal.TestMethodWorker.invokeTestMethods(TestMethodWorker.java:127)
	at org.testng.internal.TestMethodWorker.run(TestMethodWorker.java:111)
	at org.testng.TestRunner.privateRun(TestRunner.java:767)
	at org.testng.TestRunner.run(TestRunner.java:617)
	at org.testng.SuiteRunner.runTest(SuiteRunner.java:334)
	at org.testng.SuiteRunner.runSequentially(SuiteRunner.java:329)
	at org.testng.SuiteRunner.privateRun(SuiteRunner.java:291)
	at org.testng.SuiteRunner.run(SuiteRunner.java:240)
	at org.testng.SuiteRunnerWorker.runSuite(SuiteRunnerWorker.java:51)
	at org.testng.SuiteRunnerWorker.run(SuiteRunnerWorker.java:85)
	at org.testng.TestNG.runSuitesSequentially(TestNG.java:1197)
	at org.testng.TestNG.runSuitesLocally(TestNG.java:1122)
	at org.testng.TestNG.run(TestNG.java:1030)
	at org.testng.remote.AbstractRemoteTestNG.run(AbstractRemoteTestNG.java:132)
	at org.testng.remote.RemoteTestNG.initAndRun(RemoteTestNG.java:230)
	at org.testng.remote.RemoteTestNG.main(RemoteTestNG.java:76)
]]>
    </failure>
  </testcase> <!-- verify_USBFontBlogListiingPage -->
  <testcase name="verify_SUPERFontBlogListiingPage" time="42.366" classname="com.galenframework.java.USB.tests.SingleVerification$BlogListingVerification">
    <failure type="com.galenframework.support.LayoutValidationException" message="/specs/Sprint2/SUPER/DESKTOP/BlogListingSUPER.spec, tags: [Desktop]
  - &quot;BlogListingHeadline&quot; css property &quot;font-family&quot; is &quot;&quot;roboto-bold&quot;&quot; but should be &quot;roboto-bold&quot; (/specs/Sprint2/SUPER/DESKTOP/BlogListingSUPER.spec:18)
  - &quot;BlogListingHeadline&quot; css property &quot;line-height&quot; is &quot;60px&quot; but should be &quot;58px&quot; (/specs/Sprint2/SUPER/DESKTOP/BlogListingSUPER.spec:19)
  - &quot;BLDropDownlabel&quot; css property &quot;font-family&quot; is &quot;&quot;roboto-bold&quot;&quot; but should be &quot;roboto-bold&quot; (/specs/Sprint2/SUPER/DESKTOP/BlogListingSUPER.spec:25)
  - &quot;BlogListingTitle1&quot; css property &quot;font-family&quot; is &quot;&quot;roboto-bold&quot;&quot; but should be &quot;roboto-bold&quot; (/specs/Sprint2/SUPER/DESKTOP/BlogListingSUPER.spec:31)
  - &quot;BlogListingSummary1&quot; css property &quot;font-family&quot; is &quot;&quot;roboto-light&quot;&quot; but should be &quot;roboto-light&quot; (/specs/Sprint2/SUPER/DESKTOP/BlogListingSUPER.spec:38)
  - &quot;BlogListingPostingDate&quot; css property &quot;font-family&quot; is &quot;&quot;roboto-bold&quot;&quot; but should be &quot;roboto-bold&quot; (/specs/Sprint2/SUPER/DESKTOP/BlogListingSUPER.spec:44)
  - &quot;DropDownSelect&quot; css property &quot;font-family&quot; is &quot;&quot;roboto-bold&quot;&quot; but should be &quot;roboto-bold&quot; (/specs/Sprint2/SUPER/DESKTOP/BlogListingSUPER.spec:50)
  - &quot;DropDownSelectICON&quot; width is 20.00px instead of 7.12px (/specs/Sprint2/SUPER/DESKTOP/BlogListingSUPER.spec:55)
  - &quot;DropDownSelectICON&quot; height is 15.00px instead of 3.56px (/specs/Sprint2/SUPER/DESKTOP/BlogListingSUPER.spec:56)
">
      <![CDATA[com.galenframework.support.LayoutValidationException: /specs/Sprint2/SUPER/DESKTOP/BlogListingSUPER.spec, tags: [Desktop]
  - "BlogListingHeadline" css property "font-family" is ""roboto-bold"" but should be "roboto-bold" (/specs/Sprint2/SUPER/DESKTOP/BlogListingSUPER.spec:18)
  - "BlogListingHeadline" css property "line-height" is "60px" but should be "58px" (/specs/Sprint2/SUPER/DESKTOP/BlogListingSUPER.spec:19)
  - "BLDropDownlabel" css property "font-family" is ""roboto-bold"" but should be "roboto-bold" (/specs/Sprint2/SUPER/DESKTOP/BlogListingSUPER.spec:25)
  - "BlogListingTitle1" css property "font-family" is ""roboto-bold"" but should be "roboto-bold" (/specs/Sprint2/SUPER/DESKTOP/BlogListingSUPER.spec:31)
  - "BlogListingSummary1" css property "font-family" is ""roboto-light"" but should be "roboto-light" (/specs/Sprint2/SUPER/DESKTOP/BlogListingSUPER.spec:38)
  - "BlogListingPostingDate" css property "font-family" is ""roboto-bold"" but should be "roboto-bold" (/specs/Sprint2/SUPER/DESKTOP/BlogListingSUPER.spec:44)
  - "DropDownSelect" css property "font-family" is ""roboto-bold"" but should be "roboto-bold" (/specs/Sprint2/SUPER/DESKTOP/BlogListingSUPER.spec:50)
  - "DropDownSelectICON" width is 20.00px instead of 7.12px (/specs/Sprint2/SUPER/DESKTOP/BlogListingSUPER.spec:55)
  - "DropDownSelectICON" height is 15.00px instead of 3.56px (/specs/Sprint2/SUPER/DESKTOP/BlogListingSUPER.spec:56)

	at com.galenframework.support.GalenJavaTestBase.checkLayout(GalenJavaTestBase.java:129)
	at com.galenframework.support.GalenJavaTestBase.checkLayout(GalenJavaTestBase.java:111)
	at com.galenframework.java.USB.tests.SingleVerification$BlogListingVerification.verify_SUPERFontBlogListiingPage(SingleVerification.java:140)
	at sun.reflect.NativeMethodAccessorImpl.invoke0(Native Method)
	at sun.reflect.NativeMethodAccessorImpl.invoke(NativeMethodAccessorImpl.java:62)
	at sun.reflect.DelegatingMethodAccessorImpl.invoke(DelegatingMethodAccessorImpl.java:43)
	at java.lang.reflect.Method.invoke(Method.java:498)
	at org.testng.internal.MethodInvocationHelper.invokeMethod(MethodInvocationHelper.java:80)
	at org.testng.internal.Invoker.invokeMethod(Invoker.java:715)
	at org.testng.internal.Invoker.invokeTestMethod(Invoker.java:907)
	at org.testng.internal.Invoker.invokeTestMethods(Invoker.java:1237)
	at org.testng.internal.TestMethodWorker.invokeTestMethods(TestMethodWorker.java:127)
	at org.testng.internal.TestMethodWorker.run(TestMethodWorker.java:111)
	at org.testng.TestRunner.privateRun(TestRunner.java:767)
	at org.testng.TestRunner.run(TestRunner.java:617)
	at org.testng.SuiteRunner.runTest(SuiteRunner.java:334)
	at org.testng.SuiteRunner.runSequentially(SuiteRunner.java:329)
	at org.testng.SuiteRunner.privateRun(SuiteRunner.java:291)
	at org.testng.SuiteRunner.run(SuiteRunner.java:240)
	at org.testng.SuiteRunnerWorker.runSuite(SuiteRunnerWorker.java:51)
	at org.testng.SuiteRunnerWorker.run(SuiteRunnerWorker.java:85)
	at org.testng.TestNG.runSuitesSequentially(TestNG.java:1197)
	at org.testng.TestNG.runSuitesLocally(TestNG.java:1122)
	at org.testng.TestNG.run(TestNG.java:1030)
	at org.testng.remote.AbstractRemoteTestNG.run(AbstractRemoteTestNG.java:132)
	at org.testng.remote.RemoteTestNG.initAndRun(RemoteTestNG.java:230)
	at org.testng.remote.RemoteTestNG.main(RemoteTestNG.java:76)
]]>
    </failure>
  </testcase> <!-- verify_SUPERFontBlogListiingPage -->
  <testcase name="verify_USBFontBlogListiingPage" time="35.254" classname="com.galenframework.java.USB.tests.SingleVerification$BlogListingVerification">
    <failure type="com.galenframework.support.LayoutValidationException" message="/specs/Sprint2/USB/DESKTOP/BlogListingUSB.spec, tags: [tablet]
  - &quot;BlogListingHeadline&quot; css property &quot;font-family&quot; is &quot;&quot;roboto-bold&quot;&quot; but should be &quot;roboto-bold&quot; (/specs/Sprint2/USB/DESKTOP/BlogListingUSB.spec:64)
  - &quot;BlogListingHeadline&quot; css property &quot;line-height&quot; is &quot;60px&quot; but should be &quot;58px&quot; (/specs/Sprint2/USB/DESKTOP/BlogListingUSB.spec:65)
  - &quot;BLDropDownlabel&quot; css property &quot;font-family&quot; is &quot;&quot;roboto-bold&quot;&quot; but should be &quot;roboto-bold&quot; (/specs/Sprint2/USB/DESKTOP/BlogListingUSB.spec:70)
  - &quot;BlogListingTitle1&quot; css property &quot;font-family&quot; is &quot;&quot;roboto-bold&quot;&quot; but should be &quot;roboto-bold&quot; (/specs/Sprint2/USB/DESKTOP/BlogListingUSB.spec:76)
  - &quot;BlogListingSummary1&quot; css property &quot;font-family&quot; is &quot;&quot;roboto-light&quot;&quot; but should be &quot;roboto-light&quot; (/specs/Sprint2/USB/DESKTOP/BlogListingUSB.spec:83)
  - &quot;BlogListingPostingDate&quot; css property &quot;font-family&quot; is &quot;&quot;roboto-bold&quot;&quot; but should be &quot;roboto-bold&quot; (/specs/Sprint2/USB/DESKTOP/BlogListingUSB.spec:89)
  - &quot;DropDownSelect&quot; css property &quot;font-family&quot; is &quot;&quot;roboto-bold&quot;&quot; but should be &quot;roboto-bold&quot; (/specs/Sprint2/USB/DESKTOP/BlogListingUSB.spec:95)
  - &quot;DropDownSelectICON&quot; width is 20.00px instead of 7.12px (/specs/Sprint2/USB/DESKTOP/BlogListingUSB.spec:100)
  - &quot;DropDownSelectICON&quot; height is 15.00px instead of 3.56px (/specs/Sprint2/USB/DESKTOP/BlogListingUSB.spec:101)
">
      <![CDATA[com.galenframework.support.LayoutValidationException: /specs/Sprint2/USB/DESKTOP/BlogListingUSB.spec, tags: [tablet]
  - "BlogListingHeadline" css property "font-family" is ""roboto-bold"" but should be "roboto-bold" (/specs/Sprint2/USB/DESKTOP/BlogListingUSB.spec:64)
  - "BlogListingHeadline" css property "line-height" is "60px" but should be "58px" (/specs/Sprint2/USB/DESKTOP/BlogListingUSB.spec:65)
  - "BLDropDownlabel" css property "font-family" is ""roboto-bold"" but should be "roboto-bold" (/specs/Sprint2/USB/DESKTOP/BlogListingUSB.spec:70)
  - "BlogListingTitle1" css property "font-family" is ""roboto-bold"" but should be "roboto-bold" (/specs/Sprint2/USB/DESKTOP/BlogListingUSB.spec:76)
  - "BlogListingSummary1" css property "font-family" is ""roboto-light"" but should be "roboto-light" (/specs/Sprint2/USB/DESKTOP/BlogListingUSB.spec:83)
  - "BlogListingPostingDate" css property "font-family" is ""roboto-bold"" but should be "roboto-bold" (/specs/Sprint2/USB/DESKTOP/BlogListingUSB.spec:89)
  - "DropDownSelect" css property "font-family" is ""roboto-bold"" but should be "roboto-bold" (/specs/Sprint2/USB/DESKTOP/BlogListingUSB.spec:95)
  - "DropDownSelectICON" width is 20.00px instead of 7.12px (/specs/Sprint2/USB/DESKTOP/BlogListingUSB.spec:100)
  - "DropDownSelectICON" height is 15.00px instead of 3.56px (/specs/Sprint2/USB/DESKTOP/BlogListingUSB.spec:101)

	at com.galenframework.support.GalenJavaTestBase.checkLayout(GalenJavaTestBase.java:129)
	at com.galenframework.support.GalenJavaTestBase.checkLayout(GalenJavaTestBase.java:111)
	at com.galenframework.java.USB.tests.SingleVerification$BlogListingVerification.verify_USBFontBlogListiingPage(SingleVerification.java:128)
	at sun.reflect.NativeMethodAccessorImpl.invoke0(Native Method)
	at sun.reflect.NativeMethodAccessorImpl.invoke(NativeMethodAccessorImpl.java:62)
	at sun.reflect.DelegatingMethodAccessorImpl.invoke(DelegatingMethodAccessorImpl.java:43)
	at java.lang.reflect.Method.invoke(Method.java:498)
	at org.testng.internal.MethodInvocationHelper.invokeMethod(MethodInvocationHelper.java:80)
	at org.testng.internal.Invoker.invokeMethod(Invoker.java:715)
	at org.testng.internal.Invoker.invokeTestMethod(Invoker.java:907)
	at org.testng.internal.Invoker.invokeTestMethods(Invoker.java:1237)
	at org.testng.internal.TestMethodWorker.invokeTestMethods(TestMethodWorker.java:127)
	at org.testng.internal.TestMethodWorker.run(TestMethodWorker.java:111)
	at org.testng.TestRunner.privateRun(TestRunner.java:767)
	at org.testng.TestRunner.run(TestRunner.java:617)
	at org.testng.SuiteRunner.runTest(SuiteRunner.java:334)
	at org.testng.SuiteRunner.runSequentially(SuiteRunner.java:329)
	at org.testng.SuiteRunner.privateRun(SuiteRunner.java:291)
	at org.testng.SuiteRunner.run(SuiteRunner.java:240)
	at org.testng.SuiteRunnerWorker.runSuite(SuiteRunnerWorker.java:51)
	at org.testng.SuiteRunnerWorker.run(SuiteRunnerWorker.java:85)
	at org.testng.TestNG.runSuitesSequentially(TestNG.java:1197)
	at org.testng.TestNG.runSuitesLocally(TestNG.java:1122)
	at org.testng.TestNG.run(TestNG.java:1030)
	at org.testng.remote.AbstractRemoteTestNG.run(AbstractRemoteTestNG.java:132)
	at org.testng.remote.RemoteTestNG.initAndRun(RemoteTestNG.java:230)
	at org.testng.remote.RemoteTestNG.main(RemoteTestNG.java:76)
]]>
    </failure>
  </testcase> <!-- verify_USBFontBlogListiingPage -->
  <testcase name="verify_FSVFontBlogListiingPage" time="57.925" classname="com.galenframework.java.USB.tests.SingleVerification$BlogListingVerification">
    <failure type="com.galenframework.support.LayoutValidationException" message="/specs/Sprint2/FSV/DESKTOP/BlogListingFSV.spec, tags: [tablet]
  - &quot;BlogListingHeadline&quot; is absent on page (/specs/Sprint2/FSV/DESKTOP/BlogListingFSV.spec:72)
  - &quot;BlogListingHeadline&quot; is absent on page (/specs/Sprint2/FSV/DESKTOP/BlogListingFSV.spec:73)
  - &quot;BlogListingHeadline&quot; is absent on page (/specs/Sprint2/FSV/DESKTOP/BlogListingFSV.spec:74)
  - &quot;BlogListingHeadline&quot; is absent on page (/specs/Sprint2/FSV/DESKTOP/BlogListingFSV.spec:75)
  - &quot;BLDropDownlabel&quot; is absent on page (/specs/Sprint2/FSV/DESKTOP/BlogListingFSV.spec:79)
  - &quot;BLDropDownlabel&quot; is absent on page (/specs/Sprint2/FSV/DESKTOP/BlogListingFSV.spec:80)
  - &quot;BLDropDownlabel&quot; is absent on page (/specs/Sprint2/FSV/DESKTOP/BlogListingFSV.spec:81)
  - &quot;BLDropDownlabel&quot; is absent on page (/specs/Sprint2/FSV/DESKTOP/BlogListingFSV.spec:82)
  - &quot;BlogListingTitle1&quot; css property &quot;font-family&quot; is &quot;&quot;roboto-bold&quot;&quot; but should be &quot;roboto-bold&quot; (/specs/Sprint2/FSV/DESKTOP/BlogListingFSV.spec:88)
  - &quot;BlogListingSummary1&quot; css property &quot;font-family&quot; is &quot;&quot;roboto-light&quot;&quot; but should be &quot;roboto-light&quot; (/specs/Sprint2/FSV/DESKTOP/BlogListingFSV.spec:96)
  - &quot;BlogListingPostingDate&quot; css property &quot;font-family&quot; is &quot;&quot;roboto-bold&quot;&quot; but should be &quot;roboto-bold&quot; (/specs/Sprint2/FSV/DESKTOP/BlogListingFSV.spec:103)
  - &quot;DropDownSelect&quot; is absent on page (/specs/Sprint2/FSV/DESKTOP/BlogListingFSV.spec:108)
  - &quot;DropDownSelect&quot; is absent on page (/specs/Sprint2/FSV/DESKTOP/BlogListingFSV.spec:109)
  - &quot;DropDownSelect&quot; is absent on page (/specs/Sprint2/FSV/DESKTOP/BlogListingFSV.spec:110)
  - &quot;DropDownSelect&quot; is absent on page (/specs/Sprint2/FSV/DESKTOP/BlogListingFSV.spec:111)
  - &quot;DropDownSelectICON&quot; is absent on page (/specs/Sprint2/FSV/DESKTOP/BlogListingFSV.spec:115)
  - &quot;DropDownSelectICON&quot; is absent on page (/specs/Sprint2/FSV/DESKTOP/BlogListingFSV.spec:116)
  - &quot;DropDownSelectICON&quot; is absent on page (/specs/Sprint2/FSV/DESKTOP/BlogListingFSV.spec:117)
">
      <![CDATA[com.galenframework.support.LayoutValidationException: /specs/Sprint2/FSV/DESKTOP/BlogListingFSV.spec, tags: [tablet]
  - "BlogListingHeadline" is absent on page (/specs/Sprint2/FSV/DESKTOP/BlogListingFSV.spec:72)
  - "BlogListingHeadline" is absent on page (/specs/Sprint2/FSV/DESKTOP/BlogListingFSV.spec:73)
  - "BlogListingHeadline" is absent on page (/specs/Sprint2/FSV/DESKTOP/BlogListingFSV.spec:74)
  - "BlogListingHeadline" is absent on page (/specs/Sprint2/FSV/DESKTOP/BlogListingFSV.spec:75)
  - "BLDropDownlabel" is absent on page (/specs/Sprint2/FSV/DESKTOP/BlogListingFSV.spec:79)
  - "BLDropDownlabel" is absent on page (/specs/Sprint2/FSV/DESKTOP/BlogListingFSV.spec:80)
  - "BLDropDownlabel" is absent on page (/specs/Sprint2/FSV/DESKTOP/BlogListingFSV.spec:81)
  - "BLDropDownlabel" is absent on page (/specs/Sprint2/FSV/DESKTOP/BlogListingFSV.spec:82)
  - "BlogListingTitle1" css property "font-family" is ""roboto-bold"" but should be "roboto-bold" (/specs/Sprint2/FSV/DESKTOP/BlogListingFSV.spec:88)
  - "BlogListingSummary1" css property "font-family" is ""roboto-light"" but should be "roboto-light" (/specs/Sprint2/FSV/DESKTOP/BlogListingFSV.spec:96)
  - "BlogListingPostingDate" css property "font-family" is ""roboto-bold"" but should be "roboto-bold" (/specs/Sprint2/FSV/DESKTOP/BlogListingFSV.spec:103)
  - "DropDownSelect" is absent on page (/specs/Sprint2/FSV/DESKTOP/BlogListingFSV.spec:108)
  - "DropDownSelect" is absent on page (/specs/Sprint2/FSV/DESKTOP/BlogListingFSV.spec:109)
  - "DropDownSelect" is absent on page (/specs/Sprint2/FSV/DESKTOP/BlogListingFSV.spec:110)
  - "DropDownSelect" is absent on page (/specs/Sprint2/FSV/DESKTOP/BlogListingFSV.spec:111)
  - "DropDownSelectICON" is absent on page (/specs/Sprint2/FSV/DESKTOP/BlogListingFSV.spec:115)
  - "DropDownSelectICON" is absent on page (/specs/Sprint2/FSV/DESKTOP/BlogListingFSV.spec:116)
  - "DropDownSelectICON" is absent on page (/specs/Sprint2/FSV/DESKTOP/BlogListingFSV.spec:117)

	at com.galenframework.support.GalenJavaTestBase.checkLayout(GalenJavaTestBase.java:129)
	at com.galenframework.support.GalenJavaTestBase.checkLayout(GalenJavaTestBase.java:111)
	at com.galenframework.java.USB.tests.SingleVerification$BlogListingVerification.verify_FSVFontBlogListiingPage(SingleVerification.java:114)
	at sun.reflect.NativeMethodAccessorImpl.invoke0(Native Method)
	at sun.reflect.NativeMethodAccessorImpl.invoke(NativeMethodAccessorImpl.java:62)
	at sun.reflect.DelegatingMethodAccessorImpl.invoke(DelegatingMethodAccessorImpl.java:43)
	at java.lang.reflect.Method.invoke(Method.java:498)
	at org.testng.internal.MethodInvocationHelper.invokeMethod(MethodInvocationHelper.java:80)
	at org.testng.internal.Invoker.invokeMethod(Invoker.java:715)
	at org.testng.internal.Invoker.invokeTestMethod(Invoker.java:907)
	at org.testng.internal.Invoker.invokeTestMethods(Invoker.java:1237)
	at org.testng.internal.TestMethodWorker.invokeTestMethods(TestMethodWorker.java:127)
	at org.testng.internal.TestMethodWorker.run(TestMethodWorker.java:111)
	at org.testng.TestRunner.privateRun(TestRunner.java:767)
	at org.testng.TestRunner.run(TestRunner.java:617)
	at org.testng.SuiteRunner.runTest(SuiteRunner.java:334)
	at org.testng.SuiteRunner.runSequentially(SuiteRunner.java:329)
	at org.testng.SuiteRunner.privateRun(SuiteRunner.java:291)
	at org.testng.SuiteRunner.run(SuiteRunner.java:240)
	at org.testng.SuiteRunnerWorker.runSuite(SuiteRunnerWorker.java:51)
	at org.testng.SuiteRunnerWorker.run(SuiteRunnerWorker.java:85)
	at org.testng.TestNG.runSuitesSequentially(TestNG.java:1197)
	at org.testng.TestNG.runSuitesLocally(TestNG.java:1122)
	at org.testng.TestNG.run(TestNG.java:1030)
	at org.testng.remote.AbstractRemoteTestNG.run(AbstractRemoteTestNG.java:132)
	at org.testng.remote.RemoteTestNG.initAndRun(RemoteTestNG.java:230)
	at org.testng.remote.RemoteTestNG.main(RemoteTestNG.java:76)
]]>
    </failure>
  </testcase> <!-- verify_FSVFontBlogListiingPage -->
  <testcase name="verify_elavonFontBlogListiingPage" time="39.054" classname="com.galenframework.java.USB.tests.SingleVerification$BlogListingVerification">
    <failure type="com.galenframework.support.LayoutValidationException" message="/specs/Sprint2/Elavon/DESKTOP/BlogListingELAVON.spec, tags: [tablet]
  - &quot;BlogListingHeadline&quot; css property &quot;font-family&quot; is &quot;&quot;roboto-bold&quot;&quot; but should be &quot;roboto-bold&quot; (/specs/Sprint2/Elavon/DESKTOP/BlogListingELAVON.spec:72)
  - &quot;BlogListingHeadline&quot; css property &quot;line-height&quot; is &quot;60px&quot; but should be &quot;58px&quot; (/specs/Sprint2/Elavon/DESKTOP/BlogListingELAVON.spec:73)
  - &quot;BLDropDownlabel&quot; css property &quot;font-family&quot; is &quot;&quot;roboto-bold&quot;&quot; but should be &quot;roboto-bold&quot; (/specs/Sprint2/Elavon/DESKTOP/BlogListingELAVON.spec:79)
  - &quot;BlogListingTitle1&quot; css property &quot;font-family&quot; is &quot;&quot;roboto-bold&quot;&quot; but should be &quot;roboto-bold&quot; (/specs/Sprint2/Elavon/DESKTOP/BlogListingELAVON.spec:87)
  - &quot;BlogListingSummary1&quot; css property &quot;font-family&quot; is &quot;&quot;roboto-light&quot;&quot; but should be &quot;roboto-light&quot; (/specs/Sprint2/Elavon/DESKTOP/BlogListingELAVON.spec:94)
  - &quot;BlogListingPostingDate&quot; css property &quot;font-family&quot; is &quot;&quot;roboto-bold&quot;&quot; but should be &quot;roboto-bold&quot; (/specs/Sprint2/Elavon/DESKTOP/BlogListingELAVON.spec:101)
  - &quot;DropDownSelect&quot; css property &quot;font-family&quot; is &quot;&quot;roboto-bold&quot;&quot; but should be &quot;roboto-bold&quot; (/specs/Sprint2/Elavon/DESKTOP/BlogListingELAVON.spec:109)
  - &quot;DropDownSelectICON&quot; width is 20.00px instead of 7.12px (/specs/Sprint2/Elavon/DESKTOP/BlogListingELAVON.spec:115)
  - &quot;DropDownSelectICON&quot; height is 15.00px instead of 3.56px (/specs/Sprint2/Elavon/DESKTOP/BlogListingELAVON.spec:116)
">
      <![CDATA[com.galenframework.support.LayoutValidationException: /specs/Sprint2/Elavon/DESKTOP/BlogListingELAVON.spec, tags: [tablet]
  - "BlogListingHeadline" css property "font-family" is ""roboto-bold"" but should be "roboto-bold" (/specs/Sprint2/Elavon/DESKTOP/BlogListingELAVON.spec:72)
  - "BlogListingHeadline" css property "line-height" is "60px" but should be "58px" (/specs/Sprint2/Elavon/DESKTOP/BlogListingELAVON.spec:73)
  - "BLDropDownlabel" css property "font-family" is ""roboto-bold"" but should be "roboto-bold" (/specs/Sprint2/Elavon/DESKTOP/BlogListingELAVON.spec:79)
  - "BlogListingTitle1" css property "font-family" is ""roboto-bold"" but should be "roboto-bold" (/specs/Sprint2/Elavon/DESKTOP/BlogListingELAVON.spec:87)
  - "BlogListingSummary1" css property "font-family" is ""roboto-light"" but should be "roboto-light" (/specs/Sprint2/Elavon/DESKTOP/BlogListingELAVON.spec:94)
  - "BlogListingPostingDate" css property "font-family" is ""roboto-bold"" but should be "roboto-bold" (/specs/Sprint2/Elavon/DESKTOP/BlogListingELAVON.spec:101)
  - "DropDownSelect" css property "font-family" is ""roboto-bold"" but should be "roboto-bold" (/specs/Sprint2/Elavon/DESKTOP/BlogListingELAVON.spec:109)
  - "DropDownSelectICON" width is 20.00px instead of 7.12px (/specs/Sprint2/Elavon/DESKTOP/BlogListingELAVON.spec:115)
  - "DropDownSelectICON" height is 15.00px instead of 3.56px (/specs/Sprint2/Elavon/DESKTOP/BlogListingELAVON.spec:116)

	at com.galenframework.support.GalenJavaTestBase.checkLayout(GalenJavaTestBase.java:129)
	at com.galenframework.support.GalenJavaTestBase.checkLayout(GalenJavaTestBase.java:111)
	at com.galenframework.java.USB.tests.SingleVerification$BlogListingVerification.verify_elavonFontBlogListiingPage(SingleVerification.java:102)
	at sun.reflect.NativeMethodAccessorImpl.invoke0(Native Method)
	at sun.reflect.NativeMethodAccessorImpl.invoke(NativeMethodAccessorImpl.java:62)
	at sun.reflect.DelegatingMethodAccessorImpl.invoke(DelegatingMethodAccessorImpl.java:43)
	at java.lang.reflect.Method.invoke(Method.java:498)
	at org.testng.internal.MethodInvocationHelper.invokeMethod(MethodInvocationHelper.java:80)
	at org.testng.internal.Invoker.invokeMethod(Invoker.java:715)
	at org.testng.internal.Invoker.invokeTestMethod(Invoker.java:907)
	at org.testng.internal.Invoker.invokeTestMethods(Invoker.java:1237)
	at org.testng.internal.TestMethodWorker.invokeTestMethods(TestMethodWorker.java:127)
	at org.testng.internal.TestMethodWorker.run(TestMethodWorker.java:111)
	at org.testng.TestRunner.privateRun(TestRunner.java:767)
	at org.testng.TestRunner.run(TestRunner.java:617)
	at org.testng.SuiteRunner.runTest(SuiteRunner.java:334)
	at org.testng.SuiteRunner.runSequentially(SuiteRunner.java:329)
	at org.testng.SuiteRunner.privateRun(SuiteRunner.java:291)
	at org.testng.SuiteRunner.run(SuiteRunner.java:240)
	at org.testng.SuiteRunnerWorker.runSuite(SuiteRunnerWorker.java:51)
	at org.testng.SuiteRunnerWorker.run(SuiteRunnerWorker.java:85)
	at org.testng.TestNG.runSuitesSequentially(TestNG.java:1197)
	at org.testng.TestNG.runSuitesLocally(TestNG.java:1122)
	at org.testng.TestNG.run(TestNG.java:1030)
	at org.testng.remote.AbstractRemoteTestNG.run(AbstractRemoteTestNG.java:132)
	at org.testng.remote.RemoteTestNG.initAndRun(RemoteTestNG.java:230)
	at org.testng.remote.RemoteTestNG.main(RemoteTestNG.java:76)
]]>
    </failure>
  </testcase> <!-- verify_elavonFontBlogListiingPage -->
  <testcase name="verify_FSVFontBlogListiingPage" time="56.118" classname="com.galenframework.java.USB.tests.SingleVerification$BlogListingVerification">
    <failure type="com.galenframework.support.LayoutValidationException" message="/specs/Sprint2/FSV/DESKTOP/BlogListingFSV.spec, tags: [Desktop]
  - &quot;BlogListingHeadline&quot; is absent on page (/specs/Sprint2/FSV/DESKTOP/BlogListingFSV.spec:17)
  - &quot;BlogListingHeadline&quot; is absent on page (/specs/Sprint2/FSV/DESKTOP/BlogListingFSV.spec:18)
  - &quot;BlogListingHeadline&quot; is absent on page (/specs/Sprint2/FSV/DESKTOP/BlogListingFSV.spec:19)
  - &quot;BlogListingHeadline&quot; is absent on page (/specs/Sprint2/FSV/DESKTOP/BlogListingFSV.spec:20)
  - &quot;BLDropDownlabel&quot; is absent on page (/specs/Sprint2/FSV/DESKTOP/BlogListingFSV.spec:25)
  - &quot;BLDropDownlabel&quot; is absent on page (/specs/Sprint2/FSV/DESKTOP/BlogListingFSV.spec:26)
  - &quot;BLDropDownlabel&quot; is absent on page (/specs/Sprint2/FSV/DESKTOP/BlogListingFSV.spec:27)
  - &quot;BLDropDownlabel&quot; is absent on page (/specs/Sprint2/FSV/DESKTOP/BlogListingFSV.spec:28)
  - &quot;BlogListingTitle1&quot; css property &quot;font-family&quot; is &quot;&quot;roboto-bold&quot;&quot; but should be &quot;roboto-bold&quot; (/specs/Sprint2/FSV/DESKTOP/BlogListingFSV.spec:36)
  - &quot;BlogListingSummary1&quot; css property &quot;font-family&quot; is &quot;&quot;roboto-light&quot;&quot; but should be &quot;roboto-light&quot; (/specs/Sprint2/FSV/DESKTOP/BlogListingFSV.spec:43)
  - &quot;BlogListingPostingDate&quot; css property &quot;font-family&quot; is &quot;&quot;roboto-bold&quot;&quot; but should be &quot;roboto-bold&quot; (/specs/Sprint2/FSV/DESKTOP/BlogListingFSV.spec:51)
  - &quot;DropDownSelect&quot; is absent on page (/specs/Sprint2/FSV/DESKTOP/BlogListingFSV.spec:57)
  - &quot;DropDownSelect&quot; is absent on page (/specs/Sprint2/FSV/DESKTOP/BlogListingFSV.spec:58)
  - &quot;DropDownSelect&quot; is absent on page (/specs/Sprint2/FSV/DESKTOP/BlogListingFSV.spec:59)
  - &quot;DropDownSelect&quot; is absent on page (/specs/Sprint2/FSV/DESKTOP/BlogListingFSV.spec:60)
  - &quot;DropDownSelectICON&quot; is absent on page (/specs/Sprint2/FSV/DESKTOP/BlogListingFSV.spec:64)
  - &quot;DropDownSelectICON&quot; is absent on page (/specs/Sprint2/FSV/DESKTOP/BlogListingFSV.spec:65)
  - &quot;DropDownSelectICON&quot; is absent on page (/specs/Sprint2/FSV/DESKTOP/BlogListingFSV.spec:66)
">
      <![CDATA[com.galenframework.support.LayoutValidationException: /specs/Sprint2/FSV/DESKTOP/BlogListingFSV.spec, tags: [Desktop]
  - "BlogListingHeadline" is absent on page (/specs/Sprint2/FSV/DESKTOP/BlogListingFSV.spec:17)
  - "BlogListingHeadline" is absent on page (/specs/Sprint2/FSV/DESKTOP/BlogListingFSV.spec:18)
  - "BlogListingHeadline" is absent on page (/specs/Sprint2/FSV/DESKTOP/BlogListingFSV.spec:19)
  - "BlogListingHeadline" is absent on page (/specs/Sprint2/FSV/DESKTOP/BlogListingFSV.spec:20)
  - "BLDropDownlabel" is absent on page (/specs/Sprint2/FSV/DESKTOP/BlogListingFSV.spec:25)
  - "BLDropDownlabel" is absent on page (/specs/Sprint2/FSV/DESKTOP/BlogListingFSV.spec:26)
  - "BLDropDownlabel" is absent on page (/specs/Sprint2/FSV/DESKTOP/BlogListingFSV.spec:27)
  - "BLDropDownlabel" is absent on page (/specs/Sprint2/FSV/DESKTOP/BlogListingFSV.spec:28)
  - "BlogListingTitle1" css property "font-family" is ""roboto-bold"" but should be "roboto-bold" (/specs/Sprint2/FSV/DESKTOP/BlogListingFSV.spec:36)
  - "BlogListingSummary1" css property "font-family" is ""roboto-light"" but should be "roboto-light" (/specs/Sprint2/FSV/DESKTOP/BlogListingFSV.spec:43)
  - "BlogListingPostingDate" css property "font-family" is ""roboto-bold"" but should be "roboto-bold" (/specs/Sprint2/FSV/DESKTOP/BlogListingFSV.spec:51)
  - "DropDownSelect" is absent on page (/specs/Sprint2/FSV/DESKTOP/BlogListingFSV.spec:57)
  - "DropDownSelect" is absent on page (/specs/Sprint2/FSV/DESKTOP/BlogListingFSV.spec:58)
  - "DropDownSelect" is absent on page (/specs/Sprint2/FSV/DESKTOP/BlogListingFSV.spec:59)
  - "DropDownSelect" is absent on page (/specs/Sprint2/FSV/DESKTOP/BlogListingFSV.spec:60)
  - "DropDownSelectICON" is absent on page (/specs/Sprint2/FSV/DESKTOP/BlogListingFSV.spec:64)
  - "DropDownSelectICON" is absent on page (/specs/Sprint2/FSV/DESKTOP/BlogListingFSV.spec:65)
  - "DropDownSelectICON" is absent on page (/specs/Sprint2/FSV/DESKTOP/BlogListingFSV.spec:66)

	at com.galenframework.support.GalenJavaTestBase.checkLayout(GalenJavaTestBase.java:129)
	at com.galenframework.support.GalenJavaTestBase.checkLayout(GalenJavaTestBase.java:111)
	at com.galenframework.java.USB.tests.SingleVerification$BlogListingVerification.verify_FSVFontBlogListiingPage(SingleVerification.java:114)
	at sun.reflect.NativeMethodAccessorImpl.invoke0(Native Method)
	at sun.reflect.NativeMethodAccessorImpl.invoke(NativeMethodAccessorImpl.java:62)
	at sun.reflect.DelegatingMethodAccessorImpl.invoke(DelegatingMethodAccessorImpl.java:43)
	at java.lang.reflect.Method.invoke(Method.java:498)
	at org.testng.internal.MethodInvocationHelper.invokeMethod(MethodInvocationHelper.java:80)
	at org.testng.internal.Invoker.invokeMethod(Invoker.java:715)
	at org.testng.internal.Invoker.invokeTestMethod(Invoker.java:907)
	at org.testng.internal.Invoker.invokeTestMethods(Invoker.java:1237)
	at org.testng.internal.TestMethodWorker.invokeTestMethods(TestMethodWorker.java:127)
	at org.testng.internal.TestMethodWorker.run(TestMethodWorker.java:111)
	at org.testng.TestRunner.privateRun(TestRunner.java:767)
	at org.testng.TestRunner.run(TestRunner.java:617)
	at org.testng.SuiteRunner.runTest(SuiteRunner.java:334)
	at org.testng.SuiteRunner.runSequentially(SuiteRunner.java:329)
	at org.testng.SuiteRunner.privateRun(SuiteRunner.java:291)
	at org.testng.SuiteRunner.run(SuiteRunner.java:240)
	at org.testng.SuiteRunnerWorker.runSuite(SuiteRunnerWorker.java:51)
	at org.testng.SuiteRunnerWorker.run(SuiteRunnerWorker.java:85)
	at org.testng.TestNG.runSuitesSequentially(TestNG.java:1197)
	at org.testng.TestNG.runSuitesLocally(TestNG.java:1122)
	at org.testng.TestNG.run(TestNG.java:1030)
	at org.testng.remote.AbstractRemoteTestNG.run(AbstractRemoteTestNG.java:132)
	at org.testng.remote.RemoteTestNG.initAndRun(RemoteTestNG.java:230)
	at org.testng.remote.RemoteTestNG.main(RemoteTestNG.java:76)
]]>
    </failure>
  </testcase> <!-- verify_FSVFontBlogListiingPage -->
  <testcase name="verify_USBFontBlogListiingPage" time="38.840" classname="com.galenframework.java.USB.tests.SingleVerification$BlogListingVerification">
    <failure type="com.galenframework.support.LayoutValidationException" message="/specs/Sprint2/USB/DESKTOP/BlogListingUSB.spec, tags: [Mobile]
  - &quot;BlogListingHeadline&quot; css property &quot;font-family&quot; is &quot;&quot;roboto-bold&quot;&quot; but should be &quot;roboto-bold&quot; (/specs/Sprint2/USB/DESKTOP/BlogListingUSB.spec:107)
  - &quot;BlogListingHeadline&quot; css property &quot;line-height&quot; is &quot;27px&quot; but should be &quot;39px&quot; (/specs/Sprint2/USB/DESKTOP/BlogListingUSB.spec:108)
  - &quot;BLDropDownlabel&quot; css property &quot;font-family&quot; is &quot;&quot;roboto-bold&quot;&quot; but should be &quot;roboto-bold&quot; (/specs/Sprint2/USB/DESKTOP/BlogListingUSB.spec:113)
  - &quot;BlogListingTitle1&quot; css property &quot;font-family&quot; is &quot;&quot;roboto-bold&quot;&quot; but should be &quot;roboto-bold&quot; (/specs/Sprint2/USB/DESKTOP/BlogListingUSB.spec:119)
  - &quot;BlogListingSummary1&quot; css property &quot;font-family&quot; is &quot;&quot;roboto-light&quot;&quot; but should be &quot;roboto-light&quot; (/specs/Sprint2/USB/DESKTOP/BlogListingUSB.spec:125)
  - &quot;BlogListingPostingDate&quot; css property &quot;font-family&quot; is &quot;&quot;roboto-bold&quot;&quot; but should be &quot;roboto-bold&quot; (/specs/Sprint2/USB/DESKTOP/BlogListingUSB.spec:131)
  - &quot;BlogListingPostingDate&quot; css property &quot;line-height&quot; is &quot;18px&quot; but should be &quot;32px&quot; (/specs/Sprint2/USB/DESKTOP/BlogListingUSB.spec:132)
  - &quot;DropDownSelect&quot; css property &quot;font-family&quot; is &quot;&quot;roboto-bold&quot;&quot; but should be &quot;roboto-bold&quot; (/specs/Sprint2/USB/DESKTOP/BlogListingUSB.spec:137)
  - &quot;DropDownSelectICON&quot; width is 20.00px instead of 7.12px (/specs/Sprint2/USB/DESKTOP/BlogListingUSB.spec:142)
  - &quot;DropDownSelectICON&quot; height is 15.00px instead of 3.56px (/specs/Sprint2/USB/DESKTOP/BlogListingUSB.spec:143)
">
      <![CDATA[com.galenframework.support.LayoutValidationException: /specs/Sprint2/USB/DESKTOP/BlogListingUSB.spec, tags: [Mobile]
  - "BlogListingHeadline" css property "font-family" is ""roboto-bold"" but should be "roboto-bold" (/specs/Sprint2/USB/DESKTOP/BlogListingUSB.spec:107)
  - "BlogListingHeadline" css property "line-height" is "27px" but should be "39px" (/specs/Sprint2/USB/DESKTOP/BlogListingUSB.spec:108)
  - "BLDropDownlabel" css property "font-family" is ""roboto-bold"" but should be "roboto-bold" (/specs/Sprint2/USB/DESKTOP/BlogListingUSB.spec:113)
  - "BlogListingTitle1" css property "font-family" is ""roboto-bold"" but should be "roboto-bold" (/specs/Sprint2/USB/DESKTOP/BlogListingUSB.spec:119)
  - "BlogListingSummary1" css property "font-family" is ""roboto-light"" but should be "roboto-light" (/specs/Sprint2/USB/DESKTOP/BlogListingUSB.spec:125)
  - "BlogListingPostingDate" css property "font-family" is ""roboto-bold"" but should be "roboto-bold" (/specs/Sprint2/USB/DESKTOP/BlogListingUSB.spec:131)
  - "BlogListingPostingDate" css property "line-height" is "18px" but should be "32px" (/specs/Sprint2/USB/DESKTOP/BlogListingUSB.spec:132)
  - "DropDownSelect" css property "font-family" is ""roboto-bold"" but should be "roboto-bold" (/specs/Sprint2/USB/DESKTOP/BlogListingUSB.spec:137)
  - "DropDownSelectICON" width is 20.00px instead of 7.12px (/specs/Sprint2/USB/DESKTOP/BlogListingUSB.spec:142)
  - "DropDownSelectICON" height is 15.00px instead of 3.56px (/specs/Sprint2/USB/DESKTOP/BlogListingUSB.spec:143)

	at com.galenframework.support.GalenJavaTestBase.checkLayout(GalenJavaTestBase.java:129)
	at com.galenframework.support.GalenJavaTestBase.checkLayout(GalenJavaTestBase.java:111)
	at com.galenframework.java.USB.tests.SingleVerification$BlogListingVerification.verify_USBFontBlogListiingPage(SingleVerification.java:128)
	at sun.reflect.NativeMethodAccessorImpl.invoke0(Native Method)
	at sun.reflect.NativeMethodAccessorImpl.invoke(NativeMethodAccessorImpl.java:62)
	at sun.reflect.DelegatingMethodAccessorImpl.invoke(DelegatingMethodAccessorImpl.java:43)
	at java.lang.reflect.Method.invoke(Method.java:498)
	at org.testng.internal.MethodInvocationHelper.invokeMethod(MethodInvocationHelper.java:80)
	at org.testng.internal.Invoker.invokeMethod(Invoker.java:715)
	at org.testng.internal.Invoker.invokeTestMethod(Invoker.java:907)
	at org.testng.internal.Invoker.invokeTestMethods(Invoker.java:1237)
	at org.testng.internal.TestMethodWorker.invokeTestMethods(TestMethodWorker.java:127)
	at org.testng.internal.TestMethodWorker.run(TestMethodWorker.java:111)
	at org.testng.TestRunner.privateRun(TestRunner.java:767)
	at org.testng.TestRunner.run(TestRunner.java:617)
	at org.testng.SuiteRunner.runTest(SuiteRunner.java:334)
	at org.testng.SuiteRunner.runSequentially(SuiteRunner.java:329)
	at org.testng.SuiteRunner.privateRun(SuiteRunner.java:291)
	at org.testng.SuiteRunner.run(SuiteRunner.java:240)
	at org.testng.SuiteRunnerWorker.runSuite(SuiteRunnerWorker.java:51)
	at org.testng.SuiteRunnerWorker.run(SuiteRunnerWorker.java:85)
	at org.testng.TestNG.runSuitesSequentially(TestNG.java:1197)
	at org.testng.TestNG.runSuitesLocally(TestNG.java:1122)
	at org.testng.TestNG.run(TestNG.java:1030)
	at org.testng.remote.AbstractRemoteTestNG.run(AbstractRemoteTestNG.java:132)
	at org.testng.remote.RemoteTestNG.initAndRun(RemoteTestNG.java:230)
	at org.testng.remote.RemoteTestNG.main(RemoteTestNG.java:76)
]]>
    </failure>
  </testcase> <!-- verify_USBFontBlogListiingPage -->
  <testcase name="verify_elavonFontBlogListiingPage" time="38.539" classname="com.galenframework.java.USB.tests.SingleVerification$BlogListingVerification">
    <failure type="com.galenframework.support.LayoutValidationException" message="/specs/Sprint2/Elavon/DESKTOP/BlogListingELAVON.spec, tags: [Mobile]
  - &quot;BlogListingHeadline&quot; css property &quot;font-size&quot; is &quot;32px&quot; but should be &quot;34px&quot; (/specs/Sprint2/Elavon/DESKTOP/BlogListingELAVON.spec:122)
  - &quot;BlogListingHeadline&quot; css property &quot;font-family&quot; is &quot;&quot;roboto-bold&quot;&quot; but should be &quot;roboto-bold&quot; (/specs/Sprint2/Elavon/DESKTOP/BlogListingELAVON.spec:123)
  - &quot;BlogListingHeadline&quot; css property &quot;line-height&quot; is &quot;27px&quot; but should be &quot;39px&quot; (/specs/Sprint2/Elavon/DESKTOP/BlogListingELAVON.spec:124)
  - &quot;BLDropDownlabel&quot; css property &quot;font-family&quot; is &quot;&quot;roboto-bold&quot;&quot; but should be &quot;roboto-bold&quot; (/specs/Sprint2/Elavon/DESKTOP/BlogListingELAVON.spec:130)
  - &quot;BlogListingTitle1&quot; css property &quot;font-family&quot; is &quot;&quot;roboto-bold&quot;&quot; but should be &quot;roboto-bold&quot; (/specs/Sprint2/Elavon/DESKTOP/BlogListingELAVON.spec:138)
  - &quot;BlogListingSummary1&quot; css property &quot;font-family&quot; is &quot;&quot;roboto-light&quot;&quot; but should be &quot;roboto-light&quot; (/specs/Sprint2/Elavon/DESKTOP/BlogListingELAVON.spec:146)
  - &quot;BlogListingPostingDate&quot; css property &quot;font-family&quot; is &quot;&quot;roboto-bold&quot;&quot; but should be &quot;roboto-bold&quot; (/specs/Sprint2/Elavon/DESKTOP/BlogListingELAVON.spec:153)
  - &quot;BlogListingPostingDate&quot; css property &quot;line-height&quot; is &quot;18px&quot; but should be &quot;32px&quot; (/specs/Sprint2/Elavon/DESKTOP/BlogListingELAVON.spec:154)
  - &quot;DropDownSelect&quot; css property &quot;font-family&quot; is &quot;&quot;roboto-bold&quot;&quot; but should be &quot;roboto-bold&quot; (/specs/Sprint2/Elavon/DESKTOP/BlogListingELAVON.spec:161)
  - &quot;DropDownSelectICON&quot; width is 20.00px instead of 7.12px (/specs/Sprint2/Elavon/DESKTOP/BlogListingELAVON.spec:167)
  - &quot;DropDownSelectICON&quot; height is 15.00px instead of 3.56px (/specs/Sprint2/Elavon/DESKTOP/BlogListingELAVON.spec:168)
">
      <![CDATA[com.galenframework.support.LayoutValidationException: /specs/Sprint2/Elavon/DESKTOP/BlogListingELAVON.spec, tags: [Mobile]
  - "BlogListingHeadline" css property "font-size" is "32px" but should be "34px" (/specs/Sprint2/Elavon/DESKTOP/BlogListingELAVON.spec:122)
  - "BlogListingHeadline" css property "font-family" is ""roboto-bold"" but should be "roboto-bold" (/specs/Sprint2/Elavon/DESKTOP/BlogListingELAVON.spec:123)
  - "BlogListingHeadline" css property "line-height" is "27px" but should be "39px" (/specs/Sprint2/Elavon/DESKTOP/BlogListingELAVON.spec:124)
  - "BLDropDownlabel" css property "font-family" is ""roboto-bold"" but should be "roboto-bold" (/specs/Sprint2/Elavon/DESKTOP/BlogListingELAVON.spec:130)
  - "BlogListingTitle1" css property "font-family" is ""roboto-bold"" but should be "roboto-bold" (/specs/Sprint2/Elavon/DESKTOP/BlogListingELAVON.spec:138)
  - "BlogListingSummary1" css property "font-family" is ""roboto-light"" but should be "roboto-light" (/specs/Sprint2/Elavon/DESKTOP/BlogListingELAVON.spec:146)
  - "BlogListingPostingDate" css property "font-family" is ""roboto-bold"" but should be "roboto-bold" (/specs/Sprint2/Elavon/DESKTOP/BlogListingELAVON.spec:153)
  - "BlogListingPostingDate" css property "line-height" is "18px" but should be "32px" (/specs/Sprint2/Elavon/DESKTOP/BlogListingELAVON.spec:154)
  - "DropDownSelect" css property "font-family" is ""roboto-bold"" but should be "roboto-bold" (/specs/Sprint2/Elavon/DESKTOP/BlogListingELAVON.spec:161)
  - "DropDownSelectICON" width is 20.00px instead of 7.12px (/specs/Sprint2/Elavon/DESKTOP/BlogListingELAVON.spec:167)
  - "DropDownSelectICON" height is 15.00px instead of 3.56px (/specs/Sprint2/Elavon/DESKTOP/BlogListingELAVON.spec:168)

	at com.galenframework.support.GalenJavaTestBase.checkLayout(GalenJavaTestBase.java:129)
	at com.galenframework.support.GalenJavaTestBase.checkLayout(GalenJavaTestBase.java:111)
	at com.galenframework.java.USB.tests.SingleVerification$BlogListingVerification.verify_elavonFontBlogListiingPage(SingleVerification.java:102)
	at sun.reflect.NativeMethodAccessorImpl.invoke0(Native Method)
	at sun.reflect.NativeMethodAccessorImpl.invoke(NativeMethodAccessorImpl.java:62)
	at sun.reflect.DelegatingMethodAccessorImpl.invoke(DelegatingMethodAccessorImpl.java:43)
	at java.lang.reflect.Method.invoke(Method.java:498)
	at org.testng.internal.MethodInvocationHelper.invokeMethod(MethodInvocationHelper.java:80)
	at org.testng.internal.Invoker.invokeMethod(Invoker.java:715)
	at org.testng.internal.Invoker.invokeTestMethod(Invoker.java:907)
	at org.testng.internal.Invoker.invokeTestMethods(Invoker.java:1237)
	at org.testng.internal.TestMethodWorker.invokeTestMethods(TestMethodWorker.java:127)
	at org.testng.internal.TestMethodWorker.run(TestMethodWorker.java:111)
	at org.testng.TestRunner.privateRun(TestRunner.java:767)
	at org.testng.TestRunner.run(TestRunner.java:617)
	at org.testng.SuiteRunner.runTest(SuiteRunner.java:334)
	at org.testng.SuiteRunner.runSequentially(SuiteRunner.java:329)
	at org.testng.SuiteRunner.privateRun(SuiteRunner.java:291)
	at org.testng.SuiteRunner.run(SuiteRunner.java:240)
	at org.testng.SuiteRunnerWorker.runSuite(SuiteRunnerWorker.java:51)
	at org.testng.SuiteRunnerWorker.run(SuiteRunnerWorker.java:85)
	at org.testng.TestNG.runSuitesSequentially(TestNG.java:1197)
	at org.testng.TestNG.runSuitesLocally(TestNG.java:1122)
	at org.testng.TestNG.run(TestNG.java:1030)
	at org.testng.remote.AbstractRemoteTestNG.run(AbstractRemoteTestNG.java:132)
	at org.testng.remote.RemoteTestNG.initAndRun(RemoteTestNG.java:230)
	at org.testng.remote.RemoteTestNG.main(RemoteTestNG.java:76)
]]>
    </failure>
  </testcase> <!-- verify_elavonFontBlogListiingPage -->
  <testcase name="verify_elanFontBlogListiingPage" time="39.244" classname="com.galenframework.java.USB.tests.SingleVerification$BlogListingVerification">
    <failure type="com.galenframework.support.LayoutValidationException" message="/specs/Sprint2/Elan/DESKTOP/BlogListingELAN.spec, tags: [Desktop]
  - &quot;BlogListingHeadline&quot; css property &quot;font-family&quot; is &quot;&quot;roboto-bold&quot;&quot; but should be &quot;roboto-bold&quot; (/specs/Sprint2/Elan/DESKTOP/BlogListingELAN.spec:19)
  - &quot;BlogListingHeadline&quot; css property &quot;line-height&quot; is &quot;60px&quot; but should be &quot;58px&quot; (/specs/Sprint2/Elan/DESKTOP/BlogListingELAN.spec:20)
  - &quot;BLDropDownlabel&quot; css property &quot;color&quot; is &quot;rgba(7, 21, 89, 1)&quot; but should be &quot;rgba(35, 36, 96, 1)&quot; (/specs/Sprint2/Elan/DESKTOP/BlogListingELAN.spec:24)
  - &quot;BLDropDownlabel&quot; css property &quot;font-family&quot; is &quot;&quot;roboto-bold&quot;&quot; but should be &quot;roboto-bold&quot; (/specs/Sprint2/Elan/DESKTOP/BlogListingELAN.spec:26)
  - &quot;BlogListingTitle1&quot; css property &quot;font-family&quot; is &quot;&quot;roboto-bold&quot;&quot; but should be &quot;roboto-bold&quot; (/specs/Sprint2/Elan/DESKTOP/BlogListingELAN.spec:33)
  - &quot;BlogListingSummary1&quot; css property &quot;font-family&quot; is &quot;&quot;roboto-light&quot;&quot; but should be &quot;roboto-light&quot; (/specs/Sprint2/Elan/DESKTOP/BlogListingELAN.spec:41)
  - &quot;BlogListingPostingDate&quot; css property &quot;color&quot; is &quot;rgba(220, 62, 75, 1)&quot; but should be &quot;rgba(25, 56, 136, 1)&quot; (/specs/Sprint2/Elan/DESKTOP/BlogListingELAN.spec:46)
  - &quot;BlogListingPostingDate&quot; css property &quot;font-family&quot; is &quot;&quot;roboto-bold&quot;&quot; but should be &quot;roboto-bold&quot; (/specs/Sprint2/Elan/DESKTOP/BlogListingELAN.spec:48)
  - &quot;DropDownSelect&quot; css property &quot;color&quot; is &quot;rgba(10, 28, 118, 1)&quot; but should be &quot;rgba(25, 56, 136, 1)&quot; (/specs/Sprint2/Elan/DESKTOP/BlogListingELAN.spec:53)
  - &quot;DropDownSelect&quot; css property &quot;font-family&quot; is &quot;&quot;roboto-bold&quot;&quot; but should be &quot;roboto-bold&quot; (/specs/Sprint2/Elan/DESKTOP/BlogListingELAN.spec:55)
  - &quot;DropDownSelectICON&quot; width is 20.00px instead of 7.12px (/specs/Sprint2/Elan/DESKTOP/BlogListingELAN.spec:61)
  - &quot;DropDownSelectICON&quot; height is 15.00px instead of 3.56px (/specs/Sprint2/Elan/DESKTOP/BlogListingELAN.spec:62)
">
      <![CDATA[com.galenframework.support.LayoutValidationException: /specs/Sprint2/Elan/DESKTOP/BlogListingELAN.spec, tags: [Desktop]
  - "BlogListingHeadline" css property "font-family" is ""roboto-bold"" but should be "roboto-bold" (/specs/Sprint2/Elan/DESKTOP/BlogListingELAN.spec:19)
  - "BlogListingHeadline" css property "line-height" is "60px" but should be "58px" (/specs/Sprint2/Elan/DESKTOP/BlogListingELAN.spec:20)
  - "BLDropDownlabel" css property "color" is "rgba(7, 21, 89, 1)" but should be "rgba(35, 36, 96, 1)" (/specs/Sprint2/Elan/DESKTOP/BlogListingELAN.spec:24)
  - "BLDropDownlabel" css property "font-family" is ""roboto-bold"" but should be "roboto-bold" (/specs/Sprint2/Elan/DESKTOP/BlogListingELAN.spec:26)
  - "BlogListingTitle1" css property "font-family" is ""roboto-bold"" but should be "roboto-bold" (/specs/Sprint2/Elan/DESKTOP/BlogListingELAN.spec:33)
  - "BlogListingSummary1" css property "font-family" is ""roboto-light"" but should be "roboto-light" (/specs/Sprint2/Elan/DESKTOP/BlogListingELAN.spec:41)
  - "BlogListingPostingDate" css property "color" is "rgba(220, 62, 75, 1)" but should be "rgba(25, 56, 136, 1)" (/specs/Sprint2/Elan/DESKTOP/BlogListingELAN.spec:46)
  - "BlogListingPostingDate" css property "font-family" is ""roboto-bold"" but should be "roboto-bold" (/specs/Sprint2/Elan/DESKTOP/BlogListingELAN.spec:48)
  - "DropDownSelect" css property "color" is "rgba(10, 28, 118, 1)" but should be "rgba(25, 56, 136, 1)" (/specs/Sprint2/Elan/DESKTOP/BlogListingELAN.spec:53)
  - "DropDownSelect" css property "font-family" is ""roboto-bold"" but should be "roboto-bold" (/specs/Sprint2/Elan/DESKTOP/BlogListingELAN.spec:55)
  - "DropDownSelectICON" width is 20.00px instead of 7.12px (/specs/Sprint2/Elan/DESKTOP/BlogListingELAN.spec:61)
  - "DropDownSelectICON" height is 15.00px instead of 3.56px (/specs/Sprint2/Elan/DESKTOP/BlogListingELAN.spec:62)

	at com.galenframework.support.GalenJavaTestBase.checkLayout(GalenJavaTestBase.java:129)
	at com.galenframework.support.GalenJavaTestBase.checkLayout(GalenJavaTestBase.java:111)
	at com.galenframework.java.USB.tests.SingleVerification$BlogListingVerification.verify_elanFontBlogListiingPage(SingleVerification.java:90)
	at sun.reflect.NativeMethodAccessorImpl.invoke0(Native Method)
	at sun.reflect.NativeMethodAccessorImpl.invoke(NativeMethodAccessorImpl.java:62)
	at sun.reflect.DelegatingMethodAccessorImpl.invoke(DelegatingMethodAccessorImpl.java:43)
	at java.lang.reflect.Method.invoke(Method.java:498)
	at org.testng.internal.MethodInvocationHelper.invokeMethod(MethodInvocationHelper.java:80)
	at org.testng.internal.Invoker.invokeMethod(Invoker.java:715)
	at org.testng.internal.Invoker.invokeTestMethod(Invoker.java:907)
	at org.testng.internal.Invoker.invokeTestMethods(Invoker.java:1237)
	at org.testng.internal.TestMethodWorker.invokeTestMethods(TestMethodWorker.java:127)
	at org.testng.internal.TestMethodWorker.run(TestMethodWorker.java:111)
	at org.testng.TestRunner.privateRun(TestRunner.java:767)
	at org.testng.TestRunner.run(TestRunner.java:617)
	at org.testng.SuiteRunner.runTest(SuiteRunner.java:334)
	at org.testng.SuiteRunner.runSequentially(SuiteRunner.java:329)
	at org.testng.SuiteRunner.privateRun(SuiteRunner.java:291)
	at org.testng.SuiteRunner.run(SuiteRunner.java:240)
	at org.testng.SuiteRunnerWorker.runSuite(SuiteRunnerWorker.java:51)
	at org.testng.SuiteRunnerWorker.run(SuiteRunnerWorker.java:85)
	at org.testng.TestNG.runSuitesSequentially(TestNG.java:1197)
	at org.testng.TestNG.runSuitesLocally(TestNG.java:1122)
	at org.testng.TestNG.run(TestNG.java:1030)
	at org.testng.remote.AbstractRemoteTestNG.run(AbstractRemoteTestNG.java:132)
	at org.testng.remote.RemoteTestNG.initAndRun(RemoteTestNG.java:230)
	at org.testng.remote.RemoteTestNG.main(RemoteTestNG.java:76)
]]>
    </failure>
  </testcase> <!-- verify_elanFontBlogListiingPage -->
  <testcase name="verify_elanFontBlogListiingPage" time="36.116" classname="com.galenframework.java.USB.tests.SingleVerification$BlogListingVerification">
    <failure type="com.galenframework.support.LayoutValidationException" message="/specs/Sprint2/Elan/DESKTOP/BlogListingELAN.spec, tags: [Mobile]
  - &quot;BlogListingHeadline&quot; css property &quot;font-family&quot; is &quot;&quot;roboto-bold&quot;&quot; but should be &quot;roboto-bold&quot; (/specs/Sprint2/Elan/DESKTOP/BlogListingELAN.spec:121)
  - &quot;BlogListingHeadline&quot; css property &quot;line-height&quot; is &quot;27px&quot; but should be &quot;39px&quot; (/specs/Sprint2/Elan/DESKTOP/BlogListingELAN.spec:122)
  - &quot;BLDropDownlabel&quot; css property &quot;color&quot; is &quot;rgba(7, 21, 89, 1)&quot; but should be &quot;rgba(35, 36, 96, 1)&quot; (/specs/Sprint2/Elan/DESKTOP/BlogListingELAN.spec:126)
  - &quot;BLDropDownlabel&quot; css property &quot;font-family&quot; is &quot;&quot;roboto-bold&quot;&quot; but should be &quot;roboto-bold&quot; (/specs/Sprint2/Elan/DESKTOP/BlogListingELAN.spec:128)
  - &quot;BlogListingTitle1&quot; css property &quot;font-family&quot; is &quot;&quot;roboto-bold&quot;&quot; but should be &quot;roboto-bold&quot; (/specs/Sprint2/Elan/DESKTOP/BlogListingELAN.spec:136)
  - &quot;BlogListingSummary1&quot; css property &quot;font-family&quot; is &quot;&quot;roboto-light&quot;&quot; but should be &quot;roboto-light&quot; (/specs/Sprint2/Elan/DESKTOP/BlogListingELAN.spec:143)
  - &quot;BlogListingPostingDate&quot; css property &quot;color&quot; is &quot;rgba(220, 62, 75, 1)&quot; but should be &quot;rgba(25, 49, 115, 1)&quot; (/specs/Sprint2/Elan/DESKTOP/BlogListingELAN.spec:148)
  - &quot;BlogListingPostingDate&quot; css property &quot;font-family&quot; is &quot;&quot;roboto-bold&quot;&quot; but should be &quot;roboto-bold&quot; (/specs/Sprint2/Elan/DESKTOP/BlogListingELAN.spec:150)
  - &quot;BlogListingPostingDate&quot; css property &quot;line-height&quot; is &quot;18px&quot; but should be &quot;32px&quot; (/specs/Sprint2/Elan/DESKTOP/BlogListingELAN.spec:151)
  - &quot;DropDownSelect&quot; css property &quot;color&quot; is &quot;rgba(10, 28, 118, 1)&quot; but should be &quot;rgba(25, 56, 136, 1)&quot; (/specs/Sprint2/Elan/DESKTOP/BlogListingELAN.spec:155)
  - &quot;DropDownSelect&quot; css property &quot;font-family&quot; is &quot;&quot;roboto-bold&quot;&quot; but should be &quot;roboto-bold&quot; (/specs/Sprint2/Elan/DESKTOP/BlogListingELAN.spec:157)
  - &quot;DropDownSelectICON&quot; width is 20.00px instead of 7.12px (/specs/Sprint2/Elan/DESKTOP/BlogListingELAN.spec:163)
  - &quot;DropDownSelectICON&quot; height is 15.00px instead of 3.56px (/specs/Sprint2/Elan/DESKTOP/BlogListingELAN.spec:164)
">
      <![CDATA[com.galenframework.support.LayoutValidationException: /specs/Sprint2/Elan/DESKTOP/BlogListingELAN.spec, tags: [Mobile]
  - "BlogListingHeadline" css property "font-family" is ""roboto-bold"" but should be "roboto-bold" (/specs/Sprint2/Elan/DESKTOP/BlogListingELAN.spec:121)
  - "BlogListingHeadline" css property "line-height" is "27px" but should be "39px" (/specs/Sprint2/Elan/DESKTOP/BlogListingELAN.spec:122)
  - "BLDropDownlabel" css property "color" is "rgba(7, 21, 89, 1)" but should be "rgba(35, 36, 96, 1)" (/specs/Sprint2/Elan/DESKTOP/BlogListingELAN.spec:126)
  - "BLDropDownlabel" css property "font-family" is ""roboto-bold"" but should be "roboto-bold" (/specs/Sprint2/Elan/DESKTOP/BlogListingELAN.spec:128)
  - "BlogListingTitle1" css property "font-family" is ""roboto-bold"" but should be "roboto-bold" (/specs/Sprint2/Elan/DESKTOP/BlogListingELAN.spec:136)
  - "BlogListingSummary1" css property "font-family" is ""roboto-light"" but should be "roboto-light" (/specs/Sprint2/Elan/DESKTOP/BlogListingELAN.spec:143)
  - "BlogListingPostingDate" css property "color" is "rgba(220, 62, 75, 1)" but should be "rgba(25, 49, 115, 1)" (/specs/Sprint2/Elan/DESKTOP/BlogListingELAN.spec:148)
  - "BlogListingPostingDate" css property "font-family" is ""roboto-bold"" but should be "roboto-bold" (/specs/Sprint2/Elan/DESKTOP/BlogListingELAN.spec:150)
  - "BlogListingPostingDate" css property "line-height" is "18px" but should be "32px" (/specs/Sprint2/Elan/DESKTOP/BlogListingELAN.spec:151)
  - "DropDownSelect" css property "color" is "rgba(10, 28, 118, 1)" but should be "rgba(25, 56, 136, 1)" (/specs/Sprint2/Elan/DESKTOP/BlogListingELAN.spec:155)
  - "DropDownSelect" css property "font-family" is ""roboto-bold"" but should be "roboto-bold" (/specs/Sprint2/Elan/DESKTOP/BlogListingELAN.spec:157)
  - "DropDownSelectICON" width is 20.00px instead of 7.12px (/specs/Sprint2/Elan/DESKTOP/BlogListingELAN.spec:163)
  - "DropDownSelectICON" height is 15.00px instead of 3.56px (/specs/Sprint2/Elan/DESKTOP/BlogListingELAN.spec:164)

	at com.galenframework.support.GalenJavaTestBase.checkLayout(GalenJavaTestBase.java:129)
	at com.galenframework.support.GalenJavaTestBase.checkLayout(GalenJavaTestBase.java:111)
	at com.galenframework.java.USB.tests.SingleVerification$BlogListingVerification.verify_elanFontBlogListiingPage(SingleVerification.java:90)
	at sun.reflect.NativeMethodAccessorImpl.invoke0(Native Method)
	at sun.reflect.NativeMethodAccessorImpl.invoke(NativeMethodAccessorImpl.java:62)
	at sun.reflect.DelegatingMethodAccessorImpl.invoke(DelegatingMethodAccessorImpl.java:43)
	at java.lang.reflect.Method.invoke(Method.java:498)
	at org.testng.internal.MethodInvocationHelper.invokeMethod(MethodInvocationHelper.java:80)
	at org.testng.internal.Invoker.invokeMethod(Invoker.java:715)
	at org.testng.internal.Invoker.invokeTestMethod(Invoker.java:907)
	at org.testng.internal.Invoker.invokeTestMethods(Invoker.java:1237)
	at org.testng.internal.TestMethodWorker.invokeTestMethods(TestMethodWorker.java:127)
	at org.testng.internal.TestMethodWorker.run(TestMethodWorker.java:111)
	at org.testng.TestRunner.privateRun(TestRunner.java:767)
	at org.testng.TestRunner.run(TestRunner.java:617)
	at org.testng.SuiteRunner.runTest(SuiteRunner.java:334)
	at org.testng.SuiteRunner.runSequentially(SuiteRunner.java:329)
	at org.testng.SuiteRunner.privateRun(SuiteRunner.java:291)
	at org.testng.SuiteRunner.run(SuiteRunner.java:240)
	at org.testng.SuiteRunnerWorker.runSuite(SuiteRunnerWorker.java:51)
	at org.testng.SuiteRunnerWorker.run(SuiteRunnerWorker.java:85)
	at org.testng.TestNG.runSuitesSequentially(TestNG.java:1197)
	at org.testng.TestNG.runSuitesLocally(TestNG.java:1122)
	at org.testng.TestNG.run(TestNG.java:1030)
	at org.testng.remote.AbstractRemoteTestNG.run(AbstractRemoteTestNG.java:132)
	at org.testng.remote.RemoteTestNG.initAndRun(RemoteTestNG.java:230)
	at org.testng.remote.RemoteTestNG.main(RemoteTestNG.java:76)
]]>
    </failure>
  </testcase> <!-- verify_elanFontBlogListiingPage -->
  <testcase name="verify_elanFontBlogListiingPage" time="36.160" classname="com.galenframework.java.USB.tests.SingleVerification$BlogListingVerification">
    <failure type="com.galenframework.support.LayoutValidationException" message="/specs/Sprint2/Elan/DESKTOP/BlogListingELAN.spec, tags: [tablet]
  - &quot;BlogListingHeadline&quot; css property &quot;font-family&quot; is &quot;&quot;roboto-bold&quot;&quot; but should be &quot;roboto-bold&quot; (/specs/Sprint2/Elan/DESKTOP/BlogListingELAN.spec:69)
  - &quot;BlogListingHeadline&quot; css property &quot;line-height&quot; is &quot;60px&quot; but should be &quot;58px&quot; (/specs/Sprint2/Elan/DESKTOP/BlogListingELAN.spec:70)
  - &quot;BLDropDownlabel&quot; css property &quot;color&quot; is &quot;rgba(7, 21, 89, 1)&quot; but should be &quot;rgba(35, 36, 96, 1)&quot; (/specs/Sprint2/Elan/DESKTOP/BlogListingELAN.spec:74)
  - &quot;BLDropDownlabel&quot; css property &quot;font-family&quot; is &quot;&quot;roboto-bold&quot;&quot; but should be &quot;roboto-bold&quot; (/specs/Sprint2/Elan/DESKTOP/BlogListingELAN.spec:76)
  - &quot;BlogListingTitle1&quot; css property &quot;font-family&quot; is &quot;&quot;roboto-bold&quot;&quot; but should be &quot;roboto-bold&quot; (/specs/Sprint2/Elan/DESKTOP/BlogListingELAN.spec:84)
  - &quot;BlogListingSummary1&quot; css property &quot;font-family&quot; is &quot;&quot;roboto-light&quot;&quot; but should be &quot;roboto-light&quot; (/specs/Sprint2/Elan/DESKTOP/BlogListingELAN.spec:92)
  - &quot;BlogListingPostingDate&quot; css property &quot;color&quot; is &quot;rgba(220, 62, 75, 1)&quot; but should be &quot;rgba(25, 49, 115, 1)&quot; (/specs/Sprint2/Elan/DESKTOP/BlogListingELAN.spec:97)
  - &quot;BlogListingPostingDate&quot; css property &quot;font-family&quot; is &quot;&quot;roboto-bold&quot;&quot; but should be &quot;roboto-bold&quot; (/specs/Sprint2/Elan/DESKTOP/BlogListingELAN.spec:99)
  - &quot;DropDownSelect&quot; css property &quot;color&quot; is &quot;rgba(10, 28, 118, 1)&quot; but should be &quot;rgba(25, 56, 136, 1)&quot; (/specs/Sprint2/Elan/DESKTOP/BlogListingELAN.spec:104)
  - &quot;DropDownSelect&quot; css property &quot;font-family&quot; is &quot;&quot;roboto-bold&quot;&quot; but should be &quot;roboto-bold&quot; (/specs/Sprint2/Elan/DESKTOP/BlogListingELAN.spec:106)
  - &quot;DropDownSelectICON&quot; width is 20.00px instead of 7.12px (/specs/Sprint2/Elan/DESKTOP/BlogListingELAN.spec:112)
  - &quot;DropDownSelectICON&quot; height is 15.00px instead of 3.56px (/specs/Sprint2/Elan/DESKTOP/BlogListingELAN.spec:113)
">
      <![CDATA[com.galenframework.support.LayoutValidationException: /specs/Sprint2/Elan/DESKTOP/BlogListingELAN.spec, tags: [tablet]
  - "BlogListingHeadline" css property "font-family" is ""roboto-bold"" but should be "roboto-bold" (/specs/Sprint2/Elan/DESKTOP/BlogListingELAN.spec:69)
  - "BlogListingHeadline" css property "line-height" is "60px" but should be "58px" (/specs/Sprint2/Elan/DESKTOP/BlogListingELAN.spec:70)
  - "BLDropDownlabel" css property "color" is "rgba(7, 21, 89, 1)" but should be "rgba(35, 36, 96, 1)" (/specs/Sprint2/Elan/DESKTOP/BlogListingELAN.spec:74)
  - "BLDropDownlabel" css property "font-family" is ""roboto-bold"" but should be "roboto-bold" (/specs/Sprint2/Elan/DESKTOP/BlogListingELAN.spec:76)
  - "BlogListingTitle1" css property "font-family" is ""roboto-bold"" but should be "roboto-bold" (/specs/Sprint2/Elan/DESKTOP/BlogListingELAN.spec:84)
  - "BlogListingSummary1" css property "font-family" is ""roboto-light"" but should be "roboto-light" (/specs/Sprint2/Elan/DESKTOP/BlogListingELAN.spec:92)
  - "BlogListingPostingDate" css property "color" is "rgba(220, 62, 75, 1)" but should be "rgba(25, 49, 115, 1)" (/specs/Sprint2/Elan/DESKTOP/BlogListingELAN.spec:97)
  - "BlogListingPostingDate" css property "font-family" is ""roboto-bold"" but should be "roboto-bold" (/specs/Sprint2/Elan/DESKTOP/BlogListingELAN.spec:99)
  - "DropDownSelect" css property "color" is "rgba(10, 28, 118, 1)" but should be "rgba(25, 56, 136, 1)" (/specs/Sprint2/Elan/DESKTOP/BlogListingELAN.spec:104)
  - "DropDownSelect" css property "font-family" is ""roboto-bold"" but should be "roboto-bold" (/specs/Sprint2/Elan/DESKTOP/BlogListingELAN.spec:106)
  - "DropDownSelectICON" width is 20.00px instead of 7.12px (/specs/Sprint2/Elan/DESKTOP/BlogListingELAN.spec:112)
  - "DropDownSelectICON" height is 15.00px instead of 3.56px (/specs/Sprint2/Elan/DESKTOP/BlogListingELAN.spec:113)

	at com.galenframework.support.GalenJavaTestBase.checkLayout(GalenJavaTestBase.java:129)
	at com.galenframework.support.GalenJavaTestBase.checkLayout(GalenJavaTestBase.java:111)
	at com.galenframework.java.USB.tests.SingleVerification$BlogListingVerification.verify_elanFontBlogListiingPage(SingleVerification.java:90)
	at sun.reflect.NativeMethodAccessorImpl.invoke0(Native Method)
	at sun.reflect.NativeMethodAccessorImpl.invoke(NativeMethodAccessorImpl.java:62)
	at sun.reflect.DelegatingMethodAccessorImpl.invoke(DelegatingMethodAccessorImpl.java:43)
	at java.lang.reflect.Method.invoke(Method.java:498)
	at org.testng.internal.MethodInvocationHelper.invokeMethod(MethodInvocationHelper.java:80)
	at org.testng.internal.Invoker.invokeMethod(Invoker.java:715)
	at org.testng.internal.Invoker.invokeTestMethod(Invoker.java:907)
	at org.testng.internal.Invoker.invokeTestMethods(Invoker.java:1237)
	at org.testng.internal.TestMethodWorker.invokeTestMethods(TestMethodWorker.java:127)
	at org.testng.internal.TestMethodWorker.run(TestMethodWorker.java:111)
	at org.testng.TestRunner.privateRun(TestRunner.java:767)
	at org.testng.TestRunner.run(TestRunner.java:617)
	at org.testng.SuiteRunner.runTest(SuiteRunner.java:334)
	at org.testng.SuiteRunner.runSequentially(SuiteRunner.java:329)
	at org.testng.SuiteRunner.privateRun(SuiteRunner.java:291)
	at org.testng.SuiteRunner.run(SuiteRunner.java:240)
	at org.testng.SuiteRunnerWorker.runSuite(SuiteRunnerWorker.java:51)
	at org.testng.SuiteRunnerWorker.run(SuiteRunnerWorker.java:85)
	at org.testng.TestNG.runSuitesSequentially(TestNG.java:1197)
	at org.testng.TestNG.runSuitesLocally(TestNG.java:1122)
	at org.testng.TestNG.run(TestNG.java:1030)
	at org.testng.remote.AbstractRemoteTestNG.run(AbstractRemoteTestNG.java:132)
	at org.testng.remote.RemoteTestNG.initAndRun(RemoteTestNG.java:230)
	at org.testng.remote.RemoteTestNG.main(RemoteTestNG.java:76)
]]>
    </failure>
  </testcase> <!-- verify_elanFontBlogListiingPage -->
</testsuite> <!-- com.galenframework.java.USB.tests.SingleVerification$BlogListingVerification -->
