<?xml version="1.0" encoding="UTF-8"?>
<!-- Generated by org.testng.reporters.JUnitReportReporter -->
<testsuite hostname="delsban3586781" name="com.galenframework.java.USB.tests.SecureLandingPage_creative_Verification" tests="15" failures="15" timestamp="30 Jul 2017 17:48:34 GMT" time="1987.848" errors="0">
  <testcase name="usbPublicLandingPage" time="53.403" classname="com.galenframework.java.USB.tests.SecureLandingPage_creative_Verification">
    <failure type="com.galenframework.support.LayoutValidationException" message="/specs/usbpubliclanding.spec, tags: [tablet]
  - color #e03e4b on &quot;header-container&quot; is 5% but it should be greater than 90% (/specs/usbpubliclanding.spec:63)
  - &quot;left-menu-head&quot; is 103px left instead of 0px (/specs/usbpubliclanding.spec:66)
  - &quot;logo-img&quot; is absent on page (/specs/usbpubliclanding.spec:69)
  - &quot;logo-img&quot; is absent on page (/specs/usbpubliclanding.spec:70)
  - &quot;for-developers&quot; is 128px left instead of 229px (/specs/usbpubliclanding.spec:73)
  - &quot;logo-img&quot; is absent on page (/specs/usbpubliclanding.spec:74)
  - &quot;for-developers&quot; height is 25px which is not in range of 19 to 23px (/specs/usbpubliclanding.spec:75)
  - &quot;right-menu-head&quot; is not visible on page (/specs/usbpubliclanding.spec:112)
  - &quot;right-menu-head&quot; is not visible on page (/specs/usbpubliclanding.spec:113)
  - &quot;right-menuhead-items-1&quot; is not visible on page (/specs/usbpubliclanding.spec:117)
  - &quot;right-menuhead-items-1&quot; is not visible on page (/specs/usbpubliclanding.spec:118)
  - &quot;right-menuhead-items-1&quot; is not visible on page (/specs/usbpubliclanding.spec:121)
  - &quot;right-menuhead-items-1&quot; is not visible on page (/specs/usbpubliclanding.spec:122)
  - &quot;right-menuhead-items-2&quot; is not visible on page (/specs/usbpubliclanding.spec:121)
  - &quot;right-menuhead-items-2&quot; is not visible on page (/specs/usbpubliclanding.spec:122)
  - &quot;right-menuhead-items-2&quot; is not visible on page (/specs/usbpubliclanding.spec:126)
  - &quot;right-menuhead-items-2&quot; is not visible on page (/specs/usbpubliclanding.spec:127)
  - &quot;right-menuhead-items-3&quot; is not visible on page (/specs/usbpubliclanding.spec:121)
  - &quot;right-menuhead-items-3&quot; is not visible on page (/specs/usbpubliclanding.spec:122)
  - &quot;right-menuhead-items-3&quot; is not visible on page (/specs/usbpubliclanding.spec:126)
  - &quot;right-menuhead-items-3&quot; is not visible on page (/specs/usbpubliclanding.spec:127)
  - &quot;right-menuhead-items-4&quot; is not visible on page (/specs/usbpubliclanding.spec:121)
  - &quot;right-menuhead-items-4&quot; is not visible on page (/specs/usbpubliclanding.spec:122)
  - &quot;right-menuhead-items-4&quot; is not visible on page (/specs/usbpubliclanding.spec:126)
  - &quot;right-menuhead-items-4&quot; is not visible on page (/specs/usbpubliclanding.spec:127)
  - &quot;right-menuhead-items-5&quot; is not visible on page (/specs/usbpubliclanding.spec:121)
  - &quot;right-menuhead-items-5&quot; is not visible on page (/specs/usbpubliclanding.spec:122)
  - &quot;right-menuhead-items-5&quot; is not visible on page (/specs/usbpubliclanding.spec:126)
  - &quot;right-menuhead-items-5&quot; is not visible on page (/specs/usbpubliclanding.spec:127)
  - &quot;hero-banner&quot; is 58px top instead of 0px (/specs/usbpubliclanding.spec:176)
  - color #e03e4b on &quot;hero-banner&quot; is 58% but it should be greater than 90% (/specs/usbpubliclanding.spec:177)
  - &quot;hero-head&quot; is 11px left instead of 52px (/specs/usbpubliclanding.spec:180)
  - &quot;hero-head&quot; height is 27px which is not in range of 36 to 40px (/specs/usbpubliclanding.spec:181)
  - &quot;hero-head&quot; css property &quot;line-height&quot; is &quot;27px&quot; but should be &quot;38px&quot; (/specs/usbpubliclanding.spec:183)
  - &quot;hero-para&quot; is 11px left instead of 52px (/specs/usbpubliclanding.spec:186)
  - &quot;hero-para&quot; height is 27px which is not in range of 36 to 40px (/specs/usbpubliclanding.spec:188)
  - &quot;hero-para&quot; css property &quot;line-height&quot; is &quot;27px&quot; but should be &quot;38px&quot; (/specs/usbpubliclanding.spec:190)
  - &quot;hero-cta1&quot; is 11px left instead of 52px, is 135px top instead of 432px (/specs/usbpubliclanding.spec:193)
  - &quot;hero-cta1&quot; is 32px below &quot;hero-para&quot; instead of 71px (/specs/usbpubliclanding.spec:194)
  - &quot;hero-cta1&quot; height is 96px which is not in range of 38 to 42px (/specs/usbpubliclanding.spec:195)
  - &quot;hero-cta1&quot; css property &quot;line-height&quot; is &quot;20px&quot; but should be &quot;16px&quot; (/specs/usbpubliclanding.spec:197)
  - &quot;Highlight2&quot; height is 65px which is not in range of 98 to 104px (/specs/usbpubliclanding.spec:425)
  - &quot;Highlight2&quot; is 679px left which is not in range of 492 to 496px (/specs/usbpubliclanding.spec:426)
  - &quot;Highlight2&quot; is 403px right of &quot;Highlight1&quot; which is not in range of 215 to 219px (/specs/usbpubliclanding.spec:427)
  - &quot;Highlight3&quot; width is 65px which is not in range of 80 to 86px (/specs/usbpubliclanding.spec:431)
  - &quot;Highlight3&quot; height is 107px which is not in range of 80 to 86px (/specs/usbpubliclanding.spec:432)
  - &quot;Highlight3&quot; is 211px left which is not in range of 200 to 204px (/specs/usbpubliclanding.spec:433)
  - &quot;Highlight3&quot; is 157px below &quot;Highlight1&quot; which is not in range of 170 to 174px (/specs/usbpubliclanding.spec:434)
  - &quot;Highlight4&quot; width is 65px which is not in range of 76 to 83px (/specs/usbpubliclanding.spec:438)
  - &quot;Highlight4&quot; height is 65px which is not in range of 76 to 83px (/specs/usbpubliclanding.spec:439)
  - &quot;Highlight4&quot; is 679px left which is not in range of 483 to 487px (/specs/usbpubliclanding.spec:440)
  - &quot;Highlight4&quot; is -65px below &quot;Highlight4&quot; which is not in range of 158 to 162px (/specs/usbpubliclanding.spec:441)
  - &quot;HighlightTitle1&quot; width is 417px which is not in range of 252 to 260px (/specs/usbpubliclanding.spec:444)
  - &quot;HighlightTitle1&quot; css property &quot;font-size&quot; is &quot;22px&quot; but should be &quot;21px&quot; (/specs/usbpubliclanding.spec:446)
  - &quot;HighlightTitle1&quot; css property &quot;line-height&quot; is &quot;27px&quot; but should be &quot;26px&quot; (/specs/usbpubliclanding.spec:447)
  - &quot;HighlightTitle1&quot; is 35px left which is not in range of 113 to 117px (/specs/usbpubliclanding.spec:448)
  - &quot;HighlightTitle2&quot; width is 417px which is not in range of 252 to 260px (/specs/usbpubliclanding.spec:453)
  - &quot;HighlightTitle2&quot; css property &quot;font-size&quot; is &quot;22px&quot; but should be &quot;21px&quot; (/specs/usbpubliclanding.spec:455)
  - &quot;HighlightTitle2&quot; css property &quot;line-height&quot; is &quot;27px&quot; but should be &quot;26px&quot; (/specs/usbpubliclanding.spec:456)
  - &quot;HighlightTitle2&quot; is 503px left which is not in range of 48 to 52px (/specs/usbpubliclanding.spec:457)
  - &quot;HighlightTitle2&quot; is 53px below &quot;Highlight2&quot; which is not in range of 16 to 23px (/specs/usbpubliclanding.spec:458)
  - &quot;HighlightTitle2&quot; is 51px right of &quot;HighlightTitle1&quot; which is not in range of 23 to 27px (/specs/usbpubliclanding.spec:459)
  - &quot;HighlightTitle3&quot; width is 417px which is not in range of 273 to 279px (/specs/usbpubliclanding.spec:462)
  - &quot;HighlightTitle3&quot; css property &quot;line-height&quot; is &quot;27px&quot; but should be &quot;26px&quot; (/specs/usbpubliclanding.spec:465)
  - &quot;HighlightTitle3&quot; is 35px left which is not in range of 113 to 117px (/specs/usbpubliclanding.spec:466)
  - &quot;HighlightTitle3&quot; is 11px below &quot;Highlight3&quot; which is not in range of 36 to 40px (/specs/usbpubliclanding.spec:467)
  - &quot;HighlightTitle4&quot; width is 417px which is not in range of 273 to 279px (/specs/usbpubliclanding.spec:470)
  - &quot;HighlightTitle4&quot; css property &quot;line-height&quot; is &quot;27px&quot; but should be &quot;26px&quot; (/specs/usbpubliclanding.spec:473)
  - &quot;HighlightTitle4&quot; is 503px left which is not in range of 404 to 408px (/specs/usbpubliclanding.spec:474)
  - &quot;HighlightTitle4&quot; is 53px below &quot;Highlight4&quot; which is not in range of 37 to 41px (/specs/usbpubliclanding.spec:475)
  - &quot;HighlightTitle4&quot; is 51px right of &quot;HighlightTitle3&quot; which is not in range of 33 to 37px (/specs/usbpubliclanding.spec:476)
  - &quot;HighligtSumary1&quot; width is 417px which is not in range of 253 to 259px (/specs/usbpubliclanding.spec:480)
  - &quot;HighligtSumary1&quot; height is 18px which is not in range of 51 to 57px (/specs/usbpubliclanding.spec:481)
  - &quot;HighligtSumary1&quot; is 35px left which is not in range of 113 to 117px (/specs/usbpubliclanding.spec:484)
  - &quot;HighligtSumary1&quot; is 14px below &quot;HighlightTitle1&quot; which is not in range of 5 to 12px (/specs/usbpubliclanding.spec:485)
  - &quot;HighligtSumary2&quot; width is 417px which is not in range of 253 to 259px (/specs/usbpubliclanding.spec:489)
  - &quot;HighligtSumary2&quot; is 503px left which is not in range of 394 to 398px (/specs/usbpubliclanding.spec:493)
  - &quot;HighligtSumary2&quot; is 14px below &quot;HighlightTitle2&quot; which is not in range of 5 to 12px (/specs/usbpubliclanding.spec:494)
  - &quot;HighligtSumary2&quot; is 51px right of &quot;HighligtSumary1&quot; which is not in range of 23 to 27px (/specs/usbpubliclanding.spec:495)
  - &quot;HighligtSumary3&quot; width is 417px which is not in range of 253 to 259px (/specs/usbpubliclanding.spec:499)
  - &quot;HighligtSumary3&quot; height is 36px which is not in range of 51 to 57px (/specs/usbpubliclanding.spec:500)
  - &quot;HighligtSumary3&quot; is 35px left which is not in range of 113 to 117px (/specs/usbpubliclanding.spec:503)
  - &quot;HighligtSumary4&quot; width is 417px which is not in range of 253 to 259px (/specs/usbpubliclanding.spec:508)
  - &quot;HighligtSumary4&quot; height is 36px which is not in range of 51 to 57px (/specs/usbpubliclanding.spec:509)
  - &quot;HighligtSumary4&quot; is 503px left which is not in range of 51 to 55px (/specs/usbpubliclanding.spec:512)
  - &quot;HighligtSumary4&quot; is 14px below &quot;HighlightTitle3&quot; which is not in range of 9 to 13px (/specs/usbpubliclanding.spec:513)
  - &quot;HighligtSumary4&quot; is 51px right of &quot;HighligtSumary3&quot; which is not in range of 24 to 28px (/specs/usbpubliclanding.spec:514)
  - &quot;ToolsDoc&quot; width is 939px which is not in range of 381 to 387px (/specs/usbpubliclanding.spec:618)
  - &quot;ToolsDoc&quot; is 11px left which is not in range of 191 to 195px (/specs/usbpubliclanding.spec:622)
  - &quot;ToolSumry&quot; width is 657px which is not in range of 381 to 387px (/specs/usbpubliclanding.spec:626)
  - &quot;ToolSumry&quot; height is 54px which is not in range of 68 to 75px (/specs/usbpubliclanding.spec:627)
  - &quot;ToolSumry&quot; is 152px left which is not in range of 191 to 195px (/specs/usbpubliclanding.spec:630)
  - &quot;ToolSumry&quot; is 29px below &quot;ToolsDoc&quot; which is not in range of 21 to 25px (/specs/usbpubliclanding.spec:631)
  - &quot;Tooltext&quot; width is 751px which is not in range of 567 to 574px (/specs/usbpubliclanding.spec:634)
  - &quot;Tooltext&quot; css property &quot;line-height&quot; is &quot;15px&quot; but should be &quot;14px&quot; (/specs/usbpubliclanding.spec:637)
  - &quot;Tooltext&quot; is 105px left which is not in range of 98 to 102px (/specs/usbpubliclanding.spec:638)
  - &quot;CodeSnippet&quot; width is 650px which is not in range of 584 to 592px (/specs/usbpubliclanding.spec:642)
  - &quot;CodeSnippet&quot; height is 300px which is not in range of 312 to 319px (/specs/usbpubliclanding.spec:643)
  - &quot;CodeSnippet&quot; is 156px left which is not in range of 88 to 92px (/specs/usbpubliclanding.spec:644)
  - &quot;CTA1&quot; is 308px left which is not in range of 209 to 213px (/specs/usbpubliclanding.spec:651)
  - &quot;CTA1&quot; css property &quot;line-height&quot; is &quot;18px&quot; but should be &quot;16px&quot; (/specs/usbpubliclanding.spec:653)
  - &quot;CTA1&quot; is 18px below &quot;CodeSnippet&quot; which is not in range of 28 to 32px (/specs/usbpubliclanding.spec:654)
  - &quot;CTA2&quot; is 493px left which is not in range of 395 to 399px (/specs/usbpubliclanding.spec:659)
  - &quot;CTA2&quot; css property &quot;line-height&quot; is &quot;18px&quot; but should be &quot;16px&quot; (/specs/usbpubliclanding.spec:661)
  - Cannot find locator for &quot;Codesni&quot; in page spec (/specs/usbpubliclanding.spec:663)
  - &quot;help-component&quot; height is 218px which is not in range of 238 to 242px (/specs/usbpubliclanding.spec:707)
  - &quot;help-first-leaf&quot; is 399px left instead of 0px (/specs/usbpubliclanding.spec:710)
  - &quot;help-first-leaf&quot; height is 46px which is not in range of 29 to 33px (/specs/usbpubliclanding.spec:711)
  - &quot;help-last-leaf&quot; is 398px left instead of 270px (/specs/usbpubliclanding.spec:716)
  - &quot;help-last-leaf&quot; is 23px below &quot;help-first-leaf&quot; instead of 30px (/specs/usbpubliclanding.spec:717)
  - &quot;help-last-leaf&quot; height is 40px which is not in range of 48 to 52px (/specs/usbpubliclanding.spec:718)
  - &quot;help-last-leaf&quot; css property &quot;line-height&quot; is &quot;18px&quot; but should be &quot;16px&quot; (/specs/usbpubliclanding.spec:720)
  - Cannot find locator for &quot;footer-container&quot; in page spec (/specs/usbpubliclanding.spec:734)
  - Cannot find locator for &quot;footer-container&quot; in page spec (/specs/usbpubliclanding.spec:735)
  - Cannot find locator for &quot;footer-container&quot; in page spec (/specs/usbpubliclanding.spec:736)
  - &quot;footer-copy-right&quot; is not visible on page (/specs/usbpubliclanding.spec:739)
  - Cannot find locator for &quot;footer-container&quot; in page spec (/specs/usbpubliclanding.spec:774)
  - &quot;footer-copy-right&quot; is not visible on page (/specs/usbpubliclanding.spec:775)
  - &quot;footer-rtmenu-items-1&quot; is 0px right which is not in range of 230 to 232px (/specs/usbpubliclanding.spec:779)
  - &quot;footer-rtmenu-items-1&quot; height is 34px which is not in range of 18 to 22px (/specs/usbpubliclanding.spec:780)
  - color #ffffff on &quot;footer-rtmenu-items-1&quot; is 0% instead of 5% (/specs/usbpubliclanding.spec:781)
  - &quot;footer-rtmenu-items-1&quot; height is 34px which is not in range of 18 to 22px (/specs/usbpubliclanding.spec:785)
  - &quot;footer-rtmenu-items-2&quot; height is 34px which is not in range of 18 to 22px (/specs/usbpubliclanding.spec:785)
  - &quot;footer-rtmenu-items-2&quot; is -939px right of &quot;footer-rtmenu-items-1&quot; which is not in range of 26 to 28px (/specs/usbpubliclanding.spec:789)
  - &quot;footer-rtmenu-items-3&quot; height is 34px which is not in range of 18 to 22px (/specs/usbpubliclanding.spec:785)
  - &quot;footer-rtmenu-items-3&quot; is -939px right of &quot;footer-rtmenu-items-2&quot; which is not in range of 26 to 28px (/specs/usbpubliclanding.spec:789)
  - &quot;footer-rtmenu-items-4&quot; height is 34px which is not in range of 18 to 22px (/specs/usbpubliclanding.spec:785)
  - &quot;footer-rtmenu-items-4&quot; is -939px right of &quot;footer-rtmenu-items-3&quot; which is not in range of 26 to 28px (/specs/usbpubliclanding.spec:789)
  - &quot;footer-rtmenu-items-5&quot; height is 34px which is not in range of 18 to 22px (/specs/usbpubliclanding.spec:785)
  - &quot;footer-rtmenu-items-5&quot; is -939px right of &quot;footer-rtmenu-items-4&quot; which is not in range of 26 to 28px (/specs/usbpubliclanding.spec:789)
  - &quot;footer-rtmenu-items-6&quot; height is 34px which is not in range of 18 to 22px (/specs/usbpubliclanding.spec:785)
  - &quot;footer-rtmenu-items-6&quot; is -939px right of &quot;footer-rtmenu-items-5&quot; which is not in range of 26 to 28px (/specs/usbpubliclanding.spec:789)
">
      <![CDATA[com.galenframework.support.LayoutValidationException: /specs/usbpubliclanding.spec, tags: [tablet]
  - color #e03e4b on "header-container" is 5% but it should be greater than 90% (/specs/usbpubliclanding.spec:63)
  - "left-menu-head" is 103px left instead of 0px (/specs/usbpubliclanding.spec:66)
  - "logo-img" is absent on page (/specs/usbpubliclanding.spec:69)
  - "logo-img" is absent on page (/specs/usbpubliclanding.spec:70)
  - "for-developers" is 128px left instead of 229px (/specs/usbpubliclanding.spec:73)
  - "logo-img" is absent on page (/specs/usbpubliclanding.spec:74)
  - "for-developers" height is 25px which is not in range of 19 to 23px (/specs/usbpubliclanding.spec:75)
  - "right-menu-head" is not visible on page (/specs/usbpubliclanding.spec:112)
  - "right-menu-head" is not visible on page (/specs/usbpubliclanding.spec:113)
  - "right-menuhead-items-1" is not visible on page (/specs/usbpubliclanding.spec:117)
  - "right-menuhead-items-1" is not visible on page (/specs/usbpubliclanding.spec:118)
  - "right-menuhead-items-1" is not visible on page (/specs/usbpubliclanding.spec:121)
  - "right-menuhead-items-1" is not visible on page (/specs/usbpubliclanding.spec:122)
  - "right-menuhead-items-2" is not visible on page (/specs/usbpubliclanding.spec:121)
  - "right-menuhead-items-2" is not visible on page (/specs/usbpubliclanding.spec:122)
  - "right-menuhead-items-2" is not visible on page (/specs/usbpubliclanding.spec:126)
  - "right-menuhead-items-2" is not visible on page (/specs/usbpubliclanding.spec:127)
  - "right-menuhead-items-3" is not visible on page (/specs/usbpubliclanding.spec:121)
  - "right-menuhead-items-3" is not visible on page (/specs/usbpubliclanding.spec:122)
  - "right-menuhead-items-3" is not visible on page (/specs/usbpubliclanding.spec:126)
  - "right-menuhead-items-3" is not visible on page (/specs/usbpubliclanding.spec:127)
  - "right-menuhead-items-4" is not visible on page (/specs/usbpubliclanding.spec:121)
  - "right-menuhead-items-4" is not visible on page (/specs/usbpubliclanding.spec:122)
  - "right-menuhead-items-4" is not visible on page (/specs/usbpubliclanding.spec:126)
  - "right-menuhead-items-4" is not visible on page (/specs/usbpubliclanding.spec:127)
  - "right-menuhead-items-5" is not visible on page (/specs/usbpubliclanding.spec:121)
  - "right-menuhead-items-5" is not visible on page (/specs/usbpubliclanding.spec:122)
  - "right-menuhead-items-5" is not visible on page (/specs/usbpubliclanding.spec:126)
  - "right-menuhead-items-5" is not visible on page (/specs/usbpubliclanding.spec:127)
  - "hero-banner" is 58px top instead of 0px (/specs/usbpubliclanding.spec:176)
  - color #e03e4b on "hero-banner" is 58% but it should be greater than 90% (/specs/usbpubliclanding.spec:177)
  - "hero-head" is 11px left instead of 52px (/specs/usbpubliclanding.spec:180)
  - "hero-head" height is 27px which is not in range of 36 to 40px (/specs/usbpubliclanding.spec:181)
  - "hero-head" css property "line-height" is "27px" but should be "38px" (/specs/usbpubliclanding.spec:183)
  - "hero-para" is 11px left instead of 52px (/specs/usbpubliclanding.spec:186)
  - "hero-para" height is 27px which is not in range of 36 to 40px (/specs/usbpubliclanding.spec:188)
  - "hero-para" css property "line-height" is "27px" but should be "38px" (/specs/usbpubliclanding.spec:190)
  - "hero-cta1" is 11px left instead of 52px, is 135px top instead of 432px (/specs/usbpubliclanding.spec:193)
  - "hero-cta1" is 32px below "hero-para" instead of 71px (/specs/usbpubliclanding.spec:194)
  - "hero-cta1" height is 96px which is not in range of 38 to 42px (/specs/usbpubliclanding.spec:195)
  - "hero-cta1" css property "line-height" is "20px" but should be "16px" (/specs/usbpubliclanding.spec:197)
  - "Highlight2" height is 65px which is not in range of 98 to 104px (/specs/usbpubliclanding.spec:425)
  - "Highlight2" is 679px left which is not in range of 492 to 496px (/specs/usbpubliclanding.spec:426)
  - "Highlight2" is 403px right of "Highlight1" which is not in range of 215 to 219px (/specs/usbpubliclanding.spec:427)
  - "Highlight3" width is 65px which is not in range of 80 to 86px (/specs/usbpubliclanding.spec:431)
  - "Highlight3" height is 107px which is not in range of 80 to 86px (/specs/usbpubliclanding.spec:432)
  - "Highlight3" is 211px left which is not in range of 200 to 204px (/specs/usbpubliclanding.spec:433)
  - "Highlight3" is 157px below "Highlight1" which is not in range of 170 to 174px (/specs/usbpubliclanding.spec:434)
  - "Highlight4" width is 65px which is not in range of 76 to 83px (/specs/usbpubliclanding.spec:438)
  - "Highlight4" height is 65px which is not in range of 76 to 83px (/specs/usbpubliclanding.spec:439)
  - "Highlight4" is 679px left which is not in range of 483 to 487px (/specs/usbpubliclanding.spec:440)
  - "Highlight4" is -65px below "Highlight4" which is not in range of 158 to 162px (/specs/usbpubliclanding.spec:441)
  - "HighlightTitle1" width is 417px which is not in range of 252 to 260px (/specs/usbpubliclanding.spec:444)
  - "HighlightTitle1" css property "font-size" is "22px" but should be "21px" (/specs/usbpubliclanding.spec:446)
  - "HighlightTitle1" css property "line-height" is "27px" but should be "26px" (/specs/usbpubliclanding.spec:447)
  - "HighlightTitle1" is 35px left which is not in range of 113 to 117px (/specs/usbpubliclanding.spec:448)
  - "HighlightTitle2" width is 417px which is not in range of 252 to 260px (/specs/usbpubliclanding.spec:453)
  - "HighlightTitle2" css property "font-size" is "22px" but should be "21px" (/specs/usbpubliclanding.spec:455)
  - "HighlightTitle2" css property "line-height" is "27px" but should be "26px" (/specs/usbpubliclanding.spec:456)
  - "HighlightTitle2" is 503px left which is not in range of 48 to 52px (/specs/usbpubliclanding.spec:457)
  - "HighlightTitle2" is 53px below "Highlight2" which is not in range of 16 to 23px (/specs/usbpubliclanding.spec:458)
  - "HighlightTitle2" is 51px right of "HighlightTitle1" which is not in range of 23 to 27px (/specs/usbpubliclanding.spec:459)
  - "HighlightTitle3" width is 417px which is not in range of 273 to 279px (/specs/usbpubliclanding.spec:462)
  - "HighlightTitle3" css property "line-height" is "27px" but should be "26px" (/specs/usbpubliclanding.spec:465)
  - "HighlightTitle3" is 35px left which is not in range of 113 to 117px (/specs/usbpubliclanding.spec:466)
  - "HighlightTitle3" is 11px below "Highlight3" which is not in range of 36 to 40px (/specs/usbpubliclanding.spec:467)
  - "HighlightTitle4" width is 417px which is not in range of 273 to 279px (/specs/usbpubliclanding.spec:470)
  - "HighlightTitle4" css property "line-height" is "27px" but should be "26px" (/specs/usbpubliclanding.spec:473)
  - "HighlightTitle4" is 503px left which is not in range of 404 to 408px (/specs/usbpubliclanding.spec:474)
  - "HighlightTitle4" is 53px below "Highlight4" which is not in range of 37 to 41px (/specs/usbpubliclanding.spec:475)
  - "HighlightTitle4" is 51px right of "HighlightTitle3" which is not in range of 33 to 37px (/specs/usbpubliclanding.spec:476)
  - "HighligtSumary1" width is 417px which is not in range of 253 to 259px (/specs/usbpubliclanding.spec:480)
  - "HighligtSumary1" height is 18px which is not in range of 51 to 57px (/specs/usbpubliclanding.spec:481)
  - "HighligtSumary1" is 35px left which is not in range of 113 to 117px (/specs/usbpubliclanding.spec:484)
  - "HighligtSumary1" is 14px below "HighlightTitle1" which is not in range of 5 to 12px (/specs/usbpubliclanding.spec:485)
  - "HighligtSumary2" width is 417px which is not in range of 253 to 259px (/specs/usbpubliclanding.spec:489)
  - "HighligtSumary2" is 503px left which is not in range of 394 to 398px (/specs/usbpubliclanding.spec:493)
  - "HighligtSumary2" is 14px below "HighlightTitle2" which is not in range of 5 to 12px (/specs/usbpubliclanding.spec:494)
  - "HighligtSumary2" is 51px right of "HighligtSumary1" which is not in range of 23 to 27px (/specs/usbpubliclanding.spec:495)
  - "HighligtSumary3" width is 417px which is not in range of 253 to 259px (/specs/usbpubliclanding.spec:499)
  - "HighligtSumary3" height is 36px which is not in range of 51 to 57px (/specs/usbpubliclanding.spec:500)
  - "HighligtSumary3" is 35px left which is not in range of 113 to 117px (/specs/usbpubliclanding.spec:503)
  - "HighligtSumary4" width is 417px which is not in range of 253 to 259px (/specs/usbpubliclanding.spec:508)
  - "HighligtSumary4" height is 36px which is not in range of 51 to 57px (/specs/usbpubliclanding.spec:509)
  - "HighligtSumary4" is 503px left which is not in range of 51 to 55px (/specs/usbpubliclanding.spec:512)
  - "HighligtSumary4" is 14px below "HighlightTitle3" which is not in range of 9 to 13px (/specs/usbpubliclanding.spec:513)
  - "HighligtSumary4" is 51px right of "HighligtSumary3" which is not in range of 24 to 28px (/specs/usbpubliclanding.spec:514)
  - "ToolsDoc" width is 939px which is not in range of 381 to 387px (/specs/usbpubliclanding.spec:618)
  - "ToolsDoc" is 11px left which is not in range of 191 to 195px (/specs/usbpubliclanding.spec:622)
  - "ToolSumry" width is 657px which is not in range of 381 to 387px (/specs/usbpubliclanding.spec:626)
  - "ToolSumry" height is 54px which is not in range of 68 to 75px (/specs/usbpubliclanding.spec:627)
  - "ToolSumry" is 152px left which is not in range of 191 to 195px (/specs/usbpubliclanding.spec:630)
  - "ToolSumry" is 29px below "ToolsDoc" which is not in range of 21 to 25px (/specs/usbpubliclanding.spec:631)
  - "Tooltext" width is 751px which is not in range of 567 to 574px (/specs/usbpubliclanding.spec:634)
  - "Tooltext" css property "line-height" is "15px" but should be "14px" (/specs/usbpubliclanding.spec:637)
  - "Tooltext" is 105px left which is not in range of 98 to 102px (/specs/usbpubliclanding.spec:638)
  - "CodeSnippet" width is 650px which is not in range of 584 to 592px (/specs/usbpubliclanding.spec:642)
  - "CodeSnippet" height is 300px which is not in range of 312 to 319px (/specs/usbpubliclanding.spec:643)
  - "CodeSnippet" is 156px left which is not in range of 88 to 92px (/specs/usbpubliclanding.spec:644)
  - "CTA1" is 308px left which is not in range of 209 to 213px (/specs/usbpubliclanding.spec:651)
  - "CTA1" css property "line-height" is "18px" but should be "16px" (/specs/usbpubliclanding.spec:653)
  - "CTA1" is 18px below "CodeSnippet" which is not in range of 28 to 32px (/specs/usbpubliclanding.spec:654)
  - "CTA2" is 493px left which is not in range of 395 to 399px (/specs/usbpubliclanding.spec:659)
  - "CTA2" css property "line-height" is "18px" but should be "16px" (/specs/usbpubliclanding.spec:661)
  - Cannot find locator for "Codesni" in page spec (/specs/usbpubliclanding.spec:663)
  - "help-component" height is 218px which is not in range of 238 to 242px (/specs/usbpubliclanding.spec:707)
  - "help-first-leaf" is 399px left instead of 0px (/specs/usbpubliclanding.spec:710)
  - "help-first-leaf" height is 46px which is not in range of 29 to 33px (/specs/usbpubliclanding.spec:711)
  - "help-last-leaf" is 398px left instead of 270px (/specs/usbpubliclanding.spec:716)
  - "help-last-leaf" is 23px below "help-first-leaf" instead of 30px (/specs/usbpubliclanding.spec:717)
  - "help-last-leaf" height is 40px which is not in range of 48 to 52px (/specs/usbpubliclanding.spec:718)
  - "help-last-leaf" css property "line-height" is "18px" but should be "16px" (/specs/usbpubliclanding.spec:720)
  - Cannot find locator for "footer-container" in page spec (/specs/usbpubliclanding.spec:734)
  - Cannot find locator for "footer-container" in page spec (/specs/usbpubliclanding.spec:735)
  - Cannot find locator for "footer-container" in page spec (/specs/usbpubliclanding.spec:736)
  - "footer-copy-right" is not visible on page (/specs/usbpubliclanding.spec:739)
  - Cannot find locator for "footer-container" in page spec (/specs/usbpubliclanding.spec:774)
  - "footer-copy-right" is not visible on page (/specs/usbpubliclanding.spec:775)
  - "footer-rtmenu-items-1" is 0px right which is not in range of 230 to 232px (/specs/usbpubliclanding.spec:779)
  - "footer-rtmenu-items-1" height is 34px which is not in range of 18 to 22px (/specs/usbpubliclanding.spec:780)
  - color #ffffff on "footer-rtmenu-items-1" is 0% instead of 5% (/specs/usbpubliclanding.spec:781)
  - "footer-rtmenu-items-1" height is 34px which is not in range of 18 to 22px (/specs/usbpubliclanding.spec:785)
  - "footer-rtmenu-items-2" height is 34px which is not in range of 18 to 22px (/specs/usbpubliclanding.spec:785)
  - "footer-rtmenu-items-2" is -939px right of "footer-rtmenu-items-1" which is not in range of 26 to 28px (/specs/usbpubliclanding.spec:789)
  - "footer-rtmenu-items-3" height is 34px which is not in range of 18 to 22px (/specs/usbpubliclanding.spec:785)
  - "footer-rtmenu-items-3" is -939px right of "footer-rtmenu-items-2" which is not in range of 26 to 28px (/specs/usbpubliclanding.spec:789)
  - "footer-rtmenu-items-4" height is 34px which is not in range of 18 to 22px (/specs/usbpubliclanding.spec:785)
  - "footer-rtmenu-items-4" is -939px right of "footer-rtmenu-items-3" which is not in range of 26 to 28px (/specs/usbpubliclanding.spec:789)
  - "footer-rtmenu-items-5" height is 34px which is not in range of 18 to 22px (/specs/usbpubliclanding.spec:785)
  - "footer-rtmenu-items-5" is -939px right of "footer-rtmenu-items-4" which is not in range of 26 to 28px (/specs/usbpubliclanding.spec:789)
  - "footer-rtmenu-items-6" height is 34px which is not in range of 18 to 22px (/specs/usbpubliclanding.spec:785)
  - "footer-rtmenu-items-6" is -939px right of "footer-rtmenu-items-5" which is not in range of 26 to 28px (/specs/usbpubliclanding.spec:789)

	at com.galenframework.support.GalenJavaTestBase.checkLayout(GalenJavaTestBase.java:129)
	at com.galenframework.support.GalenJavaTestBase.checkLayout(GalenJavaTestBase.java:111)
	at com.galenframework.java.USB.tests.SecureLandingPage_creative_Verification.usbPublicLandingPage(SecureLandingPage_creative_Verification.java:34)
	at sun.reflect.NativeMethodAccessorImpl.invoke0(Native Method)
	at sun.reflect.NativeMethodAccessorImpl.invoke(NativeMethodAccessorImpl.java:62)
	at sun.reflect.DelegatingMethodAccessorImpl.invoke(DelegatingMethodAccessorImpl.java:43)
	at java.lang.reflect.Method.invoke(Method.java:498)
	at org.testng.internal.MethodInvocationHelper.invokeMethod(MethodInvocationHelper.java:80)
	at org.testng.internal.Invoker.invokeMethod(Invoker.java:715)
	at org.testng.internal.Invoker.invokeTestMethod(Invoker.java:907)
	at org.testng.internal.Invoker.invokeTestMethods(Invoker.java:1237)
	at org.testng.internal.TestMethodWorker.invokeTestMethods(TestMethodWorker.java:127)
	at org.testng.internal.TestMethodWorker.run(TestMethodWorker.java:111)
	at org.testng.TestRunner.privateRun(TestRunner.java:767)
	at org.testng.TestRunner.run(TestRunner.java:617)
	at org.testng.SuiteRunner.runTest(SuiteRunner.java:334)
	at org.testng.SuiteRunner.runSequentially(SuiteRunner.java:329)
	at org.testng.SuiteRunner.privateRun(SuiteRunner.java:291)
	at org.testng.SuiteRunner.run(SuiteRunner.java:240)
	at org.testng.SuiteRunnerWorker.runSuite(SuiteRunnerWorker.java:51)
	at org.testng.SuiteRunnerWorker.run(SuiteRunnerWorker.java:85)
	at org.testng.TestNG.runSuitesSequentially(TestNG.java:1197)
	at org.testng.TestNG.runSuitesLocally(TestNG.java:1122)
	at org.testng.TestNG.run(TestNG.java:1030)
	at org.testng.remote.AbstractRemoteTestNG.run(AbstractRemoteTestNG.java:132)
	at org.testng.remote.RemoteTestNG.initAndRun(RemoteTestNG.java:230)
	at org.testng.remote.RemoteTestNG.main(RemoteTestNG.java:76)
]]>
    </failure>
  </testcase> <!-- usbPublicLandingPage -->
  <testcase name="superPublicLandingPage" time="340.340" classname="com.galenframework.java.USB.tests.SecureLandingPage_creative_Verification">
    <failure type="com.galenframework.support.LayoutValidationException" message="/specs/superpubliclanding.spec, tags: [Desktop]
  - &quot;header-container&quot; height is 96px which is not in range of 188 to 192px (/specs/superpubliclanding.spec:48)
  - color #e03e4b on &quot;header-container&quot; is 0% but it should be greater than 90% (/specs/superpubliclanding.spec:49)
  - &quot;left-menu-head&quot; is absent on page (/specs/superpubliclanding.spec:52)
  - &quot;left-menu-head&quot; is absent on page (/specs/superpubliclanding.spec:55)
  - &quot;logo-img&quot; height is 38px which is not in range of 29 to 33px (/specs/superpubliclanding.spec:56)
  - &quot;left-menu-head&quot; is absent on page (/specs/superpubliclanding.spec:59)
  - &quot;for-developers&quot; is 18px right of &quot;logo-img&quot; which is not in range of 23 to 25px (/specs/superpubliclanding.spec:60)
  - &quot;for-developers&quot; height is 25px which is not in range of 19 to 23px (/specs/superpubliclanding.spec:61)
  - &quot;right-menu-head&quot; is absent on page (/specs/superpubliclanding.spec:97)
  - &quot;right-menu-head&quot; is absent on page (/specs/superpubliclanding.spec:98)
  - Cannot find locator for &quot;right-menuhead-items-1&quot; in page spec (/specs/superpubliclanding.spec:102)
  - Cannot find locator for &quot;right-menuhead-items-1&quot; in page spec (/specs/superpubliclanding.spec:103)
  - &quot;hero-banner&quot; is -4px top instead of 0px (/specs/superpubliclanding.spec:155)
  - Couldn&#039;t fetch spectrum for &quot;hero-banner&quot; (/specs/superpubliclanding.spec:156)
  - &quot;hero-head&quot; is absent on page (/specs/superpubliclanding.spec:159)
  - &quot;hero-head&quot; is absent on page (/specs/superpubliclanding.spec:160)
  - &quot;hero-head&quot; is absent on page (/specs/superpubliclanding.spec:161)
  - &quot;hero-head&quot; is absent on page (/specs/superpubliclanding.spec:162)
  - &quot;hero-para&quot; is absent on page (/specs/superpubliclanding.spec:165)
  - &quot;hero-para&quot; is absent on page (/specs/superpubliclanding.spec:166)
  - &quot;hero-para&quot; is absent on page (/specs/superpubliclanding.spec:167)
  - &quot;hero-para&quot; is absent on page (/specs/superpubliclanding.spec:168)
  - &quot;hero-para&quot; is absent on page (/specs/superpubliclanding.spec:169)
  - &quot;hero-cta1&quot; is 863px left instead of 75px, is 374px top instead of 432px (/specs/superpubliclanding.spec:172)
  - &quot;hero-para&quot; is absent on page (/specs/superpubliclanding.spec:173)
  - &quot;hero-cta1&quot; height is 120px which is not in range of 48 to 52px (/specs/superpubliclanding.spec:174)
  - &quot;hero-cta1&quot; css property &quot;font-size&quot; is &quot;14px&quot; but should be &quot;16px&quot; (/specs/superpubliclanding.spec:175)
  - &quot;hero-cta1&quot; css property &quot;line-height&quot; is &quot;20px&quot; but should be &quot;18px&quot; (/specs/superpubliclanding.spec:176)
  - &quot;Highlight1&quot; height is 108px which is not in range of 81 to 87px (/specs/superpubliclanding.spec:233)
  - &quot;Highlight1&quot; is 221px left which is not in range of 134 to 138px (/specs/superpubliclanding.spec:234)
  - &quot;Highlight2&quot; height is 65px which is not in range of 98 to 104px (/specs/superpubliclanding.spec:238)
  - &quot;Highlight2&quot; is 552px left which is not in range of 390 to 394px (/specs/superpubliclanding.spec:239)
  - &quot;Highlight2&quot; is 266px right of &quot;Highlight1&quot; which is not in range of 189 to 193px (/specs/superpubliclanding.spec:240)
  - &quot;Highlight3&quot; width is 65px which is not in range of 80 to 86px (/specs/superpubliclanding.spec:244)
  - &quot;Highlight3&quot; height is 65px which is not in range of 80 to 86px (/specs/superpubliclanding.spec:245)
  - &quot;Highlight3&quot; is 883px left which is not in range of 634 to 638px (/specs/superpubliclanding.spec:246)
  - &quot;Highlight3&quot; is 266px right of &quot;Highlight2&quot; which is not in range of 180 to 184px (/specs/superpubliclanding.spec:247)
  - &quot;Highlight4&quot; width is 65px which is not in range of 76 to 83px (/specs/superpubliclanding.spec:251)
  - &quot;Highlight4&quot; height is 84px which is not in range of 76 to 83px (/specs/superpubliclanding.spec:252)
  - &quot;Highlight4&quot; is 387px left which is not in range of 893 to 897px (/specs/superpubliclanding.spec:253)
  - &quot;Highlight4&quot; is -561px right of &quot;Highlight3&quot; which is not in range of 175 to 179px (/specs/superpubliclanding.spec:254)
  - &quot;HighlightTitle1&quot; width is 279px which is not in range of 226 to 232px (/specs/superpubliclanding.spec:257)
  - &quot;HighlightTitle1&quot; css property &quot;line-height&quot; is &quot;27px&quot; but should be &quot;26px&quot; (/specs/superpubliclanding.spec:260)
  - &quot;HighlightTitle1&quot; is 114px left which is not in range of 53 to 57px (/specs/superpubliclanding.spec:261)
  - &quot;HighlightTitle1&quot; is 10px below &quot;Highlight1&quot; which is not in range of 34 to 38px (/specs/superpubliclanding.spec:262)
  - &quot;HighlightTitle2&quot; width is 279px which is not in range of 226 to 232px (/specs/superpubliclanding.spec:266)
  - &quot;HighlightTitle2&quot; css property &quot;line-height&quot; is &quot;27px&quot; but should be &quot;26px&quot; (/specs/superpubliclanding.spec:269)
  - &quot;HighlightTitle2&quot; is 445px left which is not in range of 305 to 311px (/specs/superpubliclanding.spec:270)
  - &quot;HighlightTitle2&quot; is 53px below &quot;Highlight2&quot; which is not in range of 19 to 23px (/specs/superpubliclanding.spec:271)
  - &quot;HighlightTitle2&quot; is 52px right of &quot;HighlightTitle1&quot; which is not in range of 21.97 to 25.97px (/specs/superpubliclanding.spec:272)
  - &quot;HighlightTitle3&quot; width is 279px which is not in range of 226 to 232px (/specs/superpubliclanding.spec:274)
  - &quot;HighlightTitle3&quot; css property &quot;line-height&quot; is &quot;27px&quot; but should be &quot;26px&quot; (/specs/superpubliclanding.spec:277)
  - &quot;HighlightTitle3&quot; is 776px left which is not in range of 560 to 564px (/specs/superpubliclanding.spec:278)
  - &quot;HighlightTitle3&quot; is 53px below &quot;Highlight3&quot; instead of 37px (/specs/superpubliclanding.spec:279)
  - &quot;HighlightTitle3&quot; is 52px right of &quot;HighlightTitle2&quot; which is not in range of 23 to 27px (/specs/superpubliclanding.spec:280)
  - &quot;HighlightTitle4&quot; width is 279px which is not in range of 226 to 232px (/specs/superpubliclanding.spec:282)
  - &quot;HighlightTitle4&quot; css property &quot;line-height&quot; is &quot;27px&quot; but should be &quot;26px&quot; (/specs/superpubliclanding.spec:285)
  - &quot;HighlightTitle4&quot; is 279px left which is not in range of 893 to 897px (/specs/superpubliclanding.spec:286)
  - &quot;HighlightTitle4&quot; is 34px below &quot;Highlight4&quot; which is not in range of 36 to 40px (/specs/superpubliclanding.spec:287)
  - &quot;HighlightTitle4&quot; is -776px right of &quot;HighlightTitle3&quot; which is not in range of 22 to 26px (/specs/superpubliclanding.spec:288)
  - &quot;HighligtSumary1&quot; width is 279px which is not in range of 226 to 232px (/specs/superpubliclanding.spec:291)
  - &quot;HighligtSumary1&quot; height is 36px which is not in range of 51 to 57px (/specs/superpubliclanding.spec:292)
  - &quot;HighligtSumary1&quot; is 114px left which is not in range of 53 to 57px (/specs/superpubliclanding.spec:295)
  - &quot;HighligtSumary2&quot; width is 279px which is not in range of 229 to 233px (/specs/superpubliclanding.spec:300)
  - &quot;HighligtSumary2&quot; is 445px left which is not in range of 304 to 308px (/specs/superpubliclanding.spec:304)
  - &quot;HighligtSumary2&quot; is 52px right of &quot;HighligtSumary1&quot; which is not in range of 20 to 24px (/specs/superpubliclanding.spec:306)
  - &quot;HighligtSumary3&quot; width is 279px which is not in range of 226 to 232px (/specs/superpubliclanding.spec:309)
  - &quot;HighligtSumary3&quot; height is 36px which is not in range of 51 to 57px (/specs/superpubliclanding.spec:310)
  - &quot;HighligtSumary3&quot; is 776px left which is not in range of 561 to 565px (/specs/superpubliclanding.spec:313)
  - &quot;HighligtSumary3&quot; is 52px right of &quot;HighligtSumary2&quot; which is not in range of 23 to 27px (/specs/superpubliclanding.spec:315)
  - &quot;HighligtSumary4&quot; width is 279px which is not in range of 226 to 232px (/specs/superpubliclanding.spec:318)
  - &quot;HighligtSumary4&quot; height is 36px which is not in range of 51 to 57px (/specs/superpubliclanding.spec:319)
  - &quot;HighligtSumary4&quot; is 279px left which is not in range of 814 to 818px (/specs/superpubliclanding.spec:322)
  - &quot;HighligtSumary4&quot; is 260px below &quot;HighlightTitle3&quot; which is not in range of 14 to 19px (/specs/superpubliclanding.spec:323)
  - &quot;HighligtSumary4&quot; is -776px right of &quot;HighligtSumary3&quot; which is not in range of 22 to 26px (/specs/superpubliclanding.spec:324)
  - &quot;ToolsDoc&quot; width is 992px which is not in range of 480 to 486px (/specs/superpubliclanding.spec:524)
  - &quot;ToolsDoc&quot; css property &quot;line-height&quot; is &quot;31px&quot; but should be &quot;29px&quot; (/specs/superpubliclanding.spec:527)
  - &quot;ToolsDoc&quot; is 89px left which is not in range of 306 to 310px (/specs/superpubliclanding.spec:528)
  - &quot;ToolSumry&quot; width is 407px which is not in range of 480 to 486px (/specs/superpubliclanding.spec:532)
  - &quot;ToolSumry&quot; height is 72px which is not in range of 51 to 57px (/specs/superpubliclanding.spec:533)
  - &quot;ToolSumry&quot; is 381px left which is not in range of 306 to 310px (/specs/superpubliclanding.spec:536)
  - &quot;ToolSumry&quot; is 29px below &quot;ToolsDoc&quot; which is not in range of 34 to 38px (/specs/superpubliclanding.spec:537)
  - &quot;Tooltext&quot; width is 446px which is not in range of 373 to 381px (/specs/superpubliclanding.spec:540)
  - &quot;Tooltext&quot; css property &quot;line-height&quot; is &quot;15px&quot; but should be &quot;14px&quot; (/specs/superpubliclanding.spec:543)
  - &quot;Tooltext&quot; is 361px left which is not in range of 366 to 370px (/specs/superpubliclanding.spec:544)
  - &quot;Tooltext&quot; is 25px below &quot;ToolSumry&quot; which is not in range of 54 to 58px (/specs/superpubliclanding.spec:545)
  - &quot;CodeSnippet&quot; height is 300px which is not in range of 313 to 320px (/specs/superpubliclanding.spec:549)
  - &quot;CodeSnippet&quot; is 260px left which is not in range of 221 to 225px (/specs/superpubliclanding.spec:550)
  - &quot;CTA1&quot; is 354px left which is not in range of 319 to 323px (/specs/superpubliclanding.spec:558)
  - &quot;CTA1&quot; css property &quot;line-height&quot; is &quot;18px&quot; but should be &quot;16px&quot; (/specs/superpubliclanding.spec:560)
  - &quot;CTA2&quot; is 597px left which is not in range of 559 to 563px (/specs/superpubliclanding.spec:566)
  - &quot;CTA2&quot; css property &quot;line-height&quot; is &quot;18px&quot; but should be &quot;16px&quot; (/specs/superpubliclanding.spec:568)
  - &quot;help-component&quot; height is 228px which is not in range of 238 to 242px (/specs/superpubliclanding.spec:674)
  - &quot;help-first-leaf&quot; is 509px left instead of 486px (/specs/superpubliclanding.spec:677)
  - &quot;help-first-leaf&quot; height is 46px which is not in range of 29 to 33px (/specs/superpubliclanding.spec:678)
  - &quot;help-last-leaf&quot; is absent on page (/specs/superpubliclanding.spec:683)
  - &quot;help-last-leaf&quot; is absent on page (/specs/superpubliclanding.spec:684)
  - &quot;help-last-leaf&quot; is absent on page (/specs/superpubliclanding.spec:685)
  - &quot;help-last-leaf&quot; is absent on page (/specs/superpubliclanding.spec:686)
  - &quot;help-last-leaf&quot; is absent on page (/specs/superpubliclanding.spec:687)
  - &quot;footer-container&quot; is absent on page (/specs/superpubliclanding.spec:729)
  - &quot;footer-container&quot; is absent on page (/specs/superpubliclanding.spec:730)
  - &quot;footer-container&quot; is absent on page (/specs/superpubliclanding.spec:731)
  - &quot;footer-copy-right&quot; is absent on page (/specs/superpubliclanding.spec:734)
  - &quot;footer-right-menu&quot; is absent on page (/specs/superpubliclanding.spec:759)
  - &quot;footer-right-menu&quot; is absent on page (/specs/superpubliclanding.spec:760)
  - Cannot find locator for &quot;footer-rtmenu-items-1&quot; in page spec (/specs/superpubliclanding.spec:764)
  - Cannot find locator for &quot;footer-rtmenu-items-1&quot; in page spec (/specs/superpubliclanding.spec:765)
  - Cannot find locator for &quot;footer-rtmenu-items-1&quot; in page spec (/specs/superpubliclanding.spec:766)
">
      <![CDATA[com.galenframework.support.LayoutValidationException: /specs/superpubliclanding.spec, tags: [Desktop]
  - "header-container" height is 96px which is not in range of 188 to 192px (/specs/superpubliclanding.spec:48)
  - color #e03e4b on "header-container" is 0% but it should be greater than 90% (/specs/superpubliclanding.spec:49)
  - "left-menu-head" is absent on page (/specs/superpubliclanding.spec:52)
  - "left-menu-head" is absent on page (/specs/superpubliclanding.spec:55)
  - "logo-img" height is 38px which is not in range of 29 to 33px (/specs/superpubliclanding.spec:56)
  - "left-menu-head" is absent on page (/specs/superpubliclanding.spec:59)
  - "for-developers" is 18px right of "logo-img" which is not in range of 23 to 25px (/specs/superpubliclanding.spec:60)
  - "for-developers" height is 25px which is not in range of 19 to 23px (/specs/superpubliclanding.spec:61)
  - "right-menu-head" is absent on page (/specs/superpubliclanding.spec:97)
  - "right-menu-head" is absent on page (/specs/superpubliclanding.spec:98)
  - Cannot find locator for "right-menuhead-items-1" in page spec (/specs/superpubliclanding.spec:102)
  - Cannot find locator for "right-menuhead-items-1" in page spec (/specs/superpubliclanding.spec:103)
  - "hero-banner" is -4px top instead of 0px (/specs/superpubliclanding.spec:155)
  - Couldn't fetch spectrum for "hero-banner" (/specs/superpubliclanding.spec:156)
  - "hero-head" is absent on page (/specs/superpubliclanding.spec:159)
  - "hero-head" is absent on page (/specs/superpubliclanding.spec:160)
  - "hero-head" is absent on page (/specs/superpubliclanding.spec:161)
  - "hero-head" is absent on page (/specs/superpubliclanding.spec:162)
  - "hero-para" is absent on page (/specs/superpubliclanding.spec:165)
  - "hero-para" is absent on page (/specs/superpubliclanding.spec:166)
  - "hero-para" is absent on page (/specs/superpubliclanding.spec:167)
  - "hero-para" is absent on page (/specs/superpubliclanding.spec:168)
  - "hero-para" is absent on page (/specs/superpubliclanding.spec:169)
  - "hero-cta1" is 863px left instead of 75px, is 374px top instead of 432px (/specs/superpubliclanding.spec:172)
  - "hero-para" is absent on page (/specs/superpubliclanding.spec:173)
  - "hero-cta1" height is 120px which is not in range of 48 to 52px (/specs/superpubliclanding.spec:174)
  - "hero-cta1" css property "font-size" is "14px" but should be "16px" (/specs/superpubliclanding.spec:175)
  - "hero-cta1" css property "line-height" is "20px" but should be "18px" (/specs/superpubliclanding.spec:176)
  - "Highlight1" height is 108px which is not in range of 81 to 87px (/specs/superpubliclanding.spec:233)
  - "Highlight1" is 221px left which is not in range of 134 to 138px (/specs/superpubliclanding.spec:234)
  - "Highlight2" height is 65px which is not in range of 98 to 104px (/specs/superpubliclanding.spec:238)
  - "Highlight2" is 552px left which is not in range of 390 to 394px (/specs/superpubliclanding.spec:239)
  - "Highlight2" is 266px right of "Highlight1" which is not in range of 189 to 193px (/specs/superpubliclanding.spec:240)
  - "Highlight3" width is 65px which is not in range of 80 to 86px (/specs/superpubliclanding.spec:244)
  - "Highlight3" height is 65px which is not in range of 80 to 86px (/specs/superpubliclanding.spec:245)
  - "Highlight3" is 883px left which is not in range of 634 to 638px (/specs/superpubliclanding.spec:246)
  - "Highlight3" is 266px right of "Highlight2" which is not in range of 180 to 184px (/specs/superpubliclanding.spec:247)
  - "Highlight4" width is 65px which is not in range of 76 to 83px (/specs/superpubliclanding.spec:251)
  - "Highlight4" height is 84px which is not in range of 76 to 83px (/specs/superpubliclanding.spec:252)
  - "Highlight4" is 387px left which is not in range of 893 to 897px (/specs/superpubliclanding.spec:253)
  - "Highlight4" is -561px right of "Highlight3" which is not in range of 175 to 179px (/specs/superpubliclanding.spec:254)
  - "HighlightTitle1" width is 279px which is not in range of 226 to 232px (/specs/superpubliclanding.spec:257)
  - "HighlightTitle1" css property "line-height" is "27px" but should be "26px" (/specs/superpubliclanding.spec:260)
  - "HighlightTitle1" is 114px left which is not in range of 53 to 57px (/specs/superpubliclanding.spec:261)
  - "HighlightTitle1" is 10px below "Highlight1" which is not in range of 34 to 38px (/specs/superpubliclanding.spec:262)
  - "HighlightTitle2" width is 279px which is not in range of 226 to 232px (/specs/superpubliclanding.spec:266)
  - "HighlightTitle2" css property "line-height" is "27px" but should be "26px" (/specs/superpubliclanding.spec:269)
  - "HighlightTitle2" is 445px left which is not in range of 305 to 311px (/specs/superpubliclanding.spec:270)
  - "HighlightTitle2" is 53px below "Highlight2" which is not in range of 19 to 23px (/specs/superpubliclanding.spec:271)
  - "HighlightTitle2" is 52px right of "HighlightTitle1" which is not in range of 21.97 to 25.97px (/specs/superpubliclanding.spec:272)
  - "HighlightTitle3" width is 279px which is not in range of 226 to 232px (/specs/superpubliclanding.spec:274)
  - "HighlightTitle3" css property "line-height" is "27px" but should be "26px" (/specs/superpubliclanding.spec:277)
  - "HighlightTitle3" is 776px left which is not in range of 560 to 564px (/specs/superpubliclanding.spec:278)
  - "HighlightTitle3" is 53px below "Highlight3" instead of 37px (/specs/superpubliclanding.spec:279)
  - "HighlightTitle3" is 52px right of "HighlightTitle2" which is not in range of 23 to 27px (/specs/superpubliclanding.spec:280)
  - "HighlightTitle4" width is 279px which is not in range of 226 to 232px (/specs/superpubliclanding.spec:282)
  - "HighlightTitle4" css property "line-height" is "27px" but should be "26px" (/specs/superpubliclanding.spec:285)
  - "HighlightTitle4" is 279px left which is not in range of 893 to 897px (/specs/superpubliclanding.spec:286)
  - "HighlightTitle4" is 34px below "Highlight4" which is not in range of 36 to 40px (/specs/superpubliclanding.spec:287)
  - "HighlightTitle4" is -776px right of "HighlightTitle3" which is not in range of 22 to 26px (/specs/superpubliclanding.spec:288)
  - "HighligtSumary1" width is 279px which is not in range of 226 to 232px (/specs/superpubliclanding.spec:291)
  - "HighligtSumary1" height is 36px which is not in range of 51 to 57px (/specs/superpubliclanding.spec:292)
  - "HighligtSumary1" is 114px left which is not in range of 53 to 57px (/specs/superpubliclanding.spec:295)
  - "HighligtSumary2" width is 279px which is not in range of 229 to 233px (/specs/superpubliclanding.spec:300)
  - "HighligtSumary2" is 445px left which is not in range of 304 to 308px (/specs/superpubliclanding.spec:304)
  - "HighligtSumary2" is 52px right of "HighligtSumary1" which is not in range of 20 to 24px (/specs/superpubliclanding.spec:306)
  - "HighligtSumary3" width is 279px which is not in range of 226 to 232px (/specs/superpubliclanding.spec:309)
  - "HighligtSumary3" height is 36px which is not in range of 51 to 57px (/specs/superpubliclanding.spec:310)
  - "HighligtSumary3" is 776px left which is not in range of 561 to 565px (/specs/superpubliclanding.spec:313)
  - "HighligtSumary3" is 52px right of "HighligtSumary2" which is not in range of 23 to 27px (/specs/superpubliclanding.spec:315)
  - "HighligtSumary4" width is 279px which is not in range of 226 to 232px (/specs/superpubliclanding.spec:318)
  - "HighligtSumary4" height is 36px which is not in range of 51 to 57px (/specs/superpubliclanding.spec:319)
  - "HighligtSumary4" is 279px left which is not in range of 814 to 818px (/specs/superpubliclanding.spec:322)
  - "HighligtSumary4" is 260px below "HighlightTitle3" which is not in range of 14 to 19px (/specs/superpubliclanding.spec:323)
  - "HighligtSumary4" is -776px right of "HighligtSumary3" which is not in range of 22 to 26px (/specs/superpubliclanding.spec:324)
  - "ToolsDoc" width is 992px which is not in range of 480 to 486px (/specs/superpubliclanding.spec:524)
  - "ToolsDoc" css property "line-height" is "31px" but should be "29px" (/specs/superpubliclanding.spec:527)
  - "ToolsDoc" is 89px left which is not in range of 306 to 310px (/specs/superpubliclanding.spec:528)
  - "ToolSumry" width is 407px which is not in range of 480 to 486px (/specs/superpubliclanding.spec:532)
  - "ToolSumry" height is 72px which is not in range of 51 to 57px (/specs/superpubliclanding.spec:533)
  - "ToolSumry" is 381px left which is not in range of 306 to 310px (/specs/superpubliclanding.spec:536)
  - "ToolSumry" is 29px below "ToolsDoc" which is not in range of 34 to 38px (/specs/superpubliclanding.spec:537)
  - "Tooltext" width is 446px which is not in range of 373 to 381px (/specs/superpubliclanding.spec:540)
  - "Tooltext" css property "line-height" is "15px" but should be "14px" (/specs/superpubliclanding.spec:543)
  - "Tooltext" is 361px left which is not in range of 366 to 370px (/specs/superpubliclanding.spec:544)
  - "Tooltext" is 25px below "ToolSumry" which is not in range of 54 to 58px (/specs/superpubliclanding.spec:545)
  - "CodeSnippet" height is 300px which is not in range of 313 to 320px (/specs/superpubliclanding.spec:549)
  - "CodeSnippet" is 260px left which is not in range of 221 to 225px (/specs/superpubliclanding.spec:550)
  - "CTA1" is 354px left which is not in range of 319 to 323px (/specs/superpubliclanding.spec:558)
  - "CTA1" css property "line-height" is "18px" but should be "16px" (/specs/superpubliclanding.spec:560)
  - "CTA2" is 597px left which is not in range of 559 to 563px (/specs/superpubliclanding.spec:566)
  - "CTA2" css property "line-height" is "18px" but should be "16px" (/specs/superpubliclanding.spec:568)
  - "help-component" height is 228px which is not in range of 238 to 242px (/specs/superpubliclanding.spec:674)
  - "help-first-leaf" is 509px left instead of 486px (/specs/superpubliclanding.spec:677)
  - "help-first-leaf" height is 46px which is not in range of 29 to 33px (/specs/superpubliclanding.spec:678)
  - "help-last-leaf" is absent on page (/specs/superpubliclanding.spec:683)
  - "help-last-leaf" is absent on page (/specs/superpubliclanding.spec:684)
  - "help-last-leaf" is absent on page (/specs/superpubliclanding.spec:685)
  - "help-last-leaf" is absent on page (/specs/superpubliclanding.spec:686)
  - "help-last-leaf" is absent on page (/specs/superpubliclanding.spec:687)
  - "footer-container" is absent on page (/specs/superpubliclanding.spec:729)
  - "footer-container" is absent on page (/specs/superpubliclanding.spec:730)
  - "footer-container" is absent on page (/specs/superpubliclanding.spec:731)
  - "footer-copy-right" is absent on page (/specs/superpubliclanding.spec:734)
  - "footer-right-menu" is absent on page (/specs/superpubliclanding.spec:759)
  - "footer-right-menu" is absent on page (/specs/superpubliclanding.spec:760)
  - Cannot find locator for "footer-rtmenu-items-1" in page spec (/specs/superpubliclanding.spec:764)
  - Cannot find locator for "footer-rtmenu-items-1" in page spec (/specs/superpubliclanding.spec:765)
  - Cannot find locator for "footer-rtmenu-items-1" in page spec (/specs/superpubliclanding.spec:766)

	at com.galenframework.support.GalenJavaTestBase.checkLayout(GalenJavaTestBase.java:129)
	at com.galenframework.support.GalenJavaTestBase.checkLayout(GalenJavaTestBase.java:111)
	at com.galenframework.java.USB.tests.SecureLandingPage_creative_Verification.superPublicLandingPage(SecureLandingPage_creative_Verification.java:86)
	at sun.reflect.NativeMethodAccessorImpl.invoke0(Native Method)
	at sun.reflect.NativeMethodAccessorImpl.invoke(NativeMethodAccessorImpl.java:62)
	at sun.reflect.DelegatingMethodAccessorImpl.invoke(DelegatingMethodAccessorImpl.java:43)
	at java.lang.reflect.Method.invoke(Method.java:498)
	at org.testng.internal.MethodInvocationHelper.invokeMethod(MethodInvocationHelper.java:80)
	at org.testng.internal.Invoker.invokeMethod(Invoker.java:715)
	at org.testng.internal.Invoker.invokeTestMethod(Invoker.java:907)
	at org.testng.internal.Invoker.invokeTestMethods(Invoker.java:1237)
	at org.testng.internal.TestMethodWorker.invokeTestMethods(TestMethodWorker.java:127)
	at org.testng.internal.TestMethodWorker.run(TestMethodWorker.java:111)
	at org.testng.TestRunner.privateRun(TestRunner.java:767)
	at org.testng.TestRunner.run(TestRunner.java:617)
	at org.testng.SuiteRunner.runTest(SuiteRunner.java:334)
	at org.testng.SuiteRunner.runSequentially(SuiteRunner.java:329)
	at org.testng.SuiteRunner.privateRun(SuiteRunner.java:291)
	at org.testng.SuiteRunner.run(SuiteRunner.java:240)
	at org.testng.SuiteRunnerWorker.runSuite(SuiteRunnerWorker.java:51)
	at org.testng.SuiteRunnerWorker.run(SuiteRunnerWorker.java:85)
	at org.testng.TestNG.runSuitesSequentially(TestNG.java:1197)
	at org.testng.TestNG.runSuitesLocally(TestNG.java:1122)
	at org.testng.TestNG.run(TestNG.java:1030)
	at org.testng.remote.AbstractRemoteTestNG.run(AbstractRemoteTestNG.java:132)
	at org.testng.remote.RemoteTestNG.initAndRun(RemoteTestNG.java:230)
	at org.testng.remote.RemoteTestNG.main(RemoteTestNG.java:76)
]]>
    </failure>
  </testcase> <!-- superPublicLandingPage -->
  <testcase name="fsvPublicLandingPage" time="218.401" classname="com.galenframework.java.USB.tests.SecureLandingPage_creative_Verification">
    <failure type="com.galenframework.support.LayoutValidationException" message="/specs/fsvpubliclanding.spec, tags: [Mobile]
  - &quot;header-container&quot; height is 61px which is not in range of 605 to 609px (/specs/fsvpubliclanding.spec:80)
  - color #e03e4b on &quot;header-container&quot; is 0% but it should be greater than 90% (/specs/fsvpubliclanding.spec:81)
  - &quot;left-menu-head&quot; is 82px left instead of 0px (/specs/fsvpubliclanding.spec:84)
  - &quot;logo-img&quot; is absent on page (/specs/fsvpubliclanding.spec:87)
  - &quot;logo-img&quot; is absent on page (/specs/fsvpubliclanding.spec:88)
  - &quot;right-menu-head&quot; is not visible on page (/specs/fsvpubliclanding.spec:131)
  - &quot;right-menuhead-items-1&quot; is not visible on page (/specs/fsvpubliclanding.spec:135)
  - &quot;right-menuhead-items-1&quot; is not visible on page (/specs/fsvpubliclanding.spec:136)
  - &quot;right-menuhead-items-1&quot; is not visible on page (/specs/fsvpubliclanding.spec:139)
  - &quot;right-menuhead-items-1&quot; is not visible on page (/specs/fsvpubliclanding.spec:140)
  - &quot;right-menuhead-items-2&quot; is not visible on page (/specs/fsvpubliclanding.spec:139)
  - &quot;right-menuhead-items-2&quot; is not visible on page (/specs/fsvpubliclanding.spec:140)
  - &quot;right-menuhead-items-2&quot; is not visible on page (/specs/fsvpubliclanding.spec:144)
  - &quot;right-menuhead-items-2&quot; is not visible on page (/specs/fsvpubliclanding.spec:145)
  - &quot;right-menuhead-items-3&quot; is not visible on page (/specs/fsvpubliclanding.spec:139)
  - &quot;right-menuhead-items-3&quot; is not visible on page (/specs/fsvpubliclanding.spec:140)
  - &quot;right-menuhead-items-3&quot; is not visible on page (/specs/fsvpubliclanding.spec:144)
  - &quot;right-menuhead-items-3&quot; is not visible on page (/specs/fsvpubliclanding.spec:145)
  - &quot;right-menuhead-items-4&quot; is not visible on page (/specs/fsvpubliclanding.spec:139)
  - &quot;right-menuhead-items-4&quot; is not visible on page (/specs/fsvpubliclanding.spec:140)
  - &quot;right-menuhead-items-4&quot; is not visible on page (/specs/fsvpubliclanding.spec:144)
  - &quot;right-menuhead-items-4&quot; is not visible on page (/specs/fsvpubliclanding.spec:145)
  - &quot;hero-banner&quot; is absent on page (/specs/fsvpubliclanding.spec:201)
  - &quot;hero-banner&quot; is absent on page (/specs/fsvpubliclanding.spec:202)
  - &quot;hero-banner&quot; is absent on page (/specs/fsvpubliclanding.spec:205)
  - &quot;hero-head&quot; height is 27px which is not in range of 58 to 62px (/specs/fsvpubliclanding.spec:206)
  - &quot;hero-head&quot; css property &quot;line-height&quot; is &quot;27px&quot; but should be &quot;39px&quot; (/specs/fsvpubliclanding.spec:208)
  - &quot;hero-banner&quot; is absent on page (/specs/fsvpubliclanding.spec:211)
  - &quot;hero-para&quot; is 5px below &quot;hero-head&quot; instead of 0px (/specs/fsvpubliclanding.spec:212)
  - &quot;hero-para&quot; height is 27px which is not in range of 56 to 60px (/specs/fsvpubliclanding.spec:213)
  - &quot;hero-para&quot; css property &quot;line-height&quot; is &quot;27px&quot; but should be &quot;39px&quot; (/specs/fsvpubliclanding.spec:215)
  - &quot;hero-banner&quot; is absent on page (/specs/fsvpubliclanding.spec:218)
  - &quot;hero-cta1&quot; is 68px below &quot;hero-para&quot; instead of 30px (/specs/fsvpubliclanding.spec:219)
  - &quot;hero-cta1&quot; height is 95px which is not in range of 38 to 42px (/specs/fsvpubliclanding.spec:220)
  - &quot;hero-cta1&quot; css property &quot;line-height&quot; is &quot;20px&quot; but should be &quot;16px&quot; (/specs/fsvpubliclanding.spec:222)
  - &quot;Highlight1&quot; is 240px left which is not in range of 153 to 157px (/specs/fsvpubliclanding.spec:328)
  - &quot;Highlight2&quot; height is 107px which is not in range of 98 to 104px (/specs/fsvpubliclanding.spec:332)
  - &quot;Highlight2&quot; is 240px left which is not in range of 154 to 158px (/specs/fsvpubliclanding.spec:333)
  - &quot;Highlight2&quot; is 105px below &quot;Highlight1&quot; which is not in range of 183 to 187px (/specs/fsvpubliclanding.spec:334)
  - &quot;Highlight3&quot; width is 65px which is not in range of 80 to 86px (/specs/fsvpubliclanding.spec:338)
  - &quot;Highlight3&quot; height is 65px which is not in range of 80 to 86px (/specs/fsvpubliclanding.spec:339)
  - &quot;Highlight3&quot; is 240px left which is not in range of 145 to 149px (/specs/fsvpubliclanding.spec:340)
  - &quot;Highlight3&quot; is 123px below &quot;Highlight2&quot; which is not in range of 153 to 157px (/specs/fsvpubliclanding.spec:341)
  - &quot;Highlight4&quot; width is 65px which is not in range of 76 to 83px (/specs/fsvpubliclanding.spec:345)
  - &quot;Highlight4&quot; height is 65px which is not in range of 76 to 83px (/specs/fsvpubliclanding.spec:346)
  - &quot;Highlight4&quot; is 240px left which is not in range of 146 to 150px (/specs/fsvpubliclanding.spec:347)
  - &quot;Highlight4&quot; is 105px below &quot;Highlight3&quot; which is not in range of 164 to 168px (/specs/fsvpubliclanding.spec:348)
  - &quot;HighlightTitle1&quot; width is 480px which is not in range of 260 to 266px (/specs/fsvpubliclanding.spec:351)
  - &quot;HighlightTitle1&quot; css property &quot;line-height&quot; is &quot;27px&quot; but should be &quot;26px&quot; (/specs/fsvpubliclanding.spec:354)
  - &quot;HighlightTitle1&quot; is 32px left which is not in range of 51 to 55px (/specs/fsvpubliclanding.spec:355)
  - &quot;HighlightTitle1&quot; is 16px below &quot;Highlight1&quot; which is not in range of 20 to 24px (/specs/fsvpubliclanding.spec:356)
  - &quot;HighlightTitle2&quot; width is 480px which is not in range of 273 to 279px (/specs/fsvpubliclanding.spec:360)
  - &quot;HighlightTitle2&quot; css property &quot;line-height&quot; is &quot;27px&quot; but should be &quot;26px&quot; (/specs/fsvpubliclanding.spec:363)
  - &quot;HighlightTitle2&quot; is 32px left which is not in range of 48 to 52px (/specs/fsvpubliclanding.spec:364)
  - &quot;HighlightTitle2&quot; is 16px below &quot;Highlight2&quot; which is not in range of 5 to 11px (/specs/fsvpubliclanding.spec:365)
  - &quot;HighlightTitle3&quot; width is 480px which is not in range of 273 to 279px (/specs/fsvpubliclanding.spec:368)
  - &quot;HighlightTitle3&quot; css property &quot;line-height&quot; is &quot;27px&quot; but should be &quot;26px&quot; (/specs/fsvpubliclanding.spec:371)
  - &quot;HighlightTitle3&quot; is 32px left which is not in range of 50 to 54px (/specs/fsvpubliclanding.spec:372)
  - &quot;HighlightTitle3&quot; is 16px below &quot;Highlight3&quot; which is not in range of 21 to 25px (/specs/fsvpubliclanding.spec:373)
  - &quot;HighlightTitle4&quot; width is 480px which is not in range of 258 to 266px (/specs/fsvpubliclanding.spec:376)
  - &quot;HighlightTitle4&quot; css property &quot;line-height&quot; is &quot;27px&quot; but should be &quot;26px&quot; (/specs/fsvpubliclanding.spec:379)
  - &quot;HighlightTitle4&quot; is 32px left which is not in range of 52 to 56px (/specs/fsvpubliclanding.spec:380)
  - &quot;HighlightTitle4&quot; is 16px below &quot;Highlight4&quot; which is not in range of 22 to 26px (/specs/fsvpubliclanding.spec:381)
  - &quot;HighligtSumary1&quot; width is 480px which is not in range of 272 to 278px (/specs/fsvpubliclanding.spec:385)
  - &quot;HighligtSumary1&quot; height is 18px which is not in range of 36 to 44px (/specs/fsvpubliclanding.spec:386)
  - &quot;HighligtSumary1&quot; css property &quot;line-height&quot; is &quot;18px&quot; but should be &quot;20px&quot; (/specs/fsvpubliclanding.spec:388)
  - &quot;HighligtSumary1&quot; is 32px left which is not in range of 49 to 53px (/specs/fsvpubliclanding.spec:389)
  - &quot;HighligtSumary2&quot; width is 480px which is not in range of 279 to 285px (/specs/fsvpubliclanding.spec:394)
  - &quot;HighligtSumary2&quot; css property &quot;line-height&quot; is &quot;18px&quot; but should be &quot;20px&quot; (/specs/fsvpubliclanding.spec:397)
  - &quot;HighligtSumary2&quot; is 32px left which is not in range of 51 to 55px (/specs/fsvpubliclanding.spec:398)
  - &quot;HighligtSumary3&quot; width is 480px which is not in range of 274 to 280px (/specs/fsvpubliclanding.spec:403)
  - &quot;HighligtSumary3&quot; height is 18px which is not in range of 33 to 40px (/specs/fsvpubliclanding.spec:404)
  - &quot;HighligtSumary3&quot; is 32px left which is not in range of 50 to 54px (/specs/fsvpubliclanding.spec:407)
  - &quot;HighligtSumary4&quot; width is 480px which is not in range of 260 to 267px (/specs/fsvpubliclanding.spec:412)
  - &quot;HighligtSumary4&quot; height is 36px which is not in range of 51 to 57px (/specs/fsvpubliclanding.spec:413)
  - &quot;HighligtSumary4&quot; is 32px left which is not in range of 51 to 55px (/specs/fsvpubliclanding.spec:416)
  - &quot;HighligtSumary4&quot; is 184px below &quot;HighlightTitle3&quot; which is not in range of 12 to 18px (/specs/fsvpubliclanding.spec:417)
  - &quot;ToolsDoc&quot; width is 528px which is not in range of 108 to 288px (/specs/fsvpubliclanding.spec:571)
  - &quot;ToolsDoc&quot; height is 31px which is not in range of 59 to 65px (/specs/fsvpubliclanding.spec:572)
  - &quot;ToolsDoc&quot; css property &quot;line-height&quot; is &quot;31px&quot; but should be &quot;31.008px&quot; (/specs/fsvpubliclanding.spec:574)
  - &quot;ToolsDoc&quot; is 8px left which is not in range of 54 to 58px (/specs/fsvpubliclanding.spec:575)
  - &quot;ToolSumry&quot; width is 475px which is not in range of 285 to 290px (/specs/fsvpubliclanding.spec:579)
  - &quot;ToolSumry&quot; height is 72px which is not in range of 105 to 111px (/specs/fsvpubliclanding.spec:580)
  - &quot;ToolSumry&quot; is 34px left which is not in range of 42 to 46px (/specs/fsvpubliclanding.spec:583)
  - &quot;ToolSumry&quot; is 29px below &quot;ToolsDoc&quot; which is not in range of 18 to 22px (/specs/fsvpubliclanding.spec:584)
  - &quot;Tooltext&quot; width is 475px which is not in range of 297 to 303px (/specs/fsvpubliclanding.spec:587)
  - &quot;Tooltext&quot; css property &quot;line-height&quot; is &quot;15px&quot; but should be &quot;14px&quot; (/specs/fsvpubliclanding.spec:590)
  - &quot;Tooltext&quot; is 34px left which is not in range of 36 to 40px (/specs/fsvpubliclanding.spec:591)
  - &quot;CodeSnippet&quot; width is 528px which is not in range of 347 to 353px (/specs/fsvpubliclanding.spec:595)
  - &quot;CodeSnippet&quot; height is 300px which is not in range of 411 to 417px (/specs/fsvpubliclanding.spec:596)
  - &quot;CodeSnippet&quot; is 8px left which is not in range of 11 to 15px (/specs/fsvpubliclanding.spec:597)
  - &quot;CodeSnippet&quot; is 30px below &quot;Tooltext&quot; which is not in range of 20 to 24px (/specs/fsvpubliclanding.spec:598)
  - &quot;CTA1&quot; is 105px left which is not in range of 14 to 18px (/specs/fsvpubliclanding.spec:604)
  - &quot;CTA1&quot; css property &quot;line-height&quot; is &quot;18px&quot; but should be &quot;16px&quot; (/specs/fsvpubliclanding.spec:606)
  - &quot;CTA1&quot; is 34px below &quot;CodeSnippet&quot; which is not in range of 28 to 32px (/specs/fsvpubliclanding.spec:607)
  - &quot;CTA2&quot; is 279px left which is not in range of 196 to 200px (/specs/fsvpubliclanding.spec:612)
  - &quot;CTA2&quot; css property &quot;line-height&quot; is &quot;18px&quot; but should be &quot;16px&quot; (/specs/fsvpubliclanding.spec:614)
  - &quot;CTA2&quot; is 14px right of &quot;CTA1&quot; which is not in range of 20 to 24px (/specs/fsvpubliclanding.spec:615)
  - &quot;CTA2&quot; is 34px below &quot;CodeSnippet&quot; which is not in range of 28 to 32px (/specs/fsvpubliclanding.spec:616)
  - &quot;help-component&quot; height is 217px which is not in range of 261 to 265px (/specs/fsvpubliclanding.spec:690)
  - &quot;help-first-leaf&quot; is 210px left instead of 15px (/specs/fsvpubliclanding.spec:693)
  - &quot;help-first-leaf&quot; height is 39px which is not in range of 29 to 33px (/specs/fsvpubliclanding.spec:694)
  - &quot;help-last-leaf&quot; is 195px left instead of 108px (/specs/fsvpubliclanding.spec:699)
  - &quot;help-last-leaf&quot; css property &quot;line-height&quot; is &quot;18px&quot; but should be &quot;16px&quot; (/specs/fsvpubliclanding.spec:703)
  - Cannot find locator for &quot;footer-container&quot; in page spec (/specs/fsvpubliclanding.spec:745)
  - Cannot find locator for &quot;footer-container&quot; in page spec (/specs/fsvpubliclanding.spec:746)
  - Cannot find locator for &quot;footer-container&quot; in page spec (/specs/fsvpubliclanding.spec:747)
  - &quot;footer-copy-right&quot; is not visible on page (/specs/fsvpubliclanding.spec:750)
  - &quot;footer-copy-right&quot; is not visible on page (/specs/fsvpubliclanding.spec:751)
  - Cannot find locator for &quot;footer-container&quot; in page spec (/specs/fsvpubliclanding.spec:795)
  - &quot;footer-copy-right&quot; is not visible on page (/specs/fsvpubliclanding.spec:796)
  - &quot;footer-rtmenu-items-1&quot; height is 34px which is not in range of 18 to 22px (/specs/fsvpubliclanding.spec:801)
  - color #ffffff on &quot;footer-rtmenu-items-1&quot; is 0% instead of 5% (/specs/fsvpubliclanding.spec:802)
  - &quot;footer-rtmenu-items-1&quot; height is 34px which is not in range of 18 to 22px (/specs/fsvpubliclanding.spec:806)
  - &quot;footer-rtmenu-items-2&quot; height is 34px which is not in range of 18 to 22px (/specs/fsvpubliclanding.spec:806)
  - &quot;footer-rtmenu-items-2&quot; is 0px below &quot;footer-rtmenu-items-1&quot; which is not in range of 15 to 18px (/specs/fsvpubliclanding.spec:810)
  - &quot;footer-rtmenu-items-3&quot; height is 34px which is not in range of 18 to 22px (/specs/fsvpubliclanding.spec:806)
  - &quot;footer-rtmenu-items-3&quot; is 0px below &quot;footer-rtmenu-items-2&quot; which is not in range of 15 to 18px (/specs/fsvpubliclanding.spec:810)
  - &quot;footer-rtmenu-items-4&quot; height is 34px which is not in range of 18 to 22px (/specs/fsvpubliclanding.spec:806)
  - &quot;footer-rtmenu-items-4&quot; is 0px below &quot;footer-rtmenu-items-3&quot; which is not in range of 15 to 18px (/specs/fsvpubliclanding.spec:810)
  - &quot;footer-rtmenu-items-5&quot; height is 34px which is not in range of 18 to 22px (/specs/fsvpubliclanding.spec:806)
  - &quot;footer-rtmenu-items-5&quot; is 0px below &quot;footer-rtmenu-items-4&quot; which is not in range of 15 to 18px (/specs/fsvpubliclanding.spec:810)
">
      <![CDATA[com.galenframework.support.LayoutValidationException: /specs/fsvpubliclanding.spec, tags: [Mobile]
  - "header-container" height is 61px which is not in range of 605 to 609px (/specs/fsvpubliclanding.spec:80)
  - color #e03e4b on "header-container" is 0% but it should be greater than 90% (/specs/fsvpubliclanding.spec:81)
  - "left-menu-head" is 82px left instead of 0px (/specs/fsvpubliclanding.spec:84)
  - "logo-img" is absent on page (/specs/fsvpubliclanding.spec:87)
  - "logo-img" is absent on page (/specs/fsvpubliclanding.spec:88)
  - "right-menu-head" is not visible on page (/specs/fsvpubliclanding.spec:131)
  - "right-menuhead-items-1" is not visible on page (/specs/fsvpubliclanding.spec:135)
  - "right-menuhead-items-1" is not visible on page (/specs/fsvpubliclanding.spec:136)
  - "right-menuhead-items-1" is not visible on page (/specs/fsvpubliclanding.spec:139)
  - "right-menuhead-items-1" is not visible on page (/specs/fsvpubliclanding.spec:140)
  - "right-menuhead-items-2" is not visible on page (/specs/fsvpubliclanding.spec:139)
  - "right-menuhead-items-2" is not visible on page (/specs/fsvpubliclanding.spec:140)
  - "right-menuhead-items-2" is not visible on page (/specs/fsvpubliclanding.spec:144)
  - "right-menuhead-items-2" is not visible on page (/specs/fsvpubliclanding.spec:145)
  - "right-menuhead-items-3" is not visible on page (/specs/fsvpubliclanding.spec:139)
  - "right-menuhead-items-3" is not visible on page (/specs/fsvpubliclanding.spec:140)
  - "right-menuhead-items-3" is not visible on page (/specs/fsvpubliclanding.spec:144)
  - "right-menuhead-items-3" is not visible on page (/specs/fsvpubliclanding.spec:145)
  - "right-menuhead-items-4" is not visible on page (/specs/fsvpubliclanding.spec:139)
  - "right-menuhead-items-4" is not visible on page (/specs/fsvpubliclanding.spec:140)
  - "right-menuhead-items-4" is not visible on page (/specs/fsvpubliclanding.spec:144)
  - "right-menuhead-items-4" is not visible on page (/specs/fsvpubliclanding.spec:145)
  - "hero-banner" is absent on page (/specs/fsvpubliclanding.spec:201)
  - "hero-banner" is absent on page (/specs/fsvpubliclanding.spec:202)
  - "hero-banner" is absent on page (/specs/fsvpubliclanding.spec:205)
  - "hero-head" height is 27px which is not in range of 58 to 62px (/specs/fsvpubliclanding.spec:206)
  - "hero-head" css property "line-height" is "27px" but should be "39px" (/specs/fsvpubliclanding.spec:208)
  - "hero-banner" is absent on page (/specs/fsvpubliclanding.spec:211)
  - "hero-para" is 5px below "hero-head" instead of 0px (/specs/fsvpubliclanding.spec:212)
  - "hero-para" height is 27px which is not in range of 56 to 60px (/specs/fsvpubliclanding.spec:213)
  - "hero-para" css property "line-height" is "27px" but should be "39px" (/specs/fsvpubliclanding.spec:215)
  - "hero-banner" is absent on page (/specs/fsvpubliclanding.spec:218)
  - "hero-cta1" is 68px below "hero-para" instead of 30px (/specs/fsvpubliclanding.spec:219)
  - "hero-cta1" height is 95px which is not in range of 38 to 42px (/specs/fsvpubliclanding.spec:220)
  - "hero-cta1" css property "line-height" is "20px" but should be "16px" (/specs/fsvpubliclanding.spec:222)
  - "Highlight1" is 240px left which is not in range of 153 to 157px (/specs/fsvpubliclanding.spec:328)
  - "Highlight2" height is 107px which is not in range of 98 to 104px (/specs/fsvpubliclanding.spec:332)
  - "Highlight2" is 240px left which is not in range of 154 to 158px (/specs/fsvpubliclanding.spec:333)
  - "Highlight2" is 105px below "Highlight1" which is not in range of 183 to 187px (/specs/fsvpubliclanding.spec:334)
  - "Highlight3" width is 65px which is not in range of 80 to 86px (/specs/fsvpubliclanding.spec:338)
  - "Highlight3" height is 65px which is not in range of 80 to 86px (/specs/fsvpubliclanding.spec:339)
  - "Highlight3" is 240px left which is not in range of 145 to 149px (/specs/fsvpubliclanding.spec:340)
  - "Highlight3" is 123px below "Highlight2" which is not in range of 153 to 157px (/specs/fsvpubliclanding.spec:341)
  - "Highlight4" width is 65px which is not in range of 76 to 83px (/specs/fsvpubliclanding.spec:345)
  - "Highlight4" height is 65px which is not in range of 76 to 83px (/specs/fsvpubliclanding.spec:346)
  - "Highlight4" is 240px left which is not in range of 146 to 150px (/specs/fsvpubliclanding.spec:347)
  - "Highlight4" is 105px below "Highlight3" which is not in range of 164 to 168px (/specs/fsvpubliclanding.spec:348)
  - "HighlightTitle1" width is 480px which is not in range of 260 to 266px (/specs/fsvpubliclanding.spec:351)
  - "HighlightTitle1" css property "line-height" is "27px" but should be "26px" (/specs/fsvpubliclanding.spec:354)
  - "HighlightTitle1" is 32px left which is not in range of 51 to 55px (/specs/fsvpubliclanding.spec:355)
  - "HighlightTitle1" is 16px below "Highlight1" which is not in range of 20 to 24px (/specs/fsvpubliclanding.spec:356)
  - "HighlightTitle2" width is 480px which is not in range of 273 to 279px (/specs/fsvpubliclanding.spec:360)
  - "HighlightTitle2" css property "line-height" is "27px" but should be "26px" (/specs/fsvpubliclanding.spec:363)
  - "HighlightTitle2" is 32px left which is not in range of 48 to 52px (/specs/fsvpubliclanding.spec:364)
  - "HighlightTitle2" is 16px below "Highlight2" which is not in range of 5 to 11px (/specs/fsvpubliclanding.spec:365)
  - "HighlightTitle3" width is 480px which is not in range of 273 to 279px (/specs/fsvpubliclanding.spec:368)
  - "HighlightTitle3" css property "line-height" is "27px" but should be "26px" (/specs/fsvpubliclanding.spec:371)
  - "HighlightTitle3" is 32px left which is not in range of 50 to 54px (/specs/fsvpubliclanding.spec:372)
  - "HighlightTitle3" is 16px below "Highlight3" which is not in range of 21 to 25px (/specs/fsvpubliclanding.spec:373)
  - "HighlightTitle4" width is 480px which is not in range of 258 to 266px (/specs/fsvpubliclanding.spec:376)
  - "HighlightTitle4" css property "line-height" is "27px" but should be "26px" (/specs/fsvpubliclanding.spec:379)
  - "HighlightTitle4" is 32px left which is not in range of 52 to 56px (/specs/fsvpubliclanding.spec:380)
  - "HighlightTitle4" is 16px below "Highlight4" which is not in range of 22 to 26px (/specs/fsvpubliclanding.spec:381)
  - "HighligtSumary1" width is 480px which is not in range of 272 to 278px (/specs/fsvpubliclanding.spec:385)
  - "HighligtSumary1" height is 18px which is not in range of 36 to 44px (/specs/fsvpubliclanding.spec:386)
  - "HighligtSumary1" css property "line-height" is "18px" but should be "20px" (/specs/fsvpubliclanding.spec:388)
  - "HighligtSumary1" is 32px left which is not in range of 49 to 53px (/specs/fsvpubliclanding.spec:389)
  - "HighligtSumary2" width is 480px which is not in range of 279 to 285px (/specs/fsvpubliclanding.spec:394)
  - "HighligtSumary2" css property "line-height" is "18px" but should be "20px" (/specs/fsvpubliclanding.spec:397)
  - "HighligtSumary2" is 32px left which is not in range of 51 to 55px (/specs/fsvpubliclanding.spec:398)
  - "HighligtSumary3" width is 480px which is not in range of 274 to 280px (/specs/fsvpubliclanding.spec:403)
  - "HighligtSumary3" height is 18px which is not in range of 33 to 40px (/specs/fsvpubliclanding.spec:404)
  - "HighligtSumary3" is 32px left which is not in range of 50 to 54px (/specs/fsvpubliclanding.spec:407)
  - "HighligtSumary4" width is 480px which is not in range of 260 to 267px (/specs/fsvpubliclanding.spec:412)
  - "HighligtSumary4" height is 36px which is not in range of 51 to 57px (/specs/fsvpubliclanding.spec:413)
  - "HighligtSumary4" is 32px left which is not in range of 51 to 55px (/specs/fsvpubliclanding.spec:416)
  - "HighligtSumary4" is 184px below "HighlightTitle3" which is not in range of 12 to 18px (/specs/fsvpubliclanding.spec:417)
  - "ToolsDoc" width is 528px which is not in range of 108 to 288px (/specs/fsvpubliclanding.spec:571)
  - "ToolsDoc" height is 31px which is not in range of 59 to 65px (/specs/fsvpubliclanding.spec:572)
  - "ToolsDoc" css property "line-height" is "31px" but should be "31.008px" (/specs/fsvpubliclanding.spec:574)
  - "ToolsDoc" is 8px left which is not in range of 54 to 58px (/specs/fsvpubliclanding.spec:575)
  - "ToolSumry" width is 475px which is not in range of 285 to 290px (/specs/fsvpubliclanding.spec:579)
  - "ToolSumry" height is 72px which is not in range of 105 to 111px (/specs/fsvpubliclanding.spec:580)
  - "ToolSumry" is 34px left which is not in range of 42 to 46px (/specs/fsvpubliclanding.spec:583)
  - "ToolSumry" is 29px below "ToolsDoc" which is not in range of 18 to 22px (/specs/fsvpubliclanding.spec:584)
  - "Tooltext" width is 475px which is not in range of 297 to 303px (/specs/fsvpubliclanding.spec:587)
  - "Tooltext" css property "line-height" is "15px" but should be "14px" (/specs/fsvpubliclanding.spec:590)
  - "Tooltext" is 34px left which is not in range of 36 to 40px (/specs/fsvpubliclanding.spec:591)
  - "CodeSnippet" width is 528px which is not in range of 347 to 353px (/specs/fsvpubliclanding.spec:595)
  - "CodeSnippet" height is 300px which is not in range of 411 to 417px (/specs/fsvpubliclanding.spec:596)
  - "CodeSnippet" is 8px left which is not in range of 11 to 15px (/specs/fsvpubliclanding.spec:597)
  - "CodeSnippet" is 30px below "Tooltext" which is not in range of 20 to 24px (/specs/fsvpubliclanding.spec:598)
  - "CTA1" is 105px left which is not in range of 14 to 18px (/specs/fsvpubliclanding.spec:604)
  - "CTA1" css property "line-height" is "18px" but should be "16px" (/specs/fsvpubliclanding.spec:606)
  - "CTA1" is 34px below "CodeSnippet" which is not in range of 28 to 32px (/specs/fsvpubliclanding.spec:607)
  - "CTA2" is 279px left which is not in range of 196 to 200px (/specs/fsvpubliclanding.spec:612)
  - "CTA2" css property "line-height" is "18px" but should be "16px" (/specs/fsvpubliclanding.spec:614)
  - "CTA2" is 14px right of "CTA1" which is not in range of 20 to 24px (/specs/fsvpubliclanding.spec:615)
  - "CTA2" is 34px below "CodeSnippet" which is not in range of 28 to 32px (/specs/fsvpubliclanding.spec:616)
  - "help-component" height is 217px which is not in range of 261 to 265px (/specs/fsvpubliclanding.spec:690)
  - "help-first-leaf" is 210px left instead of 15px (/specs/fsvpubliclanding.spec:693)
  - "help-first-leaf" height is 39px which is not in range of 29 to 33px (/specs/fsvpubliclanding.spec:694)
  - "help-last-leaf" is 195px left instead of 108px (/specs/fsvpubliclanding.spec:699)
  - "help-last-leaf" css property "line-height" is "18px" but should be "16px" (/specs/fsvpubliclanding.spec:703)
  - Cannot find locator for "footer-container" in page spec (/specs/fsvpubliclanding.spec:745)
  - Cannot find locator for "footer-container" in page spec (/specs/fsvpubliclanding.spec:746)
  - Cannot find locator for "footer-container" in page spec (/specs/fsvpubliclanding.spec:747)
  - "footer-copy-right" is not visible on page (/specs/fsvpubliclanding.spec:750)
  - "footer-copy-right" is not visible on page (/specs/fsvpubliclanding.spec:751)
  - Cannot find locator for "footer-container" in page spec (/specs/fsvpubliclanding.spec:795)
  - "footer-copy-right" is not visible on page (/specs/fsvpubliclanding.spec:796)
  - "footer-rtmenu-items-1" height is 34px which is not in range of 18 to 22px (/specs/fsvpubliclanding.spec:801)
  - color #ffffff on "footer-rtmenu-items-1" is 0% instead of 5% (/specs/fsvpubliclanding.spec:802)
  - "footer-rtmenu-items-1" height is 34px which is not in range of 18 to 22px (/specs/fsvpubliclanding.spec:806)
  - "footer-rtmenu-items-2" height is 34px which is not in range of 18 to 22px (/specs/fsvpubliclanding.spec:806)
  - "footer-rtmenu-items-2" is 0px below "footer-rtmenu-items-1" which is not in range of 15 to 18px (/specs/fsvpubliclanding.spec:810)
  - "footer-rtmenu-items-3" height is 34px which is not in range of 18 to 22px (/specs/fsvpubliclanding.spec:806)
  - "footer-rtmenu-items-3" is 0px below "footer-rtmenu-items-2" which is not in range of 15 to 18px (/specs/fsvpubliclanding.spec:810)
  - "footer-rtmenu-items-4" height is 34px which is not in range of 18 to 22px (/specs/fsvpubliclanding.spec:806)
  - "footer-rtmenu-items-4" is 0px below "footer-rtmenu-items-3" which is not in range of 15 to 18px (/specs/fsvpubliclanding.spec:810)
  - "footer-rtmenu-items-5" height is 34px which is not in range of 18 to 22px (/specs/fsvpubliclanding.spec:806)
  - "footer-rtmenu-items-5" is 0px below "footer-rtmenu-items-4" which is not in range of 15 to 18px (/specs/fsvpubliclanding.spec:810)

	at com.galenframework.support.GalenJavaTestBase.checkLayout(GalenJavaTestBase.java:129)
	at com.galenframework.support.GalenJavaTestBase.checkLayout(GalenJavaTestBase.java:111)
	at com.galenframework.java.USB.tests.SecureLandingPage_creative_Verification.fsvPublicLandingPage(SecureLandingPage_creative_Verification.java:75)
	at sun.reflect.NativeMethodAccessorImpl.invoke0(Native Method)
	at sun.reflect.NativeMethodAccessorImpl.invoke(NativeMethodAccessorImpl.java:62)
	at sun.reflect.DelegatingMethodAccessorImpl.invoke(DelegatingMethodAccessorImpl.java:43)
	at java.lang.reflect.Method.invoke(Method.java:498)
	at org.testng.internal.MethodInvocationHelper.invokeMethod(MethodInvocationHelper.java:80)
	at org.testng.internal.Invoker.invokeMethod(Invoker.java:715)
	at org.testng.internal.Invoker.invokeTestMethod(Invoker.java:907)
	at org.testng.internal.Invoker.invokeTestMethods(Invoker.java:1237)
	at org.testng.internal.TestMethodWorker.invokeTestMethods(TestMethodWorker.java:127)
	at org.testng.internal.TestMethodWorker.run(TestMethodWorker.java:111)
	at org.testng.TestRunner.privateRun(TestRunner.java:767)
	at org.testng.TestRunner.run(TestRunner.java:617)
	at org.testng.SuiteRunner.runTest(SuiteRunner.java:334)
	at org.testng.SuiteRunner.runSequentially(SuiteRunner.java:329)
	at org.testng.SuiteRunner.privateRun(SuiteRunner.java:291)
	at org.testng.SuiteRunner.run(SuiteRunner.java:240)
	at org.testng.SuiteRunnerWorker.runSuite(SuiteRunnerWorker.java:51)
	at org.testng.SuiteRunnerWorker.run(SuiteRunnerWorker.java:85)
	at org.testng.TestNG.runSuitesSequentially(TestNG.java:1197)
	at org.testng.TestNG.runSuitesLocally(TestNG.java:1122)
	at org.testng.TestNG.run(TestNG.java:1030)
	at org.testng.remote.AbstractRemoteTestNG.run(AbstractRemoteTestNG.java:132)
	at org.testng.remote.RemoteTestNG.initAndRun(RemoteTestNG.java:230)
	at org.testng.remote.RemoteTestNG.main(RemoteTestNG.java:76)
]]>
    </failure>
  </testcase> <!-- fsvPublicLandingPage -->
  <testcase name="elavonPublicLandingPage" time="92.749" classname="com.galenframework.java.USB.tests.SecureLandingPage_creative_Verification">
    <failure type="com.galenframework.support.LayoutValidationException" message="/specs/elavonpubliclanding.spec, tags: [Mobile]
  - &quot;header-container&quot; height is 61px which is not in range of 605 to 609px (/specs/elavonpubliclanding.spec:83)
  - color #e03e4b on &quot;header-container&quot; is 0% but it should be greater than 90% (/specs/elavonpubliclanding.spec:84)
  - &quot;left-menu-head&quot; is 82px left instead of 0px (/specs/elavonpubliclanding.spec:87)
  - &quot;logo-img&quot; is absent on page (/specs/elavonpubliclanding.spec:90)
  - &quot;logo-img&quot; is absent on page (/specs/elavonpubliclanding.spec:91)
  - &quot;right-menu-head&quot; is not visible on page (/specs/elavonpubliclanding.spec:134)
  - &quot;right-menuhead-items-1&quot; is not visible on page (/specs/elavonpubliclanding.spec:138)
  - &quot;right-menuhead-items-1&quot; is not visible on page (/specs/elavonpubliclanding.spec:139)
  - &quot;right-menuhead-items-1&quot; is not visible on page (/specs/elavonpubliclanding.spec:142)
  - &quot;right-menuhead-items-1&quot; is not visible on page (/specs/elavonpubliclanding.spec:143)
  - &quot;right-menuhead-items-2&quot; is not visible on page (/specs/elavonpubliclanding.spec:142)
  - &quot;right-menuhead-items-2&quot; is not visible on page (/specs/elavonpubliclanding.spec:143)
  - &quot;right-menuhead-items-2&quot; is not visible on page (/specs/elavonpubliclanding.spec:147)
  - &quot;right-menuhead-items-2&quot; is not visible on page (/specs/elavonpubliclanding.spec:148)
  - &quot;right-menuhead-items-3&quot; is not visible on page (/specs/elavonpubliclanding.spec:142)
  - &quot;right-menuhead-items-3&quot; is not visible on page (/specs/elavonpubliclanding.spec:143)
  - &quot;right-menuhead-items-3&quot; is not visible on page (/specs/elavonpubliclanding.spec:147)
  - &quot;right-menuhead-items-3&quot; is not visible on page (/specs/elavonpubliclanding.spec:148)
  - &quot;right-menuhead-items-4&quot; is not visible on page (/specs/elavonpubliclanding.spec:142)
  - &quot;right-menuhead-items-4&quot; is not visible on page (/specs/elavonpubliclanding.spec:143)
  - &quot;right-menuhead-items-4&quot; is not visible on page (/specs/elavonpubliclanding.spec:147)
  - &quot;right-menuhead-items-4&quot; is not visible on page (/specs/elavonpubliclanding.spec:148)
  - &quot;right-menuhead-items-5&quot; is not visible on page (/specs/elavonpubliclanding.spec:142)
  - &quot;right-menuhead-items-5&quot; is not visible on page (/specs/elavonpubliclanding.spec:143)
  - &quot;right-menuhead-items-5&quot; is not visible on page (/specs/elavonpubliclanding.spec:147)
  - &quot;right-menuhead-items-5&quot; is not visible on page (/specs/elavonpubliclanding.spec:148)
  - &quot;hero-banner&quot; is 61px top instead of 0px (/specs/elavonpubliclanding.spec:204)
  - color #e03e4b on &quot;hero-banner&quot; is 0% but it should be greater than 90% (/specs/elavonpubliclanding.spec:205)
  - &quot;hero-head&quot; is 8px left instead of 48px, is 223px top instead of 77px (/specs/elavonpubliclanding.spec:208)
  - &quot;hero-head&quot; height is 27px which is not in range of 58 to 62px (/specs/elavonpubliclanding.spec:209)
  - &quot;hero-head&quot; css property &quot;line-height&quot; is &quot;27px&quot; but should be &quot;39px&quot; (/specs/elavonpubliclanding.spec:211)
  - &quot;hero-para&quot; is 8px left instead of 48px, is 250px top instead of 270px (/specs/elavonpubliclanding.spec:214)
  - &quot;hero-para&quot; height is 27px which is not in range of 56 to 60px (/specs/elavonpubliclanding.spec:216)
  - &quot;hero-para&quot; css property &quot;line-height&quot; is &quot;27px&quot; but should be &quot;39px&quot; (/specs/elavonpubliclanding.spec:218)
  - &quot;hero-cta1&quot; is 376px left instead of 46px, is 328px top instead of 263px (/specs/elavonpubliclanding.spec:221)
  - &quot;hero-cta1&quot; is 51px below &quot;hero-para&quot; instead of 30px (/specs/elavonpubliclanding.spec:222)
  - &quot;hero-cta1&quot; height is 100px which is not in range of 38 to 42px (/specs/elavonpubliclanding.spec:223)
  - &quot;hero-cta1&quot; css property &quot;line-height&quot; is &quot;20px&quot; but should be &quot;16px&quot; (/specs/elavonpubliclanding.spec:225)
  - &quot;Highlight1&quot; height is 108px which is not in range of 81 to 87px (/specs/elavonpubliclanding.spec:327)
  - &quot;Highlight1&quot; is 240px left which is not in range of 153 to 157px (/specs/elavonpubliclanding.spec:328)
  - &quot;Highlight2&quot; height is 65px which is not in range of 98 to 104px (/specs/elavonpubliclanding.spec:332)
  - &quot;Highlight2&quot; is 240px left which is not in range of 154 to 158px (/specs/elavonpubliclanding.spec:333)
  - &quot;Highlight2&quot; is 121px below &quot;Highlight1&quot; which is not in range of 183 to 187px (/specs/elavonpubliclanding.spec:334)
  - &quot;Highlight3&quot; width is 65px which is not in range of 80 to 86px (/specs/elavonpubliclanding.spec:338)
  - &quot;Highlight3&quot; height is 65px which is not in range of 80 to 86px (/specs/elavonpubliclanding.spec:339)
  - &quot;Highlight3&quot; is 240px left which is not in range of 145 to 149px (/specs/elavonpubliclanding.spec:340)
  - &quot;Highlight3&quot; is 139px below &quot;Highlight2&quot; which is not in range of 153 to 157px (/specs/elavonpubliclanding.spec:341)
  - &quot;Highlight4&quot; width is 65px which is not in range of 76 to 83px (/specs/elavonpubliclanding.spec:345)
  - &quot;Highlight4&quot; height is 84px which is not in range of 76 to 83px (/specs/elavonpubliclanding.spec:346)
  - &quot;Highlight4&quot; is 240px left which is not in range of 146 to 150px (/specs/elavonpubliclanding.spec:347)
  - &quot;Highlight4&quot; is 121px below &quot;Highlight3&quot; which is not in range of 164 to 168px (/specs/elavonpubliclanding.spec:348)
  - &quot;HighlightTitle1&quot; width is 480px which is not in range of 260 to 266px (/specs/elavonpubliclanding.spec:351)
  - &quot;HighlightTitle1&quot; css property &quot;line-height&quot; is &quot;27px&quot; but should be &quot;26px&quot; (/specs/elavonpubliclanding.spec:354)
  - &quot;HighlightTitle1&quot; is 32px left which is not in range of 51 to 55px (/specs/elavonpubliclanding.spec:355)
  - &quot;HighlightTitle1&quot; is 16px below &quot;Highlight1&quot; which is not in range of 20 to 24px (/specs/elavonpubliclanding.spec:356)
  - &quot;HighlightTitle2&quot; width is 480px which is not in range of 273 to 279px (/specs/elavonpubliclanding.spec:360)
  - &quot;HighlightTitle2&quot; css property &quot;line-height&quot; is &quot;27px&quot; but should be &quot;26px&quot; (/specs/elavonpubliclanding.spec:363)
  - &quot;HighlightTitle2&quot; is 32px left which is not in range of 48 to 52px (/specs/elavonpubliclanding.spec:364)
  - &quot;HighlightTitle2&quot; is 16px below &quot;Highlight2&quot; which is not in range of 5 to 11px (/specs/elavonpubliclanding.spec:365)
  - &quot;HighlightTitle3&quot; width is 480px which is not in range of 273 to 279px (/specs/elavonpubliclanding.spec:368)
  - &quot;HighlightTitle3&quot; css property &quot;line-height&quot; is &quot;27px&quot; but should be &quot;26px&quot; (/specs/elavonpubliclanding.spec:371)
  - &quot;HighlightTitle3&quot; is 32px left which is not in range of 50 to 54px (/specs/elavonpubliclanding.spec:372)
  - &quot;HighlightTitle3&quot; is 16px below &quot;Highlight3&quot; which is not in range of 21 to 25px (/specs/elavonpubliclanding.spec:373)
  - &quot;HighlightTitle4&quot; width is 480px which is not in range of 258 to 266px (/specs/elavonpubliclanding.spec:376)
  - &quot;HighlightTitle4&quot; css property &quot;line-height&quot; is &quot;27px&quot; but should be &quot;26px&quot; (/specs/elavonpubliclanding.spec:379)
  - &quot;HighlightTitle4&quot; is 32px left which is not in range of 52 to 56px (/specs/elavonpubliclanding.spec:380)
  - &quot;HighlightTitle4&quot; is 16px below &quot;Highlight4&quot; which is not in range of 22 to 26px (/specs/elavonpubliclanding.spec:381)
  - &quot;HighligtSumary1&quot; width is 480px which is not in range of 272 to 278px (/specs/elavonpubliclanding.spec:385)
  - &quot;HighligtSumary1&quot; height is 18px which is not in range of 36 to 44px (/specs/elavonpubliclanding.spec:386)
  - &quot;HighligtSumary1&quot; css property &quot;line-height&quot; is &quot;18px&quot; but should be &quot;20px&quot; (/specs/elavonpubliclanding.spec:388)
  - &quot;HighligtSumary1&quot; is 32px left which is not in range of 49 to 53px (/specs/elavonpubliclanding.spec:389)
  - &quot;HighligtSumary2&quot; width is 480px which is not in range of 279 to 285px (/specs/elavonpubliclanding.spec:394)
  - &quot;HighligtSumary2&quot; css property &quot;line-height&quot; is &quot;18px&quot; but should be &quot;20px&quot; (/specs/elavonpubliclanding.spec:397)
  - &quot;HighligtSumary2&quot; is 32px left which is not in range of 51 to 55px (/specs/elavonpubliclanding.spec:398)
  - &quot;HighligtSumary3&quot; width is 480px which is not in range of 274 to 280px (/specs/elavonpubliclanding.spec:403)
  - &quot;HighligtSumary3&quot; height is 18px which is not in range of 33 to 40px (/specs/elavonpubliclanding.spec:404)
  - &quot;HighligtSumary3&quot; is 32px left which is not in range of 50 to 54px (/specs/elavonpubliclanding.spec:407)
  - &quot;HighligtSumary4&quot; width is 480px which is not in range of 260 to 267px (/specs/elavonpubliclanding.spec:412)
  - &quot;HighligtSumary4&quot; height is 36px which is not in range of 51 to 57px (/specs/elavonpubliclanding.spec:413)
  - &quot;HighligtSumary4&quot; is 32px left which is not in range of 51 to 55px (/specs/elavonpubliclanding.spec:416)
  - &quot;HighligtSumary4&quot; is 219px below &quot;HighlightTitle3&quot; which is not in range of 12 to 18px (/specs/elavonpubliclanding.spec:417)
  - &quot;ToolsDoc&quot; width is 528px which is not in range of 108 to 288px (/specs/elavonpubliclanding.spec:567)
  - &quot;ToolsDoc&quot; height is 31px which is not in range of 59 to 65px (/specs/elavonpubliclanding.spec:568)
  - &quot;ToolsDoc&quot; css property &quot;line-height&quot; is &quot;31px&quot; but should be &quot;31.008px&quot; (/specs/elavonpubliclanding.spec:570)
  - &quot;ToolsDoc&quot; is 8px left which is not in range of 54 to 58px (/specs/elavonpubliclanding.spec:571)
  - &quot;ToolSumry&quot; width is 475px which is not in range of 285 to 290px (/specs/elavonpubliclanding.spec:575)
  - &quot;ToolSumry&quot; height is 72px which is not in range of 105 to 111px (/specs/elavonpubliclanding.spec:576)
  - &quot;ToolSumry&quot; is 34px left which is not in range of 42 to 46px (/specs/elavonpubliclanding.spec:579)
  - &quot;ToolSumry&quot; is 29px below &quot;ToolsDoc&quot; which is not in range of 18 to 22px (/specs/elavonpubliclanding.spec:580)
  - &quot;Tooltext&quot; width is 475px which is not in range of 297 to 303px (/specs/elavonpubliclanding.spec:583)
  - &quot;Tooltext&quot; css property &quot;line-height&quot; is &quot;15px&quot; but should be &quot;14px&quot; (/specs/elavonpubliclanding.spec:586)
  - &quot;Tooltext&quot; is 34px left which is not in range of 36 to 40px (/specs/elavonpubliclanding.spec:587)
  - &quot;CodeSnippet&quot; width is 528px which is not in range of 347 to 353px (/specs/elavonpubliclanding.spec:591)
  - &quot;CodeSnippet&quot; height is 300px which is not in range of 411 to 417px (/specs/elavonpubliclanding.spec:592)
  - &quot;CodeSnippet&quot; is 8px left which is not in range of 11 to 15px (/specs/elavonpubliclanding.spec:593)
  - &quot;CodeSnippet&quot; is 30px below &quot;Tooltext&quot; which is not in range of 20 to 24px (/specs/elavonpubliclanding.spec:594)
  - &quot;CTA1&quot; is 105px left which is not in range of 14 to 18px (/specs/elavonpubliclanding.spec:600)
  - &quot;CTA1&quot; css property &quot;line-height&quot; is &quot;18px&quot; but should be &quot;16px&quot; (/specs/elavonpubliclanding.spec:602)
  - &quot;CTA1&quot; is 34px below &quot;CodeSnippet&quot; which is not in range of 28 to 32px (/specs/elavonpubliclanding.spec:603)
  - &quot;CTA2&quot; is 279px left which is not in range of 196 to 200px (/specs/elavonpubliclanding.spec:608)
  - &quot;CTA2&quot; css property &quot;line-height&quot; is &quot;18px&quot; but should be &quot;16px&quot; (/specs/elavonpubliclanding.spec:610)
  - &quot;CTA2&quot; is 14px right of &quot;CTA1&quot; which is not in range of 20 to 24px (/specs/elavonpubliclanding.spec:611)
  - &quot;CTA2&quot; is 34px below &quot;CodeSnippet&quot; which is not in range of 28 to 32px (/specs/elavonpubliclanding.spec:612)
  - &quot;help-component&quot; height is 217px which is not in range of 261 to 265px (/specs/elavonpubliclanding.spec:685)
  - &quot;help-first-leaf&quot; is 210px left instead of 15px (/specs/elavonpubliclanding.spec:688)
  - &quot;help-first-leaf&quot; height is 39px which is not in range of 29 to 33px (/specs/elavonpubliclanding.spec:689)
  - &quot;help-last-leaf&quot; is 195px left instead of 108px (/specs/elavonpubliclanding.spec:694)
  - &quot;help-last-leaf&quot; css property &quot;line-height&quot; is &quot;18px&quot; but should be &quot;16px&quot; (/specs/elavonpubliclanding.spec:698)
  - Cannot find locator for &quot;footer-container&quot; in page spec (/specs/elavonpubliclanding.spec:740)
  - Cannot find locator for &quot;footer-container&quot; in page spec (/specs/elavonpubliclanding.spec:741)
  - Cannot find locator for &quot;footer-container&quot; in page spec (/specs/elavonpubliclanding.spec:742)
  - &quot;footer-copy-right&quot; is absent on page (/specs/elavonpubliclanding.spec:745)
  - &quot;footer-copy-right&quot; is absent on page (/specs/elavonpubliclanding.spec:746)
  - Cannot find locator for &quot;footer-container&quot; in page spec (/specs/elavonpubliclanding.spec:790)
  - &quot;footer-copy-right&quot; is absent on page (/specs/elavonpubliclanding.spec:791)
  - &quot;footer-rtmenu-items-1&quot; height is 34px which is not in range of 18 to 22px (/specs/elavonpubliclanding.spec:796)
  - color #ffffff on &quot;footer-rtmenu-items-1&quot; is 0% instead of 5% (/specs/elavonpubliclanding.spec:797)
  - &quot;footer-rtmenu-items-1&quot; height is 34px which is not in range of 18 to 22px (/specs/elavonpubliclanding.spec:801)
  - &quot;footer-rtmenu-items-2&quot; height is 34px which is not in range of 18 to 22px (/specs/elavonpubliclanding.spec:801)
  - &quot;footer-rtmenu-items-2&quot; is 0px below &quot;footer-rtmenu-items-1&quot; which is not in range of 15 to 18px (/specs/elavonpubliclanding.spec:805)
  - &quot;footer-rtmenu-items-3&quot; height is 34px which is not in range of 18 to 22px (/specs/elavonpubliclanding.spec:801)
  - &quot;footer-rtmenu-items-3&quot; is 0px below &quot;footer-rtmenu-items-2&quot; which is not in range of 15 to 18px (/specs/elavonpubliclanding.spec:805)
  - &quot;footer-rtmenu-items-4&quot; height is 34px which is not in range of 18 to 22px (/specs/elavonpubliclanding.spec:801)
  - &quot;footer-rtmenu-items-4&quot; is 0px below &quot;footer-rtmenu-items-3&quot; which is not in range of 15 to 18px (/specs/elavonpubliclanding.spec:805)
  - &quot;footer-rtmenu-items-5&quot; height is 34px which is not in range of 18 to 22px (/specs/elavonpubliclanding.spec:801)
  - &quot;footer-rtmenu-items-5&quot; is 0px below &quot;footer-rtmenu-items-4&quot; which is not in range of 15 to 18px (/specs/elavonpubliclanding.spec:805)
">
      <![CDATA[com.galenframework.support.LayoutValidationException: /specs/elavonpubliclanding.spec, tags: [Mobile]
  - "header-container" height is 61px which is not in range of 605 to 609px (/specs/elavonpubliclanding.spec:83)
  - color #e03e4b on "header-container" is 0% but it should be greater than 90% (/specs/elavonpubliclanding.spec:84)
  - "left-menu-head" is 82px left instead of 0px (/specs/elavonpubliclanding.spec:87)
  - "logo-img" is absent on page (/specs/elavonpubliclanding.spec:90)
  - "logo-img" is absent on page (/specs/elavonpubliclanding.spec:91)
  - "right-menu-head" is not visible on page (/specs/elavonpubliclanding.spec:134)
  - "right-menuhead-items-1" is not visible on page (/specs/elavonpubliclanding.spec:138)
  - "right-menuhead-items-1" is not visible on page (/specs/elavonpubliclanding.spec:139)
  - "right-menuhead-items-1" is not visible on page (/specs/elavonpubliclanding.spec:142)
  - "right-menuhead-items-1" is not visible on page (/specs/elavonpubliclanding.spec:143)
  - "right-menuhead-items-2" is not visible on page (/specs/elavonpubliclanding.spec:142)
  - "right-menuhead-items-2" is not visible on page (/specs/elavonpubliclanding.spec:143)
  - "right-menuhead-items-2" is not visible on page (/specs/elavonpubliclanding.spec:147)
  - "right-menuhead-items-2" is not visible on page (/specs/elavonpubliclanding.spec:148)
  - "right-menuhead-items-3" is not visible on page (/specs/elavonpubliclanding.spec:142)
  - "right-menuhead-items-3" is not visible on page (/specs/elavonpubliclanding.spec:143)
  - "right-menuhead-items-3" is not visible on page (/specs/elavonpubliclanding.spec:147)
  - "right-menuhead-items-3" is not visible on page (/specs/elavonpubliclanding.spec:148)
  - "right-menuhead-items-4" is not visible on page (/specs/elavonpubliclanding.spec:142)
  - "right-menuhead-items-4" is not visible on page (/specs/elavonpubliclanding.spec:143)
  - "right-menuhead-items-4" is not visible on page (/specs/elavonpubliclanding.spec:147)
  - "right-menuhead-items-4" is not visible on page (/specs/elavonpubliclanding.spec:148)
  - "right-menuhead-items-5" is not visible on page (/specs/elavonpubliclanding.spec:142)
  - "right-menuhead-items-5" is not visible on page (/specs/elavonpubliclanding.spec:143)
  - "right-menuhead-items-5" is not visible on page (/specs/elavonpubliclanding.spec:147)
  - "right-menuhead-items-5" is not visible on page (/specs/elavonpubliclanding.spec:148)
  - "hero-banner" is 61px top instead of 0px (/specs/elavonpubliclanding.spec:204)
  - color #e03e4b on "hero-banner" is 0% but it should be greater than 90% (/specs/elavonpubliclanding.spec:205)
  - "hero-head" is 8px left instead of 48px, is 223px top instead of 77px (/specs/elavonpubliclanding.spec:208)
  - "hero-head" height is 27px which is not in range of 58 to 62px (/specs/elavonpubliclanding.spec:209)
  - "hero-head" css property "line-height" is "27px" but should be "39px" (/specs/elavonpubliclanding.spec:211)
  - "hero-para" is 8px left instead of 48px, is 250px top instead of 270px (/specs/elavonpubliclanding.spec:214)
  - "hero-para" height is 27px which is not in range of 56 to 60px (/specs/elavonpubliclanding.spec:216)
  - "hero-para" css property "line-height" is "27px" but should be "39px" (/specs/elavonpubliclanding.spec:218)
  - "hero-cta1" is 376px left instead of 46px, is 328px top instead of 263px (/specs/elavonpubliclanding.spec:221)
  - "hero-cta1" is 51px below "hero-para" instead of 30px (/specs/elavonpubliclanding.spec:222)
  - "hero-cta1" height is 100px which is not in range of 38 to 42px (/specs/elavonpubliclanding.spec:223)
  - "hero-cta1" css property "line-height" is "20px" but should be "16px" (/specs/elavonpubliclanding.spec:225)
  - "Highlight1" height is 108px which is not in range of 81 to 87px (/specs/elavonpubliclanding.spec:327)
  - "Highlight1" is 240px left which is not in range of 153 to 157px (/specs/elavonpubliclanding.spec:328)
  - "Highlight2" height is 65px which is not in range of 98 to 104px (/specs/elavonpubliclanding.spec:332)
  - "Highlight2" is 240px left which is not in range of 154 to 158px (/specs/elavonpubliclanding.spec:333)
  - "Highlight2" is 121px below "Highlight1" which is not in range of 183 to 187px (/specs/elavonpubliclanding.spec:334)
  - "Highlight3" width is 65px which is not in range of 80 to 86px (/specs/elavonpubliclanding.spec:338)
  - "Highlight3" height is 65px which is not in range of 80 to 86px (/specs/elavonpubliclanding.spec:339)
  - "Highlight3" is 240px left which is not in range of 145 to 149px (/specs/elavonpubliclanding.spec:340)
  - "Highlight3" is 139px below "Highlight2" which is not in range of 153 to 157px (/specs/elavonpubliclanding.spec:341)
  - "Highlight4" width is 65px which is not in range of 76 to 83px (/specs/elavonpubliclanding.spec:345)
  - "Highlight4" height is 84px which is not in range of 76 to 83px (/specs/elavonpubliclanding.spec:346)
  - "Highlight4" is 240px left which is not in range of 146 to 150px (/specs/elavonpubliclanding.spec:347)
  - "Highlight4" is 121px below "Highlight3" which is not in range of 164 to 168px (/specs/elavonpubliclanding.spec:348)
  - "HighlightTitle1" width is 480px which is not in range of 260 to 266px (/specs/elavonpubliclanding.spec:351)
  - "HighlightTitle1" css property "line-height" is "27px" but should be "26px" (/specs/elavonpubliclanding.spec:354)
  - "HighlightTitle1" is 32px left which is not in range of 51 to 55px (/specs/elavonpubliclanding.spec:355)
  - "HighlightTitle1" is 16px below "Highlight1" which is not in range of 20 to 24px (/specs/elavonpubliclanding.spec:356)
  - "HighlightTitle2" width is 480px which is not in range of 273 to 279px (/specs/elavonpubliclanding.spec:360)
  - "HighlightTitle2" css property "line-height" is "27px" but should be "26px" (/specs/elavonpubliclanding.spec:363)
  - "HighlightTitle2" is 32px left which is not in range of 48 to 52px (/specs/elavonpubliclanding.spec:364)
  - "HighlightTitle2" is 16px below "Highlight2" which is not in range of 5 to 11px (/specs/elavonpubliclanding.spec:365)
  - "HighlightTitle3" width is 480px which is not in range of 273 to 279px (/specs/elavonpubliclanding.spec:368)
  - "HighlightTitle3" css property "line-height" is "27px" but should be "26px" (/specs/elavonpubliclanding.spec:371)
  - "HighlightTitle3" is 32px left which is not in range of 50 to 54px (/specs/elavonpubliclanding.spec:372)
  - "HighlightTitle3" is 16px below "Highlight3" which is not in range of 21 to 25px (/specs/elavonpubliclanding.spec:373)
  - "HighlightTitle4" width is 480px which is not in range of 258 to 266px (/specs/elavonpubliclanding.spec:376)
  - "HighlightTitle4" css property "line-height" is "27px" but should be "26px" (/specs/elavonpubliclanding.spec:379)
  - "HighlightTitle4" is 32px left which is not in range of 52 to 56px (/specs/elavonpubliclanding.spec:380)
  - "HighlightTitle4" is 16px below "Highlight4" which is not in range of 22 to 26px (/specs/elavonpubliclanding.spec:381)
  - "HighligtSumary1" width is 480px which is not in range of 272 to 278px (/specs/elavonpubliclanding.spec:385)
  - "HighligtSumary1" height is 18px which is not in range of 36 to 44px (/specs/elavonpubliclanding.spec:386)
  - "HighligtSumary1" css property "line-height" is "18px" but should be "20px" (/specs/elavonpubliclanding.spec:388)
  - "HighligtSumary1" is 32px left which is not in range of 49 to 53px (/specs/elavonpubliclanding.spec:389)
  - "HighligtSumary2" width is 480px which is not in range of 279 to 285px (/specs/elavonpubliclanding.spec:394)
  - "HighligtSumary2" css property "line-height" is "18px" but should be "20px" (/specs/elavonpubliclanding.spec:397)
  - "HighligtSumary2" is 32px left which is not in range of 51 to 55px (/specs/elavonpubliclanding.spec:398)
  - "HighligtSumary3" width is 480px which is not in range of 274 to 280px (/specs/elavonpubliclanding.spec:403)
  - "HighligtSumary3" height is 18px which is not in range of 33 to 40px (/specs/elavonpubliclanding.spec:404)
  - "HighligtSumary3" is 32px left which is not in range of 50 to 54px (/specs/elavonpubliclanding.spec:407)
  - "HighligtSumary4" width is 480px which is not in range of 260 to 267px (/specs/elavonpubliclanding.spec:412)
  - "HighligtSumary4" height is 36px which is not in range of 51 to 57px (/specs/elavonpubliclanding.spec:413)
  - "HighligtSumary4" is 32px left which is not in range of 51 to 55px (/specs/elavonpubliclanding.spec:416)
  - "HighligtSumary4" is 219px below "HighlightTitle3" which is not in range of 12 to 18px (/specs/elavonpubliclanding.spec:417)
  - "ToolsDoc" width is 528px which is not in range of 108 to 288px (/specs/elavonpubliclanding.spec:567)
  - "ToolsDoc" height is 31px which is not in range of 59 to 65px (/specs/elavonpubliclanding.spec:568)
  - "ToolsDoc" css property "line-height" is "31px" but should be "31.008px" (/specs/elavonpubliclanding.spec:570)
  - "ToolsDoc" is 8px left which is not in range of 54 to 58px (/specs/elavonpubliclanding.spec:571)
  - "ToolSumry" width is 475px which is not in range of 285 to 290px (/specs/elavonpubliclanding.spec:575)
  - "ToolSumry" height is 72px which is not in range of 105 to 111px (/specs/elavonpubliclanding.spec:576)
  - "ToolSumry" is 34px left which is not in range of 42 to 46px (/specs/elavonpubliclanding.spec:579)
  - "ToolSumry" is 29px below "ToolsDoc" which is not in range of 18 to 22px (/specs/elavonpubliclanding.spec:580)
  - "Tooltext" width is 475px which is not in range of 297 to 303px (/specs/elavonpubliclanding.spec:583)
  - "Tooltext" css property "line-height" is "15px" but should be "14px" (/specs/elavonpubliclanding.spec:586)
  - "Tooltext" is 34px left which is not in range of 36 to 40px (/specs/elavonpubliclanding.spec:587)
  - "CodeSnippet" width is 528px which is not in range of 347 to 353px (/specs/elavonpubliclanding.spec:591)
  - "CodeSnippet" height is 300px which is not in range of 411 to 417px (/specs/elavonpubliclanding.spec:592)
  - "CodeSnippet" is 8px left which is not in range of 11 to 15px (/specs/elavonpubliclanding.spec:593)
  - "CodeSnippet" is 30px below "Tooltext" which is not in range of 20 to 24px (/specs/elavonpubliclanding.spec:594)
  - "CTA1" is 105px left which is not in range of 14 to 18px (/specs/elavonpubliclanding.spec:600)
  - "CTA1" css property "line-height" is "18px" but should be "16px" (/specs/elavonpubliclanding.spec:602)
  - "CTA1" is 34px below "CodeSnippet" which is not in range of 28 to 32px (/specs/elavonpubliclanding.spec:603)
  - "CTA2" is 279px left which is not in range of 196 to 200px (/specs/elavonpubliclanding.spec:608)
  - "CTA2" css property "line-height" is "18px" but should be "16px" (/specs/elavonpubliclanding.spec:610)
  - "CTA2" is 14px right of "CTA1" which is not in range of 20 to 24px (/specs/elavonpubliclanding.spec:611)
  - "CTA2" is 34px below "CodeSnippet" which is not in range of 28 to 32px (/specs/elavonpubliclanding.spec:612)
  - "help-component" height is 217px which is not in range of 261 to 265px (/specs/elavonpubliclanding.spec:685)
  - "help-first-leaf" is 210px left instead of 15px (/specs/elavonpubliclanding.spec:688)
  - "help-first-leaf" height is 39px which is not in range of 29 to 33px (/specs/elavonpubliclanding.spec:689)
  - "help-last-leaf" is 195px left instead of 108px (/specs/elavonpubliclanding.spec:694)
  - "help-last-leaf" css property "line-height" is "18px" but should be "16px" (/specs/elavonpubliclanding.spec:698)
  - Cannot find locator for "footer-container" in page spec (/specs/elavonpubliclanding.spec:740)
  - Cannot find locator for "footer-container" in page spec (/specs/elavonpubliclanding.spec:741)
  - Cannot find locator for "footer-container" in page spec (/specs/elavonpubliclanding.spec:742)
  - "footer-copy-right" is absent on page (/specs/elavonpubliclanding.spec:745)
  - "footer-copy-right" is absent on page (/specs/elavonpubliclanding.spec:746)
  - Cannot find locator for "footer-container" in page spec (/specs/elavonpubliclanding.spec:790)
  - "footer-copy-right" is absent on page (/specs/elavonpubliclanding.spec:791)
  - "footer-rtmenu-items-1" height is 34px which is not in range of 18 to 22px (/specs/elavonpubliclanding.spec:796)
  - color #ffffff on "footer-rtmenu-items-1" is 0% instead of 5% (/specs/elavonpubliclanding.spec:797)
  - "footer-rtmenu-items-1" height is 34px which is not in range of 18 to 22px (/specs/elavonpubliclanding.spec:801)
  - "footer-rtmenu-items-2" height is 34px which is not in range of 18 to 22px (/specs/elavonpubliclanding.spec:801)
  - "footer-rtmenu-items-2" is 0px below "footer-rtmenu-items-1" which is not in range of 15 to 18px (/specs/elavonpubliclanding.spec:805)
  - "footer-rtmenu-items-3" height is 34px which is not in range of 18 to 22px (/specs/elavonpubliclanding.spec:801)
  - "footer-rtmenu-items-3" is 0px below "footer-rtmenu-items-2" which is not in range of 15 to 18px (/specs/elavonpubliclanding.spec:805)
  - "footer-rtmenu-items-4" height is 34px which is not in range of 18 to 22px (/specs/elavonpubliclanding.spec:801)
  - "footer-rtmenu-items-4" is 0px below "footer-rtmenu-items-3" which is not in range of 15 to 18px (/specs/elavonpubliclanding.spec:805)
  - "footer-rtmenu-items-5" height is 34px which is not in range of 18 to 22px (/specs/elavonpubliclanding.spec:801)
  - "footer-rtmenu-items-5" is 0px below "footer-rtmenu-items-4" which is not in range of 15 to 18px (/specs/elavonpubliclanding.spec:805)

	at com.galenframework.support.GalenJavaTestBase.checkLayout(GalenJavaTestBase.java:129)
	at com.galenframework.support.GalenJavaTestBase.checkLayout(GalenJavaTestBase.java:111)
	at com.galenframework.java.USB.tests.SecureLandingPage_creative_Verification.elavonPublicLandingPage(SecureLandingPage_creative_Verification.java:62)
	at sun.reflect.NativeMethodAccessorImpl.invoke0(Native Method)
	at sun.reflect.NativeMethodAccessorImpl.invoke(NativeMethodAccessorImpl.java:62)
	at sun.reflect.DelegatingMethodAccessorImpl.invoke(DelegatingMethodAccessorImpl.java:43)
	at java.lang.reflect.Method.invoke(Method.java:498)
	at org.testng.internal.MethodInvocationHelper.invokeMethod(MethodInvocationHelper.java:80)
	at org.testng.internal.Invoker.invokeMethod(Invoker.java:715)
	at org.testng.internal.Invoker.invokeTestMethod(Invoker.java:907)
	at org.testng.internal.Invoker.invokeTestMethods(Invoker.java:1237)
	at org.testng.internal.TestMethodWorker.invokeTestMethods(TestMethodWorker.java:127)
	at org.testng.internal.TestMethodWorker.run(TestMethodWorker.java:111)
	at org.testng.TestRunner.privateRun(TestRunner.java:767)
	at org.testng.TestRunner.run(TestRunner.java:617)
	at org.testng.SuiteRunner.runTest(SuiteRunner.java:334)
	at org.testng.SuiteRunner.runSequentially(SuiteRunner.java:329)
	at org.testng.SuiteRunner.privateRun(SuiteRunner.java:291)
	at org.testng.SuiteRunner.run(SuiteRunner.java:240)
	at org.testng.SuiteRunnerWorker.runSuite(SuiteRunnerWorker.java:51)
	at org.testng.SuiteRunnerWorker.run(SuiteRunnerWorker.java:85)
	at org.testng.TestNG.runSuitesSequentially(TestNG.java:1197)
	at org.testng.TestNG.runSuitesLocally(TestNG.java:1122)
	at org.testng.TestNG.run(TestNG.java:1030)
	at org.testng.remote.AbstractRemoteTestNG.run(AbstractRemoteTestNG.java:132)
	at org.testng.remote.RemoteTestNG.initAndRun(RemoteTestNG.java:230)
	at org.testng.remote.RemoteTestNG.main(RemoteTestNG.java:76)
]]>
    </failure>
  </testcase> <!-- elavonPublicLandingPage -->
  <testcase name="elanPublicLandingPage" time="55.843" classname="com.galenframework.java.USB.tests.SecureLandingPage_creative_Verification">
    <failure type="com.galenframework.support.LayoutValidationException" message="/specs/elanpubliclanding.spec, tags: [Mobile]
  - &quot;header-container&quot; height is 61px which is not in range of 605 to 609px (/specs/elanpubliclanding.spec:80)
  - color #e03e4b on &quot;header-container&quot; is 0% but it should be greater than 90% (/specs/elanpubliclanding.spec:81)
  - &quot;left-menu-head&quot; is 82px left instead of 0px (/specs/elanpubliclanding.spec:84)
  - &quot;logo-img&quot; is absent on page (/specs/elanpubliclanding.spec:87)
  - &quot;logo-img&quot; is absent on page (/specs/elanpubliclanding.spec:88)
  - &quot;right-menu-head&quot; is not visible on page (/specs/elanpubliclanding.spec:131)
  - &quot;right-menuhead-items-1&quot; is not visible on page (/specs/elanpubliclanding.spec:135)
  - &quot;right-menuhead-items-1&quot; is not visible on page (/specs/elanpubliclanding.spec:136)
  - &quot;right-menuhead-items-1&quot; is not visible on page (/specs/elanpubliclanding.spec:139)
  - &quot;right-menuhead-items-1&quot; is not visible on page (/specs/elanpubliclanding.spec:140)
  - &quot;right-menuhead-items-2&quot; is not visible on page (/specs/elanpubliclanding.spec:139)
  - &quot;right-menuhead-items-2&quot; is not visible on page (/specs/elanpubliclanding.spec:140)
  - &quot;right-menuhead-items-2&quot; is not visible on page (/specs/elanpubliclanding.spec:144)
  - &quot;right-menuhead-items-2&quot; is not visible on page (/specs/elanpubliclanding.spec:145)
  - &quot;right-menuhead-items-3&quot; is not visible on page (/specs/elanpubliclanding.spec:139)
  - &quot;right-menuhead-items-3&quot; is not visible on page (/specs/elanpubliclanding.spec:140)
  - &quot;right-menuhead-items-3&quot; is not visible on page (/specs/elanpubliclanding.spec:144)
  - &quot;right-menuhead-items-3&quot; is not visible on page (/specs/elanpubliclanding.spec:145)
  - &quot;right-menuhead-items-4&quot; is not visible on page (/specs/elanpubliclanding.spec:139)
  - &quot;right-menuhead-items-4&quot; is not visible on page (/specs/elanpubliclanding.spec:140)
  - &quot;right-menuhead-items-4&quot; is not visible on page (/specs/elanpubliclanding.spec:144)
  - &quot;right-menuhead-items-4&quot; is not visible on page (/specs/elanpubliclanding.spec:145)
  - &quot;right-menuhead-items-5&quot; is not visible on page (/specs/elanpubliclanding.spec:139)
  - &quot;right-menuhead-items-5&quot; is not visible on page (/specs/elanpubliclanding.spec:140)
  - &quot;right-menuhead-items-5&quot; is not visible on page (/specs/elanpubliclanding.spec:144)
  - &quot;right-menuhead-items-5&quot; is not visible on page (/specs/elanpubliclanding.spec:145)
  - &quot;hero-banner&quot; is 173px top instead of 0px (/specs/elanpubliclanding.spec:201)
  - color #e03e4b on &quot;hero-banner&quot; is 0% but it should be greater than 90% (/specs/elanpubliclanding.spec:202)
  - &quot;hero-head&quot; is 8px left instead of 48px, is -44px top instead of 77px (/specs/elanpubliclanding.spec:205)
  - &quot;hero-head&quot; height is 27px which is not in range of 58 to 62px (/specs/elanpubliclanding.spec:206)
  - &quot;hero-head&quot; css property &quot;line-height&quot; is &quot;27px&quot; but should be &quot;39px&quot; (/specs/elanpubliclanding.spec:208)
  - &quot;hero-para&quot; is 8px left instead of 48px, is -17px top instead of 270px (/specs/elanpubliclanding.spec:211)
  - &quot;hero-para&quot; height is 27px which is not in range of 56 to 60px (/specs/elanpubliclanding.spec:213)
  - &quot;hero-para&quot; css property &quot;line-height&quot; is &quot;27px&quot; but should be &quot;39px&quot; (/specs/elanpubliclanding.spec:215)
  - &quot;hero-cta1&quot; is 192px left instead of 46px, is 78px top instead of 263px (/specs/elanpubliclanding.spec:218)
  - &quot;hero-cta1&quot; is 68px below &quot;hero-para&quot; instead of 30px (/specs/elanpubliclanding.spec:219)
  - &quot;hero-cta1&quot; height is 96px which is not in range of 38 to 42px (/specs/elanpubliclanding.spec:220)
  - &quot;hero-cta1&quot; css property &quot;line-height&quot; is &quot;20px&quot; but should be &quot;16px&quot; (/specs/elanpubliclanding.spec:222)
  - &quot;Highlight1&quot; height is 107px which is not in range of 81 to 87px (/specs/elanpubliclanding.spec:326)
  - &quot;Highlight1&quot; is 240px left which is not in range of 153 to 157px (/specs/elanpubliclanding.spec:327)
  - &quot;Highlight2&quot; height is 65px which is not in range of 98 to 104px (/specs/elanpubliclanding.spec:331)
  - &quot;Highlight2&quot; is 240px left which is not in range of 154 to 158px (/specs/elanpubliclanding.spec:332)
  - &quot;Highlight2&quot; is 105px below &quot;Highlight1&quot; which is not in range of 183 to 187px (/specs/elanpubliclanding.spec:333)
  - &quot;Highlight3&quot; width is 65px which is not in range of 80 to 86px (/specs/elanpubliclanding.spec:337)
  - &quot;Highlight3&quot; height is 65px which is not in range of 80 to 86px (/specs/elanpubliclanding.spec:338)
  - &quot;Highlight3&quot; is 240px left which is not in range of 145 to 149px (/specs/elanpubliclanding.spec:339)
  - &quot;Highlight3&quot; is 123px below &quot;Highlight2&quot; which is not in range of 153 to 157px (/specs/elanpubliclanding.spec:340)
  - &quot;Highlight4&quot; width is 65px which is not in range of 76 to 83px (/specs/elanpubliclanding.spec:344)
  - &quot;Highlight4&quot; height is 65px which is not in range of 76 to 83px (/specs/elanpubliclanding.spec:345)
  - &quot;Highlight4&quot; is 240px left which is not in range of 146 to 150px (/specs/elanpubliclanding.spec:346)
  - &quot;Highlight4&quot; is 105px below &quot;Highlight3&quot; which is not in range of 164 to 168px (/specs/elanpubliclanding.spec:347)
  - &quot;HighlightTitle1&quot; width is 480px which is not in range of 260 to 266px (/specs/elanpubliclanding.spec:350)
  - &quot;HighlightTitle1&quot; css property &quot;line-height&quot; is &quot;27px&quot; but should be &quot;26px&quot; (/specs/elanpubliclanding.spec:353)
  - &quot;HighlightTitle1&quot; is 32px left which is not in range of 51 to 55px (/specs/elanpubliclanding.spec:354)
  - &quot;HighlightTitle1&quot; is 16px below &quot;Highlight1&quot; which is not in range of 20 to 24px (/specs/elanpubliclanding.spec:355)
  - &quot;HighlightTitle2&quot; width is 480px which is not in range of 273 to 279px (/specs/elanpubliclanding.spec:359)
  - &quot;HighlightTitle2&quot; css property &quot;line-height&quot; is &quot;27px&quot; but should be &quot;26px&quot; (/specs/elanpubliclanding.spec:362)
  - &quot;HighlightTitle2&quot; is 32px left which is not in range of 48 to 52px (/specs/elanpubliclanding.spec:363)
  - &quot;HighlightTitle2&quot; is 16px below &quot;Highlight2&quot; which is not in range of 5 to 11px (/specs/elanpubliclanding.spec:364)
  - &quot;HighlightTitle3&quot; width is 480px which is not in range of 273 to 279px (/specs/elanpubliclanding.spec:367)
  - &quot;HighlightTitle3&quot; css property &quot;line-height&quot; is &quot;27px&quot; but should be &quot;26px&quot; (/specs/elanpubliclanding.spec:370)
  - &quot;HighlightTitle3&quot; is 32px left which is not in range of 50 to 54px (/specs/elanpubliclanding.spec:371)
  - &quot;HighlightTitle3&quot; is 16px below &quot;Highlight3&quot; which is not in range of 21 to 25px (/specs/elanpubliclanding.spec:372)
  - &quot;HighlightTitle4&quot; width is 480px which is not in range of 258 to 266px (/specs/elanpubliclanding.spec:375)
  - &quot;HighlightTitle4&quot; css property &quot;line-height&quot; is &quot;27px&quot; but should be &quot;26px&quot; (/specs/elanpubliclanding.spec:378)
  - &quot;HighlightTitle4&quot; is 32px left which is not in range of 52 to 56px (/specs/elanpubliclanding.spec:379)
  - &quot;HighlightTitle4&quot; is 16px below &quot;Highlight4&quot; which is not in range of 22 to 26px (/specs/elanpubliclanding.spec:380)
  - &quot;HighligtSumary1&quot; width is 480px which is not in range of 272 to 278px (/specs/elanpubliclanding.spec:384)
  - &quot;HighligtSumary1&quot; height is 18px which is not in range of 36 to 44px (/specs/elanpubliclanding.spec:385)
  - &quot;HighligtSumary1&quot; css property &quot;line-height&quot; is &quot;18px&quot; but should be &quot;20px&quot; (/specs/elanpubliclanding.spec:387)
  - &quot;HighligtSumary1&quot; is 32px left which is not in range of 49 to 53px (/specs/elanpubliclanding.spec:388)
  - &quot;HighligtSumary2&quot; width is 480px which is not in range of 279 to 285px (/specs/elanpubliclanding.spec:393)
  - &quot;HighligtSumary2&quot; css property &quot;line-height&quot; is &quot;18px&quot; but should be &quot;20px&quot; (/specs/elanpubliclanding.spec:396)
  - &quot;HighligtSumary2&quot; is 32px left which is not in range of 51 to 55px (/specs/elanpubliclanding.spec:397)
  - &quot;HighligtSumary3&quot; width is 480px which is not in range of 274 to 280px (/specs/elanpubliclanding.spec:402)
  - &quot;HighligtSumary3&quot; height is 18px which is not in range of 33 to 40px (/specs/elanpubliclanding.spec:403)
  - &quot;HighligtSumary3&quot; is 32px left which is not in range of 50 to 54px (/specs/elanpubliclanding.spec:406)
  - &quot;HighligtSumary4&quot; width is 480px which is not in range of 260 to 267px (/specs/elanpubliclanding.spec:411)
  - &quot;HighligtSumary4&quot; height is 36px which is not in range of 51 to 57px (/specs/elanpubliclanding.spec:412)
  - &quot;HighligtSumary4&quot; is 32px left which is not in range of 51 to 55px (/specs/elanpubliclanding.spec:415)
  - &quot;HighligtSumary4&quot; is 184px below &quot;HighlightTitle3&quot; which is not in range of 12 to 18px (/specs/elanpubliclanding.spec:416)
  - &quot;ToolsDoc&quot; width is 528px which is not in range of 108 to 288px (/specs/elanpubliclanding.spec:570)
  - &quot;ToolsDoc&quot; height is 31px which is not in range of 59 to 65px (/specs/elanpubliclanding.spec:571)
  - &quot;ToolsDoc&quot; css property &quot;line-height&quot; is &quot;31px&quot; but should be &quot;31.008px&quot; (/specs/elanpubliclanding.spec:573)
  - &quot;ToolsDoc&quot; is 8px left which is not in range of 54 to 58px (/specs/elanpubliclanding.spec:574)
  - &quot;ToolSumry&quot; width is 475px which is not in range of 285 to 290px (/specs/elanpubliclanding.spec:578)
  - &quot;ToolSumry&quot; height is 72px which is not in range of 105 to 111px (/specs/elanpubliclanding.spec:579)
  - &quot;ToolSumry&quot; is 34px left which is not in range of 42 to 46px (/specs/elanpubliclanding.spec:582)
  - &quot;ToolSumry&quot; is 29px below &quot;ToolsDoc&quot; which is not in range of 18 to 22px (/specs/elanpubliclanding.spec:583)
  - &quot;Tooltext&quot; width is 475px which is not in range of 297 to 303px (/specs/elanpubliclanding.spec:586)
  - &quot;Tooltext&quot; css property &quot;line-height&quot; is &quot;15px&quot; but should be &quot;14px&quot; (/specs/elanpubliclanding.spec:589)
  - &quot;Tooltext&quot; is 34px left which is not in range of 36 to 40px (/specs/elanpubliclanding.spec:590)
  - &quot;CodeSnippet&quot; width is 528px which is not in range of 347 to 353px (/specs/elanpubliclanding.spec:594)
  - &quot;CodeSnippet&quot; height is 300px which is not in range of 411 to 417px (/specs/elanpubliclanding.spec:595)
  - &quot;CodeSnippet&quot; is 8px left which is not in range of 11 to 15px (/specs/elanpubliclanding.spec:596)
  - &quot;CodeSnippet&quot; is 30px below &quot;Tooltext&quot; which is not in range of 20 to 24px (/specs/elanpubliclanding.spec:597)
  - &quot;CTA1&quot; is 105px left which is not in range of 14 to 18px (/specs/elanpubliclanding.spec:603)
  - &quot;CTA1&quot; css property &quot;line-height&quot; is &quot;18px&quot; but should be &quot;16px&quot; (/specs/elanpubliclanding.spec:605)
  - &quot;CTA1&quot; is 34px below &quot;CodeSnippet&quot; which is not in range of 28 to 32px (/specs/elanpubliclanding.spec:606)
  - &quot;CTA2&quot; is 279px left which is not in range of 196 to 200px (/specs/elanpubliclanding.spec:611)
  - &quot;CTA2&quot; css property &quot;line-height&quot; is &quot;18px&quot; but should be &quot;16px&quot; (/specs/elanpubliclanding.spec:613)
  - &quot;CTA2&quot; is 14px right of &quot;CTA1&quot; which is not in range of 20 to 24px (/specs/elanpubliclanding.spec:614)
  - &quot;CTA2&quot; is 34px below &quot;CodeSnippet&quot; which is not in range of 28 to 32px (/specs/elanpubliclanding.spec:615)
  - &quot;help-component&quot; height is 217px which is not in range of 261 to 265px (/specs/elanpubliclanding.spec:689)
  - &quot;help-first-leaf&quot; is 210px left instead of 15px (/specs/elanpubliclanding.spec:692)
  - &quot;help-first-leaf&quot; height is 39px which is not in range of 29 to 33px (/specs/elanpubliclanding.spec:693)
  - &quot;help-last-leaf&quot; is 195px left instead of 108px (/specs/elanpubliclanding.spec:698)
  - &quot;help-last-leaf&quot; css property &quot;line-height&quot; is &quot;18px&quot; but should be &quot;16px&quot; (/specs/elanpubliclanding.spec:702)
  - Cannot find locator for &quot;footer-container&quot; in page spec (/specs/elanpubliclanding.spec:744)
  - Cannot find locator for &quot;footer-container&quot; in page spec (/specs/elanpubliclanding.spec:745)
  - Cannot find locator for &quot;footer-container&quot; in page spec (/specs/elanpubliclanding.spec:746)
  - &quot;footer-copy-right&quot; is not visible on page (/specs/elanpubliclanding.spec:749)
  - &quot;footer-copy-right&quot; is not visible on page (/specs/elanpubliclanding.spec:750)
  - Cannot find locator for &quot;footer-container&quot; in page spec (/specs/elanpubliclanding.spec:794)
  - &quot;footer-copy-right&quot; is not visible on page (/specs/elanpubliclanding.spec:795)
  - &quot;footer-rtmenu-items-1&quot; height is 34px which is not in range of 18 to 22px (/specs/elanpubliclanding.spec:800)
  - color #ffffff on &quot;footer-rtmenu-items-1&quot; is 0% instead of 5% (/specs/elanpubliclanding.spec:801)
  - &quot;footer-rtmenu-items-1&quot; height is 34px which is not in range of 18 to 22px (/specs/elanpubliclanding.spec:805)
  - &quot;footer-rtmenu-items-2&quot; height is 34px which is not in range of 18 to 22px (/specs/elanpubliclanding.spec:805)
  - &quot;footer-rtmenu-items-2&quot; is 0px below &quot;footer-rtmenu-items-1&quot; which is not in range of 15 to 18px (/specs/elanpubliclanding.spec:809)
  - &quot;footer-rtmenu-items-3&quot; height is 34px which is not in range of 18 to 22px (/specs/elanpubliclanding.spec:805)
  - &quot;footer-rtmenu-items-3&quot; is 0px below &quot;footer-rtmenu-items-2&quot; which is not in range of 15 to 18px (/specs/elanpubliclanding.spec:809)
  - &quot;footer-rtmenu-items-4&quot; height is 34px which is not in range of 18 to 22px (/specs/elanpubliclanding.spec:805)
  - &quot;footer-rtmenu-items-4&quot; is 0px below &quot;footer-rtmenu-items-3&quot; which is not in range of 15 to 18px (/specs/elanpubliclanding.spec:809)
  - &quot;footer-rtmenu-items-5&quot; height is 34px which is not in range of 18 to 22px (/specs/elanpubliclanding.spec:805)
  - &quot;footer-rtmenu-items-5&quot; is 0px below &quot;footer-rtmenu-items-4&quot; which is not in range of 15 to 18px (/specs/elanpubliclanding.spec:809)
">
      <![CDATA[com.galenframework.support.LayoutValidationException: /specs/elanpubliclanding.spec, tags: [Mobile]
  - "header-container" height is 61px which is not in range of 605 to 609px (/specs/elanpubliclanding.spec:80)
  - color #e03e4b on "header-container" is 0% but it should be greater than 90% (/specs/elanpubliclanding.spec:81)
  - "left-menu-head" is 82px left instead of 0px (/specs/elanpubliclanding.spec:84)
  - "logo-img" is absent on page (/specs/elanpubliclanding.spec:87)
  - "logo-img" is absent on page (/specs/elanpubliclanding.spec:88)
  - "right-menu-head" is not visible on page (/specs/elanpubliclanding.spec:131)
  - "right-menuhead-items-1" is not visible on page (/specs/elanpubliclanding.spec:135)
  - "right-menuhead-items-1" is not visible on page (/specs/elanpubliclanding.spec:136)
  - "right-menuhead-items-1" is not visible on page (/specs/elanpubliclanding.spec:139)
  - "right-menuhead-items-1" is not visible on page (/specs/elanpubliclanding.spec:140)
  - "right-menuhead-items-2" is not visible on page (/specs/elanpubliclanding.spec:139)
  - "right-menuhead-items-2" is not visible on page (/specs/elanpubliclanding.spec:140)
  - "right-menuhead-items-2" is not visible on page (/specs/elanpubliclanding.spec:144)
  - "right-menuhead-items-2" is not visible on page (/specs/elanpubliclanding.spec:145)
  - "right-menuhead-items-3" is not visible on page (/specs/elanpubliclanding.spec:139)
  - "right-menuhead-items-3" is not visible on page (/specs/elanpubliclanding.spec:140)
  - "right-menuhead-items-3" is not visible on page (/specs/elanpubliclanding.spec:144)
  - "right-menuhead-items-3" is not visible on page (/specs/elanpubliclanding.spec:145)
  - "right-menuhead-items-4" is not visible on page (/specs/elanpubliclanding.spec:139)
  - "right-menuhead-items-4" is not visible on page (/specs/elanpubliclanding.spec:140)
  - "right-menuhead-items-4" is not visible on page (/specs/elanpubliclanding.spec:144)
  - "right-menuhead-items-4" is not visible on page (/specs/elanpubliclanding.spec:145)
  - "right-menuhead-items-5" is not visible on page (/specs/elanpubliclanding.spec:139)
  - "right-menuhead-items-5" is not visible on page (/specs/elanpubliclanding.spec:140)
  - "right-menuhead-items-5" is not visible on page (/specs/elanpubliclanding.spec:144)
  - "right-menuhead-items-5" is not visible on page (/specs/elanpubliclanding.spec:145)
  - "hero-banner" is 173px top instead of 0px (/specs/elanpubliclanding.spec:201)
  - color #e03e4b on "hero-banner" is 0% but it should be greater than 90% (/specs/elanpubliclanding.spec:202)
  - "hero-head" is 8px left instead of 48px, is -44px top instead of 77px (/specs/elanpubliclanding.spec:205)
  - "hero-head" height is 27px which is not in range of 58 to 62px (/specs/elanpubliclanding.spec:206)
  - "hero-head" css property "line-height" is "27px" but should be "39px" (/specs/elanpubliclanding.spec:208)
  - "hero-para" is 8px left instead of 48px, is -17px top instead of 270px (/specs/elanpubliclanding.spec:211)
  - "hero-para" height is 27px which is not in range of 56 to 60px (/specs/elanpubliclanding.spec:213)
  - "hero-para" css property "line-height" is "27px" but should be "39px" (/specs/elanpubliclanding.spec:215)
  - "hero-cta1" is 192px left instead of 46px, is 78px top instead of 263px (/specs/elanpubliclanding.spec:218)
  - "hero-cta1" is 68px below "hero-para" instead of 30px (/specs/elanpubliclanding.spec:219)
  - "hero-cta1" height is 96px which is not in range of 38 to 42px (/specs/elanpubliclanding.spec:220)
  - "hero-cta1" css property "line-height" is "20px" but should be "16px" (/specs/elanpubliclanding.spec:222)
  - "Highlight1" height is 107px which is not in range of 81 to 87px (/specs/elanpubliclanding.spec:326)
  - "Highlight1" is 240px left which is not in range of 153 to 157px (/specs/elanpubliclanding.spec:327)
  - "Highlight2" height is 65px which is not in range of 98 to 104px (/specs/elanpubliclanding.spec:331)
  - "Highlight2" is 240px left which is not in range of 154 to 158px (/specs/elanpubliclanding.spec:332)
  - "Highlight2" is 105px below "Highlight1" which is not in range of 183 to 187px (/specs/elanpubliclanding.spec:333)
  - "Highlight3" width is 65px which is not in range of 80 to 86px (/specs/elanpubliclanding.spec:337)
  - "Highlight3" height is 65px which is not in range of 80 to 86px (/specs/elanpubliclanding.spec:338)
  - "Highlight3" is 240px left which is not in range of 145 to 149px (/specs/elanpubliclanding.spec:339)
  - "Highlight3" is 123px below "Highlight2" which is not in range of 153 to 157px (/specs/elanpubliclanding.spec:340)
  - "Highlight4" width is 65px which is not in range of 76 to 83px (/specs/elanpubliclanding.spec:344)
  - "Highlight4" height is 65px which is not in range of 76 to 83px (/specs/elanpubliclanding.spec:345)
  - "Highlight4" is 240px left which is not in range of 146 to 150px (/specs/elanpubliclanding.spec:346)
  - "Highlight4" is 105px below "Highlight3" which is not in range of 164 to 168px (/specs/elanpubliclanding.spec:347)
  - "HighlightTitle1" width is 480px which is not in range of 260 to 266px (/specs/elanpubliclanding.spec:350)
  - "HighlightTitle1" css property "line-height" is "27px" but should be "26px" (/specs/elanpubliclanding.spec:353)
  - "HighlightTitle1" is 32px left which is not in range of 51 to 55px (/specs/elanpubliclanding.spec:354)
  - "HighlightTitle1" is 16px below "Highlight1" which is not in range of 20 to 24px (/specs/elanpubliclanding.spec:355)
  - "HighlightTitle2" width is 480px which is not in range of 273 to 279px (/specs/elanpubliclanding.spec:359)
  - "HighlightTitle2" css property "line-height" is "27px" but should be "26px" (/specs/elanpubliclanding.spec:362)
  - "HighlightTitle2" is 32px left which is not in range of 48 to 52px (/specs/elanpubliclanding.spec:363)
  - "HighlightTitle2" is 16px below "Highlight2" which is not in range of 5 to 11px (/specs/elanpubliclanding.spec:364)
  - "HighlightTitle3" width is 480px which is not in range of 273 to 279px (/specs/elanpubliclanding.spec:367)
  - "HighlightTitle3" css property "line-height" is "27px" but should be "26px" (/specs/elanpubliclanding.spec:370)
  - "HighlightTitle3" is 32px left which is not in range of 50 to 54px (/specs/elanpubliclanding.spec:371)
  - "HighlightTitle3" is 16px below "Highlight3" which is not in range of 21 to 25px (/specs/elanpubliclanding.spec:372)
  - "HighlightTitle4" width is 480px which is not in range of 258 to 266px (/specs/elanpubliclanding.spec:375)
  - "HighlightTitle4" css property "line-height" is "27px" but should be "26px" (/specs/elanpubliclanding.spec:378)
  - "HighlightTitle4" is 32px left which is not in range of 52 to 56px (/specs/elanpubliclanding.spec:379)
  - "HighlightTitle4" is 16px below "Highlight4" which is not in range of 22 to 26px (/specs/elanpubliclanding.spec:380)
  - "HighligtSumary1" width is 480px which is not in range of 272 to 278px (/specs/elanpubliclanding.spec:384)
  - "HighligtSumary1" height is 18px which is not in range of 36 to 44px (/specs/elanpubliclanding.spec:385)
  - "HighligtSumary1" css property "line-height" is "18px" but should be "20px" (/specs/elanpubliclanding.spec:387)
  - "HighligtSumary1" is 32px left which is not in range of 49 to 53px (/specs/elanpubliclanding.spec:388)
  - "HighligtSumary2" width is 480px which is not in range of 279 to 285px (/specs/elanpubliclanding.spec:393)
  - "HighligtSumary2" css property "line-height" is "18px" but should be "20px" (/specs/elanpubliclanding.spec:396)
  - "HighligtSumary2" is 32px left which is not in range of 51 to 55px (/specs/elanpubliclanding.spec:397)
  - "HighligtSumary3" width is 480px which is not in range of 274 to 280px (/specs/elanpubliclanding.spec:402)
  - "HighligtSumary3" height is 18px which is not in range of 33 to 40px (/specs/elanpubliclanding.spec:403)
  - "HighligtSumary3" is 32px left which is not in range of 50 to 54px (/specs/elanpubliclanding.spec:406)
  - "HighligtSumary4" width is 480px which is not in range of 260 to 267px (/specs/elanpubliclanding.spec:411)
  - "HighligtSumary4" height is 36px which is not in range of 51 to 57px (/specs/elanpubliclanding.spec:412)
  - "HighligtSumary4" is 32px left which is not in range of 51 to 55px (/specs/elanpubliclanding.spec:415)
  - "HighligtSumary4" is 184px below "HighlightTitle3" which is not in range of 12 to 18px (/specs/elanpubliclanding.spec:416)
  - "ToolsDoc" width is 528px which is not in range of 108 to 288px (/specs/elanpubliclanding.spec:570)
  - "ToolsDoc" height is 31px which is not in range of 59 to 65px (/specs/elanpubliclanding.spec:571)
  - "ToolsDoc" css property "line-height" is "31px" but should be "31.008px" (/specs/elanpubliclanding.spec:573)
  - "ToolsDoc" is 8px left which is not in range of 54 to 58px (/specs/elanpubliclanding.spec:574)
  - "ToolSumry" width is 475px which is not in range of 285 to 290px (/specs/elanpubliclanding.spec:578)
  - "ToolSumry" height is 72px which is not in range of 105 to 111px (/specs/elanpubliclanding.spec:579)
  - "ToolSumry" is 34px left which is not in range of 42 to 46px (/specs/elanpubliclanding.spec:582)
  - "ToolSumry" is 29px below "ToolsDoc" which is not in range of 18 to 22px (/specs/elanpubliclanding.spec:583)
  - "Tooltext" width is 475px which is not in range of 297 to 303px (/specs/elanpubliclanding.spec:586)
  - "Tooltext" css property "line-height" is "15px" but should be "14px" (/specs/elanpubliclanding.spec:589)
  - "Tooltext" is 34px left which is not in range of 36 to 40px (/specs/elanpubliclanding.spec:590)
  - "CodeSnippet" width is 528px which is not in range of 347 to 353px (/specs/elanpubliclanding.spec:594)
  - "CodeSnippet" height is 300px which is not in range of 411 to 417px (/specs/elanpubliclanding.spec:595)
  - "CodeSnippet" is 8px left which is not in range of 11 to 15px (/specs/elanpubliclanding.spec:596)
  - "CodeSnippet" is 30px below "Tooltext" which is not in range of 20 to 24px (/specs/elanpubliclanding.spec:597)
  - "CTA1" is 105px left which is not in range of 14 to 18px (/specs/elanpubliclanding.spec:603)
  - "CTA1" css property "line-height" is "18px" but should be "16px" (/specs/elanpubliclanding.spec:605)
  - "CTA1" is 34px below "CodeSnippet" which is not in range of 28 to 32px (/specs/elanpubliclanding.spec:606)
  - "CTA2" is 279px left which is not in range of 196 to 200px (/specs/elanpubliclanding.spec:611)
  - "CTA2" css property "line-height" is "18px" but should be "16px" (/specs/elanpubliclanding.spec:613)
  - "CTA2" is 14px right of "CTA1" which is not in range of 20 to 24px (/specs/elanpubliclanding.spec:614)
  - "CTA2" is 34px below "CodeSnippet" which is not in range of 28 to 32px (/specs/elanpubliclanding.spec:615)
  - "help-component" height is 217px which is not in range of 261 to 265px (/specs/elanpubliclanding.spec:689)
  - "help-first-leaf" is 210px left instead of 15px (/specs/elanpubliclanding.spec:692)
  - "help-first-leaf" height is 39px which is not in range of 29 to 33px (/specs/elanpubliclanding.spec:693)
  - "help-last-leaf" is 195px left instead of 108px (/specs/elanpubliclanding.spec:698)
  - "help-last-leaf" css property "line-height" is "18px" but should be "16px" (/specs/elanpubliclanding.spec:702)
  - Cannot find locator for "footer-container" in page spec (/specs/elanpubliclanding.spec:744)
  - Cannot find locator for "footer-container" in page spec (/specs/elanpubliclanding.spec:745)
  - Cannot find locator for "footer-container" in page spec (/specs/elanpubliclanding.spec:746)
  - "footer-copy-right" is not visible on page (/specs/elanpubliclanding.spec:749)
  - "footer-copy-right" is not visible on page (/specs/elanpubliclanding.spec:750)
  - Cannot find locator for "footer-container" in page spec (/specs/elanpubliclanding.spec:794)
  - "footer-copy-right" is not visible on page (/specs/elanpubliclanding.spec:795)
  - "footer-rtmenu-items-1" height is 34px which is not in range of 18 to 22px (/specs/elanpubliclanding.spec:800)
  - color #ffffff on "footer-rtmenu-items-1" is 0% instead of 5% (/specs/elanpubliclanding.spec:801)
  - "footer-rtmenu-items-1" height is 34px which is not in range of 18 to 22px (/specs/elanpubliclanding.spec:805)
  - "footer-rtmenu-items-2" height is 34px which is not in range of 18 to 22px (/specs/elanpubliclanding.spec:805)
  - "footer-rtmenu-items-2" is 0px below "footer-rtmenu-items-1" which is not in range of 15 to 18px (/specs/elanpubliclanding.spec:809)
  - "footer-rtmenu-items-3" height is 34px which is not in range of 18 to 22px (/specs/elanpubliclanding.spec:805)
  - "footer-rtmenu-items-3" is 0px below "footer-rtmenu-items-2" which is not in range of 15 to 18px (/specs/elanpubliclanding.spec:809)
  - "footer-rtmenu-items-4" height is 34px which is not in range of 18 to 22px (/specs/elanpubliclanding.spec:805)
  - "footer-rtmenu-items-4" is 0px below "footer-rtmenu-items-3" which is not in range of 15 to 18px (/specs/elanpubliclanding.spec:809)
  - "footer-rtmenu-items-5" height is 34px which is not in range of 18 to 22px (/specs/elanpubliclanding.spec:805)
  - "footer-rtmenu-items-5" is 0px below "footer-rtmenu-items-4" which is not in range of 15 to 18px (/specs/elanpubliclanding.spec:809)

	at com.galenframework.support.GalenJavaTestBase.checkLayout(GalenJavaTestBase.java:129)
	at com.galenframework.support.GalenJavaTestBase.checkLayout(GalenJavaTestBase.java:111)
	at com.galenframework.java.USB.tests.SecureLandingPage_creative_Verification.elanPublicLandingPage(SecureLandingPage_creative_Verification.java:48)
	at sun.reflect.NativeMethodAccessorImpl.invoke0(Native Method)
	at sun.reflect.NativeMethodAccessorImpl.invoke(NativeMethodAccessorImpl.java:62)
	at sun.reflect.DelegatingMethodAccessorImpl.invoke(DelegatingMethodAccessorImpl.java:43)
	at java.lang.reflect.Method.invoke(Method.java:498)
	at org.testng.internal.MethodInvocationHelper.invokeMethod(MethodInvocationHelper.java:80)
	at org.testng.internal.Invoker.invokeMethod(Invoker.java:715)
	at org.testng.internal.Invoker.invokeTestMethod(Invoker.java:907)
	at org.testng.internal.Invoker.invokeTestMethods(Invoker.java:1237)
	at org.testng.internal.TestMethodWorker.invokeTestMethods(TestMethodWorker.java:127)
	at org.testng.internal.TestMethodWorker.run(TestMethodWorker.java:111)
	at org.testng.TestRunner.privateRun(TestRunner.java:767)
	at org.testng.TestRunner.run(TestRunner.java:617)
	at org.testng.SuiteRunner.runTest(SuiteRunner.java:334)
	at org.testng.SuiteRunner.runSequentially(SuiteRunner.java:329)
	at org.testng.SuiteRunner.privateRun(SuiteRunner.java:291)
	at org.testng.SuiteRunner.run(SuiteRunner.java:240)
	at org.testng.SuiteRunnerWorker.runSuite(SuiteRunnerWorker.java:51)
	at org.testng.SuiteRunnerWorker.run(SuiteRunnerWorker.java:85)
	at org.testng.TestNG.runSuitesSequentially(TestNG.java:1197)
	at org.testng.TestNG.runSuitesLocally(TestNG.java:1122)
	at org.testng.TestNG.run(TestNG.java:1030)
	at org.testng.remote.AbstractRemoteTestNG.run(AbstractRemoteTestNG.java:132)
	at org.testng.remote.RemoteTestNG.initAndRun(RemoteTestNG.java:230)
	at org.testng.remote.RemoteTestNG.main(RemoteTestNG.java:76)
]]>
    </failure>
  </testcase> <!-- elanPublicLandingPage -->
  <testcase name="elavonPublicLandingPage" time="81.426" classname="com.galenframework.java.USB.tests.SecureLandingPage_creative_Verification">
    <failure type="com.galenframework.support.LayoutValidationException" message="/specs/elavonpubliclanding.spec, tags: [tablet]
  - color #e03e4b on &quot;header-container&quot; is 0% but it should be greater than 90% (/specs/elavonpubliclanding.spec:66)
  - &quot;left-menu-head&quot; is 103px left instead of 0px (/specs/elavonpubliclanding.spec:69)
  - &quot;logo-img&quot; is absent on page (/specs/elavonpubliclanding.spec:72)
  - &quot;logo-img&quot; is absent on page (/specs/elavonpubliclanding.spec:73)
  - &quot;for-developers&quot; is 101px left instead of 229px (/specs/elavonpubliclanding.spec:76)
  - &quot;logo-img&quot; is absent on page (/specs/elavonpubliclanding.spec:77)
  - &quot;for-developers&quot; height is 25px which is not in range of 19 to 23px (/specs/elavonpubliclanding.spec:78)
  - &quot;right-menu-head&quot; is not visible on page (/specs/elavonpubliclanding.spec:115)
  - &quot;right-menu-head&quot; is not visible on page (/specs/elavonpubliclanding.spec:116)
  - &quot;right-menuhead-items-1&quot; is not visible on page (/specs/elavonpubliclanding.spec:120)
  - &quot;right-menuhead-items-1&quot; is not visible on page (/specs/elavonpubliclanding.spec:121)
  - &quot;right-menuhead-items-1&quot; is not visible on page (/specs/elavonpubliclanding.spec:124)
  - &quot;right-menuhead-items-1&quot; is not visible on page (/specs/elavonpubliclanding.spec:125)
  - &quot;right-menuhead-items-2&quot; is not visible on page (/specs/elavonpubliclanding.spec:124)
  - &quot;right-menuhead-items-2&quot; is not visible on page (/specs/elavonpubliclanding.spec:125)
  - &quot;right-menuhead-items-2&quot; is not visible on page (/specs/elavonpubliclanding.spec:129)
  - &quot;right-menuhead-items-2&quot; is not visible on page (/specs/elavonpubliclanding.spec:130)
  - &quot;right-menuhead-items-3&quot; is not visible on page (/specs/elavonpubliclanding.spec:124)
  - &quot;right-menuhead-items-3&quot; is not visible on page (/specs/elavonpubliclanding.spec:125)
  - &quot;right-menuhead-items-3&quot; is not visible on page (/specs/elavonpubliclanding.spec:129)
  - &quot;right-menuhead-items-3&quot; is not visible on page (/specs/elavonpubliclanding.spec:130)
  - &quot;right-menuhead-items-4&quot; is not visible on page (/specs/elavonpubliclanding.spec:124)
  - &quot;right-menuhead-items-4&quot; is not visible on page (/specs/elavonpubliclanding.spec:125)
  - &quot;right-menuhead-items-4&quot; is not visible on page (/specs/elavonpubliclanding.spec:129)
  - &quot;right-menuhead-items-4&quot; is not visible on page (/specs/elavonpubliclanding.spec:130)
  - &quot;right-menuhead-items-5&quot; is not visible on page (/specs/elavonpubliclanding.spec:124)
  - &quot;right-menuhead-items-5&quot; is not visible on page (/specs/elavonpubliclanding.spec:125)
  - &quot;right-menuhead-items-5&quot; is not visible on page (/specs/elavonpubliclanding.spec:129)
  - &quot;right-menuhead-items-5&quot; is not visible on page (/specs/elavonpubliclanding.spec:130)
  - &quot;hero-banner&quot; is 60px top instead of 0px (/specs/elavonpubliclanding.spec:179)
  - color #e03e4b on &quot;hero-banner&quot; is 0% but it should be greater than 90% (/specs/elavonpubliclanding.spec:180)
  - &quot;hero-head&quot; is 11px left instead of 52px (/specs/elavonpubliclanding.spec:183)
  - &quot;hero-head&quot; height is 27px which is not in range of 36 to 40px (/specs/elavonpubliclanding.spec:184)
  - &quot;hero-head&quot; css property &quot;line-height&quot; is &quot;27px&quot; but should be &quot;38px&quot; (/specs/elavonpubliclanding.spec:186)
  - &quot;hero-para&quot; is 11px left instead of 52px (/specs/elavonpubliclanding.spec:189)
  - &quot;hero-para&quot; height is 27px which is not in range of 36 to 40px (/specs/elavonpubliclanding.spec:191)
  - &quot;hero-para&quot; css property &quot;line-height&quot; is &quot;27px&quot; but should be &quot;38px&quot; (/specs/elavonpubliclanding.spec:193)
  - &quot;hero-cta1&quot; is 790px left instead of 52px, is 282px top instead of 432px (/specs/elavonpubliclanding.spec:196)
  - &quot;hero-cta1&quot; is 32px below &quot;hero-para&quot; instead of 71px (/specs/elavonpubliclanding.spec:197)
  - &quot;hero-cta1&quot; height is 100px which is not in range of 38 to 42px (/specs/elavonpubliclanding.spec:198)
  - &quot;hero-cta1&quot; css property &quot;line-height&quot; is &quot;20px&quot; but should be &quot;16px&quot; (/specs/elavonpubliclanding.spec:200)
  - &quot;Highlight1&quot; height is 108px which is not in range of 81 to 87px (/specs/elavonpubliclanding.spec:421)
  - &quot;Highlight1&quot; is 232px left which is not in range of 210 to 214px (/specs/elavonpubliclanding.spec:422)
  - &quot;Highlight2&quot; height is 65px which is not in range of 98 to 104px (/specs/elavonpubliclanding.spec:426)
  - &quot;Highlight2&quot; is 664px left which is not in range of 492 to 496px (/specs/elavonpubliclanding.spec:427)
  - &quot;Highlight2&quot; is 367px right of &quot;Highlight1&quot; which is not in range of 215 to 219px (/specs/elavonpubliclanding.spec:428)
  - &quot;Highlight3&quot; width is 65px which is not in range of 80 to 86px (/specs/elavonpubliclanding.spec:432)
  - &quot;Highlight3&quot; height is 65px which is not in range of 80 to 86px (/specs/elavonpubliclanding.spec:433)
  - &quot;Highlight3&quot; is 232px left which is not in range of 200 to 204px (/specs/elavonpubliclanding.spec:434)
  - &quot;Highlight3&quot; is 133px below &quot;Highlight1&quot; which is not in range of 170 to 174px (/specs/elavonpubliclanding.spec:435)
  - &quot;Highlight4&quot; width is 65px which is not in range of 76 to 83px (/specs/elavonpubliclanding.spec:439)
  - &quot;Highlight4&quot; height is 84px which is not in range of 76 to 83px (/specs/elavonpubliclanding.spec:440)
  - &quot;Highlight4&quot; is 664px left which is not in range of 483 to 487px (/specs/elavonpubliclanding.spec:441)
  - &quot;Highlight4&quot; is -84px below &quot;Highlight4&quot; which is not in range of 158 to 162px (/specs/elavonpubliclanding.spec:442)
  - &quot;HighlightTitle1&quot; width is 380px which is not in range of 252 to 260px (/specs/elavonpubliclanding.spec:445)
  - &quot;HighlightTitle1&quot; css property &quot;font-size&quot; is &quot;22px&quot; but should be &quot;21px&quot; (/specs/elavonpubliclanding.spec:447)
  - &quot;HighlightTitle1&quot; css property &quot;line-height&quot; is &quot;27px&quot; but should be &quot;26px&quot; (/specs/elavonpubliclanding.spec:448)
  - &quot;HighlightTitle1&quot; is 75px left which is not in range of 113 to 117px (/specs/elavonpubliclanding.spec:449)
  - &quot;HighlightTitle1&quot; is 10px below &quot;Highlight1&quot; which is not in range of 31 to 35px (/specs/elavonpubliclanding.spec:450)
  - &quot;HighlightTitle2&quot; width is 380px which is not in range of 252 to 260px (/specs/elavonpubliclanding.spec:454)
  - &quot;HighlightTitle2&quot; css property &quot;font-size&quot; is &quot;22px&quot; but should be &quot;21px&quot; (/specs/elavonpubliclanding.spec:456)
  - &quot;HighlightTitle2&quot; css property &quot;line-height&quot; is &quot;27px&quot; but should be &quot;26px&quot; (/specs/elavonpubliclanding.spec:457)
  - &quot;HighlightTitle2&quot; is 506px left which is not in range of 48 to 52px (/specs/elavonpubliclanding.spec:458)
  - &quot;HighlightTitle2&quot; is 53px below &quot;Highlight2&quot; which is not in range of 16 to 23px (/specs/elavonpubliclanding.spec:459)
  - &quot;HighlightTitle2&quot; is 51px right of &quot;HighlightTitle1&quot; which is not in range of 23 to 27px (/specs/elavonpubliclanding.spec:460)
  - &quot;HighlightTitle3&quot; width is 380px which is not in range of 273 to 279px (/specs/elavonpubliclanding.spec:463)
  - &quot;HighlightTitle3&quot; css property &quot;line-height&quot; is &quot;27px&quot; but should be &quot;26px&quot; (/specs/elavonpubliclanding.spec:466)
  - &quot;HighlightTitle3&quot; is 75px left which is not in range of 113 to 117px (/specs/elavonpubliclanding.spec:467)
  - &quot;HighlightTitle3&quot; is 53px below &quot;Highlight3&quot; which is not in range of 36 to 40px (/specs/elavonpubliclanding.spec:468)
  - &quot;HighlightTitle4&quot; width is 380px which is not in range of 273 to 279px (/specs/elavonpubliclanding.spec:471)
  - &quot;HighlightTitle4&quot; css property &quot;line-height&quot; is &quot;27px&quot; but should be &quot;26px&quot; (/specs/elavonpubliclanding.spec:474)
  - &quot;HighlightTitle4&quot; is 506px left which is not in range of 404 to 408px (/specs/elavonpubliclanding.spec:475)
  - &quot;HighlightTitle4&quot; is 34px below &quot;Highlight4&quot; which is not in range of 37 to 41px (/specs/elavonpubliclanding.spec:476)
  - &quot;HighlightTitle4&quot; is 51px right of &quot;HighlightTitle3&quot; which is not in range of 33 to 37px (/specs/elavonpubliclanding.spec:477)
  - &quot;HighligtSumary1&quot; width is 380px which is not in range of 253 to 259px (/specs/elavonpubliclanding.spec:481)
  - &quot;HighligtSumary1&quot; height is 36px which is not in range of 51 to 57px (/specs/elavonpubliclanding.spec:482)
  - &quot;HighligtSumary1&quot; is 75px left which is not in range of 113 to 117px (/specs/elavonpubliclanding.spec:485)
  - &quot;HighligtSumary1&quot; is 14px below &quot;HighlightTitle1&quot; which is not in range of 5 to 12px (/specs/elavonpubliclanding.spec:486)
  - &quot;HighligtSumary2&quot; width is 380px which is not in range of 253 to 259px (/specs/elavonpubliclanding.spec:490)
  - &quot;HighligtSumary2&quot; is 506px left which is not in range of 394 to 398px (/specs/elavonpubliclanding.spec:494)
  - &quot;HighligtSumary2&quot; is 14px below &quot;HighlightTitle2&quot; which is not in range of 5 to 12px (/specs/elavonpubliclanding.spec:495)
  - &quot;HighligtSumary2&quot; is 51px right of &quot;HighligtSumary1&quot; which is not in range of 23 to 27px (/specs/elavonpubliclanding.spec:496)
  - &quot;HighligtSumary3&quot; width is 380px which is not in range of 253 to 259px (/specs/elavonpubliclanding.spec:500)
  - &quot;HighligtSumary3&quot; height is 36px which is not in range of 51 to 57px (/specs/elavonpubliclanding.spec:501)
  - &quot;HighligtSumary3&quot; is 75px left which is not in range of 113 to 117px (/specs/elavonpubliclanding.spec:504)
  - &quot;HighligtSumary4&quot; width is 380px which is not in range of 253 to 259px (/specs/elavonpubliclanding.spec:509)
  - &quot;HighligtSumary4&quot; height is 36px which is not in range of 51 to 57px (/specs/elavonpubliclanding.spec:510)
  - &quot;HighligtSumary4&quot; is 506px left which is not in range of 51 to 55px (/specs/elavonpubliclanding.spec:513)
  - &quot;HighligtSumary4&quot; is 14px below &quot;HighlightTitle3&quot; which is not in range of 9 to 13px (/specs/elavonpubliclanding.spec:514)
  - &quot;HighligtSumary4&quot; is 51px right of &quot;HighligtSumary3&quot; which is not in range of 24 to 28px (/specs/elavonpubliclanding.spec:515)
  - &quot;ToolsDoc&quot; width is 939px which is not in range of 381 to 387px (/specs/elavonpubliclanding.spec:616)
  - &quot;ToolsDoc&quot; is 11px left which is not in range of 191 to 195px (/specs/elavonpubliclanding.spec:620)
  - &quot;ToolSumry&quot; width is 657px which is not in range of 381 to 387px (/specs/elavonpubliclanding.spec:624)
  - &quot;ToolSumry&quot; height is 54px which is not in range of 68 to 75px (/specs/elavonpubliclanding.spec:625)
  - &quot;ToolSumry&quot; is 152px left which is not in range of 191 to 195px (/specs/elavonpubliclanding.spec:628)
  - &quot;ToolSumry&quot; is 29px below &quot;ToolsDoc&quot; which is not in range of 21 to 25px (/specs/elavonpubliclanding.spec:629)
  - &quot;Tooltext&quot; width is 751px which is not in range of 567 to 574px (/specs/elavonpubliclanding.spec:632)
  - &quot;Tooltext&quot; css property &quot;line-height&quot; is &quot;15px&quot; but should be &quot;14px&quot; (/specs/elavonpubliclanding.spec:635)
  - &quot;Tooltext&quot; is 105px left which is not in range of 98 to 102px (/specs/elavonpubliclanding.spec:636)
  - &quot;CodeSnippet&quot; width is 650px which is not in range of 584 to 592px (/specs/elavonpubliclanding.spec:640)
  - &quot;CodeSnippet&quot; height is 300px which is not in range of 312 to 319px (/specs/elavonpubliclanding.spec:641)
  - &quot;CodeSnippet&quot; is 156px left which is not in range of 88 to 92px (/specs/elavonpubliclanding.spec:642)
  - &quot;CTA1&quot; is 308px left which is not in range of 209 to 213px (/specs/elavonpubliclanding.spec:649)
  - &quot;CTA1&quot; css property &quot;line-height&quot; is &quot;18px&quot; but should be &quot;16px&quot; (/specs/elavonpubliclanding.spec:651)
  - &quot;CTA2&quot; is 493px left which is not in range of 395 to 399px (/specs/elavonpubliclanding.spec:657)
  - &quot;CTA2&quot; css property &quot;line-height&quot; is &quot;18px&quot; but should be &quot;16px&quot; (/specs/elavonpubliclanding.spec:659)
  - &quot;help-component&quot; height is 218px which is not in range of 238 to 242px (/specs/elavonpubliclanding.spec:704)
  - &quot;help-first-leaf&quot; is 399px left instead of 0px (/specs/elavonpubliclanding.spec:707)
  - &quot;help-first-leaf&quot; height is 46px which is not in range of 29 to 33px (/specs/elavonpubliclanding.spec:708)
  - &quot;help-last-leaf&quot; is 398px left instead of 270px (/specs/elavonpubliclanding.spec:713)
  - &quot;help-last-leaf&quot; is 23px below &quot;help-first-leaf&quot; instead of 30px (/specs/elavonpubliclanding.spec:714)
  - &quot;help-last-leaf&quot; height is 40px which is not in range of 48 to 52px (/specs/elavonpubliclanding.spec:715)
  - &quot;help-last-leaf&quot; css property &quot;line-height&quot; is &quot;18px&quot; but should be &quot;16px&quot; (/specs/elavonpubliclanding.spec:717)
  - Cannot find locator for &quot;footer-container&quot; in page spec (/specs/elavonpubliclanding.spec:731)
  - Cannot find locator for &quot;footer-container&quot; in page spec (/specs/elavonpubliclanding.spec:732)
  - Cannot find locator for &quot;footer-container&quot; in page spec (/specs/elavonpubliclanding.spec:733)
  - &quot;footer-copy-right&quot; is absent on page (/specs/elavonpubliclanding.spec:736)
  - Cannot find locator for &quot;footer-container&quot; in page spec (/specs/elavonpubliclanding.spec:771)
  - &quot;footer-copy-right&quot; is absent on page (/specs/elavonpubliclanding.spec:772)
  - &quot;footer-rtmenu-items-1&quot; is 0px right which is not in range of 230 to 232px (/specs/elavonpubliclanding.spec:776)
  - &quot;footer-rtmenu-items-1&quot; height is 34px which is not in range of 18 to 22px (/specs/elavonpubliclanding.spec:777)
  - color #ffffff on &quot;footer-rtmenu-items-1&quot; is 0% instead of 5% (/specs/elavonpubliclanding.spec:778)
  - &quot;footer-rtmenu-items-1&quot; height is 34px which is not in range of 18 to 22px (/specs/elavonpubliclanding.spec:782)
  - &quot;footer-rtmenu-items-2&quot; height is 34px which is not in range of 18 to 22px (/specs/elavonpubliclanding.spec:782)
  - &quot;footer-rtmenu-items-2&quot; is -939px right of &quot;footer-rtmenu-items-1&quot; which is not in range of 26 to 28px (/specs/elavonpubliclanding.spec:786)
  - &quot;footer-rtmenu-items-3&quot; height is 34px which is not in range of 18 to 22px (/specs/elavonpubliclanding.spec:782)
  - &quot;footer-rtmenu-items-3&quot; is -939px right of &quot;footer-rtmenu-items-2&quot; which is not in range of 26 to 28px (/specs/elavonpubliclanding.spec:786)
  - &quot;footer-rtmenu-items-4&quot; height is 34px which is not in range of 18 to 22px (/specs/elavonpubliclanding.spec:782)
  - &quot;footer-rtmenu-items-4&quot; is -939px right of &quot;footer-rtmenu-items-3&quot; which is not in range of 26 to 28px (/specs/elavonpubliclanding.spec:786)
  - &quot;footer-rtmenu-items-5&quot; height is 34px which is not in range of 18 to 22px (/specs/elavonpubliclanding.spec:782)
  - &quot;footer-rtmenu-items-5&quot; is -939px right of &quot;footer-rtmenu-items-4&quot; which is not in range of 26 to 28px (/specs/elavonpubliclanding.spec:786)
">
      <![CDATA[com.galenframework.support.LayoutValidationException: /specs/elavonpubliclanding.spec, tags: [tablet]
  - color #e03e4b on "header-container" is 0% but it should be greater than 90% (/specs/elavonpubliclanding.spec:66)
  - "left-menu-head" is 103px left instead of 0px (/specs/elavonpubliclanding.spec:69)
  - "logo-img" is absent on page (/specs/elavonpubliclanding.spec:72)
  - "logo-img" is absent on page (/specs/elavonpubliclanding.spec:73)
  - "for-developers" is 101px left instead of 229px (/specs/elavonpubliclanding.spec:76)
  - "logo-img" is absent on page (/specs/elavonpubliclanding.spec:77)
  - "for-developers" height is 25px which is not in range of 19 to 23px (/specs/elavonpubliclanding.spec:78)
  - "right-menu-head" is not visible on page (/specs/elavonpubliclanding.spec:115)
  - "right-menu-head" is not visible on page (/specs/elavonpubliclanding.spec:116)
  - "right-menuhead-items-1" is not visible on page (/specs/elavonpubliclanding.spec:120)
  - "right-menuhead-items-1" is not visible on page (/specs/elavonpubliclanding.spec:121)
  - "right-menuhead-items-1" is not visible on page (/specs/elavonpubliclanding.spec:124)
  - "right-menuhead-items-1" is not visible on page (/specs/elavonpubliclanding.spec:125)
  - "right-menuhead-items-2" is not visible on page (/specs/elavonpubliclanding.spec:124)
  - "right-menuhead-items-2" is not visible on page (/specs/elavonpubliclanding.spec:125)
  - "right-menuhead-items-2" is not visible on page (/specs/elavonpubliclanding.spec:129)
  - "right-menuhead-items-2" is not visible on page (/specs/elavonpubliclanding.spec:130)
  - "right-menuhead-items-3" is not visible on page (/specs/elavonpubliclanding.spec:124)
  - "right-menuhead-items-3" is not visible on page (/specs/elavonpubliclanding.spec:125)
  - "right-menuhead-items-3" is not visible on page (/specs/elavonpubliclanding.spec:129)
  - "right-menuhead-items-3" is not visible on page (/specs/elavonpubliclanding.spec:130)
  - "right-menuhead-items-4" is not visible on page (/specs/elavonpubliclanding.spec:124)
  - "right-menuhead-items-4" is not visible on page (/specs/elavonpubliclanding.spec:125)
  - "right-menuhead-items-4" is not visible on page (/specs/elavonpubliclanding.spec:129)
  - "right-menuhead-items-4" is not visible on page (/specs/elavonpubliclanding.spec:130)
  - "right-menuhead-items-5" is not visible on page (/specs/elavonpubliclanding.spec:124)
  - "right-menuhead-items-5" is not visible on page (/specs/elavonpubliclanding.spec:125)
  - "right-menuhead-items-5" is not visible on page (/specs/elavonpubliclanding.spec:129)
  - "right-menuhead-items-5" is not visible on page (/specs/elavonpubliclanding.spec:130)
  - "hero-banner" is 60px top instead of 0px (/specs/elavonpubliclanding.spec:179)
  - color #e03e4b on "hero-banner" is 0% but it should be greater than 90% (/specs/elavonpubliclanding.spec:180)
  - "hero-head" is 11px left instead of 52px (/specs/elavonpubliclanding.spec:183)
  - "hero-head" height is 27px which is not in range of 36 to 40px (/specs/elavonpubliclanding.spec:184)
  - "hero-head" css property "line-height" is "27px" but should be "38px" (/specs/elavonpubliclanding.spec:186)
  - "hero-para" is 11px left instead of 52px (/specs/elavonpubliclanding.spec:189)
  - "hero-para" height is 27px which is not in range of 36 to 40px (/specs/elavonpubliclanding.spec:191)
  - "hero-para" css property "line-height" is "27px" but should be "38px" (/specs/elavonpubliclanding.spec:193)
  - "hero-cta1" is 790px left instead of 52px, is 282px top instead of 432px (/specs/elavonpubliclanding.spec:196)
  - "hero-cta1" is 32px below "hero-para" instead of 71px (/specs/elavonpubliclanding.spec:197)
  - "hero-cta1" height is 100px which is not in range of 38 to 42px (/specs/elavonpubliclanding.spec:198)
  - "hero-cta1" css property "line-height" is "20px" but should be "16px" (/specs/elavonpubliclanding.spec:200)
  - "Highlight1" height is 108px which is not in range of 81 to 87px (/specs/elavonpubliclanding.spec:421)
  - "Highlight1" is 232px left which is not in range of 210 to 214px (/specs/elavonpubliclanding.spec:422)
  - "Highlight2" height is 65px which is not in range of 98 to 104px (/specs/elavonpubliclanding.spec:426)
  - "Highlight2" is 664px left which is not in range of 492 to 496px (/specs/elavonpubliclanding.spec:427)
  - "Highlight2" is 367px right of "Highlight1" which is not in range of 215 to 219px (/specs/elavonpubliclanding.spec:428)
  - "Highlight3" width is 65px which is not in range of 80 to 86px (/specs/elavonpubliclanding.spec:432)
  - "Highlight3" height is 65px which is not in range of 80 to 86px (/specs/elavonpubliclanding.spec:433)
  - "Highlight3" is 232px left which is not in range of 200 to 204px (/specs/elavonpubliclanding.spec:434)
  - "Highlight3" is 133px below "Highlight1" which is not in range of 170 to 174px (/specs/elavonpubliclanding.spec:435)
  - "Highlight4" width is 65px which is not in range of 76 to 83px (/specs/elavonpubliclanding.spec:439)
  - "Highlight4" height is 84px which is not in range of 76 to 83px (/specs/elavonpubliclanding.spec:440)
  - "Highlight4" is 664px left which is not in range of 483 to 487px (/specs/elavonpubliclanding.spec:441)
  - "Highlight4" is -84px below "Highlight4" which is not in range of 158 to 162px (/specs/elavonpubliclanding.spec:442)
  - "HighlightTitle1" width is 380px which is not in range of 252 to 260px (/specs/elavonpubliclanding.spec:445)
  - "HighlightTitle1" css property "font-size" is "22px" but should be "21px" (/specs/elavonpubliclanding.spec:447)
  - "HighlightTitle1" css property "line-height" is "27px" but should be "26px" (/specs/elavonpubliclanding.spec:448)
  - "HighlightTitle1" is 75px left which is not in range of 113 to 117px (/specs/elavonpubliclanding.spec:449)
  - "HighlightTitle1" is 10px below "Highlight1" which is not in range of 31 to 35px (/specs/elavonpubliclanding.spec:450)
  - "HighlightTitle2" width is 380px which is not in range of 252 to 260px (/specs/elavonpubliclanding.spec:454)
  - "HighlightTitle2" css property "font-size" is "22px" but should be "21px" (/specs/elavonpubliclanding.spec:456)
  - "HighlightTitle2" css property "line-height" is "27px" but should be "26px" (/specs/elavonpubliclanding.spec:457)
  - "HighlightTitle2" is 506px left which is not in range of 48 to 52px (/specs/elavonpubliclanding.spec:458)
  - "HighlightTitle2" is 53px below "Highlight2" which is not in range of 16 to 23px (/specs/elavonpubliclanding.spec:459)
  - "HighlightTitle2" is 51px right of "HighlightTitle1" which is not in range of 23 to 27px (/specs/elavonpubliclanding.spec:460)
  - "HighlightTitle3" width is 380px which is not in range of 273 to 279px (/specs/elavonpubliclanding.spec:463)
  - "HighlightTitle3" css property "line-height" is "27px" but should be "26px" (/specs/elavonpubliclanding.spec:466)
  - "HighlightTitle3" is 75px left which is not in range of 113 to 117px (/specs/elavonpubliclanding.spec:467)
  - "HighlightTitle3" is 53px below "Highlight3" which is not in range of 36 to 40px (/specs/elavonpubliclanding.spec:468)
  - "HighlightTitle4" width is 380px which is not in range of 273 to 279px (/specs/elavonpubliclanding.spec:471)
  - "HighlightTitle4" css property "line-height" is "27px" but should be "26px" (/specs/elavonpubliclanding.spec:474)
  - "HighlightTitle4" is 506px left which is not in range of 404 to 408px (/specs/elavonpubliclanding.spec:475)
  - "HighlightTitle4" is 34px below "Highlight4" which is not in range of 37 to 41px (/specs/elavonpubliclanding.spec:476)
  - "HighlightTitle4" is 51px right of "HighlightTitle3" which is not in range of 33 to 37px (/specs/elavonpubliclanding.spec:477)
  - "HighligtSumary1" width is 380px which is not in range of 253 to 259px (/specs/elavonpubliclanding.spec:481)
  - "HighligtSumary1" height is 36px which is not in range of 51 to 57px (/specs/elavonpubliclanding.spec:482)
  - "HighligtSumary1" is 75px left which is not in range of 113 to 117px (/specs/elavonpubliclanding.spec:485)
  - "HighligtSumary1" is 14px below "HighlightTitle1" which is not in range of 5 to 12px (/specs/elavonpubliclanding.spec:486)
  - "HighligtSumary2" width is 380px which is not in range of 253 to 259px (/specs/elavonpubliclanding.spec:490)
  - "HighligtSumary2" is 506px left which is not in range of 394 to 398px (/specs/elavonpubliclanding.spec:494)
  - "HighligtSumary2" is 14px below "HighlightTitle2" which is not in range of 5 to 12px (/specs/elavonpubliclanding.spec:495)
  - "HighligtSumary2" is 51px right of "HighligtSumary1" which is not in range of 23 to 27px (/specs/elavonpubliclanding.spec:496)
  - "HighligtSumary3" width is 380px which is not in range of 253 to 259px (/specs/elavonpubliclanding.spec:500)
  - "HighligtSumary3" height is 36px which is not in range of 51 to 57px (/specs/elavonpubliclanding.spec:501)
  - "HighligtSumary3" is 75px left which is not in range of 113 to 117px (/specs/elavonpubliclanding.spec:504)
  - "HighligtSumary4" width is 380px which is not in range of 253 to 259px (/specs/elavonpubliclanding.spec:509)
  - "HighligtSumary4" height is 36px which is not in range of 51 to 57px (/specs/elavonpubliclanding.spec:510)
  - "HighligtSumary4" is 506px left which is not in range of 51 to 55px (/specs/elavonpubliclanding.spec:513)
  - "HighligtSumary4" is 14px below "HighlightTitle3" which is not in range of 9 to 13px (/specs/elavonpubliclanding.spec:514)
  - "HighligtSumary4" is 51px right of "HighligtSumary3" which is not in range of 24 to 28px (/specs/elavonpubliclanding.spec:515)
  - "ToolsDoc" width is 939px which is not in range of 381 to 387px (/specs/elavonpubliclanding.spec:616)
  - "ToolsDoc" is 11px left which is not in range of 191 to 195px (/specs/elavonpubliclanding.spec:620)
  - "ToolSumry" width is 657px which is not in range of 381 to 387px (/specs/elavonpubliclanding.spec:624)
  - "ToolSumry" height is 54px which is not in range of 68 to 75px (/specs/elavonpubliclanding.spec:625)
  - "ToolSumry" is 152px left which is not in range of 191 to 195px (/specs/elavonpubliclanding.spec:628)
  - "ToolSumry" is 29px below "ToolsDoc" which is not in range of 21 to 25px (/specs/elavonpubliclanding.spec:629)
  - "Tooltext" width is 751px which is not in range of 567 to 574px (/specs/elavonpubliclanding.spec:632)
  - "Tooltext" css property "line-height" is "15px" but should be "14px" (/specs/elavonpubliclanding.spec:635)
  - "Tooltext" is 105px left which is not in range of 98 to 102px (/specs/elavonpubliclanding.spec:636)
  - "CodeSnippet" width is 650px which is not in range of 584 to 592px (/specs/elavonpubliclanding.spec:640)
  - "CodeSnippet" height is 300px which is not in range of 312 to 319px (/specs/elavonpubliclanding.spec:641)
  - "CodeSnippet" is 156px left which is not in range of 88 to 92px (/specs/elavonpubliclanding.spec:642)
  - "CTA1" is 308px left which is not in range of 209 to 213px (/specs/elavonpubliclanding.spec:649)
  - "CTA1" css property "line-height" is "18px" but should be "16px" (/specs/elavonpubliclanding.spec:651)
  - "CTA2" is 493px left which is not in range of 395 to 399px (/specs/elavonpubliclanding.spec:657)
  - "CTA2" css property "line-height" is "18px" but should be "16px" (/specs/elavonpubliclanding.spec:659)
  - "help-component" height is 218px which is not in range of 238 to 242px (/specs/elavonpubliclanding.spec:704)
  - "help-first-leaf" is 399px left instead of 0px (/specs/elavonpubliclanding.spec:707)
  - "help-first-leaf" height is 46px which is not in range of 29 to 33px (/specs/elavonpubliclanding.spec:708)
  - "help-last-leaf" is 398px left instead of 270px (/specs/elavonpubliclanding.spec:713)
  - "help-last-leaf" is 23px below "help-first-leaf" instead of 30px (/specs/elavonpubliclanding.spec:714)
  - "help-last-leaf" height is 40px which is not in range of 48 to 52px (/specs/elavonpubliclanding.spec:715)
  - "help-last-leaf" css property "line-height" is "18px" but should be "16px" (/specs/elavonpubliclanding.spec:717)
  - Cannot find locator for "footer-container" in page spec (/specs/elavonpubliclanding.spec:731)
  - Cannot find locator for "footer-container" in page spec (/specs/elavonpubliclanding.spec:732)
  - Cannot find locator for "footer-container" in page spec (/specs/elavonpubliclanding.spec:733)
  - "footer-copy-right" is absent on page (/specs/elavonpubliclanding.spec:736)
  - Cannot find locator for "footer-container" in page spec (/specs/elavonpubliclanding.spec:771)
  - "footer-copy-right" is absent on page (/specs/elavonpubliclanding.spec:772)
  - "footer-rtmenu-items-1" is 0px right which is not in range of 230 to 232px (/specs/elavonpubliclanding.spec:776)
  - "footer-rtmenu-items-1" height is 34px which is not in range of 18 to 22px (/specs/elavonpubliclanding.spec:777)
  - color #ffffff on "footer-rtmenu-items-1" is 0% instead of 5% (/specs/elavonpubliclanding.spec:778)
  - "footer-rtmenu-items-1" height is 34px which is not in range of 18 to 22px (/specs/elavonpubliclanding.spec:782)
  - "footer-rtmenu-items-2" height is 34px which is not in range of 18 to 22px (/specs/elavonpubliclanding.spec:782)
  - "footer-rtmenu-items-2" is -939px right of "footer-rtmenu-items-1" which is not in range of 26 to 28px (/specs/elavonpubliclanding.spec:786)
  - "footer-rtmenu-items-3" height is 34px which is not in range of 18 to 22px (/specs/elavonpubliclanding.spec:782)
  - "footer-rtmenu-items-3" is -939px right of "footer-rtmenu-items-2" which is not in range of 26 to 28px (/specs/elavonpubliclanding.spec:786)
  - "footer-rtmenu-items-4" height is 34px which is not in range of 18 to 22px (/specs/elavonpubliclanding.spec:782)
  - "footer-rtmenu-items-4" is -939px right of "footer-rtmenu-items-3" which is not in range of 26 to 28px (/specs/elavonpubliclanding.spec:786)
  - "footer-rtmenu-items-5" height is 34px which is not in range of 18 to 22px (/specs/elavonpubliclanding.spec:782)
  - "footer-rtmenu-items-5" is -939px right of "footer-rtmenu-items-4" which is not in range of 26 to 28px (/specs/elavonpubliclanding.spec:786)

	at com.galenframework.support.GalenJavaTestBase.checkLayout(GalenJavaTestBase.java:129)
	at com.galenframework.support.GalenJavaTestBase.checkLayout(GalenJavaTestBase.java:111)
	at com.galenframework.java.USB.tests.SecureLandingPage_creative_Verification.elavonPublicLandingPage(SecureLandingPage_creative_Verification.java:62)
	at sun.reflect.NativeMethodAccessorImpl.invoke0(Native Method)
	at sun.reflect.NativeMethodAccessorImpl.invoke(NativeMethodAccessorImpl.java:62)
	at sun.reflect.DelegatingMethodAccessorImpl.invoke(DelegatingMethodAccessorImpl.java:43)
	at java.lang.reflect.Method.invoke(Method.java:498)
	at org.testng.internal.MethodInvocationHelper.invokeMethod(MethodInvocationHelper.java:80)
	at org.testng.internal.Invoker.invokeMethod(Invoker.java:715)
	at org.testng.internal.Invoker.invokeTestMethod(Invoker.java:907)
	at org.testng.internal.Invoker.invokeTestMethods(Invoker.java:1237)
	at org.testng.internal.TestMethodWorker.invokeTestMethods(TestMethodWorker.java:127)
	at org.testng.internal.TestMethodWorker.run(TestMethodWorker.java:111)
	at org.testng.TestRunner.privateRun(TestRunner.java:767)
	at org.testng.TestRunner.run(TestRunner.java:617)
	at org.testng.SuiteRunner.runTest(SuiteRunner.java:334)
	at org.testng.SuiteRunner.runSequentially(SuiteRunner.java:329)
	at org.testng.SuiteRunner.privateRun(SuiteRunner.java:291)
	at org.testng.SuiteRunner.run(SuiteRunner.java:240)
	at org.testng.SuiteRunnerWorker.runSuite(SuiteRunnerWorker.java:51)
	at org.testng.SuiteRunnerWorker.run(SuiteRunnerWorker.java:85)
	at org.testng.TestNG.runSuitesSequentially(TestNG.java:1197)
	at org.testng.TestNG.runSuitesLocally(TestNG.java:1122)
	at org.testng.TestNG.run(TestNG.java:1030)
	at org.testng.remote.AbstractRemoteTestNG.run(AbstractRemoteTestNG.java:132)
	at org.testng.remote.RemoteTestNG.initAndRun(RemoteTestNG.java:230)
	at org.testng.remote.RemoteTestNG.main(RemoteTestNG.java:76)
]]>
    </failure>
  </testcase> <!-- elavonPublicLandingPage -->
  <testcase name="elanPublicLandingPage" time="52.503" classname="com.galenframework.java.USB.tests.SecureLandingPage_creative_Verification">
    <failure type="com.galenframework.support.LayoutValidationException" message="/specs/elanpubliclanding.spec, tags: [tablet]
  - color #e03e4b on &quot;header-container&quot; is 0% but it should be greater than 90% (/specs/elanpubliclanding.spec:63)
  - &quot;left-menu-head&quot; is 103px left instead of 0px (/specs/elanpubliclanding.spec:66)
  - &quot;logo-img&quot; is absent on page (/specs/elanpubliclanding.spec:69)
  - &quot;logo-img&quot; is absent on page (/specs/elanpubliclanding.spec:70)
  - &quot;for-developers&quot; is 102px left instead of 229px (/specs/elanpubliclanding.spec:73)
  - &quot;logo-img&quot; is absent on page (/specs/elanpubliclanding.spec:74)
  - &quot;for-developers&quot; height is 25px which is not in range of 19 to 23px (/specs/elanpubliclanding.spec:75)
  - &quot;right-menu-head&quot; is not visible on page (/specs/elanpubliclanding.spec:112)
  - &quot;right-menu-head&quot; is not visible on page (/specs/elanpubliclanding.spec:113)
  - &quot;right-menuhead-items-1&quot; is not visible on page (/specs/elanpubliclanding.spec:117)
  - &quot;right-menuhead-items-1&quot; is not visible on page (/specs/elanpubliclanding.spec:118)
  - &quot;right-menuhead-items-1&quot; is not visible on page (/specs/elanpubliclanding.spec:121)
  - &quot;right-menuhead-items-1&quot; is not visible on page (/specs/elanpubliclanding.spec:122)
  - &quot;right-menuhead-items-2&quot; is not visible on page (/specs/elanpubliclanding.spec:121)
  - &quot;right-menuhead-items-2&quot; is not visible on page (/specs/elanpubliclanding.spec:122)
  - &quot;right-menuhead-items-2&quot; is not visible on page (/specs/elanpubliclanding.spec:126)
  - &quot;right-menuhead-items-2&quot; is not visible on page (/specs/elanpubliclanding.spec:127)
  - &quot;right-menuhead-items-3&quot; is not visible on page (/specs/elanpubliclanding.spec:121)
  - &quot;right-menuhead-items-3&quot; is not visible on page (/specs/elanpubliclanding.spec:122)
  - &quot;right-menuhead-items-3&quot; is not visible on page (/specs/elanpubliclanding.spec:126)
  - &quot;right-menuhead-items-3&quot; is not visible on page (/specs/elanpubliclanding.spec:127)
  - &quot;right-menuhead-items-4&quot; is not visible on page (/specs/elanpubliclanding.spec:121)
  - &quot;right-menuhead-items-4&quot; is not visible on page (/specs/elanpubliclanding.spec:122)
  - &quot;right-menuhead-items-4&quot; is not visible on page (/specs/elanpubliclanding.spec:126)
  - &quot;right-menuhead-items-4&quot; is not visible on page (/specs/elanpubliclanding.spec:127)
  - &quot;right-menuhead-items-5&quot; is not visible on page (/specs/elanpubliclanding.spec:121)
  - &quot;right-menuhead-items-5&quot; is not visible on page (/specs/elanpubliclanding.spec:122)
  - &quot;right-menuhead-items-5&quot; is not visible on page (/specs/elanpubliclanding.spec:126)
  - &quot;right-menuhead-items-5&quot; is not visible on page (/specs/elanpubliclanding.spec:127)
  - &quot;hero-banner&quot; is 188px top instead of 0px (/specs/elanpubliclanding.spec:176)
  - color #e03e4b on &quot;hero-banner&quot; is 0% but it should be greater than 90% (/specs/elanpubliclanding.spec:177)
  - &quot;hero-head&quot; is 11px left instead of 52px (/specs/elanpubliclanding.spec:180)
  - &quot;hero-head&quot; height is 27px which is not in range of 36 to 40px (/specs/elanpubliclanding.spec:181)
  - &quot;hero-head&quot; css property &quot;line-height&quot; is &quot;27px&quot; but should be &quot;38px&quot; (/specs/elanpubliclanding.spec:183)
  - &quot;hero-para&quot; is 11px left instead of 52px (/specs/elanpubliclanding.spec:186)
  - &quot;hero-para&quot; height is 27px which is not in range of 36 to 40px (/specs/elanpubliclanding.spec:188)
  - &quot;hero-para&quot; css property &quot;line-height&quot; is &quot;27px&quot; but should be &quot;38px&quot; (/specs/elanpubliclanding.spec:190)
  - &quot;hero-cta1&quot; is 306px left instead of 52px, is 70px top instead of 432px (/specs/elanpubliclanding.spec:193)
  - &quot;hero-cta1&quot; is 52px below &quot;hero-para&quot; instead of 71px (/specs/elanpubliclanding.spec:194)
  - &quot;hero-cta1&quot; css property &quot;line-height&quot; is &quot;20px&quot; but should be &quot;16px&quot; (/specs/elanpubliclanding.spec:197)
  - &quot;Highlight1&quot; height is 107px which is not in range of 81 to 87px (/specs/elanpubliclanding.spec:421)
  - &quot;Highlight2&quot; height is 65px which is not in range of 98 to 104px (/specs/elanpubliclanding.spec:426)
  - &quot;Highlight2&quot; is 679px left which is not in range of 492 to 496px (/specs/elanpubliclanding.spec:427)
  - &quot;Highlight2&quot; is 403px right of &quot;Highlight1&quot; which is not in range of 215 to 219px (/specs/elanpubliclanding.spec:428)
  - &quot;Highlight3&quot; width is 65px which is not in range of 80 to 86px (/specs/elanpubliclanding.spec:432)
  - &quot;Highlight3&quot; height is 65px which is not in range of 80 to 86px (/specs/elanpubliclanding.spec:433)
  - &quot;Highlight3&quot; is 211px left which is not in range of 200 to 204px (/specs/elanpubliclanding.spec:434)
  - &quot;Highlight3&quot; is 134px below &quot;Highlight1&quot; which is not in range of 170 to 174px (/specs/elanpubliclanding.spec:435)
  - &quot;Highlight4&quot; width is 65px which is not in range of 76 to 83px (/specs/elanpubliclanding.spec:439)
  - &quot;Highlight4&quot; height is 65px which is not in range of 76 to 83px (/specs/elanpubliclanding.spec:440)
  - &quot;Highlight4&quot; is 679px left which is not in range of 483 to 487px (/specs/elanpubliclanding.spec:441)
  - &quot;Highlight4&quot; is -65px below &quot;Highlight4&quot; which is not in range of 158 to 162px (/specs/elanpubliclanding.spec:442)
  - &quot;HighlightTitle1&quot; width is 417px which is not in range of 252 to 260px (/specs/elanpubliclanding.spec:445)
  - &quot;HighlightTitle1&quot; css property &quot;font-size&quot; is &quot;22px&quot; but should be &quot;21px&quot; (/specs/elanpubliclanding.spec:447)
  - &quot;HighlightTitle1&quot; css property &quot;line-height&quot; is &quot;27px&quot; but should be &quot;26px&quot; (/specs/elanpubliclanding.spec:448)
  - &quot;HighlightTitle1&quot; is 35px left which is not in range of 113 to 117px (/specs/elanpubliclanding.spec:449)
  - &quot;HighlightTitle1&quot; is 11px below &quot;Highlight1&quot; which is not in range of 31 to 35px (/specs/elanpubliclanding.spec:450)
  - &quot;HighlightTitle2&quot; width is 417px which is not in range of 252 to 260px (/specs/elanpubliclanding.spec:454)
  - &quot;HighlightTitle2&quot; css property &quot;font-size&quot; is &quot;22px&quot; but should be &quot;21px&quot; (/specs/elanpubliclanding.spec:456)
  - &quot;HighlightTitle2&quot; css property &quot;line-height&quot; is &quot;27px&quot; but should be &quot;26px&quot; (/specs/elanpubliclanding.spec:457)
  - &quot;HighlightTitle2&quot; is 503px left which is not in range of 48 to 52px (/specs/elanpubliclanding.spec:458)
  - &quot;HighlightTitle2&quot; is 53px below &quot;Highlight2&quot; which is not in range of 16 to 23px (/specs/elanpubliclanding.spec:459)
  - &quot;HighlightTitle2&quot; is 51px right of &quot;HighlightTitle1&quot; which is not in range of 23 to 27px (/specs/elanpubliclanding.spec:460)
  - &quot;HighlightTitle3&quot; width is 417px which is not in range of 273 to 279px (/specs/elanpubliclanding.spec:463)
  - &quot;HighlightTitle3&quot; css property &quot;line-height&quot; is &quot;27px&quot; but should be &quot;26px&quot; (/specs/elanpubliclanding.spec:466)
  - &quot;HighlightTitle3&quot; is 35px left which is not in range of 113 to 117px (/specs/elanpubliclanding.spec:467)
  - &quot;HighlightTitle3&quot; is 53px below &quot;Highlight3&quot; which is not in range of 36 to 40px (/specs/elanpubliclanding.spec:468)
  - &quot;HighlightTitle4&quot; width is 417px which is not in range of 273 to 279px (/specs/elanpubliclanding.spec:471)
  - &quot;HighlightTitle4&quot; css property &quot;line-height&quot; is &quot;27px&quot; but should be &quot;26px&quot; (/specs/elanpubliclanding.spec:474)
  - &quot;HighlightTitle4&quot; is 503px left which is not in range of 404 to 408px (/specs/elanpubliclanding.spec:475)
  - &quot;HighlightTitle4&quot; is 53px below &quot;Highlight4&quot; which is not in range of 37 to 41px (/specs/elanpubliclanding.spec:476)
  - &quot;HighlightTitle4&quot; is 51px right of &quot;HighlightTitle3&quot; which is not in range of 33 to 37px (/specs/elanpubliclanding.spec:477)
  - &quot;HighligtSumary1&quot; width is 417px which is not in range of 253 to 259px (/specs/elanpubliclanding.spec:481)
  - &quot;HighligtSumary1&quot; height is 18px which is not in range of 51 to 57px (/specs/elanpubliclanding.spec:482)
  - &quot;HighligtSumary1&quot; is 35px left which is not in range of 113 to 117px (/specs/elanpubliclanding.spec:485)
  - &quot;HighligtSumary1&quot; is 14px below &quot;HighlightTitle1&quot; which is not in range of 5 to 12px (/specs/elanpubliclanding.spec:486)
  - &quot;HighligtSumary2&quot; width is 417px which is not in range of 253 to 259px (/specs/elanpubliclanding.spec:490)
  - &quot;HighligtSumary2&quot; is 503px left which is not in range of 394 to 398px (/specs/elanpubliclanding.spec:494)
  - &quot;HighligtSumary2&quot; is 14px below &quot;HighlightTitle2&quot; which is not in range of 5 to 12px (/specs/elanpubliclanding.spec:495)
  - &quot;HighligtSumary2&quot; is 51px right of &quot;HighligtSumary1&quot; which is not in range of 23 to 27px (/specs/elanpubliclanding.spec:496)
  - &quot;HighligtSumary3&quot; width is 417px which is not in range of 253 to 259px (/specs/elanpubliclanding.spec:500)
  - &quot;HighligtSumary3&quot; height is 36px which is not in range of 51 to 57px (/specs/elanpubliclanding.spec:501)
  - &quot;HighligtSumary3&quot; is 35px left which is not in range of 113 to 117px (/specs/elanpubliclanding.spec:504)
  - &quot;HighligtSumary4&quot; width is 417px which is not in range of 253 to 259px (/specs/elanpubliclanding.spec:509)
  - &quot;HighligtSumary4&quot; height is 36px which is not in range of 51 to 57px (/specs/elanpubliclanding.spec:510)
  - &quot;HighligtSumary4&quot; is 503px left which is not in range of 51 to 55px (/specs/elanpubliclanding.spec:513)
  - &quot;HighligtSumary4&quot; is 14px below &quot;HighlightTitle3&quot; which is not in range of 9 to 13px (/specs/elanpubliclanding.spec:514)
  - &quot;HighligtSumary4&quot; is 51px right of &quot;HighligtSumary3&quot; which is not in range of 24 to 28px (/specs/elanpubliclanding.spec:515)
  - &quot;ToolsDoc&quot; width is 939px which is not in range of 381 to 387px (/specs/elanpubliclanding.spec:620)
  - &quot;ToolsDoc&quot; is 11px left which is not in range of 191 to 195px (/specs/elanpubliclanding.spec:624)
  - &quot;ToolSumry&quot; width is 657px which is not in range of 381 to 387px (/specs/elanpubliclanding.spec:628)
  - &quot;ToolSumry&quot; height is 54px which is not in range of 68 to 75px (/specs/elanpubliclanding.spec:629)
  - &quot;ToolSumry&quot; is 152px left which is not in range of 191 to 195px (/specs/elanpubliclanding.spec:632)
  - &quot;ToolSumry&quot; is 29px below &quot;ToolsDoc&quot; which is not in range of 21 to 25px (/specs/elanpubliclanding.spec:633)
  - &quot;Tooltext&quot; width is 751px which is not in range of 567 to 574px (/specs/elanpubliclanding.spec:636)
  - &quot;Tooltext&quot; css property &quot;line-height&quot; is &quot;15px&quot; but should be &quot;14px&quot; (/specs/elanpubliclanding.spec:639)
  - &quot;Tooltext&quot; is 105px left which is not in range of 98 to 102px (/specs/elanpubliclanding.spec:640)
  - &quot;CodeSnippet&quot; width is 650px which is not in range of 584 to 592px (/specs/elanpubliclanding.spec:644)
  - &quot;CodeSnippet&quot; height is 300px which is not in range of 312 to 319px (/specs/elanpubliclanding.spec:645)
  - &quot;CodeSnippet&quot; is 156px left which is not in range of 88 to 92px (/specs/elanpubliclanding.spec:646)
  - &quot;CTA1&quot; is 308px left which is not in range of 209 to 213px (/specs/elanpubliclanding.spec:653)
  - &quot;CTA1&quot; css property &quot;line-height&quot; is &quot;18px&quot; but should be &quot;16px&quot; (/specs/elanpubliclanding.spec:655)
  - &quot;CTA2&quot; is 493px left which is not in range of 395 to 399px (/specs/elanpubliclanding.spec:661)
  - &quot;CTA2&quot; css property &quot;line-height&quot; is &quot;18px&quot; but should be &quot;16px&quot; (/specs/elanpubliclanding.spec:663)
  - &quot;help-component&quot; height is 218px which is not in range of 238 to 242px (/specs/elanpubliclanding.spec:708)
  - &quot;help-first-leaf&quot; is 399px left instead of 0px (/specs/elanpubliclanding.spec:711)
  - &quot;help-first-leaf&quot; height is 46px which is not in range of 29 to 33px (/specs/elanpubliclanding.spec:712)
  - &quot;help-last-leaf&quot; is 398px left instead of 270px (/specs/elanpubliclanding.spec:717)
  - &quot;help-last-leaf&quot; is 23px below &quot;help-first-leaf&quot; instead of 30px (/specs/elanpubliclanding.spec:718)
  - &quot;help-last-leaf&quot; height is 40px which is not in range of 48 to 52px (/specs/elanpubliclanding.spec:719)
  - &quot;help-last-leaf&quot; css property &quot;line-height&quot; is &quot;18px&quot; but should be &quot;16px&quot; (/specs/elanpubliclanding.spec:721)
  - Cannot find locator for &quot;footer-container&quot; in page spec (/specs/elanpubliclanding.spec:735)
  - Cannot find locator for &quot;footer-container&quot; in page spec (/specs/elanpubliclanding.spec:736)
  - Cannot find locator for &quot;footer-container&quot; in page spec (/specs/elanpubliclanding.spec:737)
  - &quot;footer-copy-right&quot; is not visible on page (/specs/elanpubliclanding.spec:740)
  - Cannot find locator for &quot;footer-container&quot; in page spec (/specs/elanpubliclanding.spec:775)
  - &quot;footer-copy-right&quot; is not visible on page (/specs/elanpubliclanding.spec:776)
  - &quot;footer-rtmenu-items-1&quot; is 0px right which is not in range of 230 to 232px (/specs/elanpubliclanding.spec:780)
  - &quot;footer-rtmenu-items-1&quot; height is 34px which is not in range of 18 to 22px (/specs/elanpubliclanding.spec:781)
  - color #ffffff on &quot;footer-rtmenu-items-1&quot; is 0% instead of 5% (/specs/elanpubliclanding.spec:782)
  - &quot;footer-rtmenu-items-1&quot; height is 34px which is not in range of 18 to 22px (/specs/elanpubliclanding.spec:786)
  - &quot;footer-rtmenu-items-2&quot; height is 34px which is not in range of 18 to 22px (/specs/elanpubliclanding.spec:786)
  - &quot;footer-rtmenu-items-2&quot; is -939px right of &quot;footer-rtmenu-items-1&quot; which is not in range of 26 to 28px (/specs/elanpubliclanding.spec:790)
  - &quot;footer-rtmenu-items-3&quot; height is 34px which is not in range of 18 to 22px (/specs/elanpubliclanding.spec:786)
  - &quot;footer-rtmenu-items-3&quot; is -939px right of &quot;footer-rtmenu-items-2&quot; which is not in range of 26 to 28px (/specs/elanpubliclanding.spec:790)
  - &quot;footer-rtmenu-items-4&quot; height is 34px which is not in range of 18 to 22px (/specs/elanpubliclanding.spec:786)
  - &quot;footer-rtmenu-items-4&quot; is -939px right of &quot;footer-rtmenu-items-3&quot; which is not in range of 26 to 28px (/specs/elanpubliclanding.spec:790)
  - &quot;footer-rtmenu-items-5&quot; height is 34px which is not in range of 18 to 22px (/specs/elanpubliclanding.spec:786)
  - &quot;footer-rtmenu-items-5&quot; is -939px right of &quot;footer-rtmenu-items-4&quot; which is not in range of 26 to 28px (/specs/elanpubliclanding.spec:790)
">
      <![CDATA[com.galenframework.support.LayoutValidationException: /specs/elanpubliclanding.spec, tags: [tablet]
  - color #e03e4b on "header-container" is 0% but it should be greater than 90% (/specs/elanpubliclanding.spec:63)
  - "left-menu-head" is 103px left instead of 0px (/specs/elanpubliclanding.spec:66)
  - "logo-img" is absent on page (/specs/elanpubliclanding.spec:69)
  - "logo-img" is absent on page (/specs/elanpubliclanding.spec:70)
  - "for-developers" is 102px left instead of 229px (/specs/elanpubliclanding.spec:73)
  - "logo-img" is absent on page (/specs/elanpubliclanding.spec:74)
  - "for-developers" height is 25px which is not in range of 19 to 23px (/specs/elanpubliclanding.spec:75)
  - "right-menu-head" is not visible on page (/specs/elanpubliclanding.spec:112)
  - "right-menu-head" is not visible on page (/specs/elanpubliclanding.spec:113)
  - "right-menuhead-items-1" is not visible on page (/specs/elanpubliclanding.spec:117)
  - "right-menuhead-items-1" is not visible on page (/specs/elanpubliclanding.spec:118)
  - "right-menuhead-items-1" is not visible on page (/specs/elanpubliclanding.spec:121)
  - "right-menuhead-items-1" is not visible on page (/specs/elanpubliclanding.spec:122)
  - "right-menuhead-items-2" is not visible on page (/specs/elanpubliclanding.spec:121)
  - "right-menuhead-items-2" is not visible on page (/specs/elanpubliclanding.spec:122)
  - "right-menuhead-items-2" is not visible on page (/specs/elanpubliclanding.spec:126)
  - "right-menuhead-items-2" is not visible on page (/specs/elanpubliclanding.spec:127)
  - "right-menuhead-items-3" is not visible on page (/specs/elanpubliclanding.spec:121)
  - "right-menuhead-items-3" is not visible on page (/specs/elanpubliclanding.spec:122)
  - "right-menuhead-items-3" is not visible on page (/specs/elanpubliclanding.spec:126)
  - "right-menuhead-items-3" is not visible on page (/specs/elanpubliclanding.spec:127)
  - "right-menuhead-items-4" is not visible on page (/specs/elanpubliclanding.spec:121)
  - "right-menuhead-items-4" is not visible on page (/specs/elanpubliclanding.spec:122)
  - "right-menuhead-items-4" is not visible on page (/specs/elanpubliclanding.spec:126)
  - "right-menuhead-items-4" is not visible on page (/specs/elanpubliclanding.spec:127)
  - "right-menuhead-items-5" is not visible on page (/specs/elanpubliclanding.spec:121)
  - "right-menuhead-items-5" is not visible on page (/specs/elanpubliclanding.spec:122)
  - "right-menuhead-items-5" is not visible on page (/specs/elanpubliclanding.spec:126)
  - "right-menuhead-items-5" is not visible on page (/specs/elanpubliclanding.spec:127)
  - "hero-banner" is 188px top instead of 0px (/specs/elanpubliclanding.spec:176)
  - color #e03e4b on "hero-banner" is 0% but it should be greater than 90% (/specs/elanpubliclanding.spec:177)
  - "hero-head" is 11px left instead of 52px (/specs/elanpubliclanding.spec:180)
  - "hero-head" height is 27px which is not in range of 36 to 40px (/specs/elanpubliclanding.spec:181)
  - "hero-head" css property "line-height" is "27px" but should be "38px" (/specs/elanpubliclanding.spec:183)
  - "hero-para" is 11px left instead of 52px (/specs/elanpubliclanding.spec:186)
  - "hero-para" height is 27px which is not in range of 36 to 40px (/specs/elanpubliclanding.spec:188)
  - "hero-para" css property "line-height" is "27px" but should be "38px" (/specs/elanpubliclanding.spec:190)
  - "hero-cta1" is 306px left instead of 52px, is 70px top instead of 432px (/specs/elanpubliclanding.spec:193)
  - "hero-cta1" is 52px below "hero-para" instead of 71px (/specs/elanpubliclanding.spec:194)
  - "hero-cta1" css property "line-height" is "20px" but should be "16px" (/specs/elanpubliclanding.spec:197)
  - "Highlight1" height is 107px which is not in range of 81 to 87px (/specs/elanpubliclanding.spec:421)
  - "Highlight2" height is 65px which is not in range of 98 to 104px (/specs/elanpubliclanding.spec:426)
  - "Highlight2" is 679px left which is not in range of 492 to 496px (/specs/elanpubliclanding.spec:427)
  - "Highlight2" is 403px right of "Highlight1" which is not in range of 215 to 219px (/specs/elanpubliclanding.spec:428)
  - "Highlight3" width is 65px which is not in range of 80 to 86px (/specs/elanpubliclanding.spec:432)
  - "Highlight3" height is 65px which is not in range of 80 to 86px (/specs/elanpubliclanding.spec:433)
  - "Highlight3" is 211px left which is not in range of 200 to 204px (/specs/elanpubliclanding.spec:434)
  - "Highlight3" is 134px below "Highlight1" which is not in range of 170 to 174px (/specs/elanpubliclanding.spec:435)
  - "Highlight4" width is 65px which is not in range of 76 to 83px (/specs/elanpubliclanding.spec:439)
  - "Highlight4" height is 65px which is not in range of 76 to 83px (/specs/elanpubliclanding.spec:440)
  - "Highlight4" is 679px left which is not in range of 483 to 487px (/specs/elanpubliclanding.spec:441)
  - "Highlight4" is -65px below "Highlight4" which is not in range of 158 to 162px (/specs/elanpubliclanding.spec:442)
  - "HighlightTitle1" width is 417px which is not in range of 252 to 260px (/specs/elanpubliclanding.spec:445)
  - "HighlightTitle1" css property "font-size" is "22px" but should be "21px" (/specs/elanpubliclanding.spec:447)
  - "HighlightTitle1" css property "line-height" is "27px" but should be "26px" (/specs/elanpubliclanding.spec:448)
  - "HighlightTitle1" is 35px left which is not in range of 113 to 117px (/specs/elanpubliclanding.spec:449)
  - "HighlightTitle1" is 11px below "Highlight1" which is not in range of 31 to 35px (/specs/elanpubliclanding.spec:450)
  - "HighlightTitle2" width is 417px which is not in range of 252 to 260px (/specs/elanpubliclanding.spec:454)
  - "HighlightTitle2" css property "font-size" is "22px" but should be "21px" (/specs/elanpubliclanding.spec:456)
  - "HighlightTitle2" css property "line-height" is "27px" but should be "26px" (/specs/elanpubliclanding.spec:457)
  - "HighlightTitle2" is 503px left which is not in range of 48 to 52px (/specs/elanpubliclanding.spec:458)
  - "HighlightTitle2" is 53px below "Highlight2" which is not in range of 16 to 23px (/specs/elanpubliclanding.spec:459)
  - "HighlightTitle2" is 51px right of "HighlightTitle1" which is not in range of 23 to 27px (/specs/elanpubliclanding.spec:460)
  - "HighlightTitle3" width is 417px which is not in range of 273 to 279px (/specs/elanpubliclanding.spec:463)
  - "HighlightTitle3" css property "line-height" is "27px" but should be "26px" (/specs/elanpubliclanding.spec:466)
  - "HighlightTitle3" is 35px left which is not in range of 113 to 117px (/specs/elanpubliclanding.spec:467)
  - "HighlightTitle3" is 53px below "Highlight3" which is not in range of 36 to 40px (/specs/elanpubliclanding.spec:468)
  - "HighlightTitle4" width is 417px which is not in range of 273 to 279px (/specs/elanpubliclanding.spec:471)
  - "HighlightTitle4" css property "line-height" is "27px" but should be "26px" (/specs/elanpubliclanding.spec:474)
  - "HighlightTitle4" is 503px left which is not in range of 404 to 408px (/specs/elanpubliclanding.spec:475)
  - "HighlightTitle4" is 53px below "Highlight4" which is not in range of 37 to 41px (/specs/elanpubliclanding.spec:476)
  - "HighlightTitle4" is 51px right of "HighlightTitle3" which is not in range of 33 to 37px (/specs/elanpubliclanding.spec:477)
  - "HighligtSumary1" width is 417px which is not in range of 253 to 259px (/specs/elanpubliclanding.spec:481)
  - "HighligtSumary1" height is 18px which is not in range of 51 to 57px (/specs/elanpubliclanding.spec:482)
  - "HighligtSumary1" is 35px left which is not in range of 113 to 117px (/specs/elanpubliclanding.spec:485)
  - "HighligtSumary1" is 14px below "HighlightTitle1" which is not in range of 5 to 12px (/specs/elanpubliclanding.spec:486)
  - "HighligtSumary2" width is 417px which is not in range of 253 to 259px (/specs/elanpubliclanding.spec:490)
  - "HighligtSumary2" is 503px left which is not in range of 394 to 398px (/specs/elanpubliclanding.spec:494)
  - "HighligtSumary2" is 14px below "HighlightTitle2" which is not in range of 5 to 12px (/specs/elanpubliclanding.spec:495)
  - "HighligtSumary2" is 51px right of "HighligtSumary1" which is not in range of 23 to 27px (/specs/elanpubliclanding.spec:496)
  - "HighligtSumary3" width is 417px which is not in range of 253 to 259px (/specs/elanpubliclanding.spec:500)
  - "HighligtSumary3" height is 36px which is not in range of 51 to 57px (/specs/elanpubliclanding.spec:501)
  - "HighligtSumary3" is 35px left which is not in range of 113 to 117px (/specs/elanpubliclanding.spec:504)
  - "HighligtSumary4" width is 417px which is not in range of 253 to 259px (/specs/elanpubliclanding.spec:509)
  - "HighligtSumary4" height is 36px which is not in range of 51 to 57px (/specs/elanpubliclanding.spec:510)
  - "HighligtSumary4" is 503px left which is not in range of 51 to 55px (/specs/elanpubliclanding.spec:513)
  - "HighligtSumary4" is 14px below "HighlightTitle3" which is not in range of 9 to 13px (/specs/elanpubliclanding.spec:514)
  - "HighligtSumary4" is 51px right of "HighligtSumary3" which is not in range of 24 to 28px (/specs/elanpubliclanding.spec:515)
  - "ToolsDoc" width is 939px which is not in range of 381 to 387px (/specs/elanpubliclanding.spec:620)
  - "ToolsDoc" is 11px left which is not in range of 191 to 195px (/specs/elanpubliclanding.spec:624)
  - "ToolSumry" width is 657px which is not in range of 381 to 387px (/specs/elanpubliclanding.spec:628)
  - "ToolSumry" height is 54px which is not in range of 68 to 75px (/specs/elanpubliclanding.spec:629)
  - "ToolSumry" is 152px left which is not in range of 191 to 195px (/specs/elanpubliclanding.spec:632)
  - "ToolSumry" is 29px below "ToolsDoc" which is not in range of 21 to 25px (/specs/elanpubliclanding.spec:633)
  - "Tooltext" width is 751px which is not in range of 567 to 574px (/specs/elanpubliclanding.spec:636)
  - "Tooltext" css property "line-height" is "15px" but should be "14px" (/specs/elanpubliclanding.spec:639)
  - "Tooltext" is 105px left which is not in range of 98 to 102px (/specs/elanpubliclanding.spec:640)
  - "CodeSnippet" width is 650px which is not in range of 584 to 592px (/specs/elanpubliclanding.spec:644)
  - "CodeSnippet" height is 300px which is not in range of 312 to 319px (/specs/elanpubliclanding.spec:645)
  - "CodeSnippet" is 156px left which is not in range of 88 to 92px (/specs/elanpubliclanding.spec:646)
  - "CTA1" is 308px left which is not in range of 209 to 213px (/specs/elanpubliclanding.spec:653)
  - "CTA1" css property "line-height" is "18px" but should be "16px" (/specs/elanpubliclanding.spec:655)
  - "CTA2" is 493px left which is not in range of 395 to 399px (/specs/elanpubliclanding.spec:661)
  - "CTA2" css property "line-height" is "18px" but should be "16px" (/specs/elanpubliclanding.spec:663)
  - "help-component" height is 218px which is not in range of 238 to 242px (/specs/elanpubliclanding.spec:708)
  - "help-first-leaf" is 399px left instead of 0px (/specs/elanpubliclanding.spec:711)
  - "help-first-leaf" height is 46px which is not in range of 29 to 33px (/specs/elanpubliclanding.spec:712)
  - "help-last-leaf" is 398px left instead of 270px (/specs/elanpubliclanding.spec:717)
  - "help-last-leaf" is 23px below "help-first-leaf" instead of 30px (/specs/elanpubliclanding.spec:718)
  - "help-last-leaf" height is 40px which is not in range of 48 to 52px (/specs/elanpubliclanding.spec:719)
  - "help-last-leaf" css property "line-height" is "18px" but should be "16px" (/specs/elanpubliclanding.spec:721)
  - Cannot find locator for "footer-container" in page spec (/specs/elanpubliclanding.spec:735)
  - Cannot find locator for "footer-container" in page spec (/specs/elanpubliclanding.spec:736)
  - Cannot find locator for "footer-container" in page spec (/specs/elanpubliclanding.spec:737)
  - "footer-copy-right" is not visible on page (/specs/elanpubliclanding.spec:740)
  - Cannot find locator for "footer-container" in page spec (/specs/elanpubliclanding.spec:775)
  - "footer-copy-right" is not visible on page (/specs/elanpubliclanding.spec:776)
  - "footer-rtmenu-items-1" is 0px right which is not in range of 230 to 232px (/specs/elanpubliclanding.spec:780)
  - "footer-rtmenu-items-1" height is 34px which is not in range of 18 to 22px (/specs/elanpubliclanding.spec:781)
  - color #ffffff on "footer-rtmenu-items-1" is 0% instead of 5% (/specs/elanpubliclanding.spec:782)
  - "footer-rtmenu-items-1" height is 34px which is not in range of 18 to 22px (/specs/elanpubliclanding.spec:786)
  - "footer-rtmenu-items-2" height is 34px which is not in range of 18 to 22px (/specs/elanpubliclanding.spec:786)
  - "footer-rtmenu-items-2" is -939px right of "footer-rtmenu-items-1" which is not in range of 26 to 28px (/specs/elanpubliclanding.spec:790)
  - "footer-rtmenu-items-3" height is 34px which is not in range of 18 to 22px (/specs/elanpubliclanding.spec:786)
  - "footer-rtmenu-items-3" is -939px right of "footer-rtmenu-items-2" which is not in range of 26 to 28px (/specs/elanpubliclanding.spec:790)
  - "footer-rtmenu-items-4" height is 34px which is not in range of 18 to 22px (/specs/elanpubliclanding.spec:786)
  - "footer-rtmenu-items-4" is -939px right of "footer-rtmenu-items-3" which is not in range of 26 to 28px (/specs/elanpubliclanding.spec:790)
  - "footer-rtmenu-items-5" height is 34px which is not in range of 18 to 22px (/specs/elanpubliclanding.spec:786)
  - "footer-rtmenu-items-5" is -939px right of "footer-rtmenu-items-4" which is not in range of 26 to 28px (/specs/elanpubliclanding.spec:790)

	at com.galenframework.support.GalenJavaTestBase.checkLayout(GalenJavaTestBase.java:129)
	at com.galenframework.support.GalenJavaTestBase.checkLayout(GalenJavaTestBase.java:111)
	at com.galenframework.java.USB.tests.SecureLandingPage_creative_Verification.elanPublicLandingPage(SecureLandingPage_creative_Verification.java:48)
	at sun.reflect.NativeMethodAccessorImpl.invoke0(Native Method)
	at sun.reflect.NativeMethodAccessorImpl.invoke(NativeMethodAccessorImpl.java:62)
	at sun.reflect.DelegatingMethodAccessorImpl.invoke(DelegatingMethodAccessorImpl.java:43)
	at java.lang.reflect.Method.invoke(Method.java:498)
	at org.testng.internal.MethodInvocationHelper.invokeMethod(MethodInvocationHelper.java:80)
	at org.testng.internal.Invoker.invokeMethod(Invoker.java:715)
	at org.testng.internal.Invoker.invokeTestMethod(Invoker.java:907)
	at org.testng.internal.Invoker.invokeTestMethods(Invoker.java:1237)
	at org.testng.internal.TestMethodWorker.invokeTestMethods(TestMethodWorker.java:127)
	at org.testng.internal.TestMethodWorker.run(TestMethodWorker.java:111)
	at org.testng.TestRunner.privateRun(TestRunner.java:767)
	at org.testng.TestRunner.run(TestRunner.java:617)
	at org.testng.SuiteRunner.runTest(SuiteRunner.java:334)
	at org.testng.SuiteRunner.runSequentially(SuiteRunner.java:329)
	at org.testng.SuiteRunner.privateRun(SuiteRunner.java:291)
	at org.testng.SuiteRunner.run(SuiteRunner.java:240)
	at org.testng.SuiteRunnerWorker.runSuite(SuiteRunnerWorker.java:51)
	at org.testng.SuiteRunnerWorker.run(SuiteRunnerWorker.java:85)
	at org.testng.TestNG.runSuitesSequentially(TestNG.java:1197)
	at org.testng.TestNG.runSuitesLocally(TestNG.java:1122)
	at org.testng.TestNG.run(TestNG.java:1030)
	at org.testng.remote.AbstractRemoteTestNG.run(AbstractRemoteTestNG.java:132)
	at org.testng.remote.RemoteTestNG.initAndRun(RemoteTestNG.java:230)
	at org.testng.remote.RemoteTestNG.main(RemoteTestNG.java:76)
]]>
    </failure>
  </testcase> <!-- elanPublicLandingPage -->
  <testcase name="elanPublicLandingPage" time="54.044" classname="com.galenframework.java.USB.tests.SecureLandingPage_creative_Verification">
    <failure type="com.galenframework.support.LayoutValidationException" message="/specs/elanpubliclanding.spec, tags: [Desktop]
  - &quot;header-container&quot; height is 130px which is not in range of 188 to 192px (/specs/elanpubliclanding.spec:44)
  - color #e03e4b on &quot;header-container&quot; is 0% but it should be greater than 90% (/specs/elanpubliclanding.spec:45)
  - &quot;left-menu-head&quot; is 89px left instead of 0px (/specs/elanpubliclanding.spec:48)
  - &quot;logo-img&quot; is absent on page (/specs/elanpubliclanding.spec:51)
  - &quot;logo-img&quot; is absent on page (/specs/elanpubliclanding.spec:52)
  - &quot;for-developers&quot; is 102px left instead of 208px (/specs/elanpubliclanding.spec:55)
  - &quot;logo-img&quot; is absent on page (/specs/elanpubliclanding.spec:56)
  - &quot;for-developers&quot; height is 25px which is not in range of 19 to 23px (/specs/elanpubliclanding.spec:57)
  - &quot;right-menuhead-items-1&quot; is 170px right of &quot;for-developers&quot; instead of 413px (/specs/elanpubliclanding.spec:99)
  - &quot;right-menuhead-items-1&quot; height is 25px which is not in range of 19 to 23px (/specs/elanpubliclanding.spec:103)
  - &quot;right-menuhead-items-2&quot; height is 25px which is not in range of 19 to 23px (/specs/elanpubliclanding.spec:103)
  - &quot;right-menuhead-items-2&quot; is 4px right of &quot;right-menuhead-items-1&quot; which is not in range of 52 to 54px (/specs/elanpubliclanding.spec:107)
  - &quot;right-menuhead-items-3&quot; height is 25px which is not in range of 19 to 23px (/specs/elanpubliclanding.spec:103)
  - &quot;right-menuhead-items-3&quot; is 3px right of &quot;right-menuhead-items-2&quot; which is not in range of 52 to 54px (/specs/elanpubliclanding.spec:107)
  - &quot;right-menuhead-items-4&quot; height is 25px which is not in range of 19 to 23px (/specs/elanpubliclanding.spec:103)
  - &quot;right-menuhead-items-4&quot; is 3px right of &quot;right-menuhead-items-3&quot; which is not in range of 52 to 54px (/specs/elanpubliclanding.spec:107)
  - &quot;right-menuhead-items-5&quot; height is 25px which is not in range of 19 to 23px (/specs/elanpubliclanding.spec:103)
  - &quot;right-menuhead-items-5&quot; is 3px right of &quot;right-menuhead-items-4&quot; which is not in range of 52 to 54px (/specs/elanpubliclanding.spec:107)
  - &quot;hero-banner&quot; is 274px top instead of 0px (/specs/elanpubliclanding.spec:151)
  - color #e03e4b on &quot;hero-banner&quot; is 0% but it should be greater than 90% (/specs/elanpubliclanding.spec:152)
  - &quot;hero-head&quot; is 89px left instead of 72px, is -90px top instead of 212px (/specs/elanpubliclanding.spec:155)
  - &quot;hero-head&quot; css property &quot;line-height&quot; is &quot;60px&quot; but should be &quot;58px&quot; (/specs/elanpubliclanding.spec:158)
  - &quot;hero-para&quot; is 89px left instead of 72px, is -30px top instead of 270px (/specs/elanpubliclanding.spec:161)
  - &quot;hero-para&quot; css property &quot;line-height&quot; is &quot;60px&quot; but should be &quot;58px&quot; (/specs/elanpubliclanding.spec:165)
  - &quot;hero-cta1&quot; is 352px left instead of 75px, is 98px top instead of 432px (/specs/elanpubliclanding.spec:168)
  - &quot;hero-cta1&quot; is 68px below &quot;hero-para&quot; instead of 104px (/specs/elanpubliclanding.spec:169)
  - &quot;hero-cta1&quot; css property &quot;font-size&quot; is &quot;14px&quot; but should be &quot;16px&quot; (/specs/elanpubliclanding.spec:171)
  - &quot;hero-cta1&quot; css property &quot;line-height&quot; is &quot;20px&quot; but should be &quot;18px&quot; (/specs/elanpubliclanding.spec:172)
  - &quot;Highlight1&quot; height is 107px which is not in range of 81 to 87px (/specs/elanpubliclanding.spec:229)
  - &quot;Highlight1&quot; is 180px left which is not in range of 181 to 185px (/specs/elanpubliclanding.spec:230)
  - &quot;Highlight2&quot; height is 65px which is not in range of 98 to 104px (/specs/elanpubliclanding.spec:234)
  - &quot;Highlight2&quot; is 428px left which is not in range of 490 to 494px (/specs/elanpubliclanding.spec:235)
  - &quot;Highlight2&quot; is 183px right of &quot;Highlight1&quot; which is not in range of 242 to 246px (/specs/elanpubliclanding.spec:236)
  - &quot;Highlight3&quot; width is 65px which is not in range of 78 to 86px (/specs/elanpubliclanding.spec:240)
  - &quot;Highlight3&quot; height is 65px which is not in range of 78 to 86px (/specs/elanpubliclanding.spec:241)
  - &quot;Highlight3&quot; is 676px left which is not in range of 785 to 789px (/specs/elanpubliclanding.spec:242)
  - &quot;Highlight3&quot; is 183px right of &quot;Highlight2&quot; which is not in range of 231 to 235px (/specs/elanpubliclanding.spec:243)
  - &quot;Highlight4&quot; width is 65px which is not in range of 78 to 86px (/specs/elanpubliclanding.spec:247)
  - &quot;Highlight4&quot; height is 65px which is not in range of 78 to 86px (/specs/elanpubliclanding.spec:248)
  - &quot;Highlight4&quot; is 924px left which is not in range of 1091 to 1095px (/specs/elanpubliclanding.spec:249)
  - &quot;Highlight4&quot; is 183px right of &quot;Highlight3&quot; which is not in range of 222 to 226px (/specs/elanpubliclanding.spec:250)
  - &quot;HighlightTitle1&quot; width is 178px which is not in range of 169 to 175px (/specs/elanpubliclanding.spec:253)
  - &quot;HighlightTitle1&quot; css property &quot;line-height&quot; is &quot;27px&quot; but should be &quot;26px&quot; (/specs/elanpubliclanding.spec:256)
  - &quot;HighlightTitle1&quot; is 124px left which is not in range of 128 to 132px (/specs/elanpubliclanding.spec:257)
  - &quot;HighlightTitle1&quot; is 11px below &quot;Highlight1&quot; which is not in range of 34 to 38px (/specs/elanpubliclanding.spec:258)
  - &quot;HighlightTitle2&quot; width is 178px which is not in range of 186 to 192px (/specs/elanpubliclanding.spec:262)
  - &quot;HighlightTitle2&quot; height is 54px which is not in range of 23 to 29px (/specs/elanpubliclanding.spec:263)
  - &quot;HighlightTitle2&quot; css property &quot;line-height&quot; is &quot;27px&quot; but should be &quot;26px&quot; (/specs/elanpubliclanding.spec:265)
  - &quot;HighlightTitle2&quot; is 372px left which is not in range of 425 to 429px (/specs/elanpubliclanding.spec:266)
  - &quot;HighlightTitle2&quot; is 53px below &quot;Highlight2&quot; which is not in range of 19 to 25px (/specs/elanpubliclanding.spec:267)
  - &quot;HighlightTitle2&quot; is 70px right of &quot;HighlightTitle1&quot; which is not in range of 122 to 126px (/specs/elanpubliclanding.spec:268)
  - &quot;HighlightTitle3&quot; width is 178px which is not in range of 282 to 289px (/specs/elanpubliclanding.spec:270)
  - &quot;HighlightTitle3&quot; css property &quot;line-height&quot; is &quot;27px&quot; but should be &quot;26px&quot; (/specs/elanpubliclanding.spec:273)
  - &quot;HighlightTitle3&quot; is 620px left which is not in range of 682 to 686px (/specs/elanpubliclanding.spec:274)
  - &quot;HighlightTitle3&quot; is 53px below &quot;Highlight3&quot; which is not in range of 35 to 39px (/specs/elanpubliclanding.spec:275)
  - &quot;HighlightTitle3&quot; is 70px right of &quot;HighlightTitle2&quot; which is not in range of 65 to 69px (/specs/elanpubliclanding.spec:276)
  - &quot;HighlightTitle4&quot; width is 178px which is not in range of 234 to 242px (/specs/elanpubliclanding.spec:278)
  - &quot;HighlightTitle4&quot; height is 54px which is not in range of 23 to 29px (/specs/elanpubliclanding.spec:279)
  - &quot;HighlightTitle4&quot; css property &quot;line-height&quot; is &quot;27px&quot; but should be &quot;26px&quot; (/specs/elanpubliclanding.spec:281)
  - &quot;HighlightTitle4&quot; is 868px left which is not in range of 1011 to 1015px (/specs/elanpubliclanding.spec:282)
  - &quot;HighlightTitle4&quot; is 53px below &quot;Highlight4&quot; which is not in range of 35 to 39px (/specs/elanpubliclanding.spec:283)
  - &quot;HighlightTitle4&quot; is 70px right of &quot;HighlightTitle3&quot; which is not in range of 42 to 46px (/specs/elanpubliclanding.spec:284)
  - &quot;HighligtSumary1&quot; width is 178px which is not in range of 227 to 235px (/specs/elanpubliclanding.spec:287)
  - &quot;HighligtSumary1&quot; is 124px left which is not in range of 98 to 102px (/specs/elanpubliclanding.spec:291)
  - &quot;HighligtSumary2&quot; width is 178px which is not in range of 208 to 215px (/specs/elanpubliclanding.spec:296)
  - &quot;HighligtSumary2&quot; height is 72px which is not in range of 33 to 39px (/specs/elanpubliclanding.spec:297)
  - &quot;HighligtSumary2&quot; is 372px left which is not in range of 411 to 415px (/specs/elanpubliclanding.spec:300)
  - &quot;HighligtSumary2&quot; is 70px right of &quot;HighligtSumary1&quot; which is not in range of 80 to 84px (/specs/elanpubliclanding.spec:302)
  - &quot;HighligtSumary3&quot; width is 178px which is not in range of 214 to 222px (/specs/elanpubliclanding.spec:305)
  - &quot;HighligtSumary3&quot; is 620px left which is not in range of 715 to 719px (/specs/elanpubliclanding.spec:309)
  - &quot;HighligtSumary3&quot; is 70px right of &quot;HighligtSumary2&quot; which is not in range of 90 to 94px (/specs/elanpubliclanding.spec:311)
  - &quot;HighligtSumary4&quot; width is 178px which is not in range of 196 to 204px (/specs/elanpubliclanding.spec:314)
  - &quot;HighligtSumary4&quot; height is 72px which is not in range of 51 to 57px (/specs/elanpubliclanding.spec:315)
  - &quot;HighligtSumary4&quot; is 868px left which is not in range of 1031 to 1035px (/specs/elanpubliclanding.spec:318)
  - &quot;HighligtSumary4&quot; is 41px below &quot;HighlightTitle3&quot; which is not in range of 14 to 19px (/specs/elanpubliclanding.spec:319)
  - &quot;HighligtSumary4&quot; is 70px right of &quot;HighligtSumary3&quot; which is not in range of 95 to 99px (/specs/elanpubliclanding.spec:320)
  - &quot;ToolsDoc&quot; width is 992px which is not in range of 373 to 381px (/specs/elanpubliclanding.spec:521)
  - &quot;ToolsDoc&quot; is 89px left which is not in range of 484 to 488px (/specs/elanpubliclanding.spec:525)
  - &quot;ToolSumry&quot; width is 407px which is not in range of 373 to 381px (/specs/elanpubliclanding.spec:529)
  - &quot;ToolSumry&quot; height is 72px which is not in range of 87 to 93px (/specs/elanpubliclanding.spec:530)
  - &quot;ToolSumry&quot; is 381px left which is not in range of 484 to 488px (/specs/elanpubliclanding.spec:533)
  - &quot;Tooltext&quot; width is 446px which is not in range of 373 to 381px (/specs/elanpubliclanding.spec:537)
  - &quot;Tooltext&quot; css property &quot;line-height&quot; is &quot;15px&quot; but should be &quot;14px&quot; (/specs/elanpubliclanding.spec:540)
  - &quot;Tooltext&quot; is 361px left which is not in range of 484 to 488px (/specs/elanpubliclanding.spec:541)
  - &quot;Tooltext&quot; is 25px below &quot;ToolSumry&quot; which is not in range of 27 to 31px (/specs/elanpubliclanding.spec:542)
  - &quot;CodeSnippet&quot; width is 650px which is not in range of 584 to 592px (/specs/elanpubliclanding.spec:545)
  - &quot;CodeSnippet&quot; height is 300px which is not in range of 313 to 320px (/specs/elanpubliclanding.spec:546)
  - &quot;CodeSnippet&quot; is 260px left which is not in range of 379 to 383px (/specs/elanpubliclanding.spec:547)
  - &quot;CTA1&quot; is 354px left which is not in range of 444 to 448px (/specs/elanpubliclanding.spec:554)
  - &quot;CTA1&quot; css property &quot;line-height&quot; is &quot;18px&quot; but should be &quot;16px&quot; (/specs/elanpubliclanding.spec:556)
  - &quot;CTA1&quot; is 18px below &quot;CodeSnippet&quot; which is not in range of 26 to 30px (/specs/elanpubliclanding.spec:557)
  - &quot;CTA2&quot; is 597px left which is not in range of 684 to 688px (/specs/elanpubliclanding.spec:562)
  - &quot;CTA2&quot; css property &quot;line-height&quot; is &quot;18px&quot; but should be &quot;16px&quot; (/specs/elanpubliclanding.spec:564)
  - &quot;CTA2&quot; is 18px below &quot;CodeSnippet&quot; which is not in range of 26 to 30px (/specs/elanpubliclanding.spec:565)
  - &quot;help-component&quot; height is 228px which is not in range of 238 to 242px (/specs/elanpubliclanding.spec:671)
  - &quot;help-first-leaf&quot; is 509px left instead of 486px (/specs/elanpubliclanding.spec:674)
  - &quot;help-first-leaf&quot; height is 46px which is not in range of 29 to 33px (/specs/elanpubliclanding.spec:675)
  - &quot;help-last-leaf&quot; is 478px left instead of 566px (/specs/elanpubliclanding.spec:680)
  - &quot;help-last-leaf&quot; css property &quot;line-height&quot; is &quot;18px&quot; but should be &quot;16px&quot; (/specs/elanpubliclanding.spec:684)
  - Cannot find locator for &quot;footer-container&quot; in page spec (/specs/elanpubliclanding.spec:726)
  - Cannot find locator for &quot;footer-container&quot; in page spec (/specs/elanpubliclanding.spec:727)
  - Cannot find locator for &quot;footer-container&quot; in page spec (/specs/elanpubliclanding.spec:728)
  - Cannot find locator for &quot;footer-container&quot; in page spec (/specs/elanpubliclanding.spec:731)
  - Cannot find locator for &quot;footer-container&quot; in page spec (/specs/elanpubliclanding.spec:756)
  - &quot;footer-rtmenu-items-1&quot; is 487px right which is not in range of 301 to 303px (/specs/elanpubliclanding.spec:761)
  - &quot;footer-rtmenu-items-1&quot; height is 43px which is not in range of 18 to 22px (/specs/elanpubliclanding.spec:762)
  - color #ffffff on &quot;footer-rtmenu-items-1&quot; is 0% instead of 5% (/specs/elanpubliclanding.spec:763)
  - &quot;footer-rtmenu-items-1&quot; height is 43px which is not in range of 18 to 22px (/specs/elanpubliclanding.spec:767)
  - &quot;footer-rtmenu-items-2&quot; height is 43px which is not in range of 18 to 22px (/specs/elanpubliclanding.spec:767)
  - &quot;footer-rtmenu-items-2&quot; is 12px right of &quot;footer-rtmenu-items-1&quot; which is not in range of 39 to 40px (/specs/elanpubliclanding.spec:771)
  - &quot;footer-rtmenu-items-3&quot; height is 43px which is not in range of 18 to 22px (/specs/elanpubliclanding.spec:767)
  - &quot;footer-rtmenu-items-3&quot; is 11px right of &quot;footer-rtmenu-items-2&quot; which is not in range of 39 to 40px (/specs/elanpubliclanding.spec:771)
  - &quot;footer-rtmenu-items-4&quot; height is 43px which is not in range of 18 to 22px (/specs/elanpubliclanding.spec:767)
  - &quot;footer-rtmenu-items-4&quot; is 12px right of &quot;footer-rtmenu-items-3&quot; which is not in range of 39 to 40px (/specs/elanpubliclanding.spec:771)
  - &quot;footer-rtmenu-items-5&quot; height is 43px which is not in range of 18 to 22px (/specs/elanpubliclanding.spec:767)
  - &quot;footer-rtmenu-items-5&quot; is 12px right of &quot;footer-rtmenu-items-4&quot; which is not in range of 39 to 40px (/specs/elanpubliclanding.spec:771)
">
      <![CDATA[com.galenframework.support.LayoutValidationException: /specs/elanpubliclanding.spec, tags: [Desktop]
  - "header-container" height is 130px which is not in range of 188 to 192px (/specs/elanpubliclanding.spec:44)
  - color #e03e4b on "header-container" is 0% but it should be greater than 90% (/specs/elanpubliclanding.spec:45)
  - "left-menu-head" is 89px left instead of 0px (/specs/elanpubliclanding.spec:48)
  - "logo-img" is absent on page (/specs/elanpubliclanding.spec:51)
  - "logo-img" is absent on page (/specs/elanpubliclanding.spec:52)
  - "for-developers" is 102px left instead of 208px (/specs/elanpubliclanding.spec:55)
  - "logo-img" is absent on page (/specs/elanpubliclanding.spec:56)
  - "for-developers" height is 25px which is not in range of 19 to 23px (/specs/elanpubliclanding.spec:57)
  - "right-menuhead-items-1" is 170px right of "for-developers" instead of 413px (/specs/elanpubliclanding.spec:99)
  - "right-menuhead-items-1" height is 25px which is not in range of 19 to 23px (/specs/elanpubliclanding.spec:103)
  - "right-menuhead-items-2" height is 25px which is not in range of 19 to 23px (/specs/elanpubliclanding.spec:103)
  - "right-menuhead-items-2" is 4px right of "right-menuhead-items-1" which is not in range of 52 to 54px (/specs/elanpubliclanding.spec:107)
  - "right-menuhead-items-3" height is 25px which is not in range of 19 to 23px (/specs/elanpubliclanding.spec:103)
  - "right-menuhead-items-3" is 3px right of "right-menuhead-items-2" which is not in range of 52 to 54px (/specs/elanpubliclanding.spec:107)
  - "right-menuhead-items-4" height is 25px which is not in range of 19 to 23px (/specs/elanpubliclanding.spec:103)
  - "right-menuhead-items-4" is 3px right of "right-menuhead-items-3" which is not in range of 52 to 54px (/specs/elanpubliclanding.spec:107)
  - "right-menuhead-items-5" height is 25px which is not in range of 19 to 23px (/specs/elanpubliclanding.spec:103)
  - "right-menuhead-items-5" is 3px right of "right-menuhead-items-4" which is not in range of 52 to 54px (/specs/elanpubliclanding.spec:107)
  - "hero-banner" is 274px top instead of 0px (/specs/elanpubliclanding.spec:151)
  - color #e03e4b on "hero-banner" is 0% but it should be greater than 90% (/specs/elanpubliclanding.spec:152)
  - "hero-head" is 89px left instead of 72px, is -90px top instead of 212px (/specs/elanpubliclanding.spec:155)
  - "hero-head" css property "line-height" is "60px" but should be "58px" (/specs/elanpubliclanding.spec:158)
  - "hero-para" is 89px left instead of 72px, is -30px top instead of 270px (/specs/elanpubliclanding.spec:161)
  - "hero-para" css property "line-height" is "60px" but should be "58px" (/specs/elanpubliclanding.spec:165)
  - "hero-cta1" is 352px left instead of 75px, is 98px top instead of 432px (/specs/elanpubliclanding.spec:168)
  - "hero-cta1" is 68px below "hero-para" instead of 104px (/specs/elanpubliclanding.spec:169)
  - "hero-cta1" css property "font-size" is "14px" but should be "16px" (/specs/elanpubliclanding.spec:171)
  - "hero-cta1" css property "line-height" is "20px" but should be "18px" (/specs/elanpubliclanding.spec:172)
  - "Highlight1" height is 107px which is not in range of 81 to 87px (/specs/elanpubliclanding.spec:229)
  - "Highlight1" is 180px left which is not in range of 181 to 185px (/specs/elanpubliclanding.spec:230)
  - "Highlight2" height is 65px which is not in range of 98 to 104px (/specs/elanpubliclanding.spec:234)
  - "Highlight2" is 428px left which is not in range of 490 to 494px (/specs/elanpubliclanding.spec:235)
  - "Highlight2" is 183px right of "Highlight1" which is not in range of 242 to 246px (/specs/elanpubliclanding.spec:236)
  - "Highlight3" width is 65px which is not in range of 78 to 86px (/specs/elanpubliclanding.spec:240)
  - "Highlight3" height is 65px which is not in range of 78 to 86px (/specs/elanpubliclanding.spec:241)
  - "Highlight3" is 676px left which is not in range of 785 to 789px (/specs/elanpubliclanding.spec:242)
  - "Highlight3" is 183px right of "Highlight2" which is not in range of 231 to 235px (/specs/elanpubliclanding.spec:243)
  - "Highlight4" width is 65px which is not in range of 78 to 86px (/specs/elanpubliclanding.spec:247)
  - "Highlight4" height is 65px which is not in range of 78 to 86px (/specs/elanpubliclanding.spec:248)
  - "Highlight4" is 924px left which is not in range of 1091 to 1095px (/specs/elanpubliclanding.spec:249)
  - "Highlight4" is 183px right of "Highlight3" which is not in range of 222 to 226px (/specs/elanpubliclanding.spec:250)
  - "HighlightTitle1" width is 178px which is not in range of 169 to 175px (/specs/elanpubliclanding.spec:253)
  - "HighlightTitle1" css property "line-height" is "27px" but should be "26px" (/specs/elanpubliclanding.spec:256)
  - "HighlightTitle1" is 124px left which is not in range of 128 to 132px (/specs/elanpubliclanding.spec:257)
  - "HighlightTitle1" is 11px below "Highlight1" which is not in range of 34 to 38px (/specs/elanpubliclanding.spec:258)
  - "HighlightTitle2" width is 178px which is not in range of 186 to 192px (/specs/elanpubliclanding.spec:262)
  - "HighlightTitle2" height is 54px which is not in range of 23 to 29px (/specs/elanpubliclanding.spec:263)
  - "HighlightTitle2" css property "line-height" is "27px" but should be "26px" (/specs/elanpubliclanding.spec:265)
  - "HighlightTitle2" is 372px left which is not in range of 425 to 429px (/specs/elanpubliclanding.spec:266)
  - "HighlightTitle2" is 53px below "Highlight2" which is not in range of 19 to 25px (/specs/elanpubliclanding.spec:267)
  - "HighlightTitle2" is 70px right of "HighlightTitle1" which is not in range of 122 to 126px (/specs/elanpubliclanding.spec:268)
  - "HighlightTitle3" width is 178px which is not in range of 282 to 289px (/specs/elanpubliclanding.spec:270)
  - "HighlightTitle3" css property "line-height" is "27px" but should be "26px" (/specs/elanpubliclanding.spec:273)
  - "HighlightTitle3" is 620px left which is not in range of 682 to 686px (/specs/elanpubliclanding.spec:274)
  - "HighlightTitle3" is 53px below "Highlight3" which is not in range of 35 to 39px (/specs/elanpubliclanding.spec:275)
  - "HighlightTitle3" is 70px right of "HighlightTitle2" which is not in range of 65 to 69px (/specs/elanpubliclanding.spec:276)
  - "HighlightTitle4" width is 178px which is not in range of 234 to 242px (/specs/elanpubliclanding.spec:278)
  - "HighlightTitle4" height is 54px which is not in range of 23 to 29px (/specs/elanpubliclanding.spec:279)
  - "HighlightTitle4" css property "line-height" is "27px" but should be "26px" (/specs/elanpubliclanding.spec:281)
  - "HighlightTitle4" is 868px left which is not in range of 1011 to 1015px (/specs/elanpubliclanding.spec:282)
  - "HighlightTitle4" is 53px below "Highlight4" which is not in range of 35 to 39px (/specs/elanpubliclanding.spec:283)
  - "HighlightTitle4" is 70px right of "HighlightTitle3" which is not in range of 42 to 46px (/specs/elanpubliclanding.spec:284)
  - "HighligtSumary1" width is 178px which is not in range of 227 to 235px (/specs/elanpubliclanding.spec:287)
  - "HighligtSumary1" is 124px left which is not in range of 98 to 102px (/specs/elanpubliclanding.spec:291)
  - "HighligtSumary2" width is 178px which is not in range of 208 to 215px (/specs/elanpubliclanding.spec:296)
  - "HighligtSumary2" height is 72px which is not in range of 33 to 39px (/specs/elanpubliclanding.spec:297)
  - "HighligtSumary2" is 372px left which is not in range of 411 to 415px (/specs/elanpubliclanding.spec:300)
  - "HighligtSumary2" is 70px right of "HighligtSumary1" which is not in range of 80 to 84px (/specs/elanpubliclanding.spec:302)
  - "HighligtSumary3" width is 178px which is not in range of 214 to 222px (/specs/elanpubliclanding.spec:305)
  - "HighligtSumary3" is 620px left which is not in range of 715 to 719px (/specs/elanpubliclanding.spec:309)
  - "HighligtSumary3" is 70px right of "HighligtSumary2" which is not in range of 90 to 94px (/specs/elanpubliclanding.spec:311)
  - "HighligtSumary4" width is 178px which is not in range of 196 to 204px (/specs/elanpubliclanding.spec:314)
  - "HighligtSumary4" height is 72px which is not in range of 51 to 57px (/specs/elanpubliclanding.spec:315)
  - "HighligtSumary4" is 868px left which is not in range of 1031 to 1035px (/specs/elanpubliclanding.spec:318)
  - "HighligtSumary4" is 41px below "HighlightTitle3" which is not in range of 14 to 19px (/specs/elanpubliclanding.spec:319)
  - "HighligtSumary4" is 70px right of "HighligtSumary3" which is not in range of 95 to 99px (/specs/elanpubliclanding.spec:320)
  - "ToolsDoc" width is 992px which is not in range of 373 to 381px (/specs/elanpubliclanding.spec:521)
  - "ToolsDoc" is 89px left which is not in range of 484 to 488px (/specs/elanpubliclanding.spec:525)
  - "ToolSumry" width is 407px which is not in range of 373 to 381px (/specs/elanpubliclanding.spec:529)
  - "ToolSumry" height is 72px which is not in range of 87 to 93px (/specs/elanpubliclanding.spec:530)
  - "ToolSumry" is 381px left which is not in range of 484 to 488px (/specs/elanpubliclanding.spec:533)
  - "Tooltext" width is 446px which is not in range of 373 to 381px (/specs/elanpubliclanding.spec:537)
  - "Tooltext" css property "line-height" is "15px" but should be "14px" (/specs/elanpubliclanding.spec:540)
  - "Tooltext" is 361px left which is not in range of 484 to 488px (/specs/elanpubliclanding.spec:541)
  - "Tooltext" is 25px below "ToolSumry" which is not in range of 27 to 31px (/specs/elanpubliclanding.spec:542)
  - "CodeSnippet" width is 650px which is not in range of 584 to 592px (/specs/elanpubliclanding.spec:545)
  - "CodeSnippet" height is 300px which is not in range of 313 to 320px (/specs/elanpubliclanding.spec:546)
  - "CodeSnippet" is 260px left which is not in range of 379 to 383px (/specs/elanpubliclanding.spec:547)
  - "CTA1" is 354px left which is not in range of 444 to 448px (/specs/elanpubliclanding.spec:554)
  - "CTA1" css property "line-height" is "18px" but should be "16px" (/specs/elanpubliclanding.spec:556)
  - "CTA1" is 18px below "CodeSnippet" which is not in range of 26 to 30px (/specs/elanpubliclanding.spec:557)
  - "CTA2" is 597px left which is not in range of 684 to 688px (/specs/elanpubliclanding.spec:562)
  - "CTA2" css property "line-height" is "18px" but should be "16px" (/specs/elanpubliclanding.spec:564)
  - "CTA2" is 18px below "CodeSnippet" which is not in range of 26 to 30px (/specs/elanpubliclanding.spec:565)
  - "help-component" height is 228px which is not in range of 238 to 242px (/specs/elanpubliclanding.spec:671)
  - "help-first-leaf" is 509px left instead of 486px (/specs/elanpubliclanding.spec:674)
  - "help-first-leaf" height is 46px which is not in range of 29 to 33px (/specs/elanpubliclanding.spec:675)
  - "help-last-leaf" is 478px left instead of 566px (/specs/elanpubliclanding.spec:680)
  - "help-last-leaf" css property "line-height" is "18px" but should be "16px" (/specs/elanpubliclanding.spec:684)
  - Cannot find locator for "footer-container" in page spec (/specs/elanpubliclanding.spec:726)
  - Cannot find locator for "footer-container" in page spec (/specs/elanpubliclanding.spec:727)
  - Cannot find locator for "footer-container" in page spec (/specs/elanpubliclanding.spec:728)
  - Cannot find locator for "footer-container" in page spec (/specs/elanpubliclanding.spec:731)
  - Cannot find locator for "footer-container" in page spec (/specs/elanpubliclanding.spec:756)
  - "footer-rtmenu-items-1" is 487px right which is not in range of 301 to 303px (/specs/elanpubliclanding.spec:761)
  - "footer-rtmenu-items-1" height is 43px which is not in range of 18 to 22px (/specs/elanpubliclanding.spec:762)
  - color #ffffff on "footer-rtmenu-items-1" is 0% instead of 5% (/specs/elanpubliclanding.spec:763)
  - "footer-rtmenu-items-1" height is 43px which is not in range of 18 to 22px (/specs/elanpubliclanding.spec:767)
  - "footer-rtmenu-items-2" height is 43px which is not in range of 18 to 22px (/specs/elanpubliclanding.spec:767)
  - "footer-rtmenu-items-2" is 12px right of "footer-rtmenu-items-1" which is not in range of 39 to 40px (/specs/elanpubliclanding.spec:771)
  - "footer-rtmenu-items-3" height is 43px which is not in range of 18 to 22px (/specs/elanpubliclanding.spec:767)
  - "footer-rtmenu-items-3" is 11px right of "footer-rtmenu-items-2" which is not in range of 39 to 40px (/specs/elanpubliclanding.spec:771)
  - "footer-rtmenu-items-4" height is 43px which is not in range of 18 to 22px (/specs/elanpubliclanding.spec:767)
  - "footer-rtmenu-items-4" is 12px right of "footer-rtmenu-items-3" which is not in range of 39 to 40px (/specs/elanpubliclanding.spec:771)
  - "footer-rtmenu-items-5" height is 43px which is not in range of 18 to 22px (/specs/elanpubliclanding.spec:767)
  - "footer-rtmenu-items-5" is 12px right of "footer-rtmenu-items-4" which is not in range of 39 to 40px (/specs/elanpubliclanding.spec:771)

	at com.galenframework.support.GalenJavaTestBase.checkLayout(GalenJavaTestBase.java:129)
	at com.galenframework.support.GalenJavaTestBase.checkLayout(GalenJavaTestBase.java:111)
	at com.galenframework.java.USB.tests.SecureLandingPage_creative_Verification.elanPublicLandingPage(SecureLandingPage_creative_Verification.java:48)
	at sun.reflect.NativeMethodAccessorImpl.invoke0(Native Method)
	at sun.reflect.NativeMethodAccessorImpl.invoke(NativeMethodAccessorImpl.java:62)
	at sun.reflect.DelegatingMethodAccessorImpl.invoke(DelegatingMethodAccessorImpl.java:43)
	at java.lang.reflect.Method.invoke(Method.java:498)
	at org.testng.internal.MethodInvocationHelper.invokeMethod(MethodInvocationHelper.java:80)
	at org.testng.internal.Invoker.invokeMethod(Invoker.java:715)
	at org.testng.internal.Invoker.invokeTestMethod(Invoker.java:907)
	at org.testng.internal.Invoker.invokeTestMethods(Invoker.java:1237)
	at org.testng.internal.TestMethodWorker.invokeTestMethods(TestMethodWorker.java:127)
	at org.testng.internal.TestMethodWorker.run(TestMethodWorker.java:111)
	at org.testng.TestRunner.privateRun(TestRunner.java:767)
	at org.testng.TestRunner.run(TestRunner.java:617)
	at org.testng.SuiteRunner.runTest(SuiteRunner.java:334)
	at org.testng.SuiteRunner.runSequentially(SuiteRunner.java:329)
	at org.testng.SuiteRunner.privateRun(SuiteRunner.java:291)
	at org.testng.SuiteRunner.run(SuiteRunner.java:240)
	at org.testng.SuiteRunnerWorker.runSuite(SuiteRunnerWorker.java:51)
	at org.testng.SuiteRunnerWorker.run(SuiteRunnerWorker.java:85)
	at org.testng.TestNG.runSuitesSequentially(TestNG.java:1197)
	at org.testng.TestNG.runSuitesLocally(TestNG.java:1122)
	at org.testng.TestNG.run(TestNG.java:1030)
	at org.testng.remote.AbstractRemoteTestNG.run(AbstractRemoteTestNG.java:132)
	at org.testng.remote.RemoteTestNG.initAndRun(RemoteTestNG.java:230)
	at org.testng.remote.RemoteTestNG.main(RemoteTestNG.java:76)
]]>
    </failure>
  </testcase> <!-- elanPublicLandingPage -->
  <testcase name="superPublicLandingPage" time="330.347" classname="com.galenframework.java.USB.tests.SecureLandingPage_creative_Verification">
    <failure type="com.galenframework.support.LayoutValidationException" message="/specs/superpubliclanding.spec, tags: [Mobile]
  - &quot;header-container&quot; height is 61px which is not in range of 605 to 609px (/specs/superpubliclanding.spec:84)
  - color #e03e4b on &quot;header-container&quot; is 0% but it should be greater than 90% (/specs/superpubliclanding.spec:85)
  - &quot;left-menu-head&quot; is absent on page (/specs/superpubliclanding.spec:88)
  - &quot;left-menu-head&quot; is absent on page (/specs/superpubliclanding.spec:91)
  - &quot;logo-img&quot; height is 38px which is not in range of 29 to 33px (/specs/superpubliclanding.spec:92)
  - &quot;right-menu-head&quot; is absent on page (/specs/superpubliclanding.spec:135)
  - Cannot find locator for &quot;right-menuhead-items-1&quot; in page spec (/specs/superpubliclanding.spec:139)
  - Cannot find locator for &quot;right-menuhead-items-1&quot; in page spec (/specs/superpubliclanding.spec:140)
  - &quot;hero-banner&quot; is 61px top instead of 0px (/specs/superpubliclanding.spec:205)
  - color #e03e4b on &quot;hero-banner&quot; is 0% but it should be greater than 90% (/specs/superpubliclanding.spec:206)
  - &quot;hero-head&quot; is absent on page (/specs/superpubliclanding.spec:209)
  - &quot;hero-head&quot; is absent on page (/specs/superpubliclanding.spec:210)
  - &quot;hero-head&quot; is absent on page (/specs/superpubliclanding.spec:211)
  - &quot;hero-head&quot; is absent on page (/specs/superpubliclanding.spec:212)
  - &quot;hero-para&quot; is absent on page (/specs/superpubliclanding.spec:215)
  - &quot;hero-para&quot; is absent on page (/specs/superpubliclanding.spec:216)
  - &quot;hero-para&quot; is absent on page (/specs/superpubliclanding.spec:217)
  - &quot;hero-para&quot; is absent on page (/specs/superpubliclanding.spec:218)
  - &quot;hero-para&quot; is absent on page (/specs/superpubliclanding.spec:219)
  - &quot;hero-cta1&quot; is 368px left instead of 46px, is 328px top instead of 263px (/specs/superpubliclanding.spec:222)
  - &quot;hero-para&quot; is absent on page (/specs/superpubliclanding.spec:223)
  - &quot;hero-cta1&quot; height is 100px which is not in range of 38 to 42px (/specs/superpubliclanding.spec:224)
  - &quot;hero-cta1&quot; css property &quot;line-height&quot; is &quot;20px&quot; but should be &quot;16px&quot; (/specs/superpubliclanding.spec:226)
  - &quot;Highlight1&quot; height is 108px which is not in range of 81 to 87px (/specs/superpubliclanding.spec:329)
  - &quot;Highlight1&quot; is 240px left which is not in range of 153 to 157px (/specs/superpubliclanding.spec:330)
  - &quot;Highlight2&quot; height is 65px which is not in range of 98 to 104px (/specs/superpubliclanding.spec:334)
  - &quot;Highlight2&quot; is 240px left which is not in range of 154 to 158px (/specs/superpubliclanding.spec:335)
  - &quot;Highlight2&quot; is 121px below &quot;Highlight1&quot; which is not in range of 183 to 187px (/specs/superpubliclanding.spec:336)
  - &quot;Highlight3&quot; width is 65px which is not in range of 80 to 86px (/specs/superpubliclanding.spec:340)
  - &quot;Highlight3&quot; height is 65px which is not in range of 80 to 86px (/specs/superpubliclanding.spec:341)
  - &quot;Highlight3&quot; is 240px left which is not in range of 145 to 149px (/specs/superpubliclanding.spec:342)
  - &quot;Highlight3&quot; is 139px below &quot;Highlight2&quot; which is not in range of 153 to 157px (/specs/superpubliclanding.spec:343)
  - &quot;Highlight4&quot; width is 65px which is not in range of 76 to 83px (/specs/superpubliclanding.spec:347)
  - &quot;Highlight4&quot; height is 84px which is not in range of 76 to 83px (/specs/superpubliclanding.spec:348)
  - &quot;Highlight4&quot; is 240px left which is not in range of 146 to 150px (/specs/superpubliclanding.spec:349)
  - &quot;Highlight4&quot; is 121px below &quot;Highlight3&quot; which is not in range of 164 to 168px (/specs/superpubliclanding.spec:350)
  - &quot;HighlightTitle1&quot; width is 464px which is not in range of 260 to 266px (/specs/superpubliclanding.spec:353)
  - &quot;HighlightTitle1&quot; css property &quot;line-height&quot; is &quot;27px&quot; but should be &quot;26px&quot; (/specs/superpubliclanding.spec:356)
  - &quot;HighlightTitle1&quot; is 40px left which is not in range of 51 to 55px (/specs/superpubliclanding.spec:357)
  - &quot;HighlightTitle1&quot; is 16px below &quot;Highlight1&quot; which is not in range of 20 to 24px (/specs/superpubliclanding.spec:358)
  - &quot;HighlightTitle2&quot; width is 464px which is not in range of 273 to 279px (/specs/superpubliclanding.spec:362)
  - &quot;HighlightTitle2&quot; css property &quot;line-height&quot; is &quot;27px&quot; but should be &quot;26px&quot; (/specs/superpubliclanding.spec:365)
  - &quot;HighlightTitle2&quot; is 40px left which is not in range of 48 to 52px (/specs/superpubliclanding.spec:366)
  - &quot;HighlightTitle2&quot; is 16px below &quot;Highlight2&quot; which is not in range of 5 to 11px (/specs/superpubliclanding.spec:367)
  - &quot;HighlightTitle3&quot; width is 464px which is not in range of 273 to 279px (/specs/superpubliclanding.spec:370)
  - &quot;HighlightTitle3&quot; css property &quot;line-height&quot; is &quot;27px&quot; but should be &quot;26px&quot; (/specs/superpubliclanding.spec:373)
  - &quot;HighlightTitle3&quot; is 40px left which is not in range of 50 to 54px (/specs/superpubliclanding.spec:374)
  - &quot;HighlightTitle3&quot; is 16px below &quot;Highlight3&quot; which is not in range of 21 to 25px (/specs/superpubliclanding.spec:375)
  - &quot;HighlightTitle4&quot; width is 464px which is not in range of 273 to 279px (/specs/superpubliclanding.spec:378)
  - &quot;HighlightTitle4&quot; css property &quot;line-height&quot; is &quot;27px&quot; but should be &quot;26px&quot; (/specs/superpubliclanding.spec:381)
  - &quot;HighlightTitle4&quot; is 40px left which is not in range of 52 to 56px (/specs/superpubliclanding.spec:382)
  - &quot;HighlightTitle4&quot; is 16px below &quot;Highlight4&quot; which is not in range of 22 to 26px (/specs/superpubliclanding.spec:383)
  - &quot;HighligtSumary1&quot; width is 464px which is not in range of 272 to 278px (/specs/superpubliclanding.spec:387)
  - &quot;HighligtSumary1&quot; height is 18px which is not in range of 36 to 44px (/specs/superpubliclanding.spec:388)
  - &quot;HighligtSumary1&quot; css property &quot;line-height&quot; is &quot;18px&quot; but should be &quot;20px&quot; (/specs/superpubliclanding.spec:390)
  - &quot;HighligtSumary1&quot; is 40px left which is not in range of 49 to 53px (/specs/superpubliclanding.spec:391)
  - &quot;HighligtSumary2&quot; width is 464px which is not in range of 279 to 285px (/specs/superpubliclanding.spec:396)
  - &quot;HighligtSumary2&quot; css property &quot;line-height&quot; is &quot;18px&quot; but should be &quot;20px&quot; (/specs/superpubliclanding.spec:399)
  - &quot;HighligtSumary2&quot; is 40px left which is not in range of 51 to 55px (/specs/superpubliclanding.spec:400)
  - &quot;HighligtSumary3&quot; width is 464px which is not in range of 274 to 280px (/specs/superpubliclanding.spec:405)
  - &quot;HighligtSumary3&quot; height is 18px which is not in range of 33 to 40px (/specs/superpubliclanding.spec:406)
  - &quot;HighligtSumary3&quot; is 40px left which is not in range of 50 to 54px (/specs/superpubliclanding.spec:409)
  - &quot;HighligtSumary4&quot; width is 464px which is not in range of 260 to 267px (/specs/superpubliclanding.spec:414)
  - &quot;HighligtSumary4&quot; height is 36px which is not in range of 51 to 57px (/specs/superpubliclanding.spec:415)
  - &quot;HighligtSumary4&quot; is 40px left which is not in range of 51 to 55px (/specs/superpubliclanding.spec:418)
  - &quot;HighligtSumary4&quot; is 219px below &quot;HighlightTitle3&quot; which is not in range of 12 to 18px (/specs/superpubliclanding.spec:419)
  - &quot;ToolsDoc&quot; width is 512px which is not in range of 260 to 267px (/specs/superpubliclanding.spec:573)
  - &quot;ToolsDoc&quot; height is 31px which is not in range of 59 to 65px (/specs/superpubliclanding.spec:574)
  - &quot;ToolsDoc&quot; css property &quot;line-height&quot; is &quot;31px&quot; but should be &quot;31.008px&quot; (/specs/superpubliclanding.spec:576)
  - &quot;ToolsDoc&quot; is 16px left which is not in range of 54 to 58px (/specs/superpubliclanding.spec:577)
  - &quot;ToolSumry&quot; width is 461px which is not in range of 285 to 290px (/specs/superpubliclanding.spec:580)
  - &quot;ToolSumry&quot; height is 72px which is not in range of 105 to 111px (/specs/superpubliclanding.spec:581)
  - &quot;ToolSumry&quot; is 29px below &quot;ToolsDoc&quot; which is not in range of 18 to 22px (/specs/superpubliclanding.spec:585)
  - &quot;Tooltext&quot; width is 461px which is not in range of 297 to 303px (/specs/superpubliclanding.spec:588)
  - &quot;Tooltext&quot; css property &quot;line-height&quot; is &quot;15px&quot; but should be &quot;14px&quot; (/specs/superpubliclanding.spec:591)
  - &quot;Tooltext&quot; is 42px left which is not in range of 36 to 40px (/specs/superpubliclanding.spec:592)
  - &quot;CodeSnippet&quot; width is 512px which is not in range of 347 to 353px (/specs/superpubliclanding.spec:596)
  - &quot;CodeSnippet&quot; height is 300px which is not in range of 411 to 417px (/specs/superpubliclanding.spec:597)
  - &quot;CodeSnippet&quot; is 16px left which is not in range of 11 to 15px (/specs/superpubliclanding.spec:598)
  - &quot;CodeSnippet&quot; is 30px below &quot;Tooltext&quot; which is not in range of 20 to 24px (/specs/superpubliclanding.spec:599)
  - &quot;CTA1&quot; is 105px left which is not in range of 14 to 18px (/specs/superpubliclanding.spec:606)
  - &quot;CTA1&quot; css property &quot;line-height&quot; is &quot;18px&quot; but should be &quot;16px&quot; (/specs/superpubliclanding.spec:608)
  - &quot;CTA2&quot; is 279px left which is not in range of 196 to 200px (/specs/superpubliclanding.spec:614)
  - &quot;CTA2&quot; css property &quot;line-height&quot; is &quot;18px&quot; but should be &quot;16px&quot; (/specs/superpubliclanding.spec:616)
  - &quot;CTA2&quot; is -334px left of &quot;CTA1&quot; which is not in range of 20 to 24px (/specs/superpubliclanding.spec:617)
  - &quot;help-component&quot; height is 217px which is not in range of 261 to 265px (/specs/superpubliclanding.spec:692)
  - &quot;help-first-leaf&quot; is 210px left instead of 15px (/specs/superpubliclanding.spec:695)
  - &quot;help-first-leaf&quot; height is 39px which is not in range of 29 to 33px (/specs/superpubliclanding.spec:696)
  - &quot;help-last-leaf&quot; is absent on page (/specs/superpubliclanding.spec:701)
  - &quot;help-last-leaf&quot; is absent on page (/specs/superpubliclanding.spec:702)
  - &quot;help-last-leaf&quot; is absent on page (/specs/superpubliclanding.spec:703)
  - &quot;help-last-leaf&quot; is absent on page (/specs/superpubliclanding.spec:704)
  - &quot;help-last-leaf&quot; is absent on page (/specs/superpubliclanding.spec:705)
  - &quot;footer-container&quot; is absent on page (/specs/superpubliclanding.spec:747)
  - &quot;footer-container&quot; is absent on page (/specs/superpubliclanding.spec:748)
  - &quot;footer-container&quot; is absent on page (/specs/superpubliclanding.spec:749)
  - &quot;footer-copy-right&quot; is absent on page (/specs/superpubliclanding.spec:752)
  - &quot;footer-copy-right&quot; is absent on page (/specs/superpubliclanding.spec:753)
  - &quot;footer-right-menu&quot; is absent on page (/specs/superpubliclanding.spec:797)
  - &quot;footer-right-menu&quot; is absent on page (/specs/superpubliclanding.spec:798)
  - Cannot find locator for &quot;footer-rtmenu-items-1&quot; in page spec (/specs/superpubliclanding.spec:802)
  - Cannot find locator for &quot;footer-rtmenu-items-1&quot; in page spec (/specs/superpubliclanding.spec:803)
  - Cannot find locator for &quot;footer-rtmenu-items-1&quot; in page spec (/specs/superpubliclanding.spec:804)
">
      <![CDATA[com.galenframework.support.LayoutValidationException: /specs/superpubliclanding.spec, tags: [Mobile]
  - "header-container" height is 61px which is not in range of 605 to 609px (/specs/superpubliclanding.spec:84)
  - color #e03e4b on "header-container" is 0% but it should be greater than 90% (/specs/superpubliclanding.spec:85)
  - "left-menu-head" is absent on page (/specs/superpubliclanding.spec:88)
  - "left-menu-head" is absent on page (/specs/superpubliclanding.spec:91)
  - "logo-img" height is 38px which is not in range of 29 to 33px (/specs/superpubliclanding.spec:92)
  - "right-menu-head" is absent on page (/specs/superpubliclanding.spec:135)
  - Cannot find locator for "right-menuhead-items-1" in page spec (/specs/superpubliclanding.spec:139)
  - Cannot find locator for "right-menuhead-items-1" in page spec (/specs/superpubliclanding.spec:140)
  - "hero-banner" is 61px top instead of 0px (/specs/superpubliclanding.spec:205)
  - color #e03e4b on "hero-banner" is 0% but it should be greater than 90% (/specs/superpubliclanding.spec:206)
  - "hero-head" is absent on page (/specs/superpubliclanding.spec:209)
  - "hero-head" is absent on page (/specs/superpubliclanding.spec:210)
  - "hero-head" is absent on page (/specs/superpubliclanding.spec:211)
  - "hero-head" is absent on page (/specs/superpubliclanding.spec:212)
  - "hero-para" is absent on page (/specs/superpubliclanding.spec:215)
  - "hero-para" is absent on page (/specs/superpubliclanding.spec:216)
  - "hero-para" is absent on page (/specs/superpubliclanding.spec:217)
  - "hero-para" is absent on page (/specs/superpubliclanding.spec:218)
  - "hero-para" is absent on page (/specs/superpubliclanding.spec:219)
  - "hero-cta1" is 368px left instead of 46px, is 328px top instead of 263px (/specs/superpubliclanding.spec:222)
  - "hero-para" is absent on page (/specs/superpubliclanding.spec:223)
  - "hero-cta1" height is 100px which is not in range of 38 to 42px (/specs/superpubliclanding.spec:224)
  - "hero-cta1" css property "line-height" is "20px" but should be "16px" (/specs/superpubliclanding.spec:226)
  - "Highlight1" height is 108px which is not in range of 81 to 87px (/specs/superpubliclanding.spec:329)
  - "Highlight1" is 240px left which is not in range of 153 to 157px (/specs/superpubliclanding.spec:330)
  - "Highlight2" height is 65px which is not in range of 98 to 104px (/specs/superpubliclanding.spec:334)
  - "Highlight2" is 240px left which is not in range of 154 to 158px (/specs/superpubliclanding.spec:335)
  - "Highlight2" is 121px below "Highlight1" which is not in range of 183 to 187px (/specs/superpubliclanding.spec:336)
  - "Highlight3" width is 65px which is not in range of 80 to 86px (/specs/superpubliclanding.spec:340)
  - "Highlight3" height is 65px which is not in range of 80 to 86px (/specs/superpubliclanding.spec:341)
  - "Highlight3" is 240px left which is not in range of 145 to 149px (/specs/superpubliclanding.spec:342)
  - "Highlight3" is 139px below "Highlight2" which is not in range of 153 to 157px (/specs/superpubliclanding.spec:343)
  - "Highlight4" width is 65px which is not in range of 76 to 83px (/specs/superpubliclanding.spec:347)
  - "Highlight4" height is 84px which is not in range of 76 to 83px (/specs/superpubliclanding.spec:348)
  - "Highlight4" is 240px left which is not in range of 146 to 150px (/specs/superpubliclanding.spec:349)
  - "Highlight4" is 121px below "Highlight3" which is not in range of 164 to 168px (/specs/superpubliclanding.spec:350)
  - "HighlightTitle1" width is 464px which is not in range of 260 to 266px (/specs/superpubliclanding.spec:353)
  - "HighlightTitle1" css property "line-height" is "27px" but should be "26px" (/specs/superpubliclanding.spec:356)
  - "HighlightTitle1" is 40px left which is not in range of 51 to 55px (/specs/superpubliclanding.spec:357)
  - "HighlightTitle1" is 16px below "Highlight1" which is not in range of 20 to 24px (/specs/superpubliclanding.spec:358)
  - "HighlightTitle2" width is 464px which is not in range of 273 to 279px (/specs/superpubliclanding.spec:362)
  - "HighlightTitle2" css property "line-height" is "27px" but should be "26px" (/specs/superpubliclanding.spec:365)
  - "HighlightTitle2" is 40px left which is not in range of 48 to 52px (/specs/superpubliclanding.spec:366)
  - "HighlightTitle2" is 16px below "Highlight2" which is not in range of 5 to 11px (/specs/superpubliclanding.spec:367)
  - "HighlightTitle3" width is 464px which is not in range of 273 to 279px (/specs/superpubliclanding.spec:370)
  - "HighlightTitle3" css property "line-height" is "27px" but should be "26px" (/specs/superpubliclanding.spec:373)
  - "HighlightTitle3" is 40px left which is not in range of 50 to 54px (/specs/superpubliclanding.spec:374)
  - "HighlightTitle3" is 16px below "Highlight3" which is not in range of 21 to 25px (/specs/superpubliclanding.spec:375)
  - "HighlightTitle4" width is 464px which is not in range of 273 to 279px (/specs/superpubliclanding.spec:378)
  - "HighlightTitle4" css property "line-height" is "27px" but should be "26px" (/specs/superpubliclanding.spec:381)
  - "HighlightTitle4" is 40px left which is not in range of 52 to 56px (/specs/superpubliclanding.spec:382)
  - "HighlightTitle4" is 16px below "Highlight4" which is not in range of 22 to 26px (/specs/superpubliclanding.spec:383)
  - "HighligtSumary1" width is 464px which is not in range of 272 to 278px (/specs/superpubliclanding.spec:387)
  - "HighligtSumary1" height is 18px which is not in range of 36 to 44px (/specs/superpubliclanding.spec:388)
  - "HighligtSumary1" css property "line-height" is "18px" but should be "20px" (/specs/superpubliclanding.spec:390)
  - "HighligtSumary1" is 40px left which is not in range of 49 to 53px (/specs/superpubliclanding.spec:391)
  - "HighligtSumary2" width is 464px which is not in range of 279 to 285px (/specs/superpubliclanding.spec:396)
  - "HighligtSumary2" css property "line-height" is "18px" but should be "20px" (/specs/superpubliclanding.spec:399)
  - "HighligtSumary2" is 40px left which is not in range of 51 to 55px (/specs/superpubliclanding.spec:400)
  - "HighligtSumary3" width is 464px which is not in range of 274 to 280px (/specs/superpubliclanding.spec:405)
  - "HighligtSumary3" height is 18px which is not in range of 33 to 40px (/specs/superpubliclanding.spec:406)
  - "HighligtSumary3" is 40px left which is not in range of 50 to 54px (/specs/superpubliclanding.spec:409)
  - "HighligtSumary4" width is 464px which is not in range of 260 to 267px (/specs/superpubliclanding.spec:414)
  - "HighligtSumary4" height is 36px which is not in range of 51 to 57px (/specs/superpubliclanding.spec:415)
  - "HighligtSumary4" is 40px left which is not in range of 51 to 55px (/specs/superpubliclanding.spec:418)
  - "HighligtSumary4" is 219px below "HighlightTitle3" which is not in range of 12 to 18px (/specs/superpubliclanding.spec:419)
  - "ToolsDoc" width is 512px which is not in range of 260 to 267px (/specs/superpubliclanding.spec:573)
  - "ToolsDoc" height is 31px which is not in range of 59 to 65px (/specs/superpubliclanding.spec:574)
  - "ToolsDoc" css property "line-height" is "31px" but should be "31.008px" (/specs/superpubliclanding.spec:576)
  - "ToolsDoc" is 16px left which is not in range of 54 to 58px (/specs/superpubliclanding.spec:577)
  - "ToolSumry" width is 461px which is not in range of 285 to 290px (/specs/superpubliclanding.spec:580)
  - "ToolSumry" height is 72px which is not in range of 105 to 111px (/specs/superpubliclanding.spec:581)
  - "ToolSumry" is 29px below "ToolsDoc" which is not in range of 18 to 22px (/specs/superpubliclanding.spec:585)
  - "Tooltext" width is 461px which is not in range of 297 to 303px (/specs/superpubliclanding.spec:588)
  - "Tooltext" css property "line-height" is "15px" but should be "14px" (/specs/superpubliclanding.spec:591)
  - "Tooltext" is 42px left which is not in range of 36 to 40px (/specs/superpubliclanding.spec:592)
  - "CodeSnippet" width is 512px which is not in range of 347 to 353px (/specs/superpubliclanding.spec:596)
  - "CodeSnippet" height is 300px which is not in range of 411 to 417px (/specs/superpubliclanding.spec:597)
  - "CodeSnippet" is 16px left which is not in range of 11 to 15px (/specs/superpubliclanding.spec:598)
  - "CodeSnippet" is 30px below "Tooltext" which is not in range of 20 to 24px (/specs/superpubliclanding.spec:599)
  - "CTA1" is 105px left which is not in range of 14 to 18px (/specs/superpubliclanding.spec:606)
  - "CTA1" css property "line-height" is "18px" but should be "16px" (/specs/superpubliclanding.spec:608)
  - "CTA2" is 279px left which is not in range of 196 to 200px (/specs/superpubliclanding.spec:614)
  - "CTA2" css property "line-height" is "18px" but should be "16px" (/specs/superpubliclanding.spec:616)
  - "CTA2" is -334px left of "CTA1" which is not in range of 20 to 24px (/specs/superpubliclanding.spec:617)
  - "help-component" height is 217px which is not in range of 261 to 265px (/specs/superpubliclanding.spec:692)
  - "help-first-leaf" is 210px left instead of 15px (/specs/superpubliclanding.spec:695)
  - "help-first-leaf" height is 39px which is not in range of 29 to 33px (/specs/superpubliclanding.spec:696)
  - "help-last-leaf" is absent on page (/specs/superpubliclanding.spec:701)
  - "help-last-leaf" is absent on page (/specs/superpubliclanding.spec:702)
  - "help-last-leaf" is absent on page (/specs/superpubliclanding.spec:703)
  - "help-last-leaf" is absent on page (/specs/superpubliclanding.spec:704)
  - "help-last-leaf" is absent on page (/specs/superpubliclanding.spec:705)
  - "footer-container" is absent on page (/specs/superpubliclanding.spec:747)
  - "footer-container" is absent on page (/specs/superpubliclanding.spec:748)
  - "footer-container" is absent on page (/specs/superpubliclanding.spec:749)
  - "footer-copy-right" is absent on page (/specs/superpubliclanding.spec:752)
  - "footer-copy-right" is absent on page (/specs/superpubliclanding.spec:753)
  - "footer-right-menu" is absent on page (/specs/superpubliclanding.spec:797)
  - "footer-right-menu" is absent on page (/specs/superpubliclanding.spec:798)
  - Cannot find locator for "footer-rtmenu-items-1" in page spec (/specs/superpubliclanding.spec:802)
  - Cannot find locator for "footer-rtmenu-items-1" in page spec (/specs/superpubliclanding.spec:803)
  - Cannot find locator for "footer-rtmenu-items-1" in page spec (/specs/superpubliclanding.spec:804)

	at com.galenframework.support.GalenJavaTestBase.checkLayout(GalenJavaTestBase.java:129)
	at com.galenframework.support.GalenJavaTestBase.checkLayout(GalenJavaTestBase.java:111)
	at com.galenframework.java.USB.tests.SecureLandingPage_creative_Verification.superPublicLandingPage(SecureLandingPage_creative_Verification.java:86)
	at sun.reflect.NativeMethodAccessorImpl.invoke0(Native Method)
	at sun.reflect.NativeMethodAccessorImpl.invoke(NativeMethodAccessorImpl.java:62)
	at sun.reflect.DelegatingMethodAccessorImpl.invoke(DelegatingMethodAccessorImpl.java:43)
	at java.lang.reflect.Method.invoke(Method.java:498)
	at org.testng.internal.MethodInvocationHelper.invokeMethod(MethodInvocationHelper.java:80)
	at org.testng.internal.Invoker.invokeMethod(Invoker.java:715)
	at org.testng.internal.Invoker.invokeTestMethod(Invoker.java:907)
	at org.testng.internal.Invoker.invokeTestMethods(Invoker.java:1237)
	at org.testng.internal.TestMethodWorker.invokeTestMethods(TestMethodWorker.java:127)
	at org.testng.internal.TestMethodWorker.run(TestMethodWorker.java:111)
	at org.testng.TestRunner.privateRun(TestRunner.java:767)
	at org.testng.TestRunner.run(TestRunner.java:617)
	at org.testng.SuiteRunner.runTest(SuiteRunner.java:334)
	at org.testng.SuiteRunner.runSequentially(SuiteRunner.java:329)
	at org.testng.SuiteRunner.privateRun(SuiteRunner.java:291)
	at org.testng.SuiteRunner.run(SuiteRunner.java:240)
	at org.testng.SuiteRunnerWorker.runSuite(SuiteRunnerWorker.java:51)
	at org.testng.SuiteRunnerWorker.run(SuiteRunnerWorker.java:85)
	at org.testng.TestNG.runSuitesSequentially(TestNG.java:1197)
	at org.testng.TestNG.runSuitesLocally(TestNG.java:1122)
	at org.testng.TestNG.run(TestNG.java:1030)
	at org.testng.remote.AbstractRemoteTestNG.run(AbstractRemoteTestNG.java:132)
	at org.testng.remote.RemoteTestNG.initAndRun(RemoteTestNG.java:230)
	at org.testng.remote.RemoteTestNG.main(RemoteTestNG.java:76)
]]>
    </failure>
  </testcase> <!-- superPublicLandingPage -->
  <testcase name="usbPublicLandingPage" time="58.396" classname="com.galenframework.java.USB.tests.SecureLandingPage_creative_Verification">
    <failure type="com.galenframework.support.LayoutValidationException" message="/specs/usbpubliclanding.spec, tags: [Mobile]
  - &quot;header-container&quot; height is 57px which is not in range of 605 to 609px (/specs/usbpubliclanding.spec:80)
  - color #e03e4b on &quot;header-container&quot; is 11% but it should be greater than 90% (/specs/usbpubliclanding.spec:81)
  - &quot;left-menu-head&quot; is 82px left instead of 0px (/specs/usbpubliclanding.spec:84)
  - &quot;logo-img&quot; is absent on page (/specs/usbpubliclanding.spec:87)
  - &quot;logo-img&quot; is absent on page (/specs/usbpubliclanding.spec:88)
  - &quot;right-menu-head&quot; is not visible on page (/specs/usbpubliclanding.spec:131)
  - &quot;right-menuhead-items-1&quot; is not visible on page (/specs/usbpubliclanding.spec:135)
  - &quot;right-menuhead-items-1&quot; is not visible on page (/specs/usbpubliclanding.spec:136)
  - &quot;right-menuhead-items-1&quot; is not visible on page (/specs/usbpubliclanding.spec:139)
  - &quot;right-menuhead-items-1&quot; is not visible on page (/specs/usbpubliclanding.spec:140)
  - &quot;right-menuhead-items-2&quot; is not visible on page (/specs/usbpubliclanding.spec:139)
  - &quot;right-menuhead-items-2&quot; is not visible on page (/specs/usbpubliclanding.spec:140)
  - &quot;right-menuhead-items-2&quot; is not visible on page (/specs/usbpubliclanding.spec:144)
  - &quot;right-menuhead-items-2&quot; is not visible on page (/specs/usbpubliclanding.spec:145)
  - &quot;right-menuhead-items-3&quot; is not visible on page (/specs/usbpubliclanding.spec:139)
  - &quot;right-menuhead-items-3&quot; is not visible on page (/specs/usbpubliclanding.spec:140)
  - &quot;right-menuhead-items-3&quot; is not visible on page (/specs/usbpubliclanding.spec:144)
  - &quot;right-menuhead-items-3&quot; is not visible on page (/specs/usbpubliclanding.spec:145)
  - &quot;right-menuhead-items-4&quot; is not visible on page (/specs/usbpubliclanding.spec:139)
  - &quot;right-menuhead-items-4&quot; is not visible on page (/specs/usbpubliclanding.spec:140)
  - &quot;right-menuhead-items-4&quot; is not visible on page (/specs/usbpubliclanding.spec:144)
  - &quot;right-menuhead-items-4&quot; is not visible on page (/specs/usbpubliclanding.spec:145)
  - &quot;right-menuhead-items-5&quot; is not visible on page (/specs/usbpubliclanding.spec:139)
  - &quot;right-menuhead-items-5&quot; is not visible on page (/specs/usbpubliclanding.spec:140)
  - &quot;right-menuhead-items-5&quot; is not visible on page (/specs/usbpubliclanding.spec:144)
  - &quot;right-menuhead-items-5&quot; is not visible on page (/specs/usbpubliclanding.spec:145)
  - &quot;hero-banner&quot; is 89px top instead of 0px (/specs/usbpubliclanding.spec:201)
  - color #e03e4b on &quot;hero-banner&quot; is 55% but it should be greater than 90% (/specs/usbpubliclanding.spec:202)
  - &quot;hero-head&quot; is 8px left instead of 48px, is 21px top instead of 77px (/specs/usbpubliclanding.spec:205)
  - &quot;hero-head&quot; height is 27px which is not in range of 58 to 62px (/specs/usbpubliclanding.spec:206)
  - &quot;hero-head&quot; css property &quot;line-height&quot; is &quot;27px&quot; but should be &quot;39px&quot; (/specs/usbpubliclanding.spec:208)
  - &quot;hero-para&quot; is 8px left instead of 48px, is 48px top instead of 270px (/specs/usbpubliclanding.spec:211)
  - &quot;hero-para&quot; height is 27px which is not in range of 56 to 60px (/specs/usbpubliclanding.spec:213)
  - &quot;hero-para&quot; css property &quot;line-height&quot; is &quot;27px&quot; but should be &quot;39px&quot; (/specs/usbpubliclanding.spec:215)
  - &quot;hero-cta1&quot; is 8px left instead of 46px, is 110px top instead of 263px (/specs/usbpubliclanding.spec:218)
  - &quot;hero-cta1&quot; is 35px below &quot;hero-para&quot; instead of 30px (/specs/usbpubliclanding.spec:219)
  - &quot;hero-cta1&quot; height is 96px which is not in range of 38 to 42px (/specs/usbpubliclanding.spec:220)
  - &quot;hero-cta1&quot; css property &quot;line-height&quot; is &quot;20px&quot; but should be &quot;16px&quot; (/specs/usbpubliclanding.spec:222)
  - &quot;Highlight1&quot; is 240px left which is not in range of 153 to 157px (/specs/usbpubliclanding.spec:326)
  - &quot;Highlight2&quot; height is 65px which is not in range of 98 to 104px (/specs/usbpubliclanding.spec:330)
  - &quot;Highlight2&quot; is 240px left which is not in range of 154 to 158px (/specs/usbpubliclanding.spec:331)
  - &quot;Highlight2&quot; is 105px below &quot;Highlight1&quot; which is not in range of 183 to 187px (/specs/usbpubliclanding.spec:332)
  - &quot;Highlight3&quot; width is 65px which is not in range of 80 to 86px (/specs/usbpubliclanding.spec:336)
  - &quot;Highlight3&quot; height is 107px which is not in range of 80 to 86px (/specs/usbpubliclanding.spec:337)
  - &quot;Highlight3&quot; is 240px left which is not in range of 145 to 149px (/specs/usbpubliclanding.spec:338)
  - &quot;Highlight3&quot; is 123px below &quot;Highlight2&quot; which is not in range of 153 to 157px (/specs/usbpubliclanding.spec:339)
  - &quot;Highlight4&quot; width is 65px which is not in range of 76 to 83px (/specs/usbpubliclanding.spec:343)
  - &quot;Highlight4&quot; height is 65px which is not in range of 76 to 83px (/specs/usbpubliclanding.spec:344)
  - &quot;Highlight4&quot; is 240px left which is not in range of 146 to 150px (/specs/usbpubliclanding.spec:345)
  - &quot;Highlight4&quot; is 105px below &quot;Highlight3&quot; which is not in range of 164 to 168px (/specs/usbpubliclanding.spec:346)
  - &quot;HighlightTitle1&quot; width is 480px which is not in range of 260 to 266px (/specs/usbpubliclanding.spec:349)
  - &quot;HighlightTitle1&quot; css property &quot;line-height&quot; is &quot;27px&quot; but should be &quot;26px&quot; (/specs/usbpubliclanding.spec:352)
  - &quot;HighlightTitle1&quot; is 32px left which is not in range of 51 to 55px (/specs/usbpubliclanding.spec:353)
  - &quot;HighlightTitle1&quot; is 16px below &quot;Highlight1&quot; which is not in range of 20 to 24px (/specs/usbpubliclanding.spec:354)
  - &quot;HighlightTitle2&quot; width is 480px which is not in range of 273 to 279px (/specs/usbpubliclanding.spec:358)
  - &quot;HighlightTitle2&quot; css property &quot;line-height&quot; is &quot;27px&quot; but should be &quot;26px&quot; (/specs/usbpubliclanding.spec:361)
  - &quot;HighlightTitle2&quot; is 32px left which is not in range of 48 to 52px (/specs/usbpubliclanding.spec:362)
  - &quot;HighlightTitle2&quot; is 16px below &quot;Highlight2&quot; which is not in range of 5 to 11px (/specs/usbpubliclanding.spec:363)
  - &quot;HighlightTitle3&quot; width is 480px which is not in range of 273 to 279px (/specs/usbpubliclanding.spec:366)
  - &quot;HighlightTitle3&quot; css property &quot;line-height&quot; is &quot;27px&quot; but should be &quot;26px&quot; (/specs/usbpubliclanding.spec:369)
  - &quot;HighlightTitle3&quot; is 32px left which is not in range of 50 to 54px (/specs/usbpubliclanding.spec:370)
  - &quot;HighlightTitle3&quot; is 16px below &quot;Highlight3&quot; which is not in range of 21 to 25px (/specs/usbpubliclanding.spec:371)
  - &quot;HighlightTitle4&quot; width is 480px which is not in range of 273 to 279px (/specs/usbpubliclanding.spec:374)
  - &quot;HighlightTitle4&quot; css property &quot;line-height&quot; is &quot;27px&quot; but should be &quot;26px&quot; (/specs/usbpubliclanding.spec:377)
  - &quot;HighlightTitle4&quot; is 32px left which is not in range of 52 to 56px (/specs/usbpubliclanding.spec:378)
  - &quot;HighlightTitle4&quot; is 16px below &quot;Highlight4&quot; which is not in range of 22 to 26px (/specs/usbpubliclanding.spec:379)
  - &quot;HighligtSumary1&quot; width is 480px which is not in range of 272 to 278px (/specs/usbpubliclanding.spec:383)
  - &quot;HighligtSumary1&quot; height is 18px which is not in range of 36 to 44px (/specs/usbpubliclanding.spec:384)
  - &quot;HighligtSumary1&quot; css property &quot;line-height&quot; is &quot;18px&quot; but should be &quot;20px&quot; (/specs/usbpubliclanding.spec:386)
  - &quot;HighligtSumary1&quot; is 32px left which is not in range of 49 to 53px (/specs/usbpubliclanding.spec:387)
  - &quot;HighligtSumary2&quot; width is 480px which is not in range of 279 to 285px (/specs/usbpubliclanding.spec:392)
  - &quot;HighligtSumary2&quot; css property &quot;line-height&quot; is &quot;18px&quot; but should be &quot;20px&quot; (/specs/usbpubliclanding.spec:395)
  - &quot;HighligtSumary2&quot; is 32px left which is not in range of 51 to 55px (/specs/usbpubliclanding.spec:396)
  - &quot;HighligtSumary3&quot; width is 480px which is not in range of 274 to 280px (/specs/usbpubliclanding.spec:401)
  - &quot;HighligtSumary3&quot; height is 18px which is not in range of 33 to 40px (/specs/usbpubliclanding.spec:402)
  - &quot;HighligtSumary3&quot; is 32px left which is not in range of 50 to 54px (/specs/usbpubliclanding.spec:405)
  - &quot;HighligtSumary4&quot; width is 480px which is not in range of 260 to 267px (/specs/usbpubliclanding.spec:410)
  - &quot;HighligtSumary4&quot; height is 36px which is not in range of 51 to 57px (/specs/usbpubliclanding.spec:411)
  - &quot;HighligtSumary4&quot; is 32px left which is not in range of 51 to 55px (/specs/usbpubliclanding.spec:414)
  - &quot;HighligtSumary4&quot; is 184px below &quot;HighlightTitle3&quot; which is not in range of 12 to 18px (/specs/usbpubliclanding.spec:415)
  - &quot;ToolsDoc&quot; width is 528px which is not in range of 260 to 267px (/specs/usbpubliclanding.spec:569)
  - &quot;ToolsDoc&quot; height is 31px which is not in range of 59 to 65px (/specs/usbpubliclanding.spec:570)
  - &quot;ToolsDoc&quot; css property &quot;line-height&quot; is &quot;31px&quot; but should be &quot;31.008px&quot; (/specs/usbpubliclanding.spec:572)
  - &quot;ToolsDoc&quot; is 8px left which is not in range of 54 to 58px (/specs/usbpubliclanding.spec:573)
  - &quot;ToolSumry&quot; width is 475px which is not in range of 285 to 290px (/specs/usbpubliclanding.spec:576)
  - &quot;ToolSumry&quot; height is 72px which is not in range of 105 to 111px (/specs/usbpubliclanding.spec:577)
  - &quot;ToolSumry&quot; is 34px left which is not in range of 42 to 46px (/specs/usbpubliclanding.spec:580)
  - &quot;ToolSumry&quot; is 29px below &quot;ToolsDoc&quot; which is not in range of 18 to 22px (/specs/usbpubliclanding.spec:581)
  - &quot;Tooltext&quot; width is 475px which is not in range of 297 to 303px (/specs/usbpubliclanding.spec:584)
  - &quot;Tooltext&quot; css property &quot;line-height&quot; is &quot;15px&quot; but should be &quot;14px&quot; (/specs/usbpubliclanding.spec:587)
  - &quot;Tooltext&quot; is 34px left which is not in range of 36 to 40px (/specs/usbpubliclanding.spec:588)
  - &quot;CodeSnippet&quot; width is 528px which is not in range of 347 to 353px (/specs/usbpubliclanding.spec:592)
  - &quot;CodeSnippet&quot; height is 300px which is not in range of 411 to 417px (/specs/usbpubliclanding.spec:593)
  - &quot;CodeSnippet&quot; is 8px left which is not in range of 11 to 15px (/specs/usbpubliclanding.spec:594)
  - &quot;CodeSnippet&quot; is 30px below &quot;Tooltext&quot; which is not in range of 20 to 24px (/specs/usbpubliclanding.spec:595)
  - &quot;CTA1&quot; is 105px left which is not in range of 14 to 18px (/specs/usbpubliclanding.spec:602)
  - &quot;CTA1&quot; css property &quot;line-height&quot; is &quot;18px&quot; but should be &quot;16px&quot; (/specs/usbpubliclanding.spec:604)
  - &quot;CTA2&quot; is 279px left which is not in range of 196 to 200px (/specs/usbpubliclanding.spec:610)
  - &quot;CTA2&quot; css property &quot;line-height&quot; is &quot;18px&quot; but should be &quot;16px&quot; (/specs/usbpubliclanding.spec:612)
  - &quot;CTA2&quot; is -334px left of &quot;CTA1&quot; which is not in range of 20 to 24px (/specs/usbpubliclanding.spec:613)
  - &quot;help-component&quot; height is 217px which is not in range of 261 to 265px (/specs/usbpubliclanding.spec:688)
  - &quot;help-first-leaf&quot; is 210px left instead of 15px (/specs/usbpubliclanding.spec:691)
  - &quot;help-first-leaf&quot; height is 39px which is not in range of 29 to 33px (/specs/usbpubliclanding.spec:692)
  - &quot;help-last-leaf&quot; is 195px left instead of 108px (/specs/usbpubliclanding.spec:697)
  - &quot;help-last-leaf&quot; css property &quot;line-height&quot; is &quot;18px&quot; but should be &quot;16px&quot; (/specs/usbpubliclanding.spec:701)
  - Cannot find locator for &quot;footer-container&quot; in page spec (/specs/usbpubliclanding.spec:743)
  - Cannot find locator for &quot;footer-container&quot; in page spec (/specs/usbpubliclanding.spec:744)
  - Cannot find locator for &quot;footer-container&quot; in page spec (/specs/usbpubliclanding.spec:745)
  - &quot;footer-copy-right&quot; is not visible on page (/specs/usbpubliclanding.spec:748)
  - &quot;footer-copy-right&quot; is not visible on page (/specs/usbpubliclanding.spec:749)
  - Cannot find locator for &quot;footer-container&quot; in page spec (/specs/usbpubliclanding.spec:793)
  - &quot;footer-copy-right&quot; is not visible on page (/specs/usbpubliclanding.spec:794)
  - &quot;footer-rtmenu-items-1&quot; height is 34px which is not in range of 18 to 22px (/specs/usbpubliclanding.spec:799)
  - color #ffffff on &quot;footer-rtmenu-items-1&quot; is 0% instead of 5% (/specs/usbpubliclanding.spec:800)
  - &quot;footer-rtmenu-items-1&quot; height is 34px which is not in range of 18 to 22px (/specs/usbpubliclanding.spec:804)
  - &quot;footer-rtmenu-items-2&quot; height is 34px which is not in range of 18 to 22px (/specs/usbpubliclanding.spec:804)
  - &quot;footer-rtmenu-items-2&quot; is 0px below &quot;footer-rtmenu-items-1&quot; which is not in range of 15 to 18px (/specs/usbpubliclanding.spec:808)
  - &quot;footer-rtmenu-items-3&quot; height is 34px which is not in range of 18 to 22px (/specs/usbpubliclanding.spec:804)
  - &quot;footer-rtmenu-items-3&quot; is 0px below &quot;footer-rtmenu-items-2&quot; which is not in range of 15 to 18px (/specs/usbpubliclanding.spec:808)
  - &quot;footer-rtmenu-items-4&quot; height is 34px which is not in range of 18 to 22px (/specs/usbpubliclanding.spec:804)
  - &quot;footer-rtmenu-items-4&quot; is 0px below &quot;footer-rtmenu-items-3&quot; which is not in range of 15 to 18px (/specs/usbpubliclanding.spec:808)
  - &quot;footer-rtmenu-items-5&quot; height is 34px which is not in range of 18 to 22px (/specs/usbpubliclanding.spec:804)
  - &quot;footer-rtmenu-items-5&quot; is 0px below &quot;footer-rtmenu-items-4&quot; which is not in range of 15 to 18px (/specs/usbpubliclanding.spec:808)
  - &quot;footer-rtmenu-items-6&quot; height is 34px which is not in range of 18 to 22px (/specs/usbpubliclanding.spec:804)
  - &quot;footer-rtmenu-items-6&quot; is 0px below &quot;footer-rtmenu-items-5&quot; which is not in range of 15 to 18px (/specs/usbpubliclanding.spec:808)
">
      <![CDATA[com.galenframework.support.LayoutValidationException: /specs/usbpubliclanding.spec, tags: [Mobile]
  - "header-container" height is 57px which is not in range of 605 to 609px (/specs/usbpubliclanding.spec:80)
  - color #e03e4b on "header-container" is 11% but it should be greater than 90% (/specs/usbpubliclanding.spec:81)
  - "left-menu-head" is 82px left instead of 0px (/specs/usbpubliclanding.spec:84)
  - "logo-img" is absent on page (/specs/usbpubliclanding.spec:87)
  - "logo-img" is absent on page (/specs/usbpubliclanding.spec:88)
  - "right-menu-head" is not visible on page (/specs/usbpubliclanding.spec:131)
  - "right-menuhead-items-1" is not visible on page (/specs/usbpubliclanding.spec:135)
  - "right-menuhead-items-1" is not visible on page (/specs/usbpubliclanding.spec:136)
  - "right-menuhead-items-1" is not visible on page (/specs/usbpubliclanding.spec:139)
  - "right-menuhead-items-1" is not visible on page (/specs/usbpubliclanding.spec:140)
  - "right-menuhead-items-2" is not visible on page (/specs/usbpubliclanding.spec:139)
  - "right-menuhead-items-2" is not visible on page (/specs/usbpubliclanding.spec:140)
  - "right-menuhead-items-2" is not visible on page (/specs/usbpubliclanding.spec:144)
  - "right-menuhead-items-2" is not visible on page (/specs/usbpubliclanding.spec:145)
  - "right-menuhead-items-3" is not visible on page (/specs/usbpubliclanding.spec:139)
  - "right-menuhead-items-3" is not visible on page (/specs/usbpubliclanding.spec:140)
  - "right-menuhead-items-3" is not visible on page (/specs/usbpubliclanding.spec:144)
  - "right-menuhead-items-3" is not visible on page (/specs/usbpubliclanding.spec:145)
  - "right-menuhead-items-4" is not visible on page (/specs/usbpubliclanding.spec:139)
  - "right-menuhead-items-4" is not visible on page (/specs/usbpubliclanding.spec:140)
  - "right-menuhead-items-4" is not visible on page (/specs/usbpubliclanding.spec:144)
  - "right-menuhead-items-4" is not visible on page (/specs/usbpubliclanding.spec:145)
  - "right-menuhead-items-5" is not visible on page (/specs/usbpubliclanding.spec:139)
  - "right-menuhead-items-5" is not visible on page (/specs/usbpubliclanding.spec:140)
  - "right-menuhead-items-5" is not visible on page (/specs/usbpubliclanding.spec:144)
  - "right-menuhead-items-5" is not visible on page (/specs/usbpubliclanding.spec:145)
  - "hero-banner" is 89px top instead of 0px (/specs/usbpubliclanding.spec:201)
  - color #e03e4b on "hero-banner" is 55% but it should be greater than 90% (/specs/usbpubliclanding.spec:202)
  - "hero-head" is 8px left instead of 48px, is 21px top instead of 77px (/specs/usbpubliclanding.spec:205)
  - "hero-head" height is 27px which is not in range of 58 to 62px (/specs/usbpubliclanding.spec:206)
  - "hero-head" css property "line-height" is "27px" but should be "39px" (/specs/usbpubliclanding.spec:208)
  - "hero-para" is 8px left instead of 48px, is 48px top instead of 270px (/specs/usbpubliclanding.spec:211)
  - "hero-para" height is 27px which is not in range of 56 to 60px (/specs/usbpubliclanding.spec:213)
  - "hero-para" css property "line-height" is "27px" but should be "39px" (/specs/usbpubliclanding.spec:215)
  - "hero-cta1" is 8px left instead of 46px, is 110px top instead of 263px (/specs/usbpubliclanding.spec:218)
  - "hero-cta1" is 35px below "hero-para" instead of 30px (/specs/usbpubliclanding.spec:219)
  - "hero-cta1" height is 96px which is not in range of 38 to 42px (/specs/usbpubliclanding.spec:220)
  - "hero-cta1" css property "line-height" is "20px" but should be "16px" (/specs/usbpubliclanding.spec:222)
  - "Highlight1" is 240px left which is not in range of 153 to 157px (/specs/usbpubliclanding.spec:326)
  - "Highlight2" height is 65px which is not in range of 98 to 104px (/specs/usbpubliclanding.spec:330)
  - "Highlight2" is 240px left which is not in range of 154 to 158px (/specs/usbpubliclanding.spec:331)
  - "Highlight2" is 105px below "Highlight1" which is not in range of 183 to 187px (/specs/usbpubliclanding.spec:332)
  - "Highlight3" width is 65px which is not in range of 80 to 86px (/specs/usbpubliclanding.spec:336)
  - "Highlight3" height is 107px which is not in range of 80 to 86px (/specs/usbpubliclanding.spec:337)
  - "Highlight3" is 240px left which is not in range of 145 to 149px (/specs/usbpubliclanding.spec:338)
  - "Highlight3" is 123px below "Highlight2" which is not in range of 153 to 157px (/specs/usbpubliclanding.spec:339)
  - "Highlight4" width is 65px which is not in range of 76 to 83px (/specs/usbpubliclanding.spec:343)
  - "Highlight4" height is 65px which is not in range of 76 to 83px (/specs/usbpubliclanding.spec:344)
  - "Highlight4" is 240px left which is not in range of 146 to 150px (/specs/usbpubliclanding.spec:345)
  - "Highlight4" is 105px below "Highlight3" which is not in range of 164 to 168px (/specs/usbpubliclanding.spec:346)
  - "HighlightTitle1" width is 480px which is not in range of 260 to 266px (/specs/usbpubliclanding.spec:349)
  - "HighlightTitle1" css property "line-height" is "27px" but should be "26px" (/specs/usbpubliclanding.spec:352)
  - "HighlightTitle1" is 32px left which is not in range of 51 to 55px (/specs/usbpubliclanding.spec:353)
  - "HighlightTitle1" is 16px below "Highlight1" which is not in range of 20 to 24px (/specs/usbpubliclanding.spec:354)
  - "HighlightTitle2" width is 480px which is not in range of 273 to 279px (/specs/usbpubliclanding.spec:358)
  - "HighlightTitle2" css property "line-height" is "27px" but should be "26px" (/specs/usbpubliclanding.spec:361)
  - "HighlightTitle2" is 32px left which is not in range of 48 to 52px (/specs/usbpubliclanding.spec:362)
  - "HighlightTitle2" is 16px below "Highlight2" which is not in range of 5 to 11px (/specs/usbpubliclanding.spec:363)
  - "HighlightTitle3" width is 480px which is not in range of 273 to 279px (/specs/usbpubliclanding.spec:366)
  - "HighlightTitle3" css property "line-height" is "27px" but should be "26px" (/specs/usbpubliclanding.spec:369)
  - "HighlightTitle3" is 32px left which is not in range of 50 to 54px (/specs/usbpubliclanding.spec:370)
  - "HighlightTitle3" is 16px below "Highlight3" which is not in range of 21 to 25px (/specs/usbpubliclanding.spec:371)
  - "HighlightTitle4" width is 480px which is not in range of 273 to 279px (/specs/usbpubliclanding.spec:374)
  - "HighlightTitle4" css property "line-height" is "27px" but should be "26px" (/specs/usbpubliclanding.spec:377)
  - "HighlightTitle4" is 32px left which is not in range of 52 to 56px (/specs/usbpubliclanding.spec:378)
  - "HighlightTitle4" is 16px below "Highlight4" which is not in range of 22 to 26px (/specs/usbpubliclanding.spec:379)
  - "HighligtSumary1" width is 480px which is not in range of 272 to 278px (/specs/usbpubliclanding.spec:383)
  - "HighligtSumary1" height is 18px which is not in range of 36 to 44px (/specs/usbpubliclanding.spec:384)
  - "HighligtSumary1" css property "line-height" is "18px" but should be "20px" (/specs/usbpubliclanding.spec:386)
  - "HighligtSumary1" is 32px left which is not in range of 49 to 53px (/specs/usbpubliclanding.spec:387)
  - "HighligtSumary2" width is 480px which is not in range of 279 to 285px (/specs/usbpubliclanding.spec:392)
  - "HighligtSumary2" css property "line-height" is "18px" but should be "20px" (/specs/usbpubliclanding.spec:395)
  - "HighligtSumary2" is 32px left which is not in range of 51 to 55px (/specs/usbpubliclanding.spec:396)
  - "HighligtSumary3" width is 480px which is not in range of 274 to 280px (/specs/usbpubliclanding.spec:401)
  - "HighligtSumary3" height is 18px which is not in range of 33 to 40px (/specs/usbpubliclanding.spec:402)
  - "HighligtSumary3" is 32px left which is not in range of 50 to 54px (/specs/usbpubliclanding.spec:405)
  - "HighligtSumary4" width is 480px which is not in range of 260 to 267px (/specs/usbpubliclanding.spec:410)
  - "HighligtSumary4" height is 36px which is not in range of 51 to 57px (/specs/usbpubliclanding.spec:411)
  - "HighligtSumary4" is 32px left which is not in range of 51 to 55px (/specs/usbpubliclanding.spec:414)
  - "HighligtSumary4" is 184px below "HighlightTitle3" which is not in range of 12 to 18px (/specs/usbpubliclanding.spec:415)
  - "ToolsDoc" width is 528px which is not in range of 260 to 267px (/specs/usbpubliclanding.spec:569)
  - "ToolsDoc" height is 31px which is not in range of 59 to 65px (/specs/usbpubliclanding.spec:570)
  - "ToolsDoc" css property "line-height" is "31px" but should be "31.008px" (/specs/usbpubliclanding.spec:572)
  - "ToolsDoc" is 8px left which is not in range of 54 to 58px (/specs/usbpubliclanding.spec:573)
  - "ToolSumry" width is 475px which is not in range of 285 to 290px (/specs/usbpubliclanding.spec:576)
  - "ToolSumry" height is 72px which is not in range of 105 to 111px (/specs/usbpubliclanding.spec:577)
  - "ToolSumry" is 34px left which is not in range of 42 to 46px (/specs/usbpubliclanding.spec:580)
  - "ToolSumry" is 29px below "ToolsDoc" which is not in range of 18 to 22px (/specs/usbpubliclanding.spec:581)
  - "Tooltext" width is 475px which is not in range of 297 to 303px (/specs/usbpubliclanding.spec:584)
  - "Tooltext" css property "line-height" is "15px" but should be "14px" (/specs/usbpubliclanding.spec:587)
  - "Tooltext" is 34px left which is not in range of 36 to 40px (/specs/usbpubliclanding.spec:588)
  - "CodeSnippet" width is 528px which is not in range of 347 to 353px (/specs/usbpubliclanding.spec:592)
  - "CodeSnippet" height is 300px which is not in range of 411 to 417px (/specs/usbpubliclanding.spec:593)
  - "CodeSnippet" is 8px left which is not in range of 11 to 15px (/specs/usbpubliclanding.spec:594)
  - "CodeSnippet" is 30px below "Tooltext" which is not in range of 20 to 24px (/specs/usbpubliclanding.spec:595)
  - "CTA1" is 105px left which is not in range of 14 to 18px (/specs/usbpubliclanding.spec:602)
  - "CTA1" css property "line-height" is "18px" but should be "16px" (/specs/usbpubliclanding.spec:604)
  - "CTA2" is 279px left which is not in range of 196 to 200px (/specs/usbpubliclanding.spec:610)
  - "CTA2" css property "line-height" is "18px" but should be "16px" (/specs/usbpubliclanding.spec:612)
  - "CTA2" is -334px left of "CTA1" which is not in range of 20 to 24px (/specs/usbpubliclanding.spec:613)
  - "help-component" height is 217px which is not in range of 261 to 265px (/specs/usbpubliclanding.spec:688)
  - "help-first-leaf" is 210px left instead of 15px (/specs/usbpubliclanding.spec:691)
  - "help-first-leaf" height is 39px which is not in range of 29 to 33px (/specs/usbpubliclanding.spec:692)
  - "help-last-leaf" is 195px left instead of 108px (/specs/usbpubliclanding.spec:697)
  - "help-last-leaf" css property "line-height" is "18px" but should be "16px" (/specs/usbpubliclanding.spec:701)
  - Cannot find locator for "footer-container" in page spec (/specs/usbpubliclanding.spec:743)
  - Cannot find locator for "footer-container" in page spec (/specs/usbpubliclanding.spec:744)
  - Cannot find locator for "footer-container" in page spec (/specs/usbpubliclanding.spec:745)
  - "footer-copy-right" is not visible on page (/specs/usbpubliclanding.spec:748)
  - "footer-copy-right" is not visible on page (/specs/usbpubliclanding.spec:749)
  - Cannot find locator for "footer-container" in page spec (/specs/usbpubliclanding.spec:793)
  - "footer-copy-right" is not visible on page (/specs/usbpubliclanding.spec:794)
  - "footer-rtmenu-items-1" height is 34px which is not in range of 18 to 22px (/specs/usbpubliclanding.spec:799)
  - color #ffffff on "footer-rtmenu-items-1" is 0% instead of 5% (/specs/usbpubliclanding.spec:800)
  - "footer-rtmenu-items-1" height is 34px which is not in range of 18 to 22px (/specs/usbpubliclanding.spec:804)
  - "footer-rtmenu-items-2" height is 34px which is not in range of 18 to 22px (/specs/usbpubliclanding.spec:804)
  - "footer-rtmenu-items-2" is 0px below "footer-rtmenu-items-1" which is not in range of 15 to 18px (/specs/usbpubliclanding.spec:808)
  - "footer-rtmenu-items-3" height is 34px which is not in range of 18 to 22px (/specs/usbpubliclanding.spec:804)
  - "footer-rtmenu-items-3" is 0px below "footer-rtmenu-items-2" which is not in range of 15 to 18px (/specs/usbpubliclanding.spec:808)
  - "footer-rtmenu-items-4" height is 34px which is not in range of 18 to 22px (/specs/usbpubliclanding.spec:804)
  - "footer-rtmenu-items-4" is 0px below "footer-rtmenu-items-3" which is not in range of 15 to 18px (/specs/usbpubliclanding.spec:808)
  - "footer-rtmenu-items-5" height is 34px which is not in range of 18 to 22px (/specs/usbpubliclanding.spec:804)
  - "footer-rtmenu-items-5" is 0px below "footer-rtmenu-items-4" which is not in range of 15 to 18px (/specs/usbpubliclanding.spec:808)
  - "footer-rtmenu-items-6" height is 34px which is not in range of 18 to 22px (/specs/usbpubliclanding.spec:804)
  - "footer-rtmenu-items-6" is 0px below "footer-rtmenu-items-5" which is not in range of 15 to 18px (/specs/usbpubliclanding.spec:808)

	at com.galenframework.support.GalenJavaTestBase.checkLayout(GalenJavaTestBase.java:129)
	at com.galenframework.support.GalenJavaTestBase.checkLayout(GalenJavaTestBase.java:111)
	at com.galenframework.java.USB.tests.SecureLandingPage_creative_Verification.usbPublicLandingPage(SecureLandingPage_creative_Verification.java:34)
	at sun.reflect.NativeMethodAccessorImpl.invoke0(Native Method)
	at sun.reflect.NativeMethodAccessorImpl.invoke(NativeMethodAccessorImpl.java:62)
	at sun.reflect.DelegatingMethodAccessorImpl.invoke(DelegatingMethodAccessorImpl.java:43)
	at java.lang.reflect.Method.invoke(Method.java:498)
	at org.testng.internal.MethodInvocationHelper.invokeMethod(MethodInvocationHelper.java:80)
	at org.testng.internal.Invoker.invokeMethod(Invoker.java:715)
	at org.testng.internal.Invoker.invokeTestMethod(Invoker.java:907)
	at org.testng.internal.Invoker.invokeTestMethods(Invoker.java:1237)
	at org.testng.internal.TestMethodWorker.invokeTestMethods(TestMethodWorker.java:127)
	at org.testng.internal.TestMethodWorker.run(TestMethodWorker.java:111)
	at org.testng.TestRunner.privateRun(TestRunner.java:767)
	at org.testng.TestRunner.run(TestRunner.java:617)
	at org.testng.SuiteRunner.runTest(SuiteRunner.java:334)
	at org.testng.SuiteRunner.runSequentially(SuiteRunner.java:329)
	at org.testng.SuiteRunner.privateRun(SuiteRunner.java:291)
	at org.testng.SuiteRunner.run(SuiteRunner.java:240)
	at org.testng.SuiteRunnerWorker.runSuite(SuiteRunnerWorker.java:51)
	at org.testng.SuiteRunnerWorker.run(SuiteRunnerWorker.java:85)
	at org.testng.TestNG.runSuitesSequentially(TestNG.java:1197)
	at org.testng.TestNG.runSuitesLocally(TestNG.java:1122)
	at org.testng.TestNG.run(TestNG.java:1030)
	at org.testng.remote.AbstractRemoteTestNG.run(AbstractRemoteTestNG.java:132)
	at org.testng.remote.RemoteTestNG.initAndRun(RemoteTestNG.java:230)
	at org.testng.remote.RemoteTestNG.main(RemoteTestNG.java:76)
]]>
    </failure>
  </testcase> <!-- usbPublicLandingPage -->
  <testcase name="fsvPublicLandingPage" time="83.066" classname="com.galenframework.java.USB.tests.SecureLandingPage_creative_Verification">
    <failure type="com.galenframework.support.LayoutValidationException" message="/specs/fsvpubliclanding.spec, tags: [tablet]
  - color #FFFFFF on &quot;header-container&quot; is 1% but it should be greater than 90% (/specs/fsvpubliclanding.spec:63)
  - &quot;left-menu-head&quot; is 103px left instead of 0px (/specs/fsvpubliclanding.spec:66)
  - &quot;logo-img&quot; is absent on page (/specs/fsvpubliclanding.spec:69)
  - &quot;logo-img&quot; is absent on page (/specs/fsvpubliclanding.spec:70)
  - &quot;for-developers&quot; is 193px left instead of 229px (/specs/fsvpubliclanding.spec:73)
  - &quot;logo-img&quot; is absent on page (/specs/fsvpubliclanding.spec:74)
  - &quot;for-developers&quot; height is 25px which is not in range of 19 to 23px (/specs/fsvpubliclanding.spec:75)
  - &quot;right-menu-head&quot; is not visible on page (/specs/fsvpubliclanding.spec:112)
  - &quot;right-menu-head&quot; is not visible on page (/specs/fsvpubliclanding.spec:113)
  - &quot;right-menuhead-items-1&quot; is not visible on page (/specs/fsvpubliclanding.spec:117)
  - &quot;right-menuhead-items-1&quot; is not visible on page (/specs/fsvpubliclanding.spec:118)
  - &quot;right-menuhead-items-1&quot; is not visible on page (/specs/fsvpubliclanding.spec:121)
  - &quot;right-menuhead-items-1&quot; is not visible on page (/specs/fsvpubliclanding.spec:122)
  - &quot;right-menuhead-items-2&quot; is not visible on page (/specs/fsvpubliclanding.spec:121)
  - &quot;right-menuhead-items-2&quot; is not visible on page (/specs/fsvpubliclanding.spec:122)
  - &quot;right-menuhead-items-2&quot; is not visible on page (/specs/fsvpubliclanding.spec:126)
  - &quot;right-menuhead-items-2&quot; is not visible on page (/specs/fsvpubliclanding.spec:127)
  - &quot;right-menuhead-items-3&quot; is not visible on page (/specs/fsvpubliclanding.spec:121)
  - &quot;right-menuhead-items-3&quot; is not visible on page (/specs/fsvpubliclanding.spec:122)
  - &quot;right-menuhead-items-3&quot; is not visible on page (/specs/fsvpubliclanding.spec:126)
  - &quot;right-menuhead-items-3&quot; is not visible on page (/specs/fsvpubliclanding.spec:127)
  - &quot;right-menuhead-items-4&quot; is not visible on page (/specs/fsvpubliclanding.spec:121)
  - &quot;right-menuhead-items-4&quot; is not visible on page (/specs/fsvpubliclanding.spec:122)
  - &quot;right-menuhead-items-4&quot; is not visible on page (/specs/fsvpubliclanding.spec:126)
  - &quot;right-menuhead-items-4&quot; is not visible on page (/specs/fsvpubliclanding.spec:127)
  - &quot;hero-banner&quot; is absent on page (/specs/fsvpubliclanding.spec:176)
  - &quot;hero-banner&quot; is absent on page (/specs/fsvpubliclanding.spec:177)
  - &quot;hero-banner&quot; is absent on page (/specs/fsvpubliclanding.spec:180)
  - &quot;hero-head&quot; height is 27px which is not in range of 36 to 40px (/specs/fsvpubliclanding.spec:181)
  - &quot;hero-head&quot; css property &quot;line-height&quot; is &quot;27px&quot; but should be &quot;38px&quot; (/specs/fsvpubliclanding.spec:183)
  - &quot;hero-banner&quot; is absent on page (/specs/fsvpubliclanding.spec:186)
  - &quot;hero-para&quot; is 5px below &quot;hero-head&quot; instead of 0px (/specs/fsvpubliclanding.spec:187)
  - &quot;hero-para&quot; height is 27px which is not in range of 36 to 40px (/specs/fsvpubliclanding.spec:188)
  - &quot;hero-para&quot; css property &quot;line-height&quot; is &quot;27px&quot; but should be &quot;38px&quot; (/specs/fsvpubliclanding.spec:190)
  - &quot;hero-banner&quot; is absent on page (/specs/fsvpubliclanding.spec:193)
  - &quot;hero-cta1&quot; is 68px below &quot;hero-para&quot; instead of 71px (/specs/fsvpubliclanding.spec:194)
  - &quot;hero-cta1&quot; css property &quot;line-height&quot; is &quot;20px&quot; but should be &quot;16px&quot; (/specs/fsvpubliclanding.spec:197)
  - &quot;Highlight2&quot; height is 107px which is not in range of 98 to 104px (/specs/fsvpubliclanding.spec:427)
  - &quot;Highlight2&quot; is 679px left which is not in range of 492 to 496px (/specs/fsvpubliclanding.spec:428)
  - &quot;Highlight2&quot; is 403px right of &quot;Highlight1&quot; which is not in range of 215 to 219px (/specs/fsvpubliclanding.spec:429)
  - &quot;Highlight3&quot; width is 65px which is not in range of 80 to 86px (/specs/fsvpubliclanding.spec:433)
  - &quot;Highlight3&quot; height is 65px which is not in range of 80 to 86px (/specs/fsvpubliclanding.spec:434)
  - &quot;Highlight3&quot; is 211px left which is not in range of 200 to 204px (/specs/fsvpubliclanding.spec:435)
  - &quot;Highlight3&quot; is 158px below &quot;Highlight1&quot; which is not in range of 170 to 174px (/specs/fsvpubliclanding.spec:436)
  - &quot;Highlight4&quot; width is 65px which is not in range of 76 to 83px (/specs/fsvpubliclanding.spec:440)
  - &quot;Highlight4&quot; height is 65px which is not in range of 76 to 83px (/specs/fsvpubliclanding.spec:441)
  - &quot;Highlight4&quot; is 679px left which is not in range of 483 to 487px (/specs/fsvpubliclanding.spec:442)
  - &quot;Highlight4&quot; is -65px below &quot;Highlight4&quot; which is not in range of 158 to 162px (/specs/fsvpubliclanding.spec:443)
  - &quot;HighlightTitle1&quot; width is 417px which is not in range of 252 to 260px (/specs/fsvpubliclanding.spec:446)
  - &quot;HighlightTitle1&quot; css property &quot;font-size&quot; is &quot;22px&quot; but should be &quot;21px&quot; (/specs/fsvpubliclanding.spec:448)
  - &quot;HighlightTitle1&quot; css property &quot;line-height&quot; is &quot;27px&quot; but should be &quot;26px&quot; (/specs/fsvpubliclanding.spec:449)
  - &quot;HighlightTitle1&quot; is 35px left which is not in range of 113 to 117px (/specs/fsvpubliclanding.spec:450)
  - &quot;HighlightTitle2&quot; width is 417px which is not in range of 252 to 260px (/specs/fsvpubliclanding.spec:455)
  - &quot;HighlightTitle2&quot; css property &quot;font-size&quot; is &quot;22px&quot; but should be &quot;21px&quot; (/specs/fsvpubliclanding.spec:457)
  - &quot;HighlightTitle2&quot; css property &quot;line-height&quot; is &quot;27px&quot; but should be &quot;26px&quot; (/specs/fsvpubliclanding.spec:458)
  - &quot;HighlightTitle2&quot; is 503px left which is not in range of 48 to 52px (/specs/fsvpubliclanding.spec:459)
  - &quot;HighlightTitle2&quot; is 11px below &quot;Highlight2&quot; which is not in range of 16 to 23px (/specs/fsvpubliclanding.spec:460)
  - &quot;HighlightTitle2&quot; is 51px right of &quot;HighlightTitle1&quot; which is not in range of 23 to 27px (/specs/fsvpubliclanding.spec:461)
  - &quot;HighlightTitle3&quot; width is 417px which is not in range of 273 to 279px (/specs/fsvpubliclanding.spec:464)
  - &quot;HighlightTitle3&quot; css property &quot;line-height&quot; is &quot;27px&quot; but should be &quot;26px&quot; (/specs/fsvpubliclanding.spec:467)
  - &quot;HighlightTitle3&quot; is 35px left which is not in range of 113 to 117px (/specs/fsvpubliclanding.spec:468)
  - &quot;HighlightTitle3&quot; is 53px below &quot;Highlight3&quot; which is not in range of 36 to 40px (/specs/fsvpubliclanding.spec:469)
  - &quot;HighlightTitle4&quot; width is 417px which is not in range of 273 to 279px (/specs/fsvpubliclanding.spec:472)
  - &quot;HighlightTitle4&quot; css property &quot;line-height&quot; is &quot;27px&quot; but should be &quot;26px&quot; (/specs/fsvpubliclanding.spec:475)
  - &quot;HighlightTitle4&quot; is 503px left which is not in range of 404 to 408px (/specs/fsvpubliclanding.spec:476)
  - &quot;HighlightTitle4&quot; is 53px below &quot;Highlight4&quot; which is not in range of 37 to 41px (/specs/fsvpubliclanding.spec:477)
  - &quot;HighlightTitle4&quot; is 51px right of &quot;HighlightTitle3&quot; which is not in range of 33 to 37px (/specs/fsvpubliclanding.spec:478)
  - &quot;HighligtSumary1&quot; width is 417px which is not in range of 253 to 259px (/specs/fsvpubliclanding.spec:482)
  - &quot;HighligtSumary1&quot; height is 18px which is not in range of 51 to 57px (/specs/fsvpubliclanding.spec:483)
  - &quot;HighligtSumary1&quot; is 35px left which is not in range of 113 to 117px (/specs/fsvpubliclanding.spec:486)
  - &quot;HighligtSumary1&quot; is 14px below &quot;HighlightTitle1&quot; which is not in range of 5 to 12px (/specs/fsvpubliclanding.spec:487)
  - &quot;HighligtSumary2&quot; width is 417px which is not in range of 253 to 259px (/specs/fsvpubliclanding.spec:491)
  - &quot;HighligtSumary2&quot; is 503px left which is not in range of 394 to 398px (/specs/fsvpubliclanding.spec:495)
  - &quot;HighligtSumary2&quot; is 14px below &quot;HighlightTitle2&quot; which is not in range of 5 to 12px (/specs/fsvpubliclanding.spec:496)
  - &quot;HighligtSumary2&quot; is 51px right of &quot;HighligtSumary1&quot; which is not in range of 23 to 27px (/specs/fsvpubliclanding.spec:497)
  - &quot;HighligtSumary3&quot; width is 417px which is not in range of 253 to 259px (/specs/fsvpubliclanding.spec:501)
  - &quot;HighligtSumary3&quot; height is 36px which is not in range of 51 to 57px (/specs/fsvpubliclanding.spec:502)
  - &quot;HighligtSumary3&quot; is 35px left which is not in range of 113 to 117px (/specs/fsvpubliclanding.spec:505)
  - &quot;HighligtSumary4&quot; width is 417px which is not in range of 253 to 259px (/specs/fsvpubliclanding.spec:510)
  - &quot;HighligtSumary4&quot; height is 36px which is not in range of 51 to 57px (/specs/fsvpubliclanding.spec:511)
  - &quot;HighligtSumary4&quot; is 503px left which is not in range of 51 to 55px (/specs/fsvpubliclanding.spec:514)
  - &quot;HighligtSumary4&quot; is 14px below &quot;HighlightTitle3&quot; which is not in range of 9 to 13px (/specs/fsvpubliclanding.spec:515)
  - &quot;HighligtSumary4&quot; is 51px right of &quot;HighligtSumary3&quot; which is not in range of 24 to 28px (/specs/fsvpubliclanding.spec:516)
  - &quot;ToolsDoc&quot; width is 939px which is not in range of 381 to 387px (/specs/fsvpubliclanding.spec:621)
  - &quot;ToolsDoc&quot; is 11px left which is not in range of 191 to 195px (/specs/fsvpubliclanding.spec:625)
  - &quot;ToolSumry&quot; width is 657px which is not in range of 381 to 387px (/specs/fsvpubliclanding.spec:629)
  - &quot;ToolSumry&quot; height is 54px which is not in range of 68 to 75px (/specs/fsvpubliclanding.spec:630)
  - &quot;ToolSumry&quot; is 152px left which is not in range of 191 to 195px (/specs/fsvpubliclanding.spec:633)
  - &quot;ToolSumry&quot; is 29px below &quot;ToolsDoc&quot; which is not in range of 21 to 25px (/specs/fsvpubliclanding.spec:634)
  - &quot;Tooltext&quot; width is 751px which is not in range of 567 to 574px (/specs/fsvpubliclanding.spec:637)
  - &quot;Tooltext&quot; css property &quot;line-height&quot; is &quot;15px&quot; but should be &quot;14px&quot; (/specs/fsvpubliclanding.spec:640)
  - &quot;Tooltext&quot; is 105px left which is not in range of 98 to 102px (/specs/fsvpubliclanding.spec:641)
  - &quot;CodeSnippet&quot; width is 650px which is not in range of 584 to 592px (/specs/fsvpubliclanding.spec:645)
  - &quot;CodeSnippet&quot; height is 300px which is not in range of 312 to 319px (/specs/fsvpubliclanding.spec:646)
  - &quot;CodeSnippet&quot; is 156px left which is not in range of 88 to 92px (/specs/fsvpubliclanding.spec:647)
  - &quot;CTA1&quot; is 308px left which is not in range of 209 to 213px (/specs/fsvpubliclanding.spec:654)
  - &quot;CTA1&quot; css property &quot;line-height&quot; is &quot;18px&quot; but should be &quot;16px&quot; (/specs/fsvpubliclanding.spec:656)
  - &quot;CTA2&quot; is 493px left which is not in range of 395 to 399px (/specs/fsvpubliclanding.spec:662)
  - &quot;CTA2&quot; css property &quot;line-height&quot; is &quot;18px&quot; but should be &quot;16px&quot; (/specs/fsvpubliclanding.spec:664)
  - &quot;help-component&quot; height is 218px which is not in range of 238 to 242px (/specs/fsvpubliclanding.spec:709)
  - &quot;help-first-leaf&quot; is 399px left instead of 0px (/specs/fsvpubliclanding.spec:712)
  - &quot;help-first-leaf&quot; height is 46px which is not in range of 29 to 33px (/specs/fsvpubliclanding.spec:713)
  - &quot;help-last-leaf&quot; is 398px left instead of 270px (/specs/fsvpubliclanding.spec:718)
  - &quot;help-last-leaf&quot; is 23px below &quot;help-first-leaf&quot; instead of 30px (/specs/fsvpubliclanding.spec:719)
  - &quot;help-last-leaf&quot; height is 40px which is not in range of 48 to 52px (/specs/fsvpubliclanding.spec:720)
  - &quot;help-last-leaf&quot; css property &quot;line-height&quot; is &quot;18px&quot; but should be &quot;16px&quot; (/specs/fsvpubliclanding.spec:722)
  - Cannot find locator for &quot;footer-container&quot; in page spec (/specs/fsvpubliclanding.spec:736)
  - Cannot find locator for &quot;footer-container&quot; in page spec (/specs/fsvpubliclanding.spec:737)
  - Cannot find locator for &quot;footer-container&quot; in page spec (/specs/fsvpubliclanding.spec:738)
  - &quot;footer-copy-right&quot; is not visible on page (/specs/fsvpubliclanding.spec:741)
  - Cannot find locator for &quot;footer-container&quot; in page spec (/specs/fsvpubliclanding.spec:776)
  - &quot;footer-copy-right&quot; is not visible on page (/specs/fsvpubliclanding.spec:777)
  - &quot;footer-rtmenu-items-1&quot; is 0px right which is not in range of 230 to 232px (/specs/fsvpubliclanding.spec:781)
  - &quot;footer-rtmenu-items-1&quot; height is 34px which is not in range of 18 to 22px (/specs/fsvpubliclanding.spec:782)
  - color #ffffff on &quot;footer-rtmenu-items-1&quot; is 0% instead of 5% (/specs/fsvpubliclanding.spec:783)
  - &quot;footer-rtmenu-items-1&quot; height is 34px which is not in range of 18 to 22px (/specs/fsvpubliclanding.spec:787)
  - &quot;footer-rtmenu-items-2&quot; height is 34px which is not in range of 18 to 22px (/specs/fsvpubliclanding.spec:787)
  - &quot;footer-rtmenu-items-2&quot; is -939px right of &quot;footer-rtmenu-items-1&quot; which is not in range of 26 to 28px (/specs/fsvpubliclanding.spec:791)
  - &quot;footer-rtmenu-items-3&quot; height is 34px which is not in range of 18 to 22px (/specs/fsvpubliclanding.spec:787)
  - &quot;footer-rtmenu-items-3&quot; is -939px right of &quot;footer-rtmenu-items-2&quot; which is not in range of 26 to 28px (/specs/fsvpubliclanding.spec:791)
  - &quot;footer-rtmenu-items-4&quot; height is 34px which is not in range of 18 to 22px (/specs/fsvpubliclanding.spec:787)
  - &quot;footer-rtmenu-items-4&quot; is -939px right of &quot;footer-rtmenu-items-3&quot; which is not in range of 26 to 28px (/specs/fsvpubliclanding.spec:791)
  - &quot;footer-rtmenu-items-5&quot; height is 34px which is not in range of 18 to 22px (/specs/fsvpubliclanding.spec:787)
  - &quot;footer-rtmenu-items-5&quot; is -939px right of &quot;footer-rtmenu-items-4&quot; which is not in range of 26 to 28px (/specs/fsvpubliclanding.spec:791)
">
      <![CDATA[com.galenframework.support.LayoutValidationException: /specs/fsvpubliclanding.spec, tags: [tablet]
  - color #FFFFFF on "header-container" is 1% but it should be greater than 90% (/specs/fsvpubliclanding.spec:63)
  - "left-menu-head" is 103px left instead of 0px (/specs/fsvpubliclanding.spec:66)
  - "logo-img" is absent on page (/specs/fsvpubliclanding.spec:69)
  - "logo-img" is absent on page (/specs/fsvpubliclanding.spec:70)
  - "for-developers" is 193px left instead of 229px (/specs/fsvpubliclanding.spec:73)
  - "logo-img" is absent on page (/specs/fsvpubliclanding.spec:74)
  - "for-developers" height is 25px which is not in range of 19 to 23px (/specs/fsvpubliclanding.spec:75)
  - "right-menu-head" is not visible on page (/specs/fsvpubliclanding.spec:112)
  - "right-menu-head" is not visible on page (/specs/fsvpubliclanding.spec:113)
  - "right-menuhead-items-1" is not visible on page (/specs/fsvpubliclanding.spec:117)
  - "right-menuhead-items-1" is not visible on page (/specs/fsvpubliclanding.spec:118)
  - "right-menuhead-items-1" is not visible on page (/specs/fsvpubliclanding.spec:121)
  - "right-menuhead-items-1" is not visible on page (/specs/fsvpubliclanding.spec:122)
  - "right-menuhead-items-2" is not visible on page (/specs/fsvpubliclanding.spec:121)
  - "right-menuhead-items-2" is not visible on page (/specs/fsvpubliclanding.spec:122)
  - "right-menuhead-items-2" is not visible on page (/specs/fsvpubliclanding.spec:126)
  - "right-menuhead-items-2" is not visible on page (/specs/fsvpubliclanding.spec:127)
  - "right-menuhead-items-3" is not visible on page (/specs/fsvpubliclanding.spec:121)
  - "right-menuhead-items-3" is not visible on page (/specs/fsvpubliclanding.spec:122)
  - "right-menuhead-items-3" is not visible on page (/specs/fsvpubliclanding.spec:126)
  - "right-menuhead-items-3" is not visible on page (/specs/fsvpubliclanding.spec:127)
  - "right-menuhead-items-4" is not visible on page (/specs/fsvpubliclanding.spec:121)
  - "right-menuhead-items-4" is not visible on page (/specs/fsvpubliclanding.spec:122)
  - "right-menuhead-items-4" is not visible on page (/specs/fsvpubliclanding.spec:126)
  - "right-menuhead-items-4" is not visible on page (/specs/fsvpubliclanding.spec:127)
  - "hero-banner" is absent on page (/specs/fsvpubliclanding.spec:176)
  - "hero-banner" is absent on page (/specs/fsvpubliclanding.spec:177)
  - "hero-banner" is absent on page (/specs/fsvpubliclanding.spec:180)
  - "hero-head" height is 27px which is not in range of 36 to 40px (/specs/fsvpubliclanding.spec:181)
  - "hero-head" css property "line-height" is "27px" but should be "38px" (/specs/fsvpubliclanding.spec:183)
  - "hero-banner" is absent on page (/specs/fsvpubliclanding.spec:186)
  - "hero-para" is 5px below "hero-head" instead of 0px (/specs/fsvpubliclanding.spec:187)
  - "hero-para" height is 27px which is not in range of 36 to 40px (/specs/fsvpubliclanding.spec:188)
  - "hero-para" css property "line-height" is "27px" but should be "38px" (/specs/fsvpubliclanding.spec:190)
  - "hero-banner" is absent on page (/specs/fsvpubliclanding.spec:193)
  - "hero-cta1" is 68px below "hero-para" instead of 71px (/specs/fsvpubliclanding.spec:194)
  - "hero-cta1" css property "line-height" is "20px" but should be "16px" (/specs/fsvpubliclanding.spec:197)
  - "Highlight2" height is 107px which is not in range of 98 to 104px (/specs/fsvpubliclanding.spec:427)
  - "Highlight2" is 679px left which is not in range of 492 to 496px (/specs/fsvpubliclanding.spec:428)
  - "Highlight2" is 403px right of "Highlight1" which is not in range of 215 to 219px (/specs/fsvpubliclanding.spec:429)
  - "Highlight3" width is 65px which is not in range of 80 to 86px (/specs/fsvpubliclanding.spec:433)
  - "Highlight3" height is 65px which is not in range of 80 to 86px (/specs/fsvpubliclanding.spec:434)
  - "Highlight3" is 211px left which is not in range of 200 to 204px (/specs/fsvpubliclanding.spec:435)
  - "Highlight3" is 158px below "Highlight1" which is not in range of 170 to 174px (/specs/fsvpubliclanding.spec:436)
  - "Highlight4" width is 65px which is not in range of 76 to 83px (/specs/fsvpubliclanding.spec:440)
  - "Highlight4" height is 65px which is not in range of 76 to 83px (/specs/fsvpubliclanding.spec:441)
  - "Highlight4" is 679px left which is not in range of 483 to 487px (/specs/fsvpubliclanding.spec:442)
  - "Highlight4" is -65px below "Highlight4" which is not in range of 158 to 162px (/specs/fsvpubliclanding.spec:443)
  - "HighlightTitle1" width is 417px which is not in range of 252 to 260px (/specs/fsvpubliclanding.spec:446)
  - "HighlightTitle1" css property "font-size" is "22px" but should be "21px" (/specs/fsvpubliclanding.spec:448)
  - "HighlightTitle1" css property "line-height" is "27px" but should be "26px" (/specs/fsvpubliclanding.spec:449)
  - "HighlightTitle1" is 35px left which is not in range of 113 to 117px (/specs/fsvpubliclanding.spec:450)
  - "HighlightTitle2" width is 417px which is not in range of 252 to 260px (/specs/fsvpubliclanding.spec:455)
  - "HighlightTitle2" css property "font-size" is "22px" but should be "21px" (/specs/fsvpubliclanding.spec:457)
  - "HighlightTitle2" css property "line-height" is "27px" but should be "26px" (/specs/fsvpubliclanding.spec:458)
  - "HighlightTitle2" is 503px left which is not in range of 48 to 52px (/specs/fsvpubliclanding.spec:459)
  - "HighlightTitle2" is 11px below "Highlight2" which is not in range of 16 to 23px (/specs/fsvpubliclanding.spec:460)
  - "HighlightTitle2" is 51px right of "HighlightTitle1" which is not in range of 23 to 27px (/specs/fsvpubliclanding.spec:461)
  - "HighlightTitle3" width is 417px which is not in range of 273 to 279px (/specs/fsvpubliclanding.spec:464)
  - "HighlightTitle3" css property "line-height" is "27px" but should be "26px" (/specs/fsvpubliclanding.spec:467)
  - "HighlightTitle3" is 35px left which is not in range of 113 to 117px (/specs/fsvpubliclanding.spec:468)
  - "HighlightTitle3" is 53px below "Highlight3" which is not in range of 36 to 40px (/specs/fsvpubliclanding.spec:469)
  - "HighlightTitle4" width is 417px which is not in range of 273 to 279px (/specs/fsvpubliclanding.spec:472)
  - "HighlightTitle4" css property "line-height" is "27px" but should be "26px" (/specs/fsvpubliclanding.spec:475)
  - "HighlightTitle4" is 503px left which is not in range of 404 to 408px (/specs/fsvpubliclanding.spec:476)
  - "HighlightTitle4" is 53px below "Highlight4" which is not in range of 37 to 41px (/specs/fsvpubliclanding.spec:477)
  - "HighlightTitle4" is 51px right of "HighlightTitle3" which is not in range of 33 to 37px (/specs/fsvpubliclanding.spec:478)
  - "HighligtSumary1" width is 417px which is not in range of 253 to 259px (/specs/fsvpubliclanding.spec:482)
  - "HighligtSumary1" height is 18px which is not in range of 51 to 57px (/specs/fsvpubliclanding.spec:483)
  - "HighligtSumary1" is 35px left which is not in range of 113 to 117px (/specs/fsvpubliclanding.spec:486)
  - "HighligtSumary1" is 14px below "HighlightTitle1" which is not in range of 5 to 12px (/specs/fsvpubliclanding.spec:487)
  - "HighligtSumary2" width is 417px which is not in range of 253 to 259px (/specs/fsvpubliclanding.spec:491)
  - "HighligtSumary2" is 503px left which is not in range of 394 to 398px (/specs/fsvpubliclanding.spec:495)
  - "HighligtSumary2" is 14px below "HighlightTitle2" which is not in range of 5 to 12px (/specs/fsvpubliclanding.spec:496)
  - "HighligtSumary2" is 51px right of "HighligtSumary1" which is not in range of 23 to 27px (/specs/fsvpubliclanding.spec:497)
  - "HighligtSumary3" width is 417px which is not in range of 253 to 259px (/specs/fsvpubliclanding.spec:501)
  - "HighligtSumary3" height is 36px which is not in range of 51 to 57px (/specs/fsvpubliclanding.spec:502)
  - "HighligtSumary3" is 35px left which is not in range of 113 to 117px (/specs/fsvpubliclanding.spec:505)
  - "HighligtSumary4" width is 417px which is not in range of 253 to 259px (/specs/fsvpubliclanding.spec:510)
  - "HighligtSumary4" height is 36px which is not in range of 51 to 57px (/specs/fsvpubliclanding.spec:511)
  - "HighligtSumary4" is 503px left which is not in range of 51 to 55px (/specs/fsvpubliclanding.spec:514)
  - "HighligtSumary4" is 14px below "HighlightTitle3" which is not in range of 9 to 13px (/specs/fsvpubliclanding.spec:515)
  - "HighligtSumary4" is 51px right of "HighligtSumary3" which is not in range of 24 to 28px (/specs/fsvpubliclanding.spec:516)
  - "ToolsDoc" width is 939px which is not in range of 381 to 387px (/specs/fsvpubliclanding.spec:621)
  - "ToolsDoc" is 11px left which is not in range of 191 to 195px (/specs/fsvpubliclanding.spec:625)
  - "ToolSumry" width is 657px which is not in range of 381 to 387px (/specs/fsvpubliclanding.spec:629)
  - "ToolSumry" height is 54px which is not in range of 68 to 75px (/specs/fsvpubliclanding.spec:630)
  - "ToolSumry" is 152px left which is not in range of 191 to 195px (/specs/fsvpubliclanding.spec:633)
  - "ToolSumry" is 29px below "ToolsDoc" which is not in range of 21 to 25px (/specs/fsvpubliclanding.spec:634)
  - "Tooltext" width is 751px which is not in range of 567 to 574px (/specs/fsvpubliclanding.spec:637)
  - "Tooltext" css property "line-height" is "15px" but should be "14px" (/specs/fsvpubliclanding.spec:640)
  - "Tooltext" is 105px left which is not in range of 98 to 102px (/specs/fsvpubliclanding.spec:641)
  - "CodeSnippet" width is 650px which is not in range of 584 to 592px (/specs/fsvpubliclanding.spec:645)
  - "CodeSnippet" height is 300px which is not in range of 312 to 319px (/specs/fsvpubliclanding.spec:646)
  - "CodeSnippet" is 156px left which is not in range of 88 to 92px (/specs/fsvpubliclanding.spec:647)
  - "CTA1" is 308px left which is not in range of 209 to 213px (/specs/fsvpubliclanding.spec:654)
  - "CTA1" css property "line-height" is "18px" but should be "16px" (/specs/fsvpubliclanding.spec:656)
  - "CTA2" is 493px left which is not in range of 395 to 399px (/specs/fsvpubliclanding.spec:662)
  - "CTA2" css property "line-height" is "18px" but should be "16px" (/specs/fsvpubliclanding.spec:664)
  - "help-component" height is 218px which is not in range of 238 to 242px (/specs/fsvpubliclanding.spec:709)
  - "help-first-leaf" is 399px left instead of 0px (/specs/fsvpubliclanding.spec:712)
  - "help-first-leaf" height is 46px which is not in range of 29 to 33px (/specs/fsvpubliclanding.spec:713)
  - "help-last-leaf" is 398px left instead of 270px (/specs/fsvpubliclanding.spec:718)
  - "help-last-leaf" is 23px below "help-first-leaf" instead of 30px (/specs/fsvpubliclanding.spec:719)
  - "help-last-leaf" height is 40px which is not in range of 48 to 52px (/specs/fsvpubliclanding.spec:720)
  - "help-last-leaf" css property "line-height" is "18px" but should be "16px" (/specs/fsvpubliclanding.spec:722)
  - Cannot find locator for "footer-container" in page spec (/specs/fsvpubliclanding.spec:736)
  - Cannot find locator for "footer-container" in page spec (/specs/fsvpubliclanding.spec:737)
  - Cannot find locator for "footer-container" in page spec (/specs/fsvpubliclanding.spec:738)
  - "footer-copy-right" is not visible on page (/specs/fsvpubliclanding.spec:741)
  - Cannot find locator for "footer-container" in page spec (/specs/fsvpubliclanding.spec:776)
  - "footer-copy-right" is not visible on page (/specs/fsvpubliclanding.spec:777)
  - "footer-rtmenu-items-1" is 0px right which is not in range of 230 to 232px (/specs/fsvpubliclanding.spec:781)
  - "footer-rtmenu-items-1" height is 34px which is not in range of 18 to 22px (/specs/fsvpubliclanding.spec:782)
  - color #ffffff on "footer-rtmenu-items-1" is 0% instead of 5% (/specs/fsvpubliclanding.spec:783)
  - "footer-rtmenu-items-1" height is 34px which is not in range of 18 to 22px (/specs/fsvpubliclanding.spec:787)
  - "footer-rtmenu-items-2" height is 34px which is not in range of 18 to 22px (/specs/fsvpubliclanding.spec:787)
  - "footer-rtmenu-items-2" is -939px right of "footer-rtmenu-items-1" which is not in range of 26 to 28px (/specs/fsvpubliclanding.spec:791)
  - "footer-rtmenu-items-3" height is 34px which is not in range of 18 to 22px (/specs/fsvpubliclanding.spec:787)
  - "footer-rtmenu-items-3" is -939px right of "footer-rtmenu-items-2" which is not in range of 26 to 28px (/specs/fsvpubliclanding.spec:791)
  - "footer-rtmenu-items-4" height is 34px which is not in range of 18 to 22px (/specs/fsvpubliclanding.spec:787)
  - "footer-rtmenu-items-4" is -939px right of "footer-rtmenu-items-3" which is not in range of 26 to 28px (/specs/fsvpubliclanding.spec:791)
  - "footer-rtmenu-items-5" height is 34px which is not in range of 18 to 22px (/specs/fsvpubliclanding.spec:787)
  - "footer-rtmenu-items-5" is -939px right of "footer-rtmenu-items-4" which is not in range of 26 to 28px (/specs/fsvpubliclanding.spec:791)

	at com.galenframework.support.GalenJavaTestBase.checkLayout(GalenJavaTestBase.java:129)
	at com.galenframework.support.GalenJavaTestBase.checkLayout(GalenJavaTestBase.java:111)
	at com.galenframework.java.USB.tests.SecureLandingPage_creative_Verification.fsvPublicLandingPage(SecureLandingPage_creative_Verification.java:75)
	at sun.reflect.NativeMethodAccessorImpl.invoke0(Native Method)
	at sun.reflect.NativeMethodAccessorImpl.invoke(NativeMethodAccessorImpl.java:62)
	at sun.reflect.DelegatingMethodAccessorImpl.invoke(DelegatingMethodAccessorImpl.java:43)
	at java.lang.reflect.Method.invoke(Method.java:498)
	at org.testng.internal.MethodInvocationHelper.invokeMethod(MethodInvocationHelper.java:80)
	at org.testng.internal.Invoker.invokeMethod(Invoker.java:715)
	at org.testng.internal.Invoker.invokeTestMethod(Invoker.java:907)
	at org.testng.internal.Invoker.invokeTestMethods(Invoker.java:1237)
	at org.testng.internal.TestMethodWorker.invokeTestMethods(TestMethodWorker.java:127)
	at org.testng.internal.TestMethodWorker.run(TestMethodWorker.java:111)
	at org.testng.TestRunner.privateRun(TestRunner.java:767)
	at org.testng.TestRunner.run(TestRunner.java:617)
	at org.testng.SuiteRunner.runTest(SuiteRunner.java:334)
	at org.testng.SuiteRunner.runSequentially(SuiteRunner.java:329)
	at org.testng.SuiteRunner.privateRun(SuiteRunner.java:291)
	at org.testng.SuiteRunner.run(SuiteRunner.java:240)
	at org.testng.SuiteRunnerWorker.runSuite(SuiteRunnerWorker.java:51)
	at org.testng.SuiteRunnerWorker.run(SuiteRunnerWorker.java:85)
	at org.testng.TestNG.runSuitesSequentially(TestNG.java:1197)
	at org.testng.TestNG.runSuitesLocally(TestNG.java:1122)
	at org.testng.TestNG.run(TestNG.java:1030)
	at org.testng.remote.AbstractRemoteTestNG.run(AbstractRemoteTestNG.java:132)
	at org.testng.remote.RemoteTestNG.initAndRun(RemoteTestNG.java:230)
	at org.testng.remote.RemoteTestNG.main(RemoteTestNG.java:76)
]]>
    </failure>
  </testcase> <!-- fsvPublicLandingPage -->
  <testcase name="elavonPublicLandingPage" time="93.706" classname="com.galenframework.java.USB.tests.SecureLandingPage_creative_Verification">
    <failure type="com.galenframework.support.LayoutValidationException" message="/specs/elavonpubliclanding.spec, tags: [Desktop]
  - &quot;header-container&quot; height is 96px which is not in range of 188 to 192px (/specs/elavonpubliclanding.spec:47)
  - color #e03e4b on &quot;header-container&quot; is 0% but it should be greater than 90% (/specs/elavonpubliclanding.spec:48)
  - &quot;left-menu-head&quot; is 89px left instead of 0px (/specs/elavonpubliclanding.spec:51)
  - &quot;logo-img&quot; is absent on page (/specs/elavonpubliclanding.spec:54)
  - &quot;logo-img&quot; is absent on page (/specs/elavonpubliclanding.spec:55)
  - &quot;for-developers&quot; is 101px left instead of 208px (/specs/elavonpubliclanding.spec:58)
  - &quot;logo-img&quot; is absent on page (/specs/elavonpubliclanding.spec:59)
  - &quot;for-developers&quot; height is 25px which is not in range of 19 to 23px (/specs/elavonpubliclanding.spec:60)
  - &quot;right-menuhead-items-1&quot; is 171px right of &quot;for-developers&quot; instead of 413px (/specs/elavonpubliclanding.spec:102)
  - &quot;right-menuhead-items-1&quot; height is 25px which is not in range of 19 to 23px (/specs/elavonpubliclanding.spec:106)
  - &quot;right-menuhead-items-2&quot; height is 25px which is not in range of 19 to 23px (/specs/elavonpubliclanding.spec:106)
  - &quot;right-menuhead-items-2&quot; is 4px right of &quot;right-menuhead-items-1&quot; which is not in range of 52 to 54px (/specs/elavonpubliclanding.spec:110)
  - &quot;right-menuhead-items-3&quot; height is 25px which is not in range of 19 to 23px (/specs/elavonpubliclanding.spec:106)
  - &quot;right-menuhead-items-3&quot; is 3px right of &quot;right-menuhead-items-2&quot; which is not in range of 52 to 54px (/specs/elavonpubliclanding.spec:110)
  - &quot;right-menuhead-items-4&quot; height is 25px which is not in range of 19 to 23px (/specs/elavonpubliclanding.spec:106)
  - &quot;right-menuhead-items-4&quot; is 3px right of &quot;right-menuhead-items-3&quot; which is not in range of 52 to 54px (/specs/elavonpubliclanding.spec:110)
  - &quot;right-menuhead-items-5&quot; height is 25px which is not in range of 19 to 23px (/specs/elavonpubliclanding.spec:106)
  - &quot;right-menuhead-items-5&quot; is 3px right of &quot;right-menuhead-items-4&quot; which is not in range of 52 to 54px (/specs/elavonpubliclanding.spec:110)
  - &quot;hero-banner&quot; is -4px top instead of 0px (/specs/elavonpubliclanding.spec:154)
  - Couldn&#039;t fetch spectrum for &quot;hero-banner&quot; (/specs/elavonpubliclanding.spec:155)
  - &quot;hero-head&quot; is 89px left instead of 72px, is 203px top instead of 212px (/specs/elavonpubliclanding.spec:158)
  - &quot;hero-head&quot; css property &quot;line-height&quot; is &quot;60px&quot; but should be &quot;58px&quot; (/specs/elavonpubliclanding.spec:161)
  - &quot;hero-para&quot; is 89px left instead of 72px, is 263px top instead of 270px (/specs/elavonpubliclanding.spec:164)
  - &quot;hero-para&quot; css property &quot;line-height&quot; is &quot;60px&quot; but should be &quot;58px&quot; (/specs/elavonpubliclanding.spec:168)
  - &quot;hero-cta1&quot; is 863px left instead of 75px, is 374px top instead of 432px (/specs/elavonpubliclanding.spec:171)
  - &quot;hero-cta1&quot; is 51px below &quot;hero-para&quot; instead of 104px (/specs/elavonpubliclanding.spec:172)
  - &quot;hero-cta1&quot; height is 120px which is not in range of 48 to 52px (/specs/elavonpubliclanding.spec:173)
  - &quot;hero-cta1&quot; css property &quot;font-size&quot; is &quot;14px&quot; but should be &quot;16px&quot; (/specs/elavonpubliclanding.spec:174)
  - &quot;hero-cta1&quot; css property &quot;line-height&quot; is &quot;20px&quot; but should be &quot;18px&quot; (/specs/elavonpubliclanding.spec:175)
  - &quot;Highlight1&quot; height is 108px which is not in range of 81 to 87px (/specs/elavonpubliclanding.spec:231)
  - &quot;Highlight1&quot; is 221px left which is not in range of 182 to 186px (/specs/elavonpubliclanding.spec:232)
  - &quot;Highlight2&quot; height is 65px which is not in range of 98 to 104px (/specs/elavonpubliclanding.spec:236)
  - &quot;Highlight2&quot; is 552px left which is not in range of 489 to 493px (/specs/elavonpubliclanding.spec:237)
  - &quot;Highlight2&quot; is 266px right of &quot;Highlight1&quot; which is not in range of 240 to 244px (/specs/elavonpubliclanding.spec:238)
  - &quot;Highlight3&quot; width is 65px which is not in range of 80 to 86px (/specs/elavonpubliclanding.spec:242)
  - &quot;Highlight3&quot; height is 65px which is not in range of 80 to 86px (/specs/elavonpubliclanding.spec:243)
  - &quot;Highlight3&quot; is 883px left which is not in range of 785 to 789px (/specs/elavonpubliclanding.spec:244)
  - &quot;Highlight3&quot; is 266px right of &quot;Highlight2&quot; which is not in range of 232 to 236px (/specs/elavonpubliclanding.spec:245)
  - &quot;Highlight4&quot; width is 65px which is not in range of 76 to 83px (/specs/elavonpubliclanding.spec:249)
  - &quot;Highlight4&quot; height is 84px which is not in range of 76 to 83px (/specs/elavonpubliclanding.spec:250)
  - &quot;Highlight4&quot; is 387px left which is not in range of 1092 to 1096px (/specs/elavonpubliclanding.spec:251)
  - &quot;Highlight4&quot; is -561px right of &quot;Highlight3&quot; which is not in range of 223 to 227px (/specs/elavonpubliclanding.spec:252)
  - &quot;HighlightTitle1&quot; width is 279px which is not in range of 169 to 175px (/specs/elavonpubliclanding.spec:255)
  - &quot;HighlightTitle1&quot; css property &quot;line-height&quot; is &quot;27px&quot; but should be &quot;26px&quot; (/specs/elavonpubliclanding.spec:258)
  - &quot;HighlightTitle1&quot; is 114px left which is not in range of 129 to 133px (/specs/elavonpubliclanding.spec:259)
  - &quot;HighlightTitle1&quot; is 10px below &quot;Highlight1&quot; which is not in range of 34 to 38px (/specs/elavonpubliclanding.spec:260)
  - &quot;HighlightTitle2&quot; width is 279px which is not in range of 186 to 192px (/specs/elavonpubliclanding.spec:264)
  - &quot;HighlightTitle2&quot; css property &quot;line-height&quot; is &quot;27px&quot; but should be &quot;26px&quot; (/specs/elavonpubliclanding.spec:267)
  - &quot;HighlightTitle2&quot; is 445px left which is not in range of 426 to 430px (/specs/elavonpubliclanding.spec:268)
  - &quot;HighlightTitle2&quot; is 53px below &quot;Highlight2&quot; which is not in range of 19 to 23px (/specs/elavonpubliclanding.spec:269)
  - &quot;HighlightTitle2&quot; is 52px right of &quot;HighlightTitle1&quot; which is not in range of 122 to 126px (/specs/elavonpubliclanding.spec:270)
  - &quot;HighlightTitle3&quot; width is 279px which is not in range of 283 to 289px (/specs/elavonpubliclanding.spec:272)
  - &quot;HighlightTitle3&quot; css property &quot;line-height&quot; is &quot;27px&quot; but should be &quot;26px&quot; (/specs/elavonpubliclanding.spec:275)
  - &quot;HighlightTitle3&quot; is 776px left which is not in range of 682 to 686px (/specs/elavonpubliclanding.spec:276)
  - &quot;HighlightTitle3&quot; is 53px below &quot;Highlight3&quot; which is not in range of 34 to 38px (/specs/elavonpubliclanding.spec:277)
  - &quot;HighlightTitle3&quot; is 52px right of &quot;HighlightTitle2&quot; which is not in range of 65 to 69px (/specs/elavonpubliclanding.spec:278)
  - &quot;HighlightTitle4&quot; width is 279px which is not in range of 234 to 242px (/specs/elavonpubliclanding.spec:280)
  - &quot;HighlightTitle4&quot; css property &quot;line-height&quot; is &quot;27px&quot; but should be &quot;26px&quot; (/specs/elavonpubliclanding.spec:283)
  - &quot;HighlightTitle4&quot; is 279px left which is not in range of 1012 to 1016px (/specs/elavonpubliclanding.spec:284)
  - &quot;HighlightTitle4&quot; is 34px below &quot;Highlight4&quot; which is not in range of 35 to 39px (/specs/elavonpubliclanding.spec:285)
  - &quot;HighlightTitle4&quot; is -776px right of &quot;HighlightTitle3&quot; which is not in range of 43 to 47px (/specs/elavonpubliclanding.spec:286)
  - &quot;HighligtSumary1&quot; width is 279px which is not in range of 226 to 232px (/specs/elavonpubliclanding.spec:289)
  - &quot;HighligtSumary1&quot; height is 36px which is not in range of 51 to 57px (/specs/elavonpubliclanding.spec:290)
  - &quot;HighligtSumary1&quot; is 114px left which is not in range of 99 to 103px (/specs/elavonpubliclanding.spec:293)
  - &quot;HighligtSumary2&quot; width is 279px which is not in range of 208 to 215px (/specs/elavonpubliclanding.spec:298)
  - &quot;HighligtSumary2&quot; is 445px left which is not in range of 412 to 416px (/specs/elavonpubliclanding.spec:302)
  - &quot;HighligtSumary2&quot; is 52px right of &quot;HighligtSumary1&quot; which is not in range of 80 to 84px (/specs/elavonpubliclanding.spec:304)
  - &quot;HighligtSumary3&quot; width is 279px which is not in range of 214 to 222px (/specs/elavonpubliclanding.spec:307)
  - &quot;HighligtSumary3&quot; height is 36px which is not in range of 51 to 57px (/specs/elavonpubliclanding.spec:308)
  - &quot;HighligtSumary3&quot; is 776px left which is not in range of 715 to 719px (/specs/elavonpubliclanding.spec:311)
  - &quot;HighligtSumary3&quot; is 52px right of &quot;HighligtSumary2&quot; which is not in range of 89 to 93px (/specs/elavonpubliclanding.spec:313)
  - &quot;HighligtSumary4&quot; width is 279px which is not in range of 196 to 204px (/specs/elavonpubliclanding.spec:316)
  - &quot;HighligtSumary4&quot; height is 36px which is not in range of 51 to 57px (/specs/elavonpubliclanding.spec:317)
  - &quot;HighligtSumary4&quot; is 279px left which is not in range of 1031 to 1035px (/specs/elavonpubliclanding.spec:320)
  - &quot;HighligtSumary4&quot; is 260px below &quot;HighlightTitle3&quot; which is not in range of 14 to 19px (/specs/elavonpubliclanding.spec:321)
  - &quot;HighligtSumary4&quot; is -776px right of &quot;HighligtSumary3&quot; which is not in range of 96 to 100px (/specs/elavonpubliclanding.spec:322)
  - &quot;ToolsDoc&quot; width is 992px which is not in range of 373 to 381px (/specs/elavonpubliclanding.spec:520)
  - &quot;ToolsDoc&quot; is 89px left which is not in range of 485 to 489px (/specs/elavonpubliclanding.spec:524)
  - &quot;ToolSumry&quot; width is 407px which is not in range of 373 to 381px (/specs/elavonpubliclanding.spec:528)
  - &quot;ToolSumry&quot; height is 72px which is not in range of 87 to 93px (/specs/elavonpubliclanding.spec:529)
  - &quot;ToolSumry&quot; is 381px left which is not in range of 485 to 489px (/specs/elavonpubliclanding.spec:532)
  - &quot;Tooltext&quot; width is 446px which is not in range of 373 to 381px (/specs/elavonpubliclanding.spec:536)
  - &quot;Tooltext&quot; css property &quot;line-height&quot; is &quot;15px&quot; but should be &quot;14px&quot; (/specs/elavonpubliclanding.spec:539)
  - &quot;Tooltext&quot; is 361px left which is not in range of 484 to 488px (/specs/elavonpubliclanding.spec:540)
  - &quot;Tooltext&quot; is 25px below &quot;ToolSumry&quot; which is not in range of 27 to 31px (/specs/elavonpubliclanding.spec:541)
  - &quot;CodeSnippet&quot; width is 650px which is not in range of 584 to 592px (/specs/elavonpubliclanding.spec:544)
  - &quot;CodeSnippet&quot; height is 300px which is not in range of 313 to 320px (/specs/elavonpubliclanding.spec:545)
  - &quot;CodeSnippet&quot; is 260px left which is not in range of 379 to 383px (/specs/elavonpubliclanding.spec:546)
  - &quot;CTA1&quot; is 354px left which is not in range of 444 to 448px (/specs/elavonpubliclanding.spec:553)
  - &quot;CTA1&quot; css property &quot;line-height&quot; is &quot;18px&quot; but should be &quot;16px&quot; (/specs/elavonpubliclanding.spec:555)
  - &quot;CTA2&quot; is 597px left which is not in range of 684 to 688px (/specs/elavonpubliclanding.spec:561)
  - &quot;CTA2&quot; css property &quot;line-height&quot; is &quot;18px&quot; but should be &quot;16px&quot; (/specs/elavonpubliclanding.spec:563)
  - &quot;help-component&quot; height is 228px which is not in range of 238 to 242px (/specs/elavonpubliclanding.spec:667)
  - &quot;help-first-leaf&quot; is 509px left instead of 486px (/specs/elavonpubliclanding.spec:670)
  - &quot;help-first-leaf&quot; height is 46px which is not in range of 29 to 33px (/specs/elavonpubliclanding.spec:671)
  - &quot;help-last-leaf&quot; is 478px left instead of 566px (/specs/elavonpubliclanding.spec:676)
  - &quot;help-last-leaf&quot; css property &quot;line-height&quot; is &quot;18px&quot; but should be &quot;16px&quot; (/specs/elavonpubliclanding.spec:680)
  - Cannot find locator for &quot;footer-container&quot; in page spec (/specs/elavonpubliclanding.spec:722)
  - Cannot find locator for &quot;footer-container&quot; in page spec (/specs/elavonpubliclanding.spec:723)
  - Cannot find locator for &quot;footer-container&quot; in page spec (/specs/elavonpubliclanding.spec:724)
  - &quot;footer-copy-right&quot; is absent on page (/specs/elavonpubliclanding.spec:727)
  - Cannot find locator for &quot;footer-container&quot; in page spec (/specs/elavonpubliclanding.spec:752)
  - &quot;footer-copy-right&quot; is absent on page (/specs/elavonpubliclanding.spec:753)
  - &quot;footer-rtmenu-items-1&quot; is 504px right which is not in range of 301 to 303px (/specs/elavonpubliclanding.spec:757)
  - &quot;footer-rtmenu-items-1&quot; height is 43px which is not in range of 18 to 22px (/specs/elavonpubliclanding.spec:758)
  - color #ffffff on &quot;footer-rtmenu-items-1&quot; is 0% instead of 5% (/specs/elavonpubliclanding.spec:759)
  - &quot;footer-rtmenu-items-1&quot; height is 43px which is not in range of 18 to 22px (/specs/elavonpubliclanding.spec:763)
  - &quot;footer-rtmenu-items-2&quot; height is 43px which is not in range of 18 to 22px (/specs/elavonpubliclanding.spec:763)
  - &quot;footer-rtmenu-items-2&quot; is 11px right of &quot;footer-rtmenu-items-1&quot; which is not in range of 39 to 40px (/specs/elavonpubliclanding.spec:767)
  - &quot;footer-rtmenu-items-3&quot; height is 43px which is not in range of 18 to 22px (/specs/elavonpubliclanding.spec:763)
  - &quot;footer-rtmenu-items-3&quot; is 12px right of &quot;footer-rtmenu-items-2&quot; which is not in range of 39 to 40px (/specs/elavonpubliclanding.spec:767)
  - &quot;footer-rtmenu-items-4&quot; height is 43px which is not in range of 18 to 22px (/specs/elavonpubliclanding.spec:763)
  - &quot;footer-rtmenu-items-4&quot; is 12px right of &quot;footer-rtmenu-items-3&quot; which is not in range of 39 to 40px (/specs/elavonpubliclanding.spec:767)
  - &quot;footer-rtmenu-items-5&quot; height is 43px which is not in range of 18 to 22px (/specs/elavonpubliclanding.spec:763)
  - &quot;footer-rtmenu-items-5&quot; is 11px right of &quot;footer-rtmenu-items-4&quot; which is not in range of 39 to 40px (/specs/elavonpubliclanding.spec:767)
">
      <![CDATA[com.galenframework.support.LayoutValidationException: /specs/elavonpubliclanding.spec, tags: [Desktop]
  - "header-container" height is 96px which is not in range of 188 to 192px (/specs/elavonpubliclanding.spec:47)
  - color #e03e4b on "header-container" is 0% but it should be greater than 90% (/specs/elavonpubliclanding.spec:48)
  - "left-menu-head" is 89px left instead of 0px (/specs/elavonpubliclanding.spec:51)
  - "logo-img" is absent on page (/specs/elavonpubliclanding.spec:54)
  - "logo-img" is absent on page (/specs/elavonpubliclanding.spec:55)
  - "for-developers" is 101px left instead of 208px (/specs/elavonpubliclanding.spec:58)
  - "logo-img" is absent on page (/specs/elavonpubliclanding.spec:59)
  - "for-developers" height is 25px which is not in range of 19 to 23px (/specs/elavonpubliclanding.spec:60)
  - "right-menuhead-items-1" is 171px right of "for-developers" instead of 413px (/specs/elavonpubliclanding.spec:102)
  - "right-menuhead-items-1" height is 25px which is not in range of 19 to 23px (/specs/elavonpubliclanding.spec:106)
  - "right-menuhead-items-2" height is 25px which is not in range of 19 to 23px (/specs/elavonpubliclanding.spec:106)
  - "right-menuhead-items-2" is 4px right of "right-menuhead-items-1" which is not in range of 52 to 54px (/specs/elavonpubliclanding.spec:110)
  - "right-menuhead-items-3" height is 25px which is not in range of 19 to 23px (/specs/elavonpubliclanding.spec:106)
  - "right-menuhead-items-3" is 3px right of "right-menuhead-items-2" which is not in range of 52 to 54px (/specs/elavonpubliclanding.spec:110)
  - "right-menuhead-items-4" height is 25px which is not in range of 19 to 23px (/specs/elavonpubliclanding.spec:106)
  - "right-menuhead-items-4" is 3px right of "right-menuhead-items-3" which is not in range of 52 to 54px (/specs/elavonpubliclanding.spec:110)
  - "right-menuhead-items-5" height is 25px which is not in range of 19 to 23px (/specs/elavonpubliclanding.spec:106)
  - "right-menuhead-items-5" is 3px right of "right-menuhead-items-4" which is not in range of 52 to 54px (/specs/elavonpubliclanding.spec:110)
  - "hero-banner" is -4px top instead of 0px (/specs/elavonpubliclanding.spec:154)
  - Couldn't fetch spectrum for "hero-banner" (/specs/elavonpubliclanding.spec:155)
  - "hero-head" is 89px left instead of 72px, is 203px top instead of 212px (/specs/elavonpubliclanding.spec:158)
  - "hero-head" css property "line-height" is "60px" but should be "58px" (/specs/elavonpubliclanding.spec:161)
  - "hero-para" is 89px left instead of 72px, is 263px top instead of 270px (/specs/elavonpubliclanding.spec:164)
  - "hero-para" css property "line-height" is "60px" but should be "58px" (/specs/elavonpubliclanding.spec:168)
  - "hero-cta1" is 863px left instead of 75px, is 374px top instead of 432px (/specs/elavonpubliclanding.spec:171)
  - "hero-cta1" is 51px below "hero-para" instead of 104px (/specs/elavonpubliclanding.spec:172)
  - "hero-cta1" height is 120px which is not in range of 48 to 52px (/specs/elavonpubliclanding.spec:173)
  - "hero-cta1" css property "font-size" is "14px" but should be "16px" (/specs/elavonpubliclanding.spec:174)
  - "hero-cta1" css property "line-height" is "20px" but should be "18px" (/specs/elavonpubliclanding.spec:175)
  - "Highlight1" height is 108px which is not in range of 81 to 87px (/specs/elavonpubliclanding.spec:231)
  - "Highlight1" is 221px left which is not in range of 182 to 186px (/specs/elavonpubliclanding.spec:232)
  - "Highlight2" height is 65px which is not in range of 98 to 104px (/specs/elavonpubliclanding.spec:236)
  - "Highlight2" is 552px left which is not in range of 489 to 493px (/specs/elavonpubliclanding.spec:237)
  - "Highlight2" is 266px right of "Highlight1" which is not in range of 240 to 244px (/specs/elavonpubliclanding.spec:238)
  - "Highlight3" width is 65px which is not in range of 80 to 86px (/specs/elavonpubliclanding.spec:242)
  - "Highlight3" height is 65px which is not in range of 80 to 86px (/specs/elavonpubliclanding.spec:243)
  - "Highlight3" is 883px left which is not in range of 785 to 789px (/specs/elavonpubliclanding.spec:244)
  - "Highlight3" is 266px right of "Highlight2" which is not in range of 232 to 236px (/specs/elavonpubliclanding.spec:245)
  - "Highlight4" width is 65px which is not in range of 76 to 83px (/specs/elavonpubliclanding.spec:249)
  - "Highlight4" height is 84px which is not in range of 76 to 83px (/specs/elavonpubliclanding.spec:250)
  - "Highlight4" is 387px left which is not in range of 1092 to 1096px (/specs/elavonpubliclanding.spec:251)
  - "Highlight4" is -561px right of "Highlight3" which is not in range of 223 to 227px (/specs/elavonpubliclanding.spec:252)
  - "HighlightTitle1" width is 279px which is not in range of 169 to 175px (/specs/elavonpubliclanding.spec:255)
  - "HighlightTitle1" css property "line-height" is "27px" but should be "26px" (/specs/elavonpubliclanding.spec:258)
  - "HighlightTitle1" is 114px left which is not in range of 129 to 133px (/specs/elavonpubliclanding.spec:259)
  - "HighlightTitle1" is 10px below "Highlight1" which is not in range of 34 to 38px (/specs/elavonpubliclanding.spec:260)
  - "HighlightTitle2" width is 279px which is not in range of 186 to 192px (/specs/elavonpubliclanding.spec:264)
  - "HighlightTitle2" css property "line-height" is "27px" but should be "26px" (/specs/elavonpubliclanding.spec:267)
  - "HighlightTitle2" is 445px left which is not in range of 426 to 430px (/specs/elavonpubliclanding.spec:268)
  - "HighlightTitle2" is 53px below "Highlight2" which is not in range of 19 to 23px (/specs/elavonpubliclanding.spec:269)
  - "HighlightTitle2" is 52px right of "HighlightTitle1" which is not in range of 122 to 126px (/specs/elavonpubliclanding.spec:270)
  - "HighlightTitle3" width is 279px which is not in range of 283 to 289px (/specs/elavonpubliclanding.spec:272)
  - "HighlightTitle3" css property "line-height" is "27px" but should be "26px" (/specs/elavonpubliclanding.spec:275)
  - "HighlightTitle3" is 776px left which is not in range of 682 to 686px (/specs/elavonpubliclanding.spec:276)
  - "HighlightTitle3" is 53px below "Highlight3" which is not in range of 34 to 38px (/specs/elavonpubliclanding.spec:277)
  - "HighlightTitle3" is 52px right of "HighlightTitle2" which is not in range of 65 to 69px (/specs/elavonpubliclanding.spec:278)
  - "HighlightTitle4" width is 279px which is not in range of 234 to 242px (/specs/elavonpubliclanding.spec:280)
  - "HighlightTitle4" css property "line-height" is "27px" but should be "26px" (/specs/elavonpubliclanding.spec:283)
  - "HighlightTitle4" is 279px left which is not in range of 1012 to 1016px (/specs/elavonpubliclanding.spec:284)
  - "HighlightTitle4" is 34px below "Highlight4" which is not in range of 35 to 39px (/specs/elavonpubliclanding.spec:285)
  - "HighlightTitle4" is -776px right of "HighlightTitle3" which is not in range of 43 to 47px (/specs/elavonpubliclanding.spec:286)
  - "HighligtSumary1" width is 279px which is not in range of 226 to 232px (/specs/elavonpubliclanding.spec:289)
  - "HighligtSumary1" height is 36px which is not in range of 51 to 57px (/specs/elavonpubliclanding.spec:290)
  - "HighligtSumary1" is 114px left which is not in range of 99 to 103px (/specs/elavonpubliclanding.spec:293)
  - "HighligtSumary2" width is 279px which is not in range of 208 to 215px (/specs/elavonpubliclanding.spec:298)
  - "HighligtSumary2" is 445px left which is not in range of 412 to 416px (/specs/elavonpubliclanding.spec:302)
  - "HighligtSumary2" is 52px right of "HighligtSumary1" which is not in range of 80 to 84px (/specs/elavonpubliclanding.spec:304)
  - "HighligtSumary3" width is 279px which is not in range of 214 to 222px (/specs/elavonpubliclanding.spec:307)
  - "HighligtSumary3" height is 36px which is not in range of 51 to 57px (/specs/elavonpubliclanding.spec:308)
  - "HighligtSumary3" is 776px left which is not in range of 715 to 719px (/specs/elavonpubliclanding.spec:311)
  - "HighligtSumary3" is 52px right of "HighligtSumary2" which is not in range of 89 to 93px (/specs/elavonpubliclanding.spec:313)
  - "HighligtSumary4" width is 279px which is not in range of 196 to 204px (/specs/elavonpubliclanding.spec:316)
  - "HighligtSumary4" height is 36px which is not in range of 51 to 57px (/specs/elavonpubliclanding.spec:317)
  - "HighligtSumary4" is 279px left which is not in range of 1031 to 1035px (/specs/elavonpubliclanding.spec:320)
  - "HighligtSumary4" is 260px below "HighlightTitle3" which is not in range of 14 to 19px (/specs/elavonpubliclanding.spec:321)
  - "HighligtSumary4" is -776px right of "HighligtSumary3" which is not in range of 96 to 100px (/specs/elavonpubliclanding.spec:322)
  - "ToolsDoc" width is 992px which is not in range of 373 to 381px (/specs/elavonpubliclanding.spec:520)
  - "ToolsDoc" is 89px left which is not in range of 485 to 489px (/specs/elavonpubliclanding.spec:524)
  - "ToolSumry" width is 407px which is not in range of 373 to 381px (/specs/elavonpubliclanding.spec:528)
  - "ToolSumry" height is 72px which is not in range of 87 to 93px (/specs/elavonpubliclanding.spec:529)
  - "ToolSumry" is 381px left which is not in range of 485 to 489px (/specs/elavonpubliclanding.spec:532)
  - "Tooltext" width is 446px which is not in range of 373 to 381px (/specs/elavonpubliclanding.spec:536)
  - "Tooltext" css property "line-height" is "15px" but should be "14px" (/specs/elavonpubliclanding.spec:539)
  - "Tooltext" is 361px left which is not in range of 484 to 488px (/specs/elavonpubliclanding.spec:540)
  - "Tooltext" is 25px below "ToolSumry" which is not in range of 27 to 31px (/specs/elavonpubliclanding.spec:541)
  - "CodeSnippet" width is 650px which is not in range of 584 to 592px (/specs/elavonpubliclanding.spec:544)
  - "CodeSnippet" height is 300px which is not in range of 313 to 320px (/specs/elavonpubliclanding.spec:545)
  - "CodeSnippet" is 260px left which is not in range of 379 to 383px (/specs/elavonpubliclanding.spec:546)
  - "CTA1" is 354px left which is not in range of 444 to 448px (/specs/elavonpubliclanding.spec:553)
  - "CTA1" css property "line-height" is "18px" but should be "16px" (/specs/elavonpubliclanding.spec:555)
  - "CTA2" is 597px left which is not in range of 684 to 688px (/specs/elavonpubliclanding.spec:561)
  - "CTA2" css property "line-height" is "18px" but should be "16px" (/specs/elavonpubliclanding.spec:563)
  - "help-component" height is 228px which is not in range of 238 to 242px (/specs/elavonpubliclanding.spec:667)
  - "help-first-leaf" is 509px left instead of 486px (/specs/elavonpubliclanding.spec:670)
  - "help-first-leaf" height is 46px which is not in range of 29 to 33px (/specs/elavonpubliclanding.spec:671)
  - "help-last-leaf" is 478px left instead of 566px (/specs/elavonpubliclanding.spec:676)
  - "help-last-leaf" css property "line-height" is "18px" but should be "16px" (/specs/elavonpubliclanding.spec:680)
  - Cannot find locator for "footer-container" in page spec (/specs/elavonpubliclanding.spec:722)
  - Cannot find locator for "footer-container" in page spec (/specs/elavonpubliclanding.spec:723)
  - Cannot find locator for "footer-container" in page spec (/specs/elavonpubliclanding.spec:724)
  - "footer-copy-right" is absent on page (/specs/elavonpubliclanding.spec:727)
  - Cannot find locator for "footer-container" in page spec (/specs/elavonpubliclanding.spec:752)
  - "footer-copy-right" is absent on page (/specs/elavonpubliclanding.spec:753)
  - "footer-rtmenu-items-1" is 504px right which is not in range of 301 to 303px (/specs/elavonpubliclanding.spec:757)
  - "footer-rtmenu-items-1" height is 43px which is not in range of 18 to 22px (/specs/elavonpubliclanding.spec:758)
  - color #ffffff on "footer-rtmenu-items-1" is 0% instead of 5% (/specs/elavonpubliclanding.spec:759)
  - "footer-rtmenu-items-1" height is 43px which is not in range of 18 to 22px (/specs/elavonpubliclanding.spec:763)
  - "footer-rtmenu-items-2" height is 43px which is not in range of 18 to 22px (/specs/elavonpubliclanding.spec:763)
  - "footer-rtmenu-items-2" is 11px right of "footer-rtmenu-items-1" which is not in range of 39 to 40px (/specs/elavonpubliclanding.spec:767)
  - "footer-rtmenu-items-3" height is 43px which is not in range of 18 to 22px (/specs/elavonpubliclanding.spec:763)
  - "footer-rtmenu-items-3" is 12px right of "footer-rtmenu-items-2" which is not in range of 39 to 40px (/specs/elavonpubliclanding.spec:767)
  - "footer-rtmenu-items-4" height is 43px which is not in range of 18 to 22px (/specs/elavonpubliclanding.spec:763)
  - "footer-rtmenu-items-4" is 12px right of "footer-rtmenu-items-3" which is not in range of 39 to 40px (/specs/elavonpubliclanding.spec:767)
  - "footer-rtmenu-items-5" height is 43px which is not in range of 18 to 22px (/specs/elavonpubliclanding.spec:763)
  - "footer-rtmenu-items-5" is 11px right of "footer-rtmenu-items-4" which is not in range of 39 to 40px (/specs/elavonpubliclanding.spec:767)

	at com.galenframework.support.GalenJavaTestBase.checkLayout(GalenJavaTestBase.java:129)
	at com.galenframework.support.GalenJavaTestBase.checkLayout(GalenJavaTestBase.java:111)
	at com.galenframework.java.USB.tests.SecureLandingPage_creative_Verification.elavonPublicLandingPage(SecureLandingPage_creative_Verification.java:62)
	at sun.reflect.NativeMethodAccessorImpl.invoke0(Native Method)
	at sun.reflect.NativeMethodAccessorImpl.invoke(NativeMethodAccessorImpl.java:62)
	at sun.reflect.DelegatingMethodAccessorImpl.invoke(DelegatingMethodAccessorImpl.java:43)
	at java.lang.reflect.Method.invoke(Method.java:498)
	at org.testng.internal.MethodInvocationHelper.invokeMethod(MethodInvocationHelper.java:80)
	at org.testng.internal.Invoker.invokeMethod(Invoker.java:715)
	at org.testng.internal.Invoker.invokeTestMethod(Invoker.java:907)
	at org.testng.internal.Invoker.invokeTestMethods(Invoker.java:1237)
	at org.testng.internal.TestMethodWorker.invokeTestMethods(TestMethodWorker.java:127)
	at org.testng.internal.TestMethodWorker.run(TestMethodWorker.java:111)
	at org.testng.TestRunner.privateRun(TestRunner.java:767)
	at org.testng.TestRunner.run(TestRunner.java:617)
	at org.testng.SuiteRunner.runTest(SuiteRunner.java:334)
	at org.testng.SuiteRunner.runSequentially(SuiteRunner.java:329)
	at org.testng.SuiteRunner.privateRun(SuiteRunner.java:291)
	at org.testng.SuiteRunner.run(SuiteRunner.java:240)
	at org.testng.SuiteRunnerWorker.runSuite(SuiteRunnerWorker.java:51)
	at org.testng.SuiteRunnerWorker.run(SuiteRunnerWorker.java:85)
	at org.testng.TestNG.runSuitesSequentially(TestNG.java:1197)
	at org.testng.TestNG.runSuitesLocally(TestNG.java:1122)
	at org.testng.TestNG.run(TestNG.java:1030)
	at org.testng.remote.AbstractRemoteTestNG.run(AbstractRemoteTestNG.java:132)
	at org.testng.remote.RemoteTestNG.initAndRun(RemoteTestNG.java:230)
	at org.testng.remote.RemoteTestNG.main(RemoteTestNG.java:76)
]]>
    </failure>
  </testcase> <!-- elavonPublicLandingPage -->
  <testcase name="superPublicLandingPage" time="322.302" classname="com.galenframework.java.USB.tests.SecureLandingPage_creative_Verification">
    <failure type="com.galenframework.support.LayoutValidationException" message="/specs/superpubliclanding.spec, tags: [tablet]
  - &quot;header-container&quot; height is 70px which is not in range of 58 to 62px (/specs/superpubliclanding.spec:66)
  - color #e03e4b on &quot;header-container&quot; is 0% but it should be greater than 90% (/specs/superpubliclanding.spec:67)
  - &quot;left-menu-head&quot; is absent on page (/specs/superpubliclanding.spec:70)
  - &quot;left-menu-head&quot; is absent on page (/specs/superpubliclanding.spec:73)
  - &quot;logo-img&quot; height is 38px which is not in range of 29 to 33px (/specs/superpubliclanding.spec:74)
  - &quot;left-menu-head&quot; is absent on page (/specs/superpubliclanding.spec:77)
  - &quot;for-developers&quot; is 18px right of &quot;logo-img&quot; which is not in range of 28 to 30px (/specs/superpubliclanding.spec:78)
  - &quot;for-developers&quot; height is 25px which is not in range of 19 to 23px (/specs/superpubliclanding.spec:79)
  - &quot;right-menu-head&quot; is absent on page (/specs/superpubliclanding.spec:116)
  - &quot;right-menu-head&quot; is absent on page (/specs/superpubliclanding.spec:117)
  - Cannot find locator for &quot;right-menuhead-items-1&quot; in page spec (/specs/superpubliclanding.spec:121)
  - Cannot find locator for &quot;right-menuhead-items-1&quot; in page spec (/specs/superpubliclanding.spec:122)
  - &quot;hero-banner&quot; is 70px top instead of 0px (/specs/superpubliclanding.spec:180)
  - color #e03e4b on &quot;hero-banner&quot; is 0% but it should be greater than 90% (/specs/superpubliclanding.spec:181)
  - &quot;hero-head&quot; is absent on page (/specs/superpubliclanding.spec:184)
  - &quot;hero-head&quot; is absent on page (/specs/superpubliclanding.spec:185)
  - &quot;hero-head&quot; is absent on page (/specs/superpubliclanding.spec:186)
  - &quot;hero-head&quot; is absent on page (/specs/superpubliclanding.spec:187)
  - &quot;hero-para&quot; is absent on page (/specs/superpubliclanding.spec:190)
  - &quot;hero-para&quot; is absent on page (/specs/superpubliclanding.spec:191)
  - &quot;hero-para&quot; is absent on page (/specs/superpubliclanding.spec:192)
  - &quot;hero-para&quot; is absent on page (/specs/superpubliclanding.spec:193)
  - &quot;hero-para&quot; is absent on page (/specs/superpubliclanding.spec:194)
  - &quot;hero-cta1&quot; is 779px left instead of 52px, is 282px top instead of 432px (/specs/superpubliclanding.spec:197)
  - &quot;hero-para&quot; is absent on page (/specs/superpubliclanding.spec:198)
  - &quot;hero-cta1&quot; height is 100px which is not in range of 38 to 42px (/specs/superpubliclanding.spec:199)
  - &quot;hero-cta1&quot; css property &quot;line-height&quot; is &quot;20px&quot; but should be &quot;16px&quot; (/specs/superpubliclanding.spec:201)
  - &quot;Highlight1&quot; height is 108px which is not in range of 81 to 87px (/specs/superpubliclanding.spec:424)
  - &quot;Highlight1&quot; is 237px left which is not in range of 210 to 214px (/specs/superpubliclanding.spec:425)
  - &quot;Highlight2&quot; height is 65px which is not in range of 98 to 104px (/specs/superpubliclanding.spec:429)
  - &quot;Highlight2&quot; is 659px left which is not in range of 492 to 496px (/specs/superpubliclanding.spec:430)
  - &quot;Highlight2&quot; is 357px right of &quot;Highlight1&quot; which is not in range of 215 to 219px (/specs/superpubliclanding.spec:431)
  - &quot;Highlight3&quot; width is 65px which is not in range of 80 to 86px (/specs/superpubliclanding.spec:435)
  - &quot;Highlight3&quot; height is 65px which is not in range of 80 to 86px (/specs/superpubliclanding.spec:436)
  - &quot;Highlight3&quot; is 237px left which is not in range of 200 to 204px (/specs/superpubliclanding.spec:437)
  - &quot;Highlight3&quot; is 133px below &quot;Highlight1&quot; which is not in range of 170 to 174px (/specs/superpubliclanding.spec:438)
  - &quot;Highlight4&quot; width is 65px which is not in range of 76 to 83px (/specs/superpubliclanding.spec:442)
  - &quot;Highlight4&quot; height is 84px which is not in range of 76 to 83px (/specs/superpubliclanding.spec:443)
  - &quot;Highlight4&quot; is 659px left which is not in range of 483 to 487px (/specs/superpubliclanding.spec:444)
  - &quot;Highlight4&quot; is -84px below &quot;Highlight4&quot; which is not in range of 158 to 162px (/specs/superpubliclanding.spec:445)
  - &quot;HighlightTitle1&quot; width is 370px which is not in range of 252 to 260px (/specs/superpubliclanding.spec:448)
  - &quot;HighlightTitle1&quot; css property &quot;font-size&quot; is &quot;22px&quot; but should be &quot;21px&quot; (/specs/superpubliclanding.spec:450)
  - &quot;HighlightTitle1&quot; css property &quot;line-height&quot; is &quot;27px&quot; but should be &quot;26px&quot; (/specs/superpubliclanding.spec:451)
  - &quot;HighlightTitle1&quot; is 85px left which is not in range of 113 to 117px (/specs/superpubliclanding.spec:452)
  - &quot;HighlightTitle1&quot; is 10px below &quot;Highlight1&quot; which is not in range of 31 to 35px (/specs/superpubliclanding.spec:453)
  - &quot;HighlightTitle2&quot; width is 370px which is not in range of 252 to 260px (/specs/superpubliclanding.spec:457)
  - &quot;HighlightTitle2&quot; css property &quot;font-size&quot; is &quot;22px&quot; but should be &quot;21px&quot; (/specs/superpubliclanding.spec:459)
  - &quot;HighlightTitle2&quot; css property &quot;line-height&quot; is &quot;27px&quot; but should be &quot;26px&quot; (/specs/superpubliclanding.spec:460)
  - &quot;HighlightTitle2&quot; is 506px left which is not in range of 48 to 52px (/specs/superpubliclanding.spec:461)
  - &quot;HighlightTitle2&quot; is 53px below &quot;Highlight2&quot; which is not in range of 16 to 23px (/specs/superpubliclanding.spec:462)
  - &quot;HighlightTitle2&quot; is 51px right of &quot;HighlightTitle1&quot; which is not in range of 23 to 27px (/specs/superpubliclanding.spec:463)
  - &quot;HighlightTitle3&quot; width is 370px which is not in range of 273 to 279px (/specs/superpubliclanding.spec:466)
  - &quot;HighlightTitle3&quot; css property &quot;line-height&quot; is &quot;27px&quot; but should be &quot;26px&quot; (/specs/superpubliclanding.spec:469)
  - &quot;HighlightTitle3&quot; is 85px left which is not in range of 113 to 117px (/specs/superpubliclanding.spec:470)
  - &quot;HighlightTitle3&quot; is 53px below &quot;Highlight3&quot; which is not in range of 36 to 40px (/specs/superpubliclanding.spec:471)
  - &quot;HighlightTitle4&quot; width is 370px which is not in range of 273 to 279px (/specs/superpubliclanding.spec:474)
  - &quot;HighlightTitle4&quot; css property &quot;line-height&quot; is &quot;27px&quot; but should be &quot;26px&quot; (/specs/superpubliclanding.spec:477)
  - &quot;HighlightTitle4&quot; is 506px left which is not in range of 404 to 408px (/specs/superpubliclanding.spec:478)
  - &quot;HighlightTitle4&quot; is 34px below &quot;Highlight4&quot; which is not in range of 37 to 41px (/specs/superpubliclanding.spec:479)
  - &quot;HighlightTitle4&quot; is 51px right of &quot;HighlightTitle3&quot; which is not in range of 33 to 37px (/specs/superpubliclanding.spec:480)
  - &quot;HighligtSumary1&quot; width is 370px which is not in range of 253 to 259px (/specs/superpubliclanding.spec:484)
  - &quot;HighligtSumary1&quot; height is 36px which is not in range of 51 to 57px (/specs/superpubliclanding.spec:485)
  - &quot;HighligtSumary1&quot; is 85px left which is not in range of 113 to 117px (/specs/superpubliclanding.spec:488)
  - &quot;HighligtSumary1&quot; is 14px below &quot;HighlightTitle1&quot; which is not in range of 5 to 12px (/specs/superpubliclanding.spec:489)
  - &quot;HighligtSumary2&quot; width is 370px which is not in range of 253 to 259px (/specs/superpubliclanding.spec:493)
  - &quot;HighligtSumary2&quot; is 506px left which is not in range of 394 to 398px (/specs/superpubliclanding.spec:497)
  - &quot;HighligtSumary2&quot; is 14px below &quot;HighlightTitle2&quot; which is not in range of 5 to 12px (/specs/superpubliclanding.spec:498)
  - &quot;HighligtSumary2&quot; is 51px right of &quot;HighligtSumary1&quot; which is not in range of 23 to 27px (/specs/superpubliclanding.spec:499)
  - &quot;HighligtSumary3&quot; width is 370px which is not in range of 253 to 259px (/specs/superpubliclanding.spec:503)
  - &quot;HighligtSumary3&quot; height is 36px which is not in range of 51 to 57px (/specs/superpubliclanding.spec:504)
  - &quot;HighligtSumary3&quot; is 85px left which is not in range of 113 to 117px (/specs/superpubliclanding.spec:507)
  - &quot;HighligtSumary4&quot; width is 370px which is not in range of 253 to 259px (/specs/superpubliclanding.spec:512)
  - &quot;HighligtSumary4&quot; height is 36px which is not in range of 51 to 57px (/specs/superpubliclanding.spec:513)
  - &quot;HighligtSumary4&quot; is 506px left which is not in range of 51 to 55px (/specs/superpubliclanding.spec:516)
  - &quot;HighligtSumary4&quot; is 14px below &quot;HighlightTitle3&quot; which is not in range of 9 to 13px (/specs/superpubliclanding.spec:517)
  - &quot;HighligtSumary4&quot; is 51px right of &quot;HighligtSumary3&quot; which is not in range of 24 to 28px (/specs/superpubliclanding.spec:518)
  - &quot;ToolsDoc&quot; width is 917px which is not in range of 381 to 387px (/specs/superpubliclanding.spec:622)
  - &quot;ToolsDoc&quot; is 22px left which is not in range of 191 to 195px (/specs/superpubliclanding.spec:626)
  - &quot;ToolSumry&quot; width is 642px which is not in range of 381 to 387px (/specs/superpubliclanding.spec:630)
  - &quot;ToolSumry&quot; height is 54px which is not in range of 68 to 75px (/specs/superpubliclanding.spec:631)
  - &quot;ToolSumry&quot; is 160px left which is not in range of 191 to 195px (/specs/superpubliclanding.spec:634)
  - &quot;ToolSumry&quot; is 29px below &quot;ToolsDoc&quot; which is not in range of 21 to 25px (/specs/superpubliclanding.spec:635)
  - &quot;Tooltext&quot; width is 734px which is not in range of 567 to 574px (/specs/superpubliclanding.spec:638)
  - &quot;Tooltext&quot; css property &quot;line-height&quot; is &quot;15px&quot; but should be &quot;14px&quot; (/specs/superpubliclanding.spec:641)
  - &quot;Tooltext&quot; is 114px left which is not in range of 98 to 102px (/specs/superpubliclanding.spec:642)
  - &quot;CodeSnippet&quot; width is 650px which is not in range of 584 to 592px (/specs/superpubliclanding.spec:646)
  - &quot;CodeSnippet&quot; height is 300px which is not in range of 312 to 319px (/specs/superpubliclanding.spec:647)
  - &quot;CodeSnippet&quot; is 156px left which is not in range of 88 to 92px (/specs/superpubliclanding.spec:648)
  - &quot;CTA1&quot; is 308px left which is not in range of 209 to 213px (/specs/superpubliclanding.spec:655)
  - &quot;CTA1&quot; css property &quot;line-height&quot; is &quot;18px&quot; but should be &quot;16px&quot; (/specs/superpubliclanding.spec:657)
  - &quot;CTA1&quot; is 18px below &quot;CodeSnippet&quot; which is not in range of 28 to 32px (/specs/superpubliclanding.spec:658)
  - &quot;CTA2&quot; is 493px left which is not in range of 395 to 399px (/specs/superpubliclanding.spec:663)
  - &quot;CTA2&quot; css property &quot;line-height&quot; is &quot;18px&quot; but should be &quot;16px&quot; (/specs/superpubliclanding.spec:665)
  - Cannot find locator for &quot;Codesni&quot; in page spec (/specs/superpubliclanding.spec:667)
  - &quot;help-component&quot; height is 218px which is not in range of 238 to 242px (/specs/superpubliclanding.spec:711)
  - &quot;help-first-leaf&quot; is 401px left instead of 0px (/specs/superpubliclanding.spec:714)
  - &quot;help-first-leaf&quot; height is 46px which is not in range of 29 to 33px (/specs/superpubliclanding.spec:715)
  - &quot;help-last-leaf&quot; is absent on page (/specs/superpubliclanding.spec:720)
  - &quot;help-last-leaf&quot; is absent on page (/specs/superpubliclanding.spec:721)
  - &quot;help-last-leaf&quot; is absent on page (/specs/superpubliclanding.spec:722)
  - &quot;help-last-leaf&quot; is absent on page (/specs/superpubliclanding.spec:723)
  - &quot;help-last-leaf&quot; is absent on page (/specs/superpubliclanding.spec:724)
  - &quot;footer-container&quot; is absent on page (/specs/superpubliclanding.spec:738)
  - &quot;footer-container&quot; is absent on page (/specs/superpubliclanding.spec:739)
  - &quot;footer-container&quot; is absent on page (/specs/superpubliclanding.spec:740)
  - &quot;footer-copy-right&quot; is absent on page (/specs/superpubliclanding.spec:743)
  - &quot;footer-right-menu&quot; is absent on page (/specs/superpubliclanding.spec:778)
  - &quot;footer-right-menu&quot; is absent on page (/specs/superpubliclanding.spec:779)
  - Cannot find locator for &quot;footer-rtmenu-items-1&quot; in page spec (/specs/superpubliclanding.spec:783)
  - Cannot find locator for &quot;footer-rtmenu-items-1&quot; in page spec (/specs/superpubliclanding.spec:784)
  - Cannot find locator for &quot;footer-rtmenu-items-1&quot; in page spec (/specs/superpubliclanding.spec:785)
">
      <![CDATA[com.galenframework.support.LayoutValidationException: /specs/superpubliclanding.spec, tags: [tablet]
  - "header-container" height is 70px which is not in range of 58 to 62px (/specs/superpubliclanding.spec:66)
  - color #e03e4b on "header-container" is 0% but it should be greater than 90% (/specs/superpubliclanding.spec:67)
  - "left-menu-head" is absent on page (/specs/superpubliclanding.spec:70)
  - "left-menu-head" is absent on page (/specs/superpubliclanding.spec:73)
  - "logo-img" height is 38px which is not in range of 29 to 33px (/specs/superpubliclanding.spec:74)
  - "left-menu-head" is absent on page (/specs/superpubliclanding.spec:77)
  - "for-developers" is 18px right of "logo-img" which is not in range of 28 to 30px (/specs/superpubliclanding.spec:78)
  - "for-developers" height is 25px which is not in range of 19 to 23px (/specs/superpubliclanding.spec:79)
  - "right-menu-head" is absent on page (/specs/superpubliclanding.spec:116)
  - "right-menu-head" is absent on page (/specs/superpubliclanding.spec:117)
  - Cannot find locator for "right-menuhead-items-1" in page spec (/specs/superpubliclanding.spec:121)
  - Cannot find locator for "right-menuhead-items-1" in page spec (/specs/superpubliclanding.spec:122)
  - "hero-banner" is 70px top instead of 0px (/specs/superpubliclanding.spec:180)
  - color #e03e4b on "hero-banner" is 0% but it should be greater than 90% (/specs/superpubliclanding.spec:181)
  - "hero-head" is absent on page (/specs/superpubliclanding.spec:184)
  - "hero-head" is absent on page (/specs/superpubliclanding.spec:185)
  - "hero-head" is absent on page (/specs/superpubliclanding.spec:186)
  - "hero-head" is absent on page (/specs/superpubliclanding.spec:187)
  - "hero-para" is absent on page (/specs/superpubliclanding.spec:190)
  - "hero-para" is absent on page (/specs/superpubliclanding.spec:191)
  - "hero-para" is absent on page (/specs/superpubliclanding.spec:192)
  - "hero-para" is absent on page (/specs/superpubliclanding.spec:193)
  - "hero-para" is absent on page (/specs/superpubliclanding.spec:194)
  - "hero-cta1" is 779px left instead of 52px, is 282px top instead of 432px (/specs/superpubliclanding.spec:197)
  - "hero-para" is absent on page (/specs/superpubliclanding.spec:198)
  - "hero-cta1" height is 100px which is not in range of 38 to 42px (/specs/superpubliclanding.spec:199)
  - "hero-cta1" css property "line-height" is "20px" but should be "16px" (/specs/superpubliclanding.spec:201)
  - "Highlight1" height is 108px which is not in range of 81 to 87px (/specs/superpubliclanding.spec:424)
  - "Highlight1" is 237px left which is not in range of 210 to 214px (/specs/superpubliclanding.spec:425)
  - "Highlight2" height is 65px which is not in range of 98 to 104px (/specs/superpubliclanding.spec:429)
  - "Highlight2" is 659px left which is not in range of 492 to 496px (/specs/superpubliclanding.spec:430)
  - "Highlight2" is 357px right of "Highlight1" which is not in range of 215 to 219px (/specs/superpubliclanding.spec:431)
  - "Highlight3" width is 65px which is not in range of 80 to 86px (/specs/superpubliclanding.spec:435)
  - "Highlight3" height is 65px which is not in range of 80 to 86px (/specs/superpubliclanding.spec:436)
  - "Highlight3" is 237px left which is not in range of 200 to 204px (/specs/superpubliclanding.spec:437)
  - "Highlight3" is 133px below "Highlight1" which is not in range of 170 to 174px (/specs/superpubliclanding.spec:438)
  - "Highlight4" width is 65px which is not in range of 76 to 83px (/specs/superpubliclanding.spec:442)
  - "Highlight4" height is 84px which is not in range of 76 to 83px (/specs/superpubliclanding.spec:443)
  - "Highlight4" is 659px left which is not in range of 483 to 487px (/specs/superpubliclanding.spec:444)
  - "Highlight4" is -84px below "Highlight4" which is not in range of 158 to 162px (/specs/superpubliclanding.spec:445)
  - "HighlightTitle1" width is 370px which is not in range of 252 to 260px (/specs/superpubliclanding.spec:448)
  - "HighlightTitle1" css property "font-size" is "22px" but should be "21px" (/specs/superpubliclanding.spec:450)
  - "HighlightTitle1" css property "line-height" is "27px" but should be "26px" (/specs/superpubliclanding.spec:451)
  - "HighlightTitle1" is 85px left which is not in range of 113 to 117px (/specs/superpubliclanding.spec:452)
  - "HighlightTitle1" is 10px below "Highlight1" which is not in range of 31 to 35px (/specs/superpubliclanding.spec:453)
  - "HighlightTitle2" width is 370px which is not in range of 252 to 260px (/specs/superpubliclanding.spec:457)
  - "HighlightTitle2" css property "font-size" is "22px" but should be "21px" (/specs/superpubliclanding.spec:459)
  - "HighlightTitle2" css property "line-height" is "27px" but should be "26px" (/specs/superpubliclanding.spec:460)
  - "HighlightTitle2" is 506px left which is not in range of 48 to 52px (/specs/superpubliclanding.spec:461)
  - "HighlightTitle2" is 53px below "Highlight2" which is not in range of 16 to 23px (/specs/superpubliclanding.spec:462)
  - "HighlightTitle2" is 51px right of "HighlightTitle1" which is not in range of 23 to 27px (/specs/superpubliclanding.spec:463)
  - "HighlightTitle3" width is 370px which is not in range of 273 to 279px (/specs/superpubliclanding.spec:466)
  - "HighlightTitle3" css property "line-height" is "27px" but should be "26px" (/specs/superpubliclanding.spec:469)
  - "HighlightTitle3" is 85px left which is not in range of 113 to 117px (/specs/superpubliclanding.spec:470)
  - "HighlightTitle3" is 53px below "Highlight3" which is not in range of 36 to 40px (/specs/superpubliclanding.spec:471)
  - "HighlightTitle4" width is 370px which is not in range of 273 to 279px (/specs/superpubliclanding.spec:474)
  - "HighlightTitle4" css property "line-height" is "27px" but should be "26px" (/specs/superpubliclanding.spec:477)
  - "HighlightTitle4" is 506px left which is not in range of 404 to 408px (/specs/superpubliclanding.spec:478)
  - "HighlightTitle4" is 34px below "Highlight4" which is not in range of 37 to 41px (/specs/superpubliclanding.spec:479)
  - "HighlightTitle4" is 51px right of "HighlightTitle3" which is not in range of 33 to 37px (/specs/superpubliclanding.spec:480)
  - "HighligtSumary1" width is 370px which is not in range of 253 to 259px (/specs/superpubliclanding.spec:484)
  - "HighligtSumary1" height is 36px which is not in range of 51 to 57px (/specs/superpubliclanding.spec:485)
  - "HighligtSumary1" is 85px left which is not in range of 113 to 117px (/specs/superpubliclanding.spec:488)
  - "HighligtSumary1" is 14px below "HighlightTitle1" which is not in range of 5 to 12px (/specs/superpubliclanding.spec:489)
  - "HighligtSumary2" width is 370px which is not in range of 253 to 259px (/specs/superpubliclanding.spec:493)
  - "HighligtSumary2" is 506px left which is not in range of 394 to 398px (/specs/superpubliclanding.spec:497)
  - "HighligtSumary2" is 14px below "HighlightTitle2" which is not in range of 5 to 12px (/specs/superpubliclanding.spec:498)
  - "HighligtSumary2" is 51px right of "HighligtSumary1" which is not in range of 23 to 27px (/specs/superpubliclanding.spec:499)
  - "HighligtSumary3" width is 370px which is not in range of 253 to 259px (/specs/superpubliclanding.spec:503)
  - "HighligtSumary3" height is 36px which is not in range of 51 to 57px (/specs/superpubliclanding.spec:504)
  - "HighligtSumary3" is 85px left which is not in range of 113 to 117px (/specs/superpubliclanding.spec:507)
  - "HighligtSumary4" width is 370px which is not in range of 253 to 259px (/specs/superpubliclanding.spec:512)
  - "HighligtSumary4" height is 36px which is not in range of 51 to 57px (/specs/superpubliclanding.spec:513)
  - "HighligtSumary4" is 506px left which is not in range of 51 to 55px (/specs/superpubliclanding.spec:516)
  - "HighligtSumary4" is 14px below "HighlightTitle3" which is not in range of 9 to 13px (/specs/superpubliclanding.spec:517)
  - "HighligtSumary4" is 51px right of "HighligtSumary3" which is not in range of 24 to 28px (/specs/superpubliclanding.spec:518)
  - "ToolsDoc" width is 917px which is not in range of 381 to 387px (/specs/superpubliclanding.spec:622)
  - "ToolsDoc" is 22px left which is not in range of 191 to 195px (/specs/superpubliclanding.spec:626)
  - "ToolSumry" width is 642px which is not in range of 381 to 387px (/specs/superpubliclanding.spec:630)
  - "ToolSumry" height is 54px which is not in range of 68 to 75px (/specs/superpubliclanding.spec:631)
  - "ToolSumry" is 160px left which is not in range of 191 to 195px (/specs/superpubliclanding.spec:634)
  - "ToolSumry" is 29px below "ToolsDoc" which is not in range of 21 to 25px (/specs/superpubliclanding.spec:635)
  - "Tooltext" width is 734px which is not in range of 567 to 574px (/specs/superpubliclanding.spec:638)
  - "Tooltext" css property "line-height" is "15px" but should be "14px" (/specs/superpubliclanding.spec:641)
  - "Tooltext" is 114px left which is not in range of 98 to 102px (/specs/superpubliclanding.spec:642)
  - "CodeSnippet" width is 650px which is not in range of 584 to 592px (/specs/superpubliclanding.spec:646)
  - "CodeSnippet" height is 300px which is not in range of 312 to 319px (/specs/superpubliclanding.spec:647)
  - "CodeSnippet" is 156px left which is not in range of 88 to 92px (/specs/superpubliclanding.spec:648)
  - "CTA1" is 308px left which is not in range of 209 to 213px (/specs/superpubliclanding.spec:655)
  - "CTA1" css property "line-height" is "18px" but should be "16px" (/specs/superpubliclanding.spec:657)
  - "CTA1" is 18px below "CodeSnippet" which is not in range of 28 to 32px (/specs/superpubliclanding.spec:658)
  - "CTA2" is 493px left which is not in range of 395 to 399px (/specs/superpubliclanding.spec:663)
  - "CTA2" css property "line-height" is "18px" but should be "16px" (/specs/superpubliclanding.spec:665)
  - Cannot find locator for "Codesni" in page spec (/specs/superpubliclanding.spec:667)
  - "help-component" height is 218px which is not in range of 238 to 242px (/specs/superpubliclanding.spec:711)
  - "help-first-leaf" is 401px left instead of 0px (/specs/superpubliclanding.spec:714)
  - "help-first-leaf" height is 46px which is not in range of 29 to 33px (/specs/superpubliclanding.spec:715)
  - "help-last-leaf" is absent on page (/specs/superpubliclanding.spec:720)
  - "help-last-leaf" is absent on page (/specs/superpubliclanding.spec:721)
  - "help-last-leaf" is absent on page (/specs/superpubliclanding.spec:722)
  - "help-last-leaf" is absent on page (/specs/superpubliclanding.spec:723)
  - "help-last-leaf" is absent on page (/specs/superpubliclanding.spec:724)
  - "footer-container" is absent on page (/specs/superpubliclanding.spec:738)
  - "footer-container" is absent on page (/specs/superpubliclanding.spec:739)
  - "footer-container" is absent on page (/specs/superpubliclanding.spec:740)
  - "footer-copy-right" is absent on page (/specs/superpubliclanding.spec:743)
  - "footer-right-menu" is absent on page (/specs/superpubliclanding.spec:778)
  - "footer-right-menu" is absent on page (/specs/superpubliclanding.spec:779)
  - Cannot find locator for "footer-rtmenu-items-1" in page spec (/specs/superpubliclanding.spec:783)
  - Cannot find locator for "footer-rtmenu-items-1" in page spec (/specs/superpubliclanding.spec:784)
  - Cannot find locator for "footer-rtmenu-items-1" in page spec (/specs/superpubliclanding.spec:785)

	at com.galenframework.support.GalenJavaTestBase.checkLayout(GalenJavaTestBase.java:129)
	at com.galenframework.support.GalenJavaTestBase.checkLayout(GalenJavaTestBase.java:111)
	at com.galenframework.java.USB.tests.SecureLandingPage_creative_Verification.superPublicLandingPage(SecureLandingPage_creative_Verification.java:86)
	at sun.reflect.NativeMethodAccessorImpl.invoke0(Native Method)
	at sun.reflect.NativeMethodAccessorImpl.invoke(NativeMethodAccessorImpl.java:62)
	at sun.reflect.DelegatingMethodAccessorImpl.invoke(DelegatingMethodAccessorImpl.java:43)
	at java.lang.reflect.Method.invoke(Method.java:498)
	at org.testng.internal.MethodInvocationHelper.invokeMethod(MethodInvocationHelper.java:80)
	at org.testng.internal.Invoker.invokeMethod(Invoker.java:715)
	at org.testng.internal.Invoker.invokeTestMethod(Invoker.java:907)
	at org.testng.internal.Invoker.invokeTestMethods(Invoker.java:1237)
	at org.testng.internal.TestMethodWorker.invokeTestMethods(TestMethodWorker.java:127)
	at org.testng.internal.TestMethodWorker.run(TestMethodWorker.java:111)
	at org.testng.TestRunner.privateRun(TestRunner.java:767)
	at org.testng.TestRunner.run(TestRunner.java:617)
	at org.testng.SuiteRunner.runTest(SuiteRunner.java:334)
	at org.testng.SuiteRunner.runSequentially(SuiteRunner.java:329)
	at org.testng.SuiteRunner.privateRun(SuiteRunner.java:291)
	at org.testng.SuiteRunner.run(SuiteRunner.java:240)
	at org.testng.SuiteRunnerWorker.runSuite(SuiteRunnerWorker.java:51)
	at org.testng.SuiteRunnerWorker.run(SuiteRunnerWorker.java:85)
	at org.testng.TestNG.runSuitesSequentially(TestNG.java:1197)
	at org.testng.TestNG.runSuitesLocally(TestNG.java:1122)
	at org.testng.TestNG.run(TestNG.java:1030)
	at org.testng.remote.AbstractRemoteTestNG.run(AbstractRemoteTestNG.java:132)
	at org.testng.remote.RemoteTestNG.initAndRun(RemoteTestNG.java:230)
	at org.testng.remote.RemoteTestNG.main(RemoteTestNG.java:76)
]]>
    </failure>
  </testcase> <!-- superPublicLandingPage -->
  <testcase name="fsvPublicLandingPage" time="97.621" classname="com.galenframework.java.USB.tests.SecureLandingPage_creative_Verification">
    <failure type="com.galenframework.support.LayoutValidationException" message="/specs/fsvpubliclanding.spec, tags: [Desktop]
  - &quot;header-container&quot; height is 94px which is not in range of 188 to 192px (/specs/fsvpubliclanding.spec:44)
  - color #FFFFFF on &quot;header-container&quot; is 0% but it should be greater than 90% (/specs/fsvpubliclanding.spec:45)
  - &quot;left-menu-head&quot; is 89px left instead of 0px (/specs/fsvpubliclanding.spec:48)
  - &quot;logo-img&quot; is absent on page (/specs/fsvpubliclanding.spec:51)
  - &quot;logo-img&quot; is absent on page (/specs/fsvpubliclanding.spec:52)
  - &quot;for-developers&quot; is 193px left instead of 298px (/specs/fsvpubliclanding.spec:55)
  - &quot;logo-img&quot; is absent on page (/specs/fsvpubliclanding.spec:56)
  - &quot;for-developers&quot; height is 25px which is not in range of 19 to 23px (/specs/fsvpubliclanding.spec:57)
  - &quot;right-menuhead-items-1&quot; is -1px top instead of 69px (/specs/fsvpubliclanding.spec:98)
  - &quot;right-menuhead-items-1&quot; is 238px right of &quot;for-developers&quot; instead of 336px (/specs/fsvpubliclanding.spec:99)
  - &quot;right-menuhead-items-1&quot; height is 25px which is not in range of 19 to 23px (/specs/fsvpubliclanding.spec:103)
  - &quot;right-menuhead-items-2&quot; height is 25px which is not in range of 19 to 23px (/specs/fsvpubliclanding.spec:103)
  - &quot;right-menuhead-items-2&quot; is 4px right of &quot;right-menuhead-items-1&quot; which is not in range of 52 to 54px (/specs/fsvpubliclanding.spec:107)
  - &quot;right-menuhead-items-3&quot; height is 25px which is not in range of 19 to 23px (/specs/fsvpubliclanding.spec:103)
  - &quot;right-menuhead-items-3&quot; is 3px right of &quot;right-menuhead-items-2&quot; which is not in range of 52 to 54px (/specs/fsvpubliclanding.spec:107)
  - &quot;right-menuhead-items-4&quot; height is 25px which is not in range of 19 to 23px (/specs/fsvpubliclanding.spec:103)
  - &quot;right-menuhead-items-4&quot; is 3px right of &quot;right-menuhead-items-3&quot; which is not in range of 52 to 54px (/specs/fsvpubliclanding.spec:107)
  - &quot;hero-banner&quot; is absent on page (/specs/fsvpubliclanding.spec:151)
  - &quot;hero-banner&quot; is absent on page (/specs/fsvpubliclanding.spec:152)
  - &quot;hero-banner&quot; is absent on page (/specs/fsvpubliclanding.spec:155)
  - &quot;hero-head&quot; css property &quot;line-height&quot; is &quot;60px&quot; but should be &quot;58px&quot; (/specs/fsvpubliclanding.spec:158)
  - &quot;hero-banner&quot; is absent on page (/specs/fsvpubliclanding.spec:161)
  - &quot;hero-para&quot; is 5px below &quot;hero-head&quot; instead of 0px (/specs/fsvpubliclanding.spec:162)
  - &quot;hero-para&quot; css property &quot;line-height&quot; is &quot;60px&quot; but should be &quot;58px&quot; (/specs/fsvpubliclanding.spec:165)
  - &quot;hero-banner&quot; is absent on page (/specs/fsvpubliclanding.spec:168)
  - &quot;hero-cta1&quot; is 68px below &quot;hero-para&quot; instead of 104px (/specs/fsvpubliclanding.spec:169)
  - &quot;hero-cta1&quot; css property &quot;font-size&quot; is &quot;14px&quot; but should be &quot;16px&quot; (/specs/fsvpubliclanding.spec:171)
  - &quot;hero-cta1&quot; css property &quot;line-height&quot; is &quot;20px&quot; but should be &quot;18px&quot; (/specs/fsvpubliclanding.spec:172)
  - &quot;Highlight1&quot; is 180px left which is not in range of 182 to 186px (/specs/fsvpubliclanding.spec:231)
  - &quot;Highlight2&quot; height is 107px which is not in range of 98 to 104px (/specs/fsvpubliclanding.spec:235)
  - &quot;Highlight2&quot; is 428px left which is not in range of 489 to 493px (/specs/fsvpubliclanding.spec:236)
  - &quot;Highlight2&quot; is 183px right of &quot;Highlight1&quot; which is not in range of 240 to 244px (/specs/fsvpubliclanding.spec:237)
  - &quot;Highlight3&quot; width is 65px which is not in range of 80 to 86px (/specs/fsvpubliclanding.spec:241)
  - &quot;Highlight3&quot; height is 65px which is not in range of 80 to 86px (/specs/fsvpubliclanding.spec:242)
  - &quot;Highlight3&quot; is 676px left which is not in range of 785 to 789px (/specs/fsvpubliclanding.spec:243)
  - &quot;Highlight3&quot; is 183px right of &quot;Highlight2&quot; which is not in range of 232 to 236px (/specs/fsvpubliclanding.spec:244)
  - &quot;Highlight4&quot; width is 65px which is not in range of 76 to 83px (/specs/fsvpubliclanding.spec:248)
  - &quot;Highlight4&quot; height is 65px which is not in range of 76 to 83px (/specs/fsvpubliclanding.spec:249)
  - &quot;Highlight4&quot; is 924px left which is not in range of 1092 to 1096px (/specs/fsvpubliclanding.spec:250)
  - &quot;Highlight4&quot; is 183px right of &quot;Highlight3&quot; which is not in range of 223 to 227px (/specs/fsvpubliclanding.spec:251)
  - &quot;HighlightTitle1&quot; width is 178px which is not in range of 169 to 175px (/specs/fsvpubliclanding.spec:254)
  - &quot;HighlightTitle1&quot; css property &quot;line-height&quot; is &quot;27px&quot; but should be &quot;26px&quot; (/specs/fsvpubliclanding.spec:257)
  - &quot;HighlightTitle1&quot; is 124px left which is not in range of 129 to 133px (/specs/fsvpubliclanding.spec:258)
  - &quot;HighlightTitle2&quot; width is 178px which is not in range of 186 to 192px (/specs/fsvpubliclanding.spec:263)
  - &quot;HighlightTitle2&quot; height is 54px which is not in range of 23 to 29px (/specs/fsvpubliclanding.spec:264)
  - &quot;HighlightTitle2&quot; css property &quot;line-height&quot; is &quot;27px&quot; but should be &quot;26px&quot; (/specs/fsvpubliclanding.spec:266)
  - &quot;HighlightTitle2&quot; is 372px left which is not in range of 426 to 430px (/specs/fsvpubliclanding.spec:267)
  - &quot;HighlightTitle2&quot; is 11px below &quot;Highlight2&quot; which is not in range of 19 to 23px (/specs/fsvpubliclanding.spec:268)
  - &quot;HighlightTitle2&quot; is 70px right of &quot;HighlightTitle1&quot; which is not in range of 122 to 126px (/specs/fsvpubliclanding.spec:269)
  - &quot;HighlightTitle3&quot; width is 178px which is not in range of 283 to 289px (/specs/fsvpubliclanding.spec:271)
  - &quot;HighlightTitle3&quot; css property &quot;line-height&quot; is &quot;27px&quot; but should be &quot;26px&quot; (/specs/fsvpubliclanding.spec:274)
  - &quot;HighlightTitle3&quot; is 620px left which is not in range of 682 to 686px (/specs/fsvpubliclanding.spec:275)
  - &quot;HighlightTitle3&quot; is 53px below &quot;Highlight3&quot; which is not in range of 34 to 38px (/specs/fsvpubliclanding.spec:276)
  - &quot;HighlightTitle3&quot; is 70px right of &quot;HighlightTitle2&quot; which is not in range of 65 to 69px (/specs/fsvpubliclanding.spec:277)
  - &quot;HighlightTitle4&quot; width is 178px which is not in range of 234 to 242px (/specs/fsvpubliclanding.spec:279)
  - &quot;HighlightTitle4&quot; height is 54px which is not in range of 23 to 29px (/specs/fsvpubliclanding.spec:280)
  - &quot;HighlightTitle4&quot; css property &quot;line-height&quot; is &quot;27px&quot; but should be &quot;26px&quot; (/specs/fsvpubliclanding.spec:282)
  - &quot;HighlightTitle4&quot; is 868px left which is not in range of 1012 to 1016px (/specs/fsvpubliclanding.spec:283)
  - &quot;HighlightTitle4&quot; is 53px below &quot;Highlight4&quot; which is not in range of 35 to 39px (/specs/fsvpubliclanding.spec:284)
  - &quot;HighlightTitle4&quot; is 70px right of &quot;HighlightTitle3&quot; which is not in range of 43 to 47px (/specs/fsvpubliclanding.spec:285)
  - &quot;HighligtSumary1&quot; width is 178px which is not in range of 226 to 232px (/specs/fsvpubliclanding.spec:288)
  - &quot;HighligtSumary1&quot; is 124px left which is not in range of 99 to 103px (/specs/fsvpubliclanding.spec:292)
  - &quot;HighligtSumary2&quot; width is 178px which is not in range of 208 to 215px (/specs/fsvpubliclanding.spec:297)
  - &quot;HighligtSumary2&quot; height is 72px which is not in range of 33 to 39px (/specs/fsvpubliclanding.spec:298)
  - &quot;HighligtSumary2&quot; is 372px left which is not in range of 412 to 416px (/specs/fsvpubliclanding.spec:301)
  - &quot;HighligtSumary2&quot; is 70px right of &quot;HighligtSumary1&quot; which is not in range of 80 to 84px (/specs/fsvpubliclanding.spec:303)
  - &quot;HighligtSumary3&quot; width is 178px which is not in range of 214 to 222px (/specs/fsvpubliclanding.spec:306)
  - &quot;HighligtSumary3&quot; is 620px left which is not in range of 715 to 719px (/specs/fsvpubliclanding.spec:310)
  - &quot;HighligtSumary3&quot; is 70px right of &quot;HighligtSumary2&quot; which is not in range of 89 to 93px (/specs/fsvpubliclanding.spec:312)
  - &quot;HighligtSumary4&quot; width is 178px which is not in range of 196 to 204px (/specs/fsvpubliclanding.spec:315)
  - &quot;HighligtSumary4&quot; height is 72px which is not in range of 51 to 57px (/specs/fsvpubliclanding.spec:316)
  - &quot;HighligtSumary4&quot; is 868px left which is not in range of 1031 to 1035px (/specs/fsvpubliclanding.spec:319)
  - &quot;HighligtSumary4&quot; is 41px below &quot;HighlightTitle3&quot; which is not in range of 14 to 19px (/specs/fsvpubliclanding.spec:320)
  - &quot;HighligtSumary4&quot; is 70px right of &quot;HighligtSumary3&quot; which is not in range of 96 to 100px (/specs/fsvpubliclanding.spec:321)
  - &quot;ToolsDoc&quot; width is 992px which is not in range of 373 to 381px (/specs/fsvpubliclanding.spec:523)
  - &quot;ToolsDoc&quot; is 89px left which is not in range of 485 to 489px (/specs/fsvpubliclanding.spec:527)
  - &quot;ToolSumry&quot; width is 407px which is not in range of 373 to 381px (/specs/fsvpubliclanding.spec:531)
  - &quot;ToolSumry&quot; height is 72px which is not in range of 87 to 93px (/specs/fsvpubliclanding.spec:532)
  - &quot;ToolSumry&quot; is 381px left which is not in range of 485 to 489px (/specs/fsvpubliclanding.spec:535)
  - &quot;Tooltext&quot; width is 446px which is not in range of 373 to 381px (/specs/fsvpubliclanding.spec:539)
  - &quot;Tooltext&quot; css property &quot;line-height&quot; is &quot;15px&quot; but should be &quot;14px&quot; (/specs/fsvpubliclanding.spec:542)
  - &quot;Tooltext&quot; is 361px left which is not in range of 484 to 488px (/specs/fsvpubliclanding.spec:543)
  - &quot;Tooltext&quot; is 25px below &quot;ToolSumry&quot; which is not in range of 27 to 31px (/specs/fsvpubliclanding.spec:544)
  - &quot;CodeSnippet&quot; width is 650px which is not in range of 584 to 592px (/specs/fsvpubliclanding.spec:547)
  - &quot;CodeSnippet&quot; height is 300px which is not in range of 313 to 320px (/specs/fsvpubliclanding.spec:548)
  - &quot;CodeSnippet&quot; is 260px left which is not in range of 379 to 383px (/specs/fsvpubliclanding.spec:549)
  - &quot;CTA1&quot; is 354px left which is not in range of 444 to 448px (/specs/fsvpubliclanding.spec:556)
  - &quot;CTA1&quot; css property &quot;line-height&quot; is &quot;18px&quot; but should be &quot;16px&quot; (/specs/fsvpubliclanding.spec:558)
  - &quot;CTA2&quot; is 597px left which is not in range of 684 to 688px (/specs/fsvpubliclanding.spec:564)
  - &quot;CTA2&quot; css property &quot;line-height&quot; is &quot;18px&quot; but should be &quot;16px&quot; (/specs/fsvpubliclanding.spec:566)
  - &quot;help-component&quot; height is 228px which is not in range of 238 to 242px (/specs/fsvpubliclanding.spec:672)
  - &quot;help-first-leaf&quot; is 509px left instead of 486px (/specs/fsvpubliclanding.spec:675)
  - &quot;help-first-leaf&quot; height is 46px which is not in range of 29 to 33px (/specs/fsvpubliclanding.spec:676)
  - &quot;help-last-leaf&quot; is 478px left instead of 566px (/specs/fsvpubliclanding.spec:681)
  - &quot;help-last-leaf&quot; css property &quot;line-height&quot; is &quot;18px&quot; but should be &quot;16px&quot; (/specs/fsvpubliclanding.spec:685)
  - Cannot find locator for &quot;footer-container&quot; in page spec (/specs/fsvpubliclanding.spec:727)
  - Cannot find locator for &quot;footer-container&quot; in page spec (/specs/fsvpubliclanding.spec:728)
  - Cannot find locator for &quot;footer-container&quot; in page spec (/specs/fsvpubliclanding.spec:729)
  - Cannot find locator for &quot;footer-container&quot; in page spec (/specs/fsvpubliclanding.spec:732)
  - Cannot find locator for &quot;footer-container&quot; in page spec (/specs/fsvpubliclanding.spec:757)
  - &quot;footer-rtmenu-items-1&quot; is 478px right which is not in range of 301 to 303px (/specs/fsvpubliclanding.spec:762)
  - &quot;footer-rtmenu-items-1&quot; height is 43px which is not in range of 18 to 22px (/specs/fsvpubliclanding.spec:763)
  - color #ffffff on &quot;footer-rtmenu-items-1&quot; is 0% instead of 5% (/specs/fsvpubliclanding.spec:764)
  - &quot;footer-rtmenu-items-1&quot; height is 43px which is not in range of 18 to 22px (/specs/fsvpubliclanding.spec:768)
  - &quot;footer-rtmenu-items-2&quot; height is 43px which is not in range of 18 to 22px (/specs/fsvpubliclanding.spec:768)
  - &quot;footer-rtmenu-items-2&quot; is 12px right of &quot;footer-rtmenu-items-1&quot; which is not in range of 39 to 40px (/specs/fsvpubliclanding.spec:772)
  - &quot;footer-rtmenu-items-3&quot; height is 43px which is not in range of 18 to 22px (/specs/fsvpubliclanding.spec:768)
  - &quot;footer-rtmenu-items-3&quot; is 11px right of &quot;footer-rtmenu-items-2&quot; which is not in range of 39 to 40px (/specs/fsvpubliclanding.spec:772)
  - &quot;footer-rtmenu-items-4&quot; height is 43px which is not in range of 18 to 22px (/specs/fsvpubliclanding.spec:768)
  - &quot;footer-rtmenu-items-4&quot; is 12px right of &quot;footer-rtmenu-items-3&quot; which is not in range of 39 to 40px (/specs/fsvpubliclanding.spec:772)
  - &quot;footer-rtmenu-items-5&quot; height is 43px which is not in range of 18 to 22px (/specs/fsvpubliclanding.spec:768)
  - &quot;footer-rtmenu-items-5&quot; is 12px right of &quot;footer-rtmenu-items-4&quot; which is not in range of 39 to 40px (/specs/fsvpubliclanding.spec:772)
">
      <![CDATA[com.galenframework.support.LayoutValidationException: /specs/fsvpubliclanding.spec, tags: [Desktop]
  - "header-container" height is 94px which is not in range of 188 to 192px (/specs/fsvpubliclanding.spec:44)
  - color #FFFFFF on "header-container" is 0% but it should be greater than 90% (/specs/fsvpubliclanding.spec:45)
  - "left-menu-head" is 89px left instead of 0px (/specs/fsvpubliclanding.spec:48)
  - "logo-img" is absent on page (/specs/fsvpubliclanding.spec:51)
  - "logo-img" is absent on page (/specs/fsvpubliclanding.spec:52)
  - "for-developers" is 193px left instead of 298px (/specs/fsvpubliclanding.spec:55)
  - "logo-img" is absent on page (/specs/fsvpubliclanding.spec:56)
  - "for-developers" height is 25px which is not in range of 19 to 23px (/specs/fsvpubliclanding.spec:57)
  - "right-menuhead-items-1" is -1px top instead of 69px (/specs/fsvpubliclanding.spec:98)
  - "right-menuhead-items-1" is 238px right of "for-developers" instead of 336px (/specs/fsvpubliclanding.spec:99)
  - "right-menuhead-items-1" height is 25px which is not in range of 19 to 23px (/specs/fsvpubliclanding.spec:103)
  - "right-menuhead-items-2" height is 25px which is not in range of 19 to 23px (/specs/fsvpubliclanding.spec:103)
  - "right-menuhead-items-2" is 4px right of "right-menuhead-items-1" which is not in range of 52 to 54px (/specs/fsvpubliclanding.spec:107)
  - "right-menuhead-items-3" height is 25px which is not in range of 19 to 23px (/specs/fsvpubliclanding.spec:103)
  - "right-menuhead-items-3" is 3px right of "right-menuhead-items-2" which is not in range of 52 to 54px (/specs/fsvpubliclanding.spec:107)
  - "right-menuhead-items-4" height is 25px which is not in range of 19 to 23px (/specs/fsvpubliclanding.spec:103)
  - "right-menuhead-items-4" is 3px right of "right-menuhead-items-3" which is not in range of 52 to 54px (/specs/fsvpubliclanding.spec:107)
  - "hero-banner" is absent on page (/specs/fsvpubliclanding.spec:151)
  - "hero-banner" is absent on page (/specs/fsvpubliclanding.spec:152)
  - "hero-banner" is absent on page (/specs/fsvpubliclanding.spec:155)
  - "hero-head" css property "line-height" is "60px" but should be "58px" (/specs/fsvpubliclanding.spec:158)
  - "hero-banner" is absent on page (/specs/fsvpubliclanding.spec:161)
  - "hero-para" is 5px below "hero-head" instead of 0px (/specs/fsvpubliclanding.spec:162)
  - "hero-para" css property "line-height" is "60px" but should be "58px" (/specs/fsvpubliclanding.spec:165)
  - "hero-banner" is absent on page (/specs/fsvpubliclanding.spec:168)
  - "hero-cta1" is 68px below "hero-para" instead of 104px (/specs/fsvpubliclanding.spec:169)
  - "hero-cta1" css property "font-size" is "14px" but should be "16px" (/specs/fsvpubliclanding.spec:171)
  - "hero-cta1" css property "line-height" is "20px" but should be "18px" (/specs/fsvpubliclanding.spec:172)
  - "Highlight1" is 180px left which is not in range of 182 to 186px (/specs/fsvpubliclanding.spec:231)
  - "Highlight2" height is 107px which is not in range of 98 to 104px (/specs/fsvpubliclanding.spec:235)
  - "Highlight2" is 428px left which is not in range of 489 to 493px (/specs/fsvpubliclanding.spec:236)
  - "Highlight2" is 183px right of "Highlight1" which is not in range of 240 to 244px (/specs/fsvpubliclanding.spec:237)
  - "Highlight3" width is 65px which is not in range of 80 to 86px (/specs/fsvpubliclanding.spec:241)
  - "Highlight3" height is 65px which is not in range of 80 to 86px (/specs/fsvpubliclanding.spec:242)
  - "Highlight3" is 676px left which is not in range of 785 to 789px (/specs/fsvpubliclanding.spec:243)
  - "Highlight3" is 183px right of "Highlight2" which is not in range of 232 to 236px (/specs/fsvpubliclanding.spec:244)
  - "Highlight4" width is 65px which is not in range of 76 to 83px (/specs/fsvpubliclanding.spec:248)
  - "Highlight4" height is 65px which is not in range of 76 to 83px (/specs/fsvpubliclanding.spec:249)
  - "Highlight4" is 924px left which is not in range of 1092 to 1096px (/specs/fsvpubliclanding.spec:250)
  - "Highlight4" is 183px right of "Highlight3" which is not in range of 223 to 227px (/specs/fsvpubliclanding.spec:251)
  - "HighlightTitle1" width is 178px which is not in range of 169 to 175px (/specs/fsvpubliclanding.spec:254)
  - "HighlightTitle1" css property "line-height" is "27px" but should be "26px" (/specs/fsvpubliclanding.spec:257)
  - "HighlightTitle1" is 124px left which is not in range of 129 to 133px (/specs/fsvpubliclanding.spec:258)
  - "HighlightTitle2" width is 178px which is not in range of 186 to 192px (/specs/fsvpubliclanding.spec:263)
  - "HighlightTitle2" height is 54px which is not in range of 23 to 29px (/specs/fsvpubliclanding.spec:264)
  - "HighlightTitle2" css property "line-height" is "27px" but should be "26px" (/specs/fsvpubliclanding.spec:266)
  - "HighlightTitle2" is 372px left which is not in range of 426 to 430px (/specs/fsvpubliclanding.spec:267)
  - "HighlightTitle2" is 11px below "Highlight2" which is not in range of 19 to 23px (/specs/fsvpubliclanding.spec:268)
  - "HighlightTitle2" is 70px right of "HighlightTitle1" which is not in range of 122 to 126px (/specs/fsvpubliclanding.spec:269)
  - "HighlightTitle3" width is 178px which is not in range of 283 to 289px (/specs/fsvpubliclanding.spec:271)
  - "HighlightTitle3" css property "line-height" is "27px" but should be "26px" (/specs/fsvpubliclanding.spec:274)
  - "HighlightTitle3" is 620px left which is not in range of 682 to 686px (/specs/fsvpubliclanding.spec:275)
  - "HighlightTitle3" is 53px below "Highlight3" which is not in range of 34 to 38px (/specs/fsvpubliclanding.spec:276)
  - "HighlightTitle3" is 70px right of "HighlightTitle2" which is not in range of 65 to 69px (/specs/fsvpubliclanding.spec:277)
  - "HighlightTitle4" width is 178px which is not in range of 234 to 242px (/specs/fsvpubliclanding.spec:279)
  - "HighlightTitle4" height is 54px which is not in range of 23 to 29px (/specs/fsvpubliclanding.spec:280)
  - "HighlightTitle4" css property "line-height" is "27px" but should be "26px" (/specs/fsvpubliclanding.spec:282)
  - "HighlightTitle4" is 868px left which is not in range of 1012 to 1016px (/specs/fsvpubliclanding.spec:283)
  - "HighlightTitle4" is 53px below "Highlight4" which is not in range of 35 to 39px (/specs/fsvpubliclanding.spec:284)
  - "HighlightTitle4" is 70px right of "HighlightTitle3" which is not in range of 43 to 47px (/specs/fsvpubliclanding.spec:285)
  - "HighligtSumary1" width is 178px which is not in range of 226 to 232px (/specs/fsvpubliclanding.spec:288)
  - "HighligtSumary1" is 124px left which is not in range of 99 to 103px (/specs/fsvpubliclanding.spec:292)
  - "HighligtSumary2" width is 178px which is not in range of 208 to 215px (/specs/fsvpubliclanding.spec:297)
  - "HighligtSumary2" height is 72px which is not in range of 33 to 39px (/specs/fsvpubliclanding.spec:298)
  - "HighligtSumary2" is 372px left which is not in range of 412 to 416px (/specs/fsvpubliclanding.spec:301)
  - "HighligtSumary2" is 70px right of "HighligtSumary1" which is not in range of 80 to 84px (/specs/fsvpubliclanding.spec:303)
  - "HighligtSumary3" width is 178px which is not in range of 214 to 222px (/specs/fsvpubliclanding.spec:306)
  - "HighligtSumary3" is 620px left which is not in range of 715 to 719px (/specs/fsvpubliclanding.spec:310)
  - "HighligtSumary3" is 70px right of "HighligtSumary2" which is not in range of 89 to 93px (/specs/fsvpubliclanding.spec:312)
  - "HighligtSumary4" width is 178px which is not in range of 196 to 204px (/specs/fsvpubliclanding.spec:315)
  - "HighligtSumary4" height is 72px which is not in range of 51 to 57px (/specs/fsvpubliclanding.spec:316)
  - "HighligtSumary4" is 868px left which is not in range of 1031 to 1035px (/specs/fsvpubliclanding.spec:319)
  - "HighligtSumary4" is 41px below "HighlightTitle3" which is not in range of 14 to 19px (/specs/fsvpubliclanding.spec:320)
  - "HighligtSumary4" is 70px right of "HighligtSumary3" which is not in range of 96 to 100px (/specs/fsvpubliclanding.spec:321)
  - "ToolsDoc" width is 992px which is not in range of 373 to 381px (/specs/fsvpubliclanding.spec:523)
  - "ToolsDoc" is 89px left which is not in range of 485 to 489px (/specs/fsvpubliclanding.spec:527)
  - "ToolSumry" width is 407px which is not in range of 373 to 381px (/specs/fsvpubliclanding.spec:531)
  - "ToolSumry" height is 72px which is not in range of 87 to 93px (/specs/fsvpubliclanding.spec:532)
  - "ToolSumry" is 381px left which is not in range of 485 to 489px (/specs/fsvpubliclanding.spec:535)
  - "Tooltext" width is 446px which is not in range of 373 to 381px (/specs/fsvpubliclanding.spec:539)
  - "Tooltext" css property "line-height" is "15px" but should be "14px" (/specs/fsvpubliclanding.spec:542)
  - "Tooltext" is 361px left which is not in range of 484 to 488px (/specs/fsvpubliclanding.spec:543)
  - "Tooltext" is 25px below "ToolSumry" which is not in range of 27 to 31px (/specs/fsvpubliclanding.spec:544)
  - "CodeSnippet" width is 650px which is not in range of 584 to 592px (/specs/fsvpubliclanding.spec:547)
  - "CodeSnippet" height is 300px which is not in range of 313 to 320px (/specs/fsvpubliclanding.spec:548)
  - "CodeSnippet" is 260px left which is not in range of 379 to 383px (/specs/fsvpubliclanding.spec:549)
  - "CTA1" is 354px left which is not in range of 444 to 448px (/specs/fsvpubliclanding.spec:556)
  - "CTA1" css property "line-height" is "18px" but should be "16px" (/specs/fsvpubliclanding.spec:558)
  - "CTA2" is 597px left which is not in range of 684 to 688px (/specs/fsvpubliclanding.spec:564)
  - "CTA2" css property "line-height" is "18px" but should be "16px" (/specs/fsvpubliclanding.spec:566)
  - "help-component" height is 228px which is not in range of 238 to 242px (/specs/fsvpubliclanding.spec:672)
  - "help-first-leaf" is 509px left instead of 486px (/specs/fsvpubliclanding.spec:675)
  - "help-first-leaf" height is 46px which is not in range of 29 to 33px (/specs/fsvpubliclanding.spec:676)
  - "help-last-leaf" is 478px left instead of 566px (/specs/fsvpubliclanding.spec:681)
  - "help-last-leaf" css property "line-height" is "18px" but should be "16px" (/specs/fsvpubliclanding.spec:685)
  - Cannot find locator for "footer-container" in page spec (/specs/fsvpubliclanding.spec:727)
  - Cannot find locator for "footer-container" in page spec (/specs/fsvpubliclanding.spec:728)
  - Cannot find locator for "footer-container" in page spec (/specs/fsvpubliclanding.spec:729)
  - Cannot find locator for "footer-container" in page spec (/specs/fsvpubliclanding.spec:732)
  - Cannot find locator for "footer-container" in page spec (/specs/fsvpubliclanding.spec:757)
  - "footer-rtmenu-items-1" is 478px right which is not in range of 301 to 303px (/specs/fsvpubliclanding.spec:762)
  - "footer-rtmenu-items-1" height is 43px which is not in range of 18 to 22px (/specs/fsvpubliclanding.spec:763)
  - color #ffffff on "footer-rtmenu-items-1" is 0% instead of 5% (/specs/fsvpubliclanding.spec:764)
  - "footer-rtmenu-items-1" height is 43px which is not in range of 18 to 22px (/specs/fsvpubliclanding.spec:768)
  - "footer-rtmenu-items-2" height is 43px which is not in range of 18 to 22px (/specs/fsvpubliclanding.spec:768)
  - "footer-rtmenu-items-2" is 12px right of "footer-rtmenu-items-1" which is not in range of 39 to 40px (/specs/fsvpubliclanding.spec:772)
  - "footer-rtmenu-items-3" height is 43px which is not in range of 18 to 22px (/specs/fsvpubliclanding.spec:768)
  - "footer-rtmenu-items-3" is 11px right of "footer-rtmenu-items-2" which is not in range of 39 to 40px (/specs/fsvpubliclanding.spec:772)
  - "footer-rtmenu-items-4" height is 43px which is not in range of 18 to 22px (/specs/fsvpubliclanding.spec:768)
  - "footer-rtmenu-items-4" is 12px right of "footer-rtmenu-items-3" which is not in range of 39 to 40px (/specs/fsvpubliclanding.spec:772)
  - "footer-rtmenu-items-5" height is 43px which is not in range of 18 to 22px (/specs/fsvpubliclanding.spec:768)
  - "footer-rtmenu-items-5" is 12px right of "footer-rtmenu-items-4" which is not in range of 39 to 40px (/specs/fsvpubliclanding.spec:772)

	at com.galenframework.support.GalenJavaTestBase.checkLayout(GalenJavaTestBase.java:129)
	at com.galenframework.support.GalenJavaTestBase.checkLayout(GalenJavaTestBase.java:111)
	at com.galenframework.java.USB.tests.SecureLandingPage_creative_Verification.fsvPublicLandingPage(SecureLandingPage_creative_Verification.java:75)
	at sun.reflect.NativeMethodAccessorImpl.invoke0(Native Method)
	at sun.reflect.NativeMethodAccessorImpl.invoke(NativeMethodAccessorImpl.java:62)
	at sun.reflect.DelegatingMethodAccessorImpl.invoke(DelegatingMethodAccessorImpl.java:43)
	at java.lang.reflect.Method.invoke(Method.java:498)
	at org.testng.internal.MethodInvocationHelper.invokeMethod(MethodInvocationHelper.java:80)
	at org.testng.internal.Invoker.invokeMethod(Invoker.java:715)
	at org.testng.internal.Invoker.invokeTestMethod(Invoker.java:907)
	at org.testng.internal.Invoker.invokeTestMethods(Invoker.java:1237)
	at org.testng.internal.TestMethodWorker.invokeTestMethods(TestMethodWorker.java:127)
	at org.testng.internal.TestMethodWorker.run(TestMethodWorker.java:111)
	at org.testng.TestRunner.privateRun(TestRunner.java:767)
	at org.testng.TestRunner.run(TestRunner.java:617)
	at org.testng.SuiteRunner.runTest(SuiteRunner.java:334)
	at org.testng.SuiteRunner.runSequentially(SuiteRunner.java:329)
	at org.testng.SuiteRunner.privateRun(SuiteRunner.java:291)
	at org.testng.SuiteRunner.run(SuiteRunner.java:240)
	at org.testng.SuiteRunnerWorker.runSuite(SuiteRunnerWorker.java:51)
	at org.testng.SuiteRunnerWorker.run(SuiteRunnerWorker.java:85)
	at org.testng.TestNG.runSuitesSequentially(TestNG.java:1197)
	at org.testng.TestNG.runSuitesLocally(TestNG.java:1122)
	at org.testng.TestNG.run(TestNG.java:1030)
	at org.testng.remote.AbstractRemoteTestNG.run(AbstractRemoteTestNG.java:132)
	at org.testng.remote.RemoteTestNG.initAndRun(RemoteTestNG.java:230)
	at org.testng.remote.RemoteTestNG.main(RemoteTestNG.java:76)
]]>
    </failure>
  </testcase> <!-- fsvPublicLandingPage -->
  <testcase name="usbPublicLandingPage" time="53.701" classname="com.galenframework.java.USB.tests.SecureLandingPage_creative_Verification">
    <failure type="com.galenframework.support.LayoutValidationException" message="/specs/usbpubliclanding.spec, tags: [Desktop]
  - &quot;header-container&quot; height is 142px which is not in range of 188 to 192px (/specs/usbpubliclanding.spec:44)
  - &quot;left-menu-head&quot; is 89px left instead of 0px (/specs/usbpubliclanding.spec:48)
  - &quot;logo-img&quot; is absent on page (/specs/usbpubliclanding.spec:51)
  - &quot;logo-img&quot; is absent on page (/specs/usbpubliclanding.spec:52)
  - &quot;for-developers&quot; is 128px left instead of 208px (/specs/usbpubliclanding.spec:55)
  - &quot;logo-img&quot; is absent on page (/specs/usbpubliclanding.spec:56)
  - &quot;for-developers&quot; height is 25px which is not in range of 19 to 23px (/specs/usbpubliclanding.spec:57)
  - &quot;right-menuhead-items-1&quot; is 144px right of &quot;for-developers&quot; instead of 413px (/specs/usbpubliclanding.spec:99)
  - &quot;right-menuhead-items-1&quot; height is 25px which is not in range of 19 to 23px (/specs/usbpubliclanding.spec:103)
  - &quot;right-menuhead-items-2&quot; height is 25px which is not in range of 19 to 23px (/specs/usbpubliclanding.spec:103)
  - &quot;right-menuhead-items-2&quot; is 4px right of &quot;right-menuhead-items-1&quot; which is not in range of 52 to 54px (/specs/usbpubliclanding.spec:107)
  - &quot;right-menuhead-items-3&quot; height is 25px which is not in range of 19 to 23px (/specs/usbpubliclanding.spec:103)
  - &quot;right-menuhead-items-3&quot; is 3px right of &quot;right-menuhead-items-2&quot; which is not in range of 52 to 54px (/specs/usbpubliclanding.spec:107)
  - &quot;right-menuhead-items-4&quot; height is 25px which is not in range of 19 to 23px (/specs/usbpubliclanding.spec:103)
  - &quot;right-menuhead-items-4&quot; is 3px right of &quot;right-menuhead-items-3&quot; which is not in range of 52 to 54px (/specs/usbpubliclanding.spec:107)
  - &quot;right-menuhead-items-5&quot; height is 25px which is not in range of 19 to 23px (/specs/usbpubliclanding.spec:103)
  - &quot;right-menuhead-items-5&quot; is 3px right of &quot;right-menuhead-items-4&quot; which is not in range of 52 to 54px (/specs/usbpubliclanding.spec:107)
  - &quot;hero-banner&quot; is 142px top instead of 0px (/specs/usbpubliclanding.spec:151)
  - color #e03e4b on &quot;hero-banner&quot; is 61% but it should be greater than 90% (/specs/usbpubliclanding.spec:152)
  - &quot;hero-head&quot; is 89px left instead of 72px, is 54px top instead of 212px (/specs/usbpubliclanding.spec:155)
  - &quot;hero-head&quot; css property &quot;line-height&quot; is &quot;60px&quot; but should be &quot;58px&quot; (/specs/usbpubliclanding.spec:158)
  - &quot;hero-para&quot; is 89px left instead of 72px, is 114px top instead of 270px (/specs/usbpubliclanding.spec:161)
  - &quot;hero-para&quot; css property &quot;line-height&quot; is &quot;60px&quot; but should be &quot;58px&quot; (/specs/usbpubliclanding.spec:165)
  - &quot;hero-cta1&quot; is 89px left instead of 75px, is 273px top instead of 432px (/specs/usbpubliclanding.spec:168)
  - &quot;hero-cta1&quot; is 99px below &quot;hero-para&quot; instead of 104px (/specs/usbpubliclanding.spec:169)
  - &quot;hero-cta1&quot; height is 116px which is not in range of 48 to 52px (/specs/usbpubliclanding.spec:170)
  - &quot;hero-cta1&quot; css property &quot;font-size&quot; is &quot;14px&quot; but should be &quot;16px&quot; (/specs/usbpubliclanding.spec:171)
  - &quot;hero-cta1&quot; css property &quot;line-height&quot; is &quot;20px&quot; but should be &quot;18px&quot; (/specs/usbpubliclanding.spec:172)
  - &quot;Highlight1&quot; is 180px left which is not in range of 134 to 138px (/specs/usbpubliclanding.spec:230)
  - &quot;Highlight2&quot; height is 65px which is not in range of 98 to 104px (/specs/usbpubliclanding.spec:234)
  - &quot;Highlight2&quot; is 428px left which is not in range of 390 to 394px (/specs/usbpubliclanding.spec:235)
  - &quot;Highlight2&quot; is 183px right of &quot;Highlight1&quot; which is not in range of 189 to 193px (/specs/usbpubliclanding.spec:236)
  - &quot;Highlight3&quot; width is 65px which is not in range of 80 to 86px (/specs/usbpubliclanding.spec:240)
  - &quot;Highlight3&quot; height is 107px which is not in range of 80 to 86px (/specs/usbpubliclanding.spec:241)
  - &quot;Highlight3&quot; is 676px left which is not in range of 634 to 638px (/specs/usbpubliclanding.spec:242)
  - &quot;Highlight4&quot; width is 65px which is not in range of 76 to 83px (/specs/usbpubliclanding.spec:247)
  - &quot;Highlight4&quot; height is 65px which is not in range of 76 to 83px (/specs/usbpubliclanding.spec:248)
  - &quot;Highlight4&quot; is 924px left which is not in range of 893 to 897px (/specs/usbpubliclanding.spec:249)
  - &quot;Highlight4&quot; is 183px right of &quot;Highlight3&quot; which is not in range of 175 to 179px (/specs/usbpubliclanding.spec:250)
  - &quot;HighlightTitle1&quot; width is 178px which is not in range of 226 to 232px (/specs/usbpubliclanding.spec:253)
  - &quot;HighlightTitle1&quot; css property &quot;line-height&quot; is &quot;27px&quot; but should be &quot;26px&quot; (/specs/usbpubliclanding.spec:256)
  - &quot;HighlightTitle1&quot; is 124px left which is not in range of 53 to 57px (/specs/usbpubliclanding.spec:257)
  - &quot;HighlightTitle2&quot; width is 178px which is not in range of 226 to 232px (/specs/usbpubliclanding.spec:262)
  - &quot;HighlightTitle2&quot; height is 54px which is not in range of 23 to 29px (/specs/usbpubliclanding.spec:263)
  - &quot;HighlightTitle2&quot; css property &quot;line-height&quot; is &quot;27px&quot; but should be &quot;26px&quot; (/specs/usbpubliclanding.spec:265)
  - &quot;HighlightTitle2&quot; is 372px left which is not in range of 305 to 311px (/specs/usbpubliclanding.spec:266)
  - &quot;HighlightTitle2&quot; is 53px below &quot;Highlight2&quot; which is not in range of 19 to 23px (/specs/usbpubliclanding.spec:267)
  - &quot;HighlightTitle2&quot; is 70px right of &quot;HighlightTitle1&quot; which is not in range of 21.97 to 25.97px (/specs/usbpubliclanding.spec:268)
  - &quot;HighlightTitle3&quot; width is 178px which is not in range of 226 to 232px (/specs/usbpubliclanding.spec:270)
  - &quot;HighlightTitle3&quot; css property &quot;line-height&quot; is &quot;27px&quot; but should be &quot;26px&quot; (/specs/usbpubliclanding.spec:273)
  - &quot;HighlightTitle3&quot; is 620px left which is not in range of 560 to 564px (/specs/usbpubliclanding.spec:274)
  - &quot;HighlightTitle3&quot; is 11px below &quot;Highlight3&quot; instead of 37px (/specs/usbpubliclanding.spec:275)
  - &quot;HighlightTitle3&quot; is 70px right of &quot;HighlightTitle2&quot; which is not in range of 23 to 27px (/specs/usbpubliclanding.spec:276)
  - &quot;HighlightTitle4&quot; width is 178px which is not in range of 226 to 232px (/specs/usbpubliclanding.spec:278)
  - &quot;HighlightTitle4&quot; height is 54px which is not in range of 23 to 29px (/specs/usbpubliclanding.spec:279)
  - &quot;HighlightTitle4&quot; css property &quot;line-height&quot; is &quot;27px&quot; but should be &quot;26px&quot; (/specs/usbpubliclanding.spec:281)
  - &quot;HighlightTitle4&quot; is 868px left which is not in range of 893 to 897px (/specs/usbpubliclanding.spec:282)
  - &quot;HighlightTitle4&quot; is 53px below &quot;Highlight4&quot; which is not in range of 36 to 40px (/specs/usbpubliclanding.spec:283)
  - &quot;HighlightTitle4&quot; is 70px right of &quot;HighlightTitle3&quot; which is not in range of 22 to 26px (/specs/usbpubliclanding.spec:284)
  - &quot;HighligtSumary1&quot; width is 178px which is not in range of 226 to 232px (/specs/usbpubliclanding.spec:287)
  - &quot;HighligtSumary1&quot; is 124px left which is not in range of 53 to 57px (/specs/usbpubliclanding.spec:291)
  - &quot;HighligtSumary2&quot; width is 178px which is not in range of 229 to 233px (/specs/usbpubliclanding.spec:296)
  - &quot;HighligtSumary2&quot; height is 72px which is not in range of 33 to 39px (/specs/usbpubliclanding.spec:297)
  - &quot;HighligtSumary2&quot; is 372px left which is not in range of 304 to 308px (/specs/usbpubliclanding.spec:300)
  - &quot;HighligtSumary2&quot; is 70px right of &quot;HighligtSumary1&quot; which is not in range of 20 to 24px (/specs/usbpubliclanding.spec:302)
  - &quot;HighligtSumary3&quot; width is 178px which is not in range of 226 to 232px (/specs/usbpubliclanding.spec:305)
  - &quot;HighligtSumary3&quot; is 620px left which is not in range of 561 to 565px (/specs/usbpubliclanding.spec:309)
  - &quot;HighligtSumary3&quot; is 70px right of &quot;HighligtSumary2&quot; which is not in range of 23 to 27px (/specs/usbpubliclanding.spec:311)
  - &quot;HighligtSumary4&quot; width is 178px which is not in range of 226 to 232px (/specs/usbpubliclanding.spec:314)
  - &quot;HighligtSumary4&quot; height is 72px which is not in range of 51 to 57px (/specs/usbpubliclanding.spec:315)
  - &quot;HighligtSumary4&quot; is 868px left which is not in range of 814 to 818px (/specs/usbpubliclanding.spec:318)
  - &quot;HighligtSumary4&quot; is 41px below &quot;HighlightTitle3&quot; which is not in range of 14 to 19px (/specs/usbpubliclanding.spec:319)
  - &quot;HighligtSumary4&quot; is 70px right of &quot;HighligtSumary3&quot; which is not in range of 22 to 26px (/specs/usbpubliclanding.spec:320)
  - &quot;ToolsDoc&quot; width is 992px which is not in range of 480 to 486px (/specs/usbpubliclanding.spec:520)
  - &quot;ToolsDoc&quot; css property &quot;line-height&quot; is &quot;31px&quot; but should be &quot;29px&quot; (/specs/usbpubliclanding.spec:523)
  - &quot;ToolsDoc&quot; is 89px left which is not in range of 306 to 310px (/specs/usbpubliclanding.spec:524)
  - &quot;ToolSumry&quot; width is 407px which is not in range of 480 to 486px (/specs/usbpubliclanding.spec:528)
  - &quot;ToolSumry&quot; height is 72px which is not in range of 51 to 57px (/specs/usbpubliclanding.spec:529)
  - &quot;ToolSumry&quot; is 381px left which is not in range of 306 to 310px (/specs/usbpubliclanding.spec:532)
  - &quot;ToolSumry&quot; is 29px below &quot;ToolsDoc&quot; which is not in range of 34 to 38px (/specs/usbpubliclanding.spec:533)
  - &quot;Tooltext&quot; width is 446px which is not in range of 373 to 381px (/specs/usbpubliclanding.spec:536)
  - &quot;Tooltext&quot; css property &quot;line-height&quot; is &quot;15px&quot; but should be &quot;14px&quot; (/specs/usbpubliclanding.spec:539)
  - &quot;Tooltext&quot; is 361px left which is not in range of 366 to 370px (/specs/usbpubliclanding.spec:540)
  - &quot;Tooltext&quot; is 25px below &quot;ToolSumry&quot; which is not in range of 54 to 58px (/specs/usbpubliclanding.spec:541)
  - &quot;CodeSnippet&quot; height is 300px which is not in range of 313 to 320px (/specs/usbpubliclanding.spec:545)
  - &quot;CodeSnippet&quot; is 260px left which is not in range of 221 to 225px (/specs/usbpubliclanding.spec:546)
  - &quot;CTA1&quot; is 354px left which is not in range of 319 to 323px (/specs/usbpubliclanding.spec:554)
  - &quot;CTA1&quot; css property &quot;line-height&quot; is &quot;18px&quot; but should be &quot;16px&quot; (/specs/usbpubliclanding.spec:556)
  - &quot;CTA2&quot; is 597px left which is not in range of 559 to 563px (/specs/usbpubliclanding.spec:562)
  - &quot;CTA2&quot; css property &quot;line-height&quot; is &quot;18px&quot; but should be &quot;16px&quot; (/specs/usbpubliclanding.spec:564)
  - &quot;help-component&quot; height is 228px which is not in range of 238 to 242px (/specs/usbpubliclanding.spec:670)
  - &quot;help-first-leaf&quot; is 509px left instead of 486px (/specs/usbpubliclanding.spec:673)
  - &quot;help-first-leaf&quot; height is 46px which is not in range of 29 to 33px (/specs/usbpubliclanding.spec:674)
  - &quot;help-last-leaf&quot; is 478px left instead of 566px (/specs/usbpubliclanding.spec:679)
  - &quot;help-last-leaf&quot; css property &quot;line-height&quot; is &quot;18px&quot; but should be &quot;16px&quot; (/specs/usbpubliclanding.spec:683)
  - Cannot find locator for &quot;footer-container&quot; in page spec (/specs/usbpubliclanding.spec:725)
  - Cannot find locator for &quot;footer-container&quot; in page spec (/specs/usbpubliclanding.spec:726)
  - Cannot find locator for &quot;footer-container&quot; in page spec (/specs/usbpubliclanding.spec:727)
  - Cannot find locator for &quot;footer-container&quot; in page spec (/specs/usbpubliclanding.spec:730)
  - Cannot find locator for &quot;footer-container&quot; in page spec (/specs/usbpubliclanding.spec:755)
  - &quot;footer-rtmenu-items-1&quot; is 509px right which is not in range of 301 to 303px (/specs/usbpubliclanding.spec:760)
  - &quot;footer-rtmenu-items-1&quot; height is 43px which is not in range of 18 to 22px (/specs/usbpubliclanding.spec:761)
  - color #ffffff on &quot;footer-rtmenu-items-1&quot; is 0% instead of 5% (/specs/usbpubliclanding.spec:762)
  - &quot;footer-rtmenu-items-1&quot; height is 43px which is not in range of 18 to 22px (/specs/usbpubliclanding.spec:766)
  - &quot;footer-rtmenu-items-2&quot; height is 43px which is not in range of 18 to 22px (/specs/usbpubliclanding.spec:766)
  - &quot;footer-rtmenu-items-2&quot; is 12px right of &quot;footer-rtmenu-items-1&quot; which is not in range of 39 to 40px (/specs/usbpubliclanding.spec:770)
  - &quot;footer-rtmenu-items-3&quot; height is 43px which is not in range of 18 to 22px (/specs/usbpubliclanding.spec:766)
  - &quot;footer-rtmenu-items-3&quot; is 12px right of &quot;footer-rtmenu-items-2&quot; which is not in range of 39 to 40px (/specs/usbpubliclanding.spec:770)
  - &quot;footer-rtmenu-items-4&quot; height is 43px which is not in range of 18 to 22px (/specs/usbpubliclanding.spec:766)
  - &quot;footer-rtmenu-items-4&quot; is 11px right of &quot;footer-rtmenu-items-3&quot; which is not in range of 39 to 40px (/specs/usbpubliclanding.spec:770)
  - &quot;footer-rtmenu-items-5&quot; height is 43px which is not in range of 18 to 22px (/specs/usbpubliclanding.spec:766)
  - &quot;footer-rtmenu-items-5&quot; is 12px right of &quot;footer-rtmenu-items-4&quot; which is not in range of 39 to 40px (/specs/usbpubliclanding.spec:770)
  - &quot;footer-rtmenu-items-6&quot; height is 43px which is not in range of 18 to 22px (/specs/usbpubliclanding.spec:766)
  - &quot;footer-rtmenu-items-6&quot; is -683px right of &quot;footer-rtmenu-items-5&quot; which is not in range of 39 to 40px (/specs/usbpubliclanding.spec:770)
">
      <![CDATA[com.galenframework.support.LayoutValidationException: /specs/usbpubliclanding.spec, tags: [Desktop]
  - "header-container" height is 142px which is not in range of 188 to 192px (/specs/usbpubliclanding.spec:44)
  - "left-menu-head" is 89px left instead of 0px (/specs/usbpubliclanding.spec:48)
  - "logo-img" is absent on page (/specs/usbpubliclanding.spec:51)
  - "logo-img" is absent on page (/specs/usbpubliclanding.spec:52)
  - "for-developers" is 128px left instead of 208px (/specs/usbpubliclanding.spec:55)
  - "logo-img" is absent on page (/specs/usbpubliclanding.spec:56)
  - "for-developers" height is 25px which is not in range of 19 to 23px (/specs/usbpubliclanding.spec:57)
  - "right-menuhead-items-1" is 144px right of "for-developers" instead of 413px (/specs/usbpubliclanding.spec:99)
  - "right-menuhead-items-1" height is 25px which is not in range of 19 to 23px (/specs/usbpubliclanding.spec:103)
  - "right-menuhead-items-2" height is 25px which is not in range of 19 to 23px (/specs/usbpubliclanding.spec:103)
  - "right-menuhead-items-2" is 4px right of "right-menuhead-items-1" which is not in range of 52 to 54px (/specs/usbpubliclanding.spec:107)
  - "right-menuhead-items-3" height is 25px which is not in range of 19 to 23px (/specs/usbpubliclanding.spec:103)
  - "right-menuhead-items-3" is 3px right of "right-menuhead-items-2" which is not in range of 52 to 54px (/specs/usbpubliclanding.spec:107)
  - "right-menuhead-items-4" height is 25px which is not in range of 19 to 23px (/specs/usbpubliclanding.spec:103)
  - "right-menuhead-items-4" is 3px right of "right-menuhead-items-3" which is not in range of 52 to 54px (/specs/usbpubliclanding.spec:107)
  - "right-menuhead-items-5" height is 25px which is not in range of 19 to 23px (/specs/usbpubliclanding.spec:103)
  - "right-menuhead-items-5" is 3px right of "right-menuhead-items-4" which is not in range of 52 to 54px (/specs/usbpubliclanding.spec:107)
  - "hero-banner" is 142px top instead of 0px (/specs/usbpubliclanding.spec:151)
  - color #e03e4b on "hero-banner" is 61% but it should be greater than 90% (/specs/usbpubliclanding.spec:152)
  - "hero-head" is 89px left instead of 72px, is 54px top instead of 212px (/specs/usbpubliclanding.spec:155)
  - "hero-head" css property "line-height" is "60px" but should be "58px" (/specs/usbpubliclanding.spec:158)
  - "hero-para" is 89px left instead of 72px, is 114px top instead of 270px (/specs/usbpubliclanding.spec:161)
  - "hero-para" css property "line-height" is "60px" but should be "58px" (/specs/usbpubliclanding.spec:165)
  - "hero-cta1" is 89px left instead of 75px, is 273px top instead of 432px (/specs/usbpubliclanding.spec:168)
  - "hero-cta1" is 99px below "hero-para" instead of 104px (/specs/usbpubliclanding.spec:169)
  - "hero-cta1" height is 116px which is not in range of 48 to 52px (/specs/usbpubliclanding.spec:170)
  - "hero-cta1" css property "font-size" is "14px" but should be "16px" (/specs/usbpubliclanding.spec:171)
  - "hero-cta1" css property "line-height" is "20px" but should be "18px" (/specs/usbpubliclanding.spec:172)
  - "Highlight1" is 180px left which is not in range of 134 to 138px (/specs/usbpubliclanding.spec:230)
  - "Highlight2" height is 65px which is not in range of 98 to 104px (/specs/usbpubliclanding.spec:234)
  - "Highlight2" is 428px left which is not in range of 390 to 394px (/specs/usbpubliclanding.spec:235)
  - "Highlight2" is 183px right of "Highlight1" which is not in range of 189 to 193px (/specs/usbpubliclanding.spec:236)
  - "Highlight3" width is 65px which is not in range of 80 to 86px (/specs/usbpubliclanding.spec:240)
  - "Highlight3" height is 107px which is not in range of 80 to 86px (/specs/usbpubliclanding.spec:241)
  - "Highlight3" is 676px left which is not in range of 634 to 638px (/specs/usbpubliclanding.spec:242)
  - "Highlight4" width is 65px which is not in range of 76 to 83px (/specs/usbpubliclanding.spec:247)
  - "Highlight4" height is 65px which is not in range of 76 to 83px (/specs/usbpubliclanding.spec:248)
  - "Highlight4" is 924px left which is not in range of 893 to 897px (/specs/usbpubliclanding.spec:249)
  - "Highlight4" is 183px right of "Highlight3" which is not in range of 175 to 179px (/specs/usbpubliclanding.spec:250)
  - "HighlightTitle1" width is 178px which is not in range of 226 to 232px (/specs/usbpubliclanding.spec:253)
  - "HighlightTitle1" css property "line-height" is "27px" but should be "26px" (/specs/usbpubliclanding.spec:256)
  - "HighlightTitle1" is 124px left which is not in range of 53 to 57px (/specs/usbpubliclanding.spec:257)
  - "HighlightTitle2" width is 178px which is not in range of 226 to 232px (/specs/usbpubliclanding.spec:262)
  - "HighlightTitle2" height is 54px which is not in range of 23 to 29px (/specs/usbpubliclanding.spec:263)
  - "HighlightTitle2" css property "line-height" is "27px" but should be "26px" (/specs/usbpubliclanding.spec:265)
  - "HighlightTitle2" is 372px left which is not in range of 305 to 311px (/specs/usbpubliclanding.spec:266)
  - "HighlightTitle2" is 53px below "Highlight2" which is not in range of 19 to 23px (/specs/usbpubliclanding.spec:267)
  - "HighlightTitle2" is 70px right of "HighlightTitle1" which is not in range of 21.97 to 25.97px (/specs/usbpubliclanding.spec:268)
  - "HighlightTitle3" width is 178px which is not in range of 226 to 232px (/specs/usbpubliclanding.spec:270)
  - "HighlightTitle3" css property "line-height" is "27px" but should be "26px" (/specs/usbpubliclanding.spec:273)
  - "HighlightTitle3" is 620px left which is not in range of 560 to 564px (/specs/usbpubliclanding.spec:274)
  - "HighlightTitle3" is 11px below "Highlight3" instead of 37px (/specs/usbpubliclanding.spec:275)
  - "HighlightTitle3" is 70px right of "HighlightTitle2" which is not in range of 23 to 27px (/specs/usbpubliclanding.spec:276)
  - "HighlightTitle4" width is 178px which is not in range of 226 to 232px (/specs/usbpubliclanding.spec:278)
  - "HighlightTitle4" height is 54px which is not in range of 23 to 29px (/specs/usbpubliclanding.spec:279)
  - "HighlightTitle4" css property "line-height" is "27px" but should be "26px" (/specs/usbpubliclanding.spec:281)
  - "HighlightTitle4" is 868px left which is not in range of 893 to 897px (/specs/usbpubliclanding.spec:282)
  - "HighlightTitle4" is 53px below "Highlight4" which is not in range of 36 to 40px (/specs/usbpubliclanding.spec:283)
  - "HighlightTitle4" is 70px right of "HighlightTitle3" which is not in range of 22 to 26px (/specs/usbpubliclanding.spec:284)
  - "HighligtSumary1" width is 178px which is not in range of 226 to 232px (/specs/usbpubliclanding.spec:287)
  - "HighligtSumary1" is 124px left which is not in range of 53 to 57px (/specs/usbpubliclanding.spec:291)
  - "HighligtSumary2" width is 178px which is not in range of 229 to 233px (/specs/usbpubliclanding.spec:296)
  - "HighligtSumary2" height is 72px which is not in range of 33 to 39px (/specs/usbpubliclanding.spec:297)
  - "HighligtSumary2" is 372px left which is not in range of 304 to 308px (/specs/usbpubliclanding.spec:300)
  - "HighligtSumary2" is 70px right of "HighligtSumary1" which is not in range of 20 to 24px (/specs/usbpubliclanding.spec:302)
  - "HighligtSumary3" width is 178px which is not in range of 226 to 232px (/specs/usbpubliclanding.spec:305)
  - "HighligtSumary3" is 620px left which is not in range of 561 to 565px (/specs/usbpubliclanding.spec:309)
  - "HighligtSumary3" is 70px right of "HighligtSumary2" which is not in range of 23 to 27px (/specs/usbpubliclanding.spec:311)
  - "HighligtSumary4" width is 178px which is not in range of 226 to 232px (/specs/usbpubliclanding.spec:314)
  - "HighligtSumary4" height is 72px which is not in range of 51 to 57px (/specs/usbpubliclanding.spec:315)
  - "HighligtSumary4" is 868px left which is not in range of 814 to 818px (/specs/usbpubliclanding.spec:318)
  - "HighligtSumary4" is 41px below "HighlightTitle3" which is not in range of 14 to 19px (/specs/usbpubliclanding.spec:319)
  - "HighligtSumary4" is 70px right of "HighligtSumary3" which is not in range of 22 to 26px (/specs/usbpubliclanding.spec:320)
  - "ToolsDoc" width is 992px which is not in range of 480 to 486px (/specs/usbpubliclanding.spec:520)
  - "ToolsDoc" css property "line-height" is "31px" but should be "29px" (/specs/usbpubliclanding.spec:523)
  - "ToolsDoc" is 89px left which is not in range of 306 to 310px (/specs/usbpubliclanding.spec:524)
  - "ToolSumry" width is 407px which is not in range of 480 to 486px (/specs/usbpubliclanding.spec:528)
  - "ToolSumry" height is 72px which is not in range of 51 to 57px (/specs/usbpubliclanding.spec:529)
  - "ToolSumry" is 381px left which is not in range of 306 to 310px (/specs/usbpubliclanding.spec:532)
  - "ToolSumry" is 29px below "ToolsDoc" which is not in range of 34 to 38px (/specs/usbpubliclanding.spec:533)
  - "Tooltext" width is 446px which is not in range of 373 to 381px (/specs/usbpubliclanding.spec:536)
  - "Tooltext" css property "line-height" is "15px" but should be "14px" (/specs/usbpubliclanding.spec:539)
  - "Tooltext" is 361px left which is not in range of 366 to 370px (/specs/usbpubliclanding.spec:540)
  - "Tooltext" is 25px below "ToolSumry" which is not in range of 54 to 58px (/specs/usbpubliclanding.spec:541)
  - "CodeSnippet" height is 300px which is not in range of 313 to 320px (/specs/usbpubliclanding.spec:545)
  - "CodeSnippet" is 260px left which is not in range of 221 to 225px (/specs/usbpubliclanding.spec:546)
  - "CTA1" is 354px left which is not in range of 319 to 323px (/specs/usbpubliclanding.spec:554)
  - "CTA1" css property "line-height" is "18px" but should be "16px" (/specs/usbpubliclanding.spec:556)
  - "CTA2" is 597px left which is not in range of 559 to 563px (/specs/usbpubliclanding.spec:562)
  - "CTA2" css property "line-height" is "18px" but should be "16px" (/specs/usbpubliclanding.spec:564)
  - "help-component" height is 228px which is not in range of 238 to 242px (/specs/usbpubliclanding.spec:670)
  - "help-first-leaf" is 509px left instead of 486px (/specs/usbpubliclanding.spec:673)
  - "help-first-leaf" height is 46px which is not in range of 29 to 33px (/specs/usbpubliclanding.spec:674)
  - "help-last-leaf" is 478px left instead of 566px (/specs/usbpubliclanding.spec:679)
  - "help-last-leaf" css property "line-height" is "18px" but should be "16px" (/specs/usbpubliclanding.spec:683)
  - Cannot find locator for "footer-container" in page spec (/specs/usbpubliclanding.spec:725)
  - Cannot find locator for "footer-container" in page spec (/specs/usbpubliclanding.spec:726)
  - Cannot find locator for "footer-container" in page spec (/specs/usbpubliclanding.spec:727)
  - Cannot find locator for "footer-container" in page spec (/specs/usbpubliclanding.spec:730)
  - Cannot find locator for "footer-container" in page spec (/specs/usbpubliclanding.spec:755)
  - "footer-rtmenu-items-1" is 509px right which is not in range of 301 to 303px (/specs/usbpubliclanding.spec:760)
  - "footer-rtmenu-items-1" height is 43px which is not in range of 18 to 22px (/specs/usbpubliclanding.spec:761)
  - color #ffffff on "footer-rtmenu-items-1" is 0% instead of 5% (/specs/usbpubliclanding.spec:762)
  - "footer-rtmenu-items-1" height is 43px which is not in range of 18 to 22px (/specs/usbpubliclanding.spec:766)
  - "footer-rtmenu-items-2" height is 43px which is not in range of 18 to 22px (/specs/usbpubliclanding.spec:766)
  - "footer-rtmenu-items-2" is 12px right of "footer-rtmenu-items-1" which is not in range of 39 to 40px (/specs/usbpubliclanding.spec:770)
  - "footer-rtmenu-items-3" height is 43px which is not in range of 18 to 22px (/specs/usbpubliclanding.spec:766)
  - "footer-rtmenu-items-3" is 12px right of "footer-rtmenu-items-2" which is not in range of 39 to 40px (/specs/usbpubliclanding.spec:770)
  - "footer-rtmenu-items-4" height is 43px which is not in range of 18 to 22px (/specs/usbpubliclanding.spec:766)
  - "footer-rtmenu-items-4" is 11px right of "footer-rtmenu-items-3" which is not in range of 39 to 40px (/specs/usbpubliclanding.spec:770)
  - "footer-rtmenu-items-5" height is 43px which is not in range of 18 to 22px (/specs/usbpubliclanding.spec:766)
  - "footer-rtmenu-items-5" is 12px right of "footer-rtmenu-items-4" which is not in range of 39 to 40px (/specs/usbpubliclanding.spec:770)
  - "footer-rtmenu-items-6" height is 43px which is not in range of 18 to 22px (/specs/usbpubliclanding.spec:766)
  - "footer-rtmenu-items-6" is -683px right of "footer-rtmenu-items-5" which is not in range of 39 to 40px (/specs/usbpubliclanding.spec:770)

	at com.galenframework.support.GalenJavaTestBase.checkLayout(GalenJavaTestBase.java:129)
	at com.galenframework.support.GalenJavaTestBase.checkLayout(GalenJavaTestBase.java:111)
	at com.galenframework.java.USB.tests.SecureLandingPage_creative_Verification.usbPublicLandingPage(SecureLandingPage_creative_Verification.java:34)
	at sun.reflect.NativeMethodAccessorImpl.invoke0(Native Method)
	at sun.reflect.NativeMethodAccessorImpl.invoke(NativeMethodAccessorImpl.java:62)
	at sun.reflect.DelegatingMethodAccessorImpl.invoke(DelegatingMethodAccessorImpl.java:43)
	at java.lang.reflect.Method.invoke(Method.java:498)
	at org.testng.internal.MethodInvocationHelper.invokeMethod(MethodInvocationHelper.java:80)
	at org.testng.internal.Invoker.invokeMethod(Invoker.java:715)
	at org.testng.internal.Invoker.invokeTestMethod(Invoker.java:907)
	at org.testng.internal.Invoker.invokeTestMethods(Invoker.java:1237)
	at org.testng.internal.TestMethodWorker.invokeTestMethods(TestMethodWorker.java:127)
	at org.testng.internal.TestMethodWorker.run(TestMethodWorker.java:111)
	at org.testng.TestRunner.privateRun(TestRunner.java:767)
	at org.testng.TestRunner.run(TestRunner.java:617)
	at org.testng.SuiteRunner.runTest(SuiteRunner.java:334)
	at org.testng.SuiteRunner.runSequentially(SuiteRunner.java:329)
	at org.testng.SuiteRunner.privateRun(SuiteRunner.java:291)
	at org.testng.SuiteRunner.run(SuiteRunner.java:240)
	at org.testng.SuiteRunnerWorker.runSuite(SuiteRunnerWorker.java:51)
	at org.testng.SuiteRunnerWorker.run(SuiteRunnerWorker.java:85)
	at org.testng.TestNG.runSuitesSequentially(TestNG.java:1197)
	at org.testng.TestNG.runSuitesLocally(TestNG.java:1122)
	at org.testng.TestNG.run(TestNG.java:1030)
	at org.testng.remote.AbstractRemoteTestNG.run(AbstractRemoteTestNG.java:132)
	at org.testng.remote.RemoteTestNG.initAndRun(RemoteTestNG.java:230)
	at org.testng.remote.RemoteTestNG.main(RemoteTestNG.java:76)
]]>
    </failure>
  </testcase> <!-- usbPublicLandingPage -->
</testsuite> <!-- com.galenframework.java.USB.tests.SecureLandingPage_creative_Verification -->
