<?xml version="1.0" encoding="UTF-8"?>
<!-- Generated by org.testng.reporters.JUnitReportReporter -->
<testsuite hostname="delsban3586781" name="com.galenframework.java.USB.tests.PublicLandingPage_HamburgerMenu_Verification" tests="1" failures="1" timestamp="4 Aug 2017 09:13:05 GMT" time="17.151" errors="0">
  <testcase name="superPublicLandingPage" time="17.151" classname="com.galenframework.java.USB.tests.PublicLandingPage_HamburgerMenu_Verification">
    <failure type="com.galenframework.support.LayoutValidationException" message="/specs/superpubliclanding.spec, tags: [Desktop]
  - &quot;right-menu-head&quot; is 304px left which is not in range of 667 to 679px (/specs/superpubliclanding.spec:72)
  - &quot;right-menu-head&quot; is 87px top which is not in range of 73 to 85px (/specs/superpubliclanding.spec:73)
  - &quot;right-menuhead-items-1&quot; is 689px left which is not in range of 667 to 679px (/specs/superpubliclanding.spec:76)
  - &quot;right-menuhead-items-1&quot; is 86px top which is not in range of 73 to 85px (/specs/superpubliclanding.spec:77)
  - &quot;right-menuhead-items-1&quot; is 689px left which is not in range of 667 to 679px (/specs/superpubliclanding.spec:80)
  - &quot;right-menuhead-items-1&quot; is 86px top which is not in range of 73 to 85px (/specs/superpubliclanding.spec:81)
  - &quot;right-menuhead-items-2&quot; is 846px left which is not in range of 667 to 679px (/specs/superpubliclanding.spec:80)
  - &quot;right-menuhead-items-2&quot; is 86px top which is not in range of 73 to 85px (/specs/superpubliclanding.spec:81)
  - &quot;right-menuhead-items-2&quot; is 3px right of &quot;right-menuhead-items-1&quot; which is not in range of 30 to 42px (/specs/superpubliclanding.spec:85)
  - &quot;right-menuhead-items-3&quot; is 944px left which is not in range of 667 to 679px (/specs/superpubliclanding.spec:80)
  - &quot;right-menuhead-items-3&quot; is 86px top which is not in range of 73 to 85px (/specs/superpubliclanding.spec:81)
  - &quot;right-menuhead-items-3&quot; is 3px right of &quot;right-menuhead-items-2&quot; which is not in range of 30 to 42px (/specs/superpubliclanding.spec:85)
  - &quot;right-menuhead-items-4&quot; is 1039px left which is not in range of 667 to 679px (/specs/superpubliclanding.spec:80)
  - &quot;right-menuhead-items-4&quot; is 86px top which is not in range of 73 to 85px (/specs/superpubliclanding.spec:81)
  - &quot;right-menuhead-items-4&quot; is 3px right of &quot;right-menuhead-items-3&quot; which is not in range of 30 to 42px (/specs/superpubliclanding.spec:85)
  - &quot;hero-head&quot; is 197px top which is not in range of 206 to 216px (/specs/superpubliclanding.spec:93)
  - &quot;hero-head&quot; css property &quot;line-height&quot; is &quot;60px&quot; but should be &quot;58px&quot; (/specs/superpubliclanding.spec:95)
  - &quot;hero-para&quot; is 257px top which is not in range of 263 to 275px (/specs/superpubliclanding.spec:99)
  - &quot;hero-para&quot; css property &quot;line-height&quot; is &quot;60px&quot; but should be &quot;58px&quot; (/specs/superpubliclanding.spec:101)
  - &quot;hero-cta1&quot; is 416px top which is not in range of 425 to 436px (/specs/superpubliclanding.spec:105)
  - &quot;hero-cta1&quot; css property &quot;font-size&quot; is &quot;14px&quot; but should be &quot;16px&quot; (/specs/superpubliclanding.spec:106)
  - &quot;hero-cta1&quot; css property &quot;line-height&quot; is &quot;20px&quot; but should be &quot;18px&quot; (/specs/superpubliclanding.spec:107)
  - &quot;Highlight1&quot; is 174px left which is not in range of 105 to 115px (/specs/superpubliclanding.spec:150)
  - &quot;Highlight1&quot; is 646px below &quot;hero-cta1&quot; which is not in range of 501 to 512px (/specs/superpubliclanding.spec:151)
  - &quot;Highlight2&quot; is 564px left which is not in range of 404 to 414px (/specs/superpubliclanding.spec:154)
  - &quot;Highlight2&quot; is 861px below &quot;hero-para&quot; which is not in range of 650 to 661px (/specs/superpubliclanding.spec:155)
  - &quot;Highlight3&quot; is 954px left which is not in range of 703 to 713px (/specs/superpubliclanding.spec:158)
  - &quot;Highlight4&quot; is 369px left which is not in range of 1002 to 1013px (/specs/superpubliclanding.spec:161)
  - &quot;HighlightTitle1&quot; css property &quot;line-height&quot; is &quot;27px&quot; but should be &quot;26px&quot; (/specs/superpubliclanding.spec:166)
  - &quot;HighlightTitle1&quot; is 37px left which is not in range of 56 to 66px (/specs/superpubliclanding.spec:167)
  - &quot;HighlightTitle2&quot; css property &quot;line-height&quot; is &quot;27px&quot; but should be &quot;26px&quot; (/specs/superpubliclanding.spec:173)
  - &quot;HighlightTitle2&quot; is 427px left which is not in range of 345 to 356px (/specs/superpubliclanding.spec:174)
  - &quot;HighlightTitle2&quot; is 11px below &quot;Highlight2&quot; which is not in range of 19 to 23px (/specs/superpubliclanding.spec:175)
  - &quot;HighlightTitle3&quot; css property &quot;line-height&quot; is &quot;27px&quot; but should be &quot;26px&quot; (/specs/superpubliclanding.spec:179)
  - &quot;HighlightTitle3&quot; is 817px left which is not in range of 602 to 614px (/specs/superpubliclanding.spec:180)
  - &quot;HighlightTitle3&quot; is 53px below &quot;Highlight3&quot; instead of 37px (/specs/superpubliclanding.spec:181)
  - &quot;HighlightTitle4&quot; css property &quot;line-height&quot; is &quot;27px&quot; but should be &quot;26px&quot; (/specs/superpubliclanding.spec:186)
  - &quot;HighlightTitle4&quot; is 232px left which is not in range of 916 to 930px (/specs/superpubliclanding.spec:187)
  - &quot;HighlightTitle4&quot; is 53px below &quot;Highlight4&quot; which is not in range of 36 to 40px (/specs/superpubliclanding.spec:188)
  - &quot;HighligtSumary2&quot; is 427px left which is not in range of 332 to 345px (/specs/superpubliclanding.spec:200)
  - &quot;HighligtSumary3&quot; is 817px left which is not in range of 632 to 644px (/specs/superpubliclanding.spec:207)
  - &quot;HighligtSumary4&quot; is 232px left which is not in range of 938 to 950px (/specs/superpubliclanding.spec:214)
  - &quot;HighligtSumary4&quot; is 260px below &quot;HighlightTitle3&quot; which is not in range of 14 to 19px (/specs/superpubliclanding.spec:215)
  - &quot;ToolsDoc&quot; css property &quot;line-height&quot; is &quot;31px&quot; but should be &quot;29px&quot; (/specs/superpubliclanding.spec:357)
  - &quot;ToolsDoc&quot; is 11px left which is not in range of 404 to 415px (/specs/superpubliclanding.spec:358)
  - &quot;ToolSumry&quot; is 356px left which is not in range of 404 to 415px (/specs/superpubliclanding.spec:364)
  - &quot;ToolSumry&quot; is 29px below &quot;ToolsDoc&quot; which is not in range of 34 to 38px (/specs/superpubliclanding.spec:365)
  - &quot;Tooltext&quot; css property &quot;line-height&quot; is &quot;15px&quot; but should be &quot;14px&quot; (/specs/superpubliclanding.spec:369)
  - &quot;Tooltext&quot; is 333px left which is not in range of 404 to 415px (/specs/superpubliclanding.spec:370)
  - &quot;Tooltext&quot; is 25px below &quot;ToolSumry&quot; which is not in range of 54 to 58px (/specs/superpubliclanding.spec:371)
  - &quot;CodeSnippet&quot; is 272px left which is not in range of 303 to 315px (/specs/superpubliclanding.spec:374)
  - &quot;CTA1&quot; css property &quot;line-height&quot; is &quot;18px&quot; but should be &quot;16px&quot; (/specs/superpubliclanding.spec:382)
  - &quot;CTA2&quot; css property &quot;line-height&quot; is &quot;18px&quot; but should be &quot;16px&quot; (/specs/superpubliclanding.spec:388)
  - &quot;help-first-leaf&quot; is 521px left which is not in range of 404 to 413px (/specs/superpubliclanding.spec:465)
  - &quot;help-last-leaf&quot; is 22px below &quot;help-first-leaf&quot; which is not in range of 25 to 35px (/specs/superpubliclanding.spec:471)
  - &quot;help-last-leaf&quot; css property &quot;line-height&quot; is &quot;18px&quot; but should be &quot;16px&quot; (/specs/superpubliclanding.spec:473)
  - &quot;footer-right-menu&quot; is 453px left which is not in range of 632 to 644px (/specs/superpubliclanding.spec:515)
  - &quot;footer-rtmenu-items-1&quot; is 504px right which is not in range of 632 to 644px (/specs/superpubliclanding.spec:520)
  - color #ffffff on &quot;footer-rtmenu-items-1&quot; is 0% instead of 5% (/specs/superpubliclanding.spec:521)
  - &quot;footer-rtmenu-items-2&quot; is 12px right of &quot;footer-rtmenu-items-1&quot; which is not in range of 39 to 40px (/specs/superpubliclanding.spec:529)
  - &quot;footer-rtmenu-items-3&quot; is 11px right of &quot;footer-rtmenu-items-2&quot; which is not in range of 39 to 40px (/specs/superpubliclanding.spec:529)
  - &quot;footer-rtmenu-items-4&quot; is 12px right of &quot;footer-rtmenu-items-3&quot; which is not in range of 39 to 40px (/specs/superpubliclanding.spec:529)
  - &quot;footer-rtmenu-items-5&quot; is 12px right of &quot;footer-rtmenu-items-4&quot; which is not in range of 39 to 40px (/specs/superpubliclanding.spec:529)
">
      <![CDATA[com.galenframework.support.LayoutValidationException: /specs/superpubliclanding.spec, tags: [Desktop]
  - "right-menu-head" is 304px left which is not in range of 667 to 679px (/specs/superpubliclanding.spec:72)
  - "right-menu-head" is 87px top which is not in range of 73 to 85px (/specs/superpubliclanding.spec:73)
  - "right-menuhead-items-1" is 689px left which is not in range of 667 to 679px (/specs/superpubliclanding.spec:76)
  - "right-menuhead-items-1" is 86px top which is not in range of 73 to 85px (/specs/superpubliclanding.spec:77)
  - "right-menuhead-items-1" is 689px left which is not in range of 667 to 679px (/specs/superpubliclanding.spec:80)
  - "right-menuhead-items-1" is 86px top which is not in range of 73 to 85px (/specs/superpubliclanding.spec:81)
  - "right-menuhead-items-2" is 846px left which is not in range of 667 to 679px (/specs/superpubliclanding.spec:80)
  - "right-menuhead-items-2" is 86px top which is not in range of 73 to 85px (/specs/superpubliclanding.spec:81)
  - "right-menuhead-items-2" is 3px right of "right-menuhead-items-1" which is not in range of 30 to 42px (/specs/superpubliclanding.spec:85)
  - "right-menuhead-items-3" is 944px left which is not in range of 667 to 679px (/specs/superpubliclanding.spec:80)
  - "right-menuhead-items-3" is 86px top which is not in range of 73 to 85px (/specs/superpubliclanding.spec:81)
  - "right-menuhead-items-3" is 3px right of "right-menuhead-items-2" which is not in range of 30 to 42px (/specs/superpubliclanding.spec:85)
  - "right-menuhead-items-4" is 1039px left which is not in range of 667 to 679px (/specs/superpubliclanding.spec:80)
  - "right-menuhead-items-4" is 86px top which is not in range of 73 to 85px (/specs/superpubliclanding.spec:81)
  - "right-menuhead-items-4" is 3px right of "right-menuhead-items-3" which is not in range of 30 to 42px (/specs/superpubliclanding.spec:85)
  - "hero-head" is 197px top which is not in range of 206 to 216px (/specs/superpubliclanding.spec:93)
  - "hero-head" css property "line-height" is "60px" but should be "58px" (/specs/superpubliclanding.spec:95)
  - "hero-para" is 257px top which is not in range of 263 to 275px (/specs/superpubliclanding.spec:99)
  - "hero-para" css property "line-height" is "60px" but should be "58px" (/specs/superpubliclanding.spec:101)
  - "hero-cta1" is 416px top which is not in range of 425 to 436px (/specs/superpubliclanding.spec:105)
  - "hero-cta1" css property "font-size" is "14px" but should be "16px" (/specs/superpubliclanding.spec:106)
  - "hero-cta1" css property "line-height" is "20px" but should be "18px" (/specs/superpubliclanding.spec:107)
  - "Highlight1" is 174px left which is not in range of 105 to 115px (/specs/superpubliclanding.spec:150)
  - "Highlight1" is 646px below "hero-cta1" which is not in range of 501 to 512px (/specs/superpubliclanding.spec:151)
  - "Highlight2" is 564px left which is not in range of 404 to 414px (/specs/superpubliclanding.spec:154)
  - "Highlight2" is 861px below "hero-para" which is not in range of 650 to 661px (/specs/superpubliclanding.spec:155)
  - "Highlight3" is 954px left which is not in range of 703 to 713px (/specs/superpubliclanding.spec:158)
  - "Highlight4" is 369px left which is not in range of 1002 to 1013px (/specs/superpubliclanding.spec:161)
  - "HighlightTitle1" css property "line-height" is "27px" but should be "26px" (/specs/superpubliclanding.spec:166)
  - "HighlightTitle1" is 37px left which is not in range of 56 to 66px (/specs/superpubliclanding.spec:167)
  - "HighlightTitle2" css property "line-height" is "27px" but should be "26px" (/specs/superpubliclanding.spec:173)
  - "HighlightTitle2" is 427px left which is not in range of 345 to 356px (/specs/superpubliclanding.spec:174)
  - "HighlightTitle2" is 11px below "Highlight2" which is not in range of 19 to 23px (/specs/superpubliclanding.spec:175)
  - "HighlightTitle3" css property "line-height" is "27px" but should be "26px" (/specs/superpubliclanding.spec:179)
  - "HighlightTitle3" is 817px left which is not in range of 602 to 614px (/specs/superpubliclanding.spec:180)
  - "HighlightTitle3" is 53px below "Highlight3" instead of 37px (/specs/superpubliclanding.spec:181)
  - "HighlightTitle4" css property "line-height" is "27px" but should be "26px" (/specs/superpubliclanding.spec:186)
  - "HighlightTitle4" is 232px left which is not in range of 916 to 930px (/specs/superpubliclanding.spec:187)
  - "HighlightTitle4" is 53px below "Highlight4" which is not in range of 36 to 40px (/specs/superpubliclanding.spec:188)
  - "HighligtSumary2" is 427px left which is not in range of 332 to 345px (/specs/superpubliclanding.spec:200)
  - "HighligtSumary3" is 817px left which is not in range of 632 to 644px (/specs/superpubliclanding.spec:207)
  - "HighligtSumary4" is 232px left which is not in range of 938 to 950px (/specs/superpubliclanding.spec:214)
  - "HighligtSumary4" is 260px below "HighlightTitle3" which is not in range of 14 to 19px (/specs/superpubliclanding.spec:215)
  - "ToolsDoc" css property "line-height" is "31px" but should be "29px" (/specs/superpubliclanding.spec:357)
  - "ToolsDoc" is 11px left which is not in range of 404 to 415px (/specs/superpubliclanding.spec:358)
  - "ToolSumry" is 356px left which is not in range of 404 to 415px (/specs/superpubliclanding.spec:364)
  - "ToolSumry" is 29px below "ToolsDoc" which is not in range of 34 to 38px (/specs/superpubliclanding.spec:365)
  - "Tooltext" css property "line-height" is "15px" but should be "14px" (/specs/superpubliclanding.spec:369)
  - "Tooltext" is 333px left which is not in range of 404 to 415px (/specs/superpubliclanding.spec:370)
  - "Tooltext" is 25px below "ToolSumry" which is not in range of 54 to 58px (/specs/superpubliclanding.spec:371)
  - "CodeSnippet" is 272px left which is not in range of 303 to 315px (/specs/superpubliclanding.spec:374)
  - "CTA1" css property "line-height" is "18px" but should be "16px" (/specs/superpubliclanding.spec:382)
  - "CTA2" css property "line-height" is "18px" but should be "16px" (/specs/superpubliclanding.spec:388)
  - "help-first-leaf" is 521px left which is not in range of 404 to 413px (/specs/superpubliclanding.spec:465)
  - "help-last-leaf" is 22px below "help-first-leaf" which is not in range of 25 to 35px (/specs/superpubliclanding.spec:471)
  - "help-last-leaf" css property "line-height" is "18px" but should be "16px" (/specs/superpubliclanding.spec:473)
  - "footer-right-menu" is 453px left which is not in range of 632 to 644px (/specs/superpubliclanding.spec:515)
  - "footer-rtmenu-items-1" is 504px right which is not in range of 632 to 644px (/specs/superpubliclanding.spec:520)
  - color #ffffff on "footer-rtmenu-items-1" is 0% instead of 5% (/specs/superpubliclanding.spec:521)
  - "footer-rtmenu-items-2" is 12px right of "footer-rtmenu-items-1" which is not in range of 39 to 40px (/specs/superpubliclanding.spec:529)
  - "footer-rtmenu-items-3" is 11px right of "footer-rtmenu-items-2" which is not in range of 39 to 40px (/specs/superpubliclanding.spec:529)
  - "footer-rtmenu-items-4" is 12px right of "footer-rtmenu-items-3" which is not in range of 39 to 40px (/specs/superpubliclanding.spec:529)
  - "footer-rtmenu-items-5" is 12px right of "footer-rtmenu-items-4" which is not in range of 39 to 40px (/specs/superpubliclanding.spec:529)

	at com.galenframework.support.GalenJavaTestBase.checkLayout(GalenJavaTestBase.java:129)
	at com.galenframework.support.GalenJavaTestBase.checkLayout(GalenJavaTestBase.java:111)
	at com.galenframework.java.USB.tests.PublicLandingPage_HamburgerMenu_Verification.superPublicLandingPage(PublicLandingPage_HamburgerMenu_Verification.java:89)
	at sun.reflect.NativeMethodAccessorImpl.invoke0(Native Method)
	at sun.reflect.NativeMethodAccessorImpl.invoke(NativeMethodAccessorImpl.java:62)
	at sun.reflect.DelegatingMethodAccessorImpl.invoke(DelegatingMethodAccessorImpl.java:43)
	at java.lang.reflect.Method.invoke(Method.java:498)
	at org.testng.internal.MethodInvocationHelper.invokeMethod(MethodInvocationHelper.java:80)
	at org.testng.internal.Invoker.invokeMethod(Invoker.java:715)
	at org.testng.internal.Invoker.invokeTestMethod(Invoker.java:907)
	at org.testng.internal.Invoker.invokeTestMethods(Invoker.java:1237)
	at org.testng.internal.TestMethodWorker.invokeTestMethods(TestMethodWorker.java:127)
	at org.testng.internal.TestMethodWorker.run(TestMethodWorker.java:111)
	at org.testng.TestRunner.privateRun(TestRunner.java:767)
	at org.testng.TestRunner.run(TestRunner.java:617)
	at org.testng.SuiteRunner.runTest(SuiteRunner.java:334)
	at org.testng.SuiteRunner.runSequentially(SuiteRunner.java:329)
	at org.testng.SuiteRunner.privateRun(SuiteRunner.java:291)
	at org.testng.SuiteRunner.run(SuiteRunner.java:240)
	at org.testng.SuiteRunnerWorker.runSuite(SuiteRunnerWorker.java:51)
	at org.testng.SuiteRunnerWorker.run(SuiteRunnerWorker.java:85)
	at org.testng.TestNG.runSuitesSequentially(TestNG.java:1197)
	at org.testng.TestNG.runSuitesLocally(TestNG.java:1122)
	at org.testng.TestNG.run(TestNG.java:1030)
	at org.testng.remote.AbstractRemoteTestNG.run(AbstractRemoteTestNG.java:132)
	at org.testng.remote.RemoteTestNG.initAndRun(RemoteTestNG.java:230)
	at org.testng.remote.RemoteTestNG.main(RemoteTestNG.java:76)
]]>
    </failure>
  </testcase> <!-- superPublicLandingPage -->
</testsuite> <!-- com.galenframework.java.USB.tests.PublicLandingPage_HamburgerMenu_Verification -->
